2018-05-21 00:00:19	13.673040, 13.656440, 13.556550, 13.538000
2018-05-21 00:00:19	本次不操作 eos_usdt
2018-05-21 00:00:19	当前持仓为: 【现金】 3000.000000, 【eos_usdt】 0.000000 个
2018-05-21 00:01:20	13.685260, 13.673040, 13.554250, 13.534125
2018-05-21 00:01:20	本次不操作 eos_usdt
2018-05-21 00:01:20	当前持仓为: 【现金】 3000.000000, 【eos_usdt】 0.000000 个
2018-05-21 00:02:21	13.697540, 13.685260, 13.554125, 13.530850
2018-05-21 00:02:21	本次不操作 eos_usdt
2018-05-21 00:02:21	当前持仓为: 【现金】 3000.000000, 【eos_usdt】 0.000000 个
2018-05-21 00:03:22	13.710980, 13.697980, 13.556725, 13.528075
2018-05-21 00:03:22	本次不操作 eos_usdt
2018-05-21 00:03:22	当前持仓为: 【现金】 3000.000000, 【eos_usdt】 0.000000 个
2018-05-21 00:04:23	13.729840, 13.711760, 13.563650, 13.525000
2018-05-21 00:04:23	本次不操作 eos_usdt
2018-05-21 00:04:23	当前持仓为: 【现金】 3000.000000, 【eos_usdt】 0.000000 个
2018-05-21 00:05:24	13.742080, 13.728580, 13.571875, 13.529400
2018-05-21 00:05:24	本次不操作 eos_usdt
2018-05-21 00:05:24	当前持仓为: 【现金】 3000.000000, 【eos_usdt】 0.000000 个
2018-05-21 00:06:24	13.761680, 13.742080, 13.590075, 13.537675
2018-05-21 00:06:24	本次不操作 eos_usdt
2018-05-21 00:06:24	当前持仓为: 【现金】 3000.000000, 【eos_usdt】 0.000000 个
2018-05-21 00:07:25	13.791360, 13.761680, 13.599600, 13.532450
2018-05-21 00:07:25	本次不操作 eos_usdt
2018-05-21 00:07:25	当前持仓为: 【现金】 3000.000000, 【eos_usdt】 0.000000 个
2018-05-21 00:08:28	13.815660, 13.791360, 13.602975, 13.532975
2018-05-21 00:08:28	本次不操作 eos_usdt
2018-05-21 00:08:28	当前持仓为: 【现金】 3000.000000, 【eos_usdt】 0.000000 个
2018-05-21 00:09:29	13.838420, 13.815660, 13.610925, 13.537100
2018-05-21 00:09:29	本次不操作 eos_usdt
2018-05-21 00:09:29	当前持仓为: 【现金】 3000.000000, 【eos_usdt】 0.000000 个
2018-05-21 00:10:30	13.852640, 13.838420, 13.604725, 13.540400
2018-05-21 00:10:30	本次不操作 eos_usdt
2018-05-21 00:10:30	当前持仓为: 【现金】 3000.000000, 【eos_usdt】 0.000000 个
2018-05-21 00:11:32	13.861260, 13.852640, 13.612900, 13.549325
2018-05-21 00:11:32	本次不操作 eos_usdt
2018-05-21 00:11:32	当前持仓为: 【现金】 3000.000000, 【eos_usdt】 0.000000 个
2018-05-21 00:12:33	13.862640, 13.861260, 13.608300, 13.543050
2018-05-21 00:12:33	本次不操作 eos_usdt
2018-05-21 00:12:33	当前持仓为: 【现金】 3000.000000, 【eos_usdt】 0.000000 个
2018-05-21 00:13:34	13.860520, 13.862640, 13.607075, 13.546200
2018-05-21 00:13:34	本次不操作 eos_usdt
2018-05-21 00:13:34	当前持仓为: 【现金】 3000.000000, 【eos_usdt】 0.000000 个
2018-05-21 00:14:35	13.857020, 13.860520, 13.607300, 13.546275
2018-05-21 00:14:35	本次不操作 eos_usdt
2018-05-21 00:14:35	ERROR	('raw write() returned invalid length 136 (should have been between 0 and 80)',)
2018-05-21 00:15:36	13.857040, 13.857020, 13.607150, 13.543950
2018-05-21 00:15:36	本次不操作 eos_usdt
2018-05-21 00:15:36	当前持仓为: 【现金】 3000.000000, 【eos_usdt】 0.000000 个
2018-05-21 00:16:38	13.852320, 13.853960, 13.611975, 13.549525
2018-05-21 00:16:38	本次不操作 eos_usdt
2018-05-21 00:16:38	当前持仓为: 【现金】 3000.000000, 【eos_usdt】 0.000000 个
2018-05-21 00:17:40	13.860360, 13.852580, 13.619375, 13.547150
2018-05-21 00:17:40	本次不操作 eos_usdt
2018-05-21 00:17:40	当前持仓为: 【现金】 3000.000000, 【eos_usdt】 0.000000 个
2018-05-21 00:18:41	13.882920, 13.860360, 13.646325, 13.558825
2018-05-21 00:18:41	ERROR	('raw write() returned invalid length 72 (should have been between 0 and 41)',)
2018-05-21 00:19:43	13.902340, 13.882920, 13.647725, 13.559750
2018-05-21 00:19:43	本次不操作 eos_usdt
2018-05-21 00:19:43	当前持仓为: 【现金】 3000.000000, 【eos_usdt】 0.000000 个
2018-05-21 00:20:43	13.925240, 13.902340, 13.654750, 13.562200
2018-05-21 00:20:43	本次不操作 eos_usdt
2018-05-21 00:20:43	当前持仓为: 【现金】 3000.000000, 【eos_usdt】 0.000000 个
2018-05-21 00:21:44	13.945240, 13.925240, 13.655475, 13.566550
2018-05-21 00:21:44	本次不操作 eos_usdt
2018-05-21 00:21:44	当前持仓为: 【现金】 3000.000000, 【eos_usdt】 0.000000 个
2018-05-21 00:22:46	13.959440, 13.945240, 13.651675, 13.551700
2018-05-21 00:22:46	本次不操作 eos_usdt
2018-05-21 00:22:46	当前持仓为: 【现金】 3000.000000, 【eos_usdt】 0.000000 个
2018-05-21 00:23:48	13.961440, 13.959440, 13.662075, 13.562075
2018-05-21 00:23:48	本次不操作 eos_usdt
2018-05-21 00:23:48	当前持仓为: 【现金】 3000.000000, 【eos_usdt】 0.000000 个
2018-05-21 00:24:49	13.961360, 13.961440, 13.671275, 13.564600
2018-05-21 00:24:49	本次不操作 eos_usdt
2018-05-21 00:24:49	当前持仓为: 【现金】 3000.000000, 【eos_usdt】 0.000000 个
2018-05-21 00:25:51	13.953320, 13.961360, 13.667425, 13.567475
2018-05-21 00:25:51	本次不操作 eos_usdt
2018-05-21 00:25:51	当前持仓为: 【现金】 3000.000000, 【eos_usdt】 0.000000 个
2018-05-21 00:26:52	13.949080, 13.953980, 13.652875, 13.549350
2018-05-21 00:26:52	本次不操作 eos_usdt
2018-05-21 00:26:52	当前持仓为: 【现金】 3000.000000, 【eos_usdt】 0.000000 个
2018-05-21 00:27:53	13.941100, 13.949320, 13.637750, 13.540175
2018-05-21 00:27:53	本次不操作 eos_usdt
2018-05-21 00:27:53	当前持仓为: 【现金】 3000.000000, 【eos_usdt】 0.000000 个
2018-05-21 00:28:54	13.933580, 13.944720, 13.641100, 13.540025
2018-05-21 00:28:54	本次不操作 eos_usdt
2018-05-21 00:28:54	当前持仓为: 【现金】 3000.000000, 【eos_usdt】 0.000000 个
2018-05-21 00:29:56	13.935380, 13.933580, 13.676425, 13.557525
2018-05-21 00:29:56	本次不操作 eos_usdt
2018-05-21 00:29:56	当前持仓为: 【现金】 3000.000000, 【eos_usdt】 0.000000 个
2018-05-21 00:30:57	13.948220, 13.933600, 13.676100, 13.554750
2018-05-21 00:30:57	本次不操作 eos_usdt
2018-05-21 00:30:57	当前持仓为: 【现金】 3000.000000, 【eos_usdt】 0.000000 个
2018-05-21 00:31:59	13.970420, 13.948220, 13.681900, 13.547450
2018-05-21 00:31:59	本次不操作 eos_usdt
2018-05-21 00:31:59	当前持仓为: 【现金】 3000.000000, 【eos_usdt】 0.000000 个
2018-05-21 00:32:59	14.002680, 13.970420, 13.695875, 13.543975
2018-05-21 00:32:59	本次不操作 eos_usdt
2018-05-21 00:32:59	当前持仓为: 【现金】 3000.000000, 【eos_usdt】 0.000000 个
2018-05-21 00:34:01	14.047820, 14.002680, 13.708450, 13.546300
2018-05-21 00:34:01	本次不操作 eos_usdt
2018-05-21 00:34:01	当前持仓为: 【现金】 3000.000000, 【eos_usdt】 0.000000 个
2018-05-21 00:35:03	14.089780, 14.047820, 13.721625, 13.546025
2018-05-21 00:35:03	本次不操作 eos_usdt
2018-05-21 00:35:03	当前持仓为: 【现金】 3000.000000, 【eos_usdt】 0.000000 个
2018-05-21 00:36:04	14.105160, 14.089780, 13.694825, 13.537325
2018-05-21 00:36:04	本次不操作 eos_usdt
2018-05-21 00:36:04	当前持仓为: 【现金】 3000.000000, 【eos_usdt】 0.000000 个
2018-05-21 00:37:05	14.111960, 14.105160, 13.704300, 13.546375
2018-05-21 00:37:05	本次不操作 eos_usdt
2018-05-21 00:37:05	当前持仓为: 【现金】 3000.000000, 【eos_usdt】 0.000000 个
2018-05-21 00:38:07	14.110300, 14.111960, 13.705050, 13.546600
2018-05-21 00:38:07	本次不操作 eos_usdt
2018-05-21 00:38:07	当前持仓为: 【现金】 3000.000000, 【eos_usdt】 0.000000 个
2018-05-21 00:39:08	14.099400, 14.113360, 13.704975, 13.549525
2018-05-21 00:39:08	本次不操作 eos_usdt
2018-05-21 00:39:08	当前持仓为: 【现金】 3000.000000, 【eos_usdt】 0.000000 个
2018-05-21 00:40:10	14.079400, 14.099400, 13.692850, 13.544950
2018-05-21 00:40:10	本次不操作 eos_usdt
2018-05-21 00:40:10	当前持仓为: 【现金】 3000.000000, 【eos_usdt】 0.000000 个
2018-05-21 00:41:11	14.075560, 14.079400, 13.698550, 13.550850
2018-05-21 00:41:11	本次不操作 eos_usdt
2018-05-21 00:41:11	当前持仓为: 【现金】 3000.000000, 【eos_usdt】 0.000000 个
2018-05-21 00:42:13	14.068360, 14.075560, 13.702975, 13.555275
2018-05-21 00:42:13	本次不操作 eos_usdt
2018-05-21 00:42:13	当前持仓为: 【现金】 3000.000000, 【eos_usdt】 0.000000 个
2018-05-21 00:43:14	14.064360, 14.068360, 13.704275, 13.552350
2018-05-21 00:43:14	本次不操作 eos_usdt
2018-05-21 00:43:14	当前持仓为: 【现金】 3000.000000, 【eos_usdt】 0.000000 个
2018-05-21 00:44:15	14.050320, 14.064360, 13.684000, 13.546500
2018-05-21 00:44:15	本次不操作 eos_usdt
2018-05-21 00:44:15	当前持仓为: 【现金】 3000.000000, 【eos_usdt】 0.000000 个
2018-05-21 00:45:16	14.040340, 14.050320, 13.679900, 13.544900
2018-05-21 00:45:16	本次不操作 eos_usdt
2018-05-21 00:45:16	当前持仓为: 【现金】 3000.000000, 【eos_usdt】 0.000000 个
2018-05-21 00:46:17	14.038160, 14.040340, 13.690075, 13.540725
2018-05-21 00:46:17	本次不操作 eos_usdt
2018-05-21 00:46:17	当前持仓为: 【现金】 3000.000000, 【eos_usdt】 0.000000 个
2018-05-21 00:47:29	14.036540, 14.038160, 13.683150, 13.533125
2018-05-21 00:47:29	本次不操作 eos_usdt
2018-05-21 00:47:29	当前持仓为: 【现金】 3000.000000, 【eos_usdt】 0.000000 个
2018-05-21 00:48:30	14.023680, 14.026140, 13.659425, 13.526875
2018-05-21 00:48:30	本次不操作 eos_usdt
2018-05-21 00:48:30	当前持仓为: 【现金】 3000.000000, 【eos_usdt】 0.000000 个
2018-05-21 00:49:31	14.023680, 14.023680, 13.659800, 13.534775
2018-05-21 00:49:31	本次不操作 eos_usdt
2018-05-21 00:49:31	当前持仓为: 【现金】 3000.000000, 【eos_usdt】 0.000000 个
2018-05-21 00:50:32	14.023660, 14.023680, 13.674650, 13.535225
2018-05-21 00:50:32	本次不操作 eos_usdt
2018-05-21 00:50:32	当前持仓为: 【现金】 3000.000000, 【eos_usdt】 0.000000 个
2018-05-21 00:51:33	14.011400, 14.023660, 13.684125, 13.557150
2018-05-21 00:51:33	本次不操作 eos_usdt
2018-05-21 00:51:33	当前持仓为: 【现金】 3000.000000, 【eos_usdt】 0.000000 个
2018-05-21 00:52:34	14.008000, 14.011400, 13.696150, 13.561400
2018-05-21 00:52:34	本次不操作 eos_usdt
2018-05-21 00:52:34	当前持仓为: 【现金】 3000.000000, 【eos_usdt】 0.000000 个
2018-05-21 00:53:34	14.019060, 14.008000, 13.696475, 13.555900
2018-05-21 00:53:34	本次不操作 eos_usdt
2018-05-21 00:53:34	当前持仓为: 【现金】 3000.000000, 【eos_usdt】 0.000000 个
2018-05-21 00:54:36	14.035060, 14.019060, 13.701100, 13.554350
2018-05-21 00:54:36	本次不操作 eos_usdt
2018-05-21 00:54:36	当前持仓为: 【现金】 3000.000000, 【eos_usdt】 0.000000 个
2018-05-21 00:55:39	14.048760, 14.031520, 13.703900, 13.553975
2018-05-21 00:55:39	本次不操作 eos_usdt
2018-05-21 00:55:39	当前持仓为: 【现金】 3000.000000, 【eos_usdt】 0.000000 个
2018-05-21 00:56:40	14.062740, 14.048440, 13.707650, 13.557375
2018-05-21 00:56:40	ERROR	('raw write() returned invalid length 72 (should have been between 0 and 41)',)
2018-05-21 00:57:41	14.078820, 14.062740, 13.717225, 13.557200
2018-05-21 00:57:41	本次不操作 eos_usdt
2018-05-21 00:57:41	当前持仓为: 【现金】 3000.000000, 【eos_usdt】 0.000000 个
2018-05-21 00:58:42	14.093760, 14.078820, 13.719525, 13.557025
2018-05-21 00:58:42	本次不操作 eos_usdt
2018-05-21 00:58:42	当前持仓为: 【现金】 3000.000000, 【eos_usdt】 0.000000 个
2018-05-21 00:59:43	14.110140, 14.093760, 13.724975, 13.546800
2018-05-21 00:59:43	本次不操作 eos_usdt
2018-05-21 00:59:43	当前持仓为: 【现金】 3000.000000, 【eos_usdt】 0.000000 个
2018-05-21 01:00:44	14.120880, 14.110140, 13.727525, 13.555950
2018-05-21 01:00:44	本次不操作 eos_usdt
2018-05-21 01:00:44	当前持仓为: 【现金】 3000.000000, 【eos_usdt】 0.000000 个
2018-05-21 01:01:46	14.130520, 14.120880, 13.734075, 13.557900
2018-05-21 01:01:46	本次不操作 eos_usdt
2018-05-21 01:01:46	当前持仓为: 【现金】 3000.000000, 【eos_usdt】 0.000000 个
2018-05-21 01:02:47	14.119640, 14.130520, 13.715525, 13.550375
2018-05-21 01:02:47	本次不操作 eos_usdt
2018-05-21 01:02:47	当前持仓为: 【现金】 3000.000000, 【eos_usdt】 0.000000 个
2018-05-21 01:03:48	14.105400, 14.119640, 13.713950, 13.555500
2018-05-21 01:03:48	本次不操作 eos_usdt
2018-05-21 01:03:48	当前持仓为: 【现金】 3000.000000, 【eos_usdt】 0.000000 个
2018-05-21 01:04:49	14.083040, 14.105400, 13.717850, 13.565575
2018-05-21 01:04:49	本次不操作 eos_usdt
2018-05-21 01:04:49	当前持仓为: 【现金】 3000.000000, 【eos_usdt】 0.000000 个
2018-05-21 01:05:51	14.062140, 14.083040, 13.733375, 13.581475
2018-05-21 01:05:51	本次不操作 eos_usdt
2018-05-21 01:05:51	当前持仓为: 【现金】 3000.000000, 【eos_usdt】 0.000000 个
2018-05-21 01:06:53	14.026080, 14.054000, 13.739825, 13.597300
2018-05-21 01:06:53	本次不操作 eos_usdt
2018-05-21 01:06:53	当前持仓为: 【现金】 3000.000000, 【eos_usdt】 0.000000 个
2018-05-21 01:07:55	14.012040, 14.026080, 13.746525, 13.606425
2018-05-21 01:07:55	本次不操作 eos_usdt
2018-05-21 01:07:55	当前持仓为: 【现金】 3000.000000, 【eos_usdt】 0.000000 个
2018-05-21 01:08:56	14.005660, 14.013640, 13.750100, 13.607575
2018-05-21 01:08:56	本次不操作 eos_usdt
2018-05-21 01:08:56	当前持仓为: 【现金】 3000.000000, 【eos_usdt】 0.000000 个
2018-05-21 01:09:58	13.993660, 14.005660, 13.746825, 13.606825
2018-05-21 01:09:58	本次不操作 eos_usdt
2018-05-21 01:09:58	当前持仓为: 【现金】 3000.000000, 【eos_usdt】 0.000000 个
2018-05-21 01:10:59	13.989620, 13.993660, 13.747250, 13.607875
2018-05-21 01:10:59	本次不操作 eos_usdt
2018-05-21 01:10:59	当前持仓为: 【现金】 3000.000000, 【eos_usdt】 0.000000 个
2018-05-21 01:12:00	13.991600, 13.989620, 13.754375, 13.611875
2018-05-21 01:12:00	本次不操作 eos_usdt
2018-05-21 01:12:00	当前持仓为: 【现金】 3000.000000, 【eos_usdt】 0.000000 个
2018-05-21 01:13:01	13.992000, 13.991600, 13.746550, 13.604075
2018-05-21 01:13:01	本次不操作 eos_usdt
2018-05-21 01:13:01	当前持仓为: 【现金】 3000.000000, 【eos_usdt】 0.000000 个
2018-05-21 01:14:02	13.984060, 13.992000, 13.739600, 13.604575
2018-05-21 01:14:02	本次不操作 eos_usdt
2018-05-21 01:14:02	当前持仓为: 【现金】 3000.000000, 【eos_usdt】 0.000000 个
2018-05-21 01:15:04	13.990040, 13.984060, 13.754725, 13.607350
2018-05-21 01:15:04	本次不操作 eos_usdt
2018-05-21 01:15:04	当前持仓为: 【现金】 3000.000000, 【eos_usdt】 0.000000 个
2018-05-21 01:16:05	13.988040, 13.990040, 13.748575, 13.611225
2018-05-21 01:16:05	本次不操作 eos_usdt
2018-05-21 01:16:05	当前持仓为: 【现金】 3000.000000, 【eos_usdt】 0.000000 个
2018-05-21 01:17:06	13.989900, 13.988040, 13.759500, 13.612300
2018-05-21 01:17:06	本次不操作 eos_usdt
2018-05-21 01:17:06	当前持仓为: 【现金】 3000.000000, 【eos_usdt】 0.000000 个
2018-05-21 01:18:09	13.993920, 13.991920, 13.762475, 13.619575
2018-05-21 01:18:09	本次不操作 eos_usdt
2018-05-21 01:18:09	当前持仓为: 【现金】 3000.000000, 【eos_usdt】 0.000000 个
2018-05-21 01:19:10	14.003540, 13.993760, 13.789100, 13.642325
2018-05-21 01:19:10	本次不操作 eos_usdt
2018-05-21 01:19:10	当前持仓为: 【现金】 3000.000000, 【eos_usdt】 0.000000 个
2018-05-21 01:20:11	14.005080, 14.003540, 13.793700, 13.651325
2018-05-21 01:20:11	本次不操作 eos_usdt
2018-05-21 01:20:11	当前持仓为: 【现金】 3000.000000, 【eos_usdt】 0.000000 个
2018-05-21 01:21:12	14.017220, 14.005080, 13.806350, 13.655325
2018-05-21 01:21:12	本次不操作 eos_usdt
2018-05-21 01:21:12	当前持仓为: 【现金】 3000.000000, 【eos_usdt】 0.000000 个
2018-05-21 01:22:13	14.039360, 14.017220, 13.819550, 13.652050
2018-05-21 01:22:13	本次不操作 eos_usdt
2018-05-21 01:22:13	当前持仓为: 【现金】 3000.000000, 【eos_usdt】 0.000000 个
2018-05-21 01:23:13	14.063960, 14.039360, 13.818625, 13.652450
2018-05-21 01:23:13	本次不操作 eos_usdt
2018-05-21 01:23:13	当前持仓为: 【现金】 3000.000000, 【eos_usdt】 0.000000 个
2018-05-21 01:24:14	14.081940, 14.063520, 13.816050, 13.672850
2018-05-21 01:24:14	本次不操作 eos_usdt
2018-05-21 01:24:14	当前持仓为: 【现金】 3000.000000, 【eos_usdt】 0.000000 个
2018-05-21 01:25:15	14.098520, 14.081940, 13.807350, 13.667200
2018-05-21 01:25:15	本次不操作 eos_usdt
2018-05-21 01:25:15	当前持仓为: 【现金】 3000.000000, 【eos_usdt】 0.000000 个
2018-05-21 01:26:17	14.106500, 14.098520, 13.797550, 13.657675
2018-05-21 01:26:17	本次不操作 eos_usdt
2018-05-21 01:26:17	当前持仓为: 【现金】 3000.000000, 【eos_usdt】 0.000000 个
2018-05-21 01:27:18	14.100620, 14.106500, 13.799975, 13.651150
2018-05-21 01:27:18	本次不操作 eos_usdt
2018-05-21 01:27:18	当前持仓为: 【现金】 3000.000000, 【eos_usdt】 0.000000 个
2018-05-21 01:28:20	14.092520, 14.100620, 13.793625, 13.641250
2018-05-21 01:28:20	本次不操作 eos_usdt
2018-05-21 01:28:20	当前持仓为: 【现金】 3000.000000, 【eos_usdt】 0.000000 个
2018-05-21 01:29:21	14.089260, 14.092520, 13.801250, 13.647525
2018-05-21 01:29:21	本次不操作 eos_usdt
2018-05-21 01:29:21	当前持仓为: 【现金】 3000.000000, 【eos_usdt】 0.000000 个
2018-05-21 01:30:22	14.083100, 14.091760, 13.815600, 13.671925
2018-05-21 01:30:22	本次不操作 eos_usdt
2018-05-21 01:30:22	当前持仓为: 【现金】 3000.000000, 【eos_usdt】 0.000000 个
2018-05-21 01:31:23	14.069940, 14.083100, 13.828675, 13.686850
2018-05-21 01:31:23	本次不操作 eos_usdt
2018-05-21 01:31:23	当前持仓为: 【现金】 3000.000000, 【eos_usdt】 0.000000 个
2018-05-21 01:32:24	14.059500, 14.069920, 13.836700, 13.697850
2018-05-21 01:32:24	本次不操作 eos_usdt
2018-05-21 01:32:24	当前持仓为: 【现金】 3000.000000, 【eos_usdt】 0.000000 个
2018-05-21 01:33:28	14.048140, 14.059500, 13.841600, 13.703325
2018-05-21 01:33:28	本次不操作 eos_usdt
2018-05-21 01:33:28	当前持仓为: 【现金】 3000.000000, 【eos_usdt】 0.000000 个
2018-05-21 01:34:29	14.039140, 14.048140, 13.863600, 13.722850
2018-05-21 01:34:29	本次不操作 eos_usdt
2018-05-21 01:34:29	当前持仓为: 【现金】 3000.000000, 【eos_usdt】 0.000000 个
2018-05-21 01:35:30	14.043680, 14.039140, 13.867250, 13.719000
2018-05-21 01:35:30	本次不操作 eos_usdt
2018-05-21 01:35:30	当前持仓为: 【现金】 3000.000000, 【eos_usdt】 0.000000 个
2018-05-21 01:36:31	14.049700, 14.043680, 13.847675, 13.699425
2018-05-21 01:36:31	本次不操作 eos_usdt
2018-05-21 01:36:31	当前持仓为: 【现金】 3000.000000, 【eos_usdt】 0.000000 个
2018-05-21 01:37:32	14.055880, 14.049700, 13.854025, 13.704925
2018-05-21 01:37:32	本次不操作 eos_usdt
2018-05-21 01:37:32	当前持仓为: 【现金】 3000.000000, 【eos_usdt】 0.000000 个
2018-05-21 01:38:33	14.062500, 14.055740, 13.853175, 13.705275
2018-05-21 01:38:33	本次不操作 eos_usdt
2018-05-21 01:38:33	当前持仓为: 【现金】 3000.000000, 【eos_usdt】 0.000000 个
2018-05-21 01:39:34	14.059420, 14.062500, 13.841575, 13.704625
2018-05-21 01:39:34	本次不操作 eos_usdt
2018-05-21 01:39:34	当前持仓为: 【现金】 3000.000000, 【eos_usdt】 0.000000 个
2018-05-21 01:40:36	14.050360, 14.059420, 13.840225, 13.701775
2018-05-21 01:40:36	本次不操作 eos_usdt
2018-05-21 01:40:36	当前持仓为: 【现金】 3000.000000, 【eos_usdt】 0.000000 个
2018-05-21 01:41:37	14.031600, 14.043400, 13.839350, 13.702100
2018-05-21 01:41:37	本次不操作 eos_usdt
2018-05-21 01:41:37	当前持仓为: 【现金】 3000.000000, 【eos_usdt】 0.000000 个
2018-05-21 01:42:38	14.018120, 14.029740, 13.836900, 13.702000
2018-05-21 01:42:38	本次不操作 eos_usdt
2018-05-21 01:42:38	当前持仓为: 【现金】 3000.000000, 【eos_usdt】 0.000000 个
2018-05-21 01:43:39	14.021800, 14.018100, 13.831825, 13.687275
2018-05-21 01:43:39	本次不操作 eos_usdt
2018-05-21 01:43:39	当前持仓为: 【现金】 3000.000000, 【eos_usdt】 0.000000 个
2018-05-21 01:44:40	14.025180, 14.022080, 13.828700, 13.681200
2018-05-21 01:44:40	本次不操作 eos_usdt
2018-05-21 01:44:40	当前持仓为: 【现金】 3000.000000, 【eos_usdt】 0.000000 个
2018-05-21 01:45:41	14.026080, 14.025180, 13.828225, 13.683475
2018-05-21 01:45:41	本次不操作 eos_usdt
2018-05-21 01:45:41	当前持仓为: 【现金】 3000.000000, 【eos_usdt】 0.000000 个
2018-05-21 01:46:42	14.018120, 14.024260, 13.817350, 13.687350
2018-05-21 01:46:42	本次不操作 eos_usdt
2018-05-21 01:46:42	当前持仓为: 【现金】 3000.000000, 【eos_usdt】 0.000000 个
2018-05-21 01:47:43	14.014300, 14.018120, 13.813550, 13.680775
2018-05-21 01:47:43	本次不操作 eos_usdt
2018-05-21 01:47:43	当前持仓为: 【现金】 3000.000000, 【eos_usdt】 0.000000 个
2018-05-21 01:48:43	14.004460, 14.014300, 13.787750, 13.657575
2018-05-21 01:48:43	本次不操作 eos_usdt
2018-05-21 01:48:43	当前持仓为: 【现金】 3000.000000, 【eos_usdt】 0.000000 个
2018-05-21 01:49:44	13.994440, 14.004460, 13.792500, 13.667200
2018-05-21 01:49:44	本次不操作 eos_usdt
2018-05-21 01:49:44	当前持仓为: 【现金】 3000.000000, 【eos_usdt】 0.000000 个
2018-05-21 01:50:45	13.988420, 13.994440, 13.790650, 13.668175
2018-05-21 01:50:45	本次不操作 eos_usdt
2018-05-21 01:50:45	当前持仓为: 【现金】 3000.000000, 【eos_usdt】 0.000000 个
2018-05-21 01:51:46	13.992420, 13.988420, 13.809725, 13.694000
2018-05-21 01:51:46	本次不操作 eos_usdt
2018-05-21 01:51:46	当前持仓为: 【现金】 3000.000000, 【eos_usdt】 0.000000 个
2018-05-21 01:52:46	13.994140, 13.992420, 13.813275, 13.700775
2018-05-21 01:52:46	本次不操作 eos_usdt
2018-05-21 01:52:46	当前持仓为: 【现金】 3000.000000, 【eos_usdt】 0.000000 个
2018-05-21 01:53:47	13.990180, 13.990320, 13.804500, 13.694500
2018-05-21 01:53:47	本次不操作 eos_usdt
2018-05-21 01:53:47	当前持仓为: 【现金】 3000.000000, 【eos_usdt】 0.000000 个
2018-05-21 01:54:48	13.990340, 13.990180, 13.802500, 13.696325
2018-05-21 01:54:48	本次不操作 eos_usdt
2018-05-21 01:54:48	当前持仓为: 【现金】 3000.000000, 【eos_usdt】 0.000000 个
2018-05-21 01:55:49	13.992140, 13.990340, 13.811950, 13.703500
2018-05-21 01:55:49	本次不操作 eos_usdt
2018-05-21 01:55:49	当前持仓为: 【现金】 3000.000000, 【eos_usdt】 0.000000 个
2018-05-21 01:56:49	13.991940, 13.992140, 13.817400, 13.707650
2018-05-21 01:56:49	本次不操作 eos_usdt
2018-05-21 01:56:49	当前持仓为: 【现金】 3000.000000, 【eos_usdt】 0.000000 个
2018-05-21 01:57:50	13.993760, 13.991940, 13.827225, 13.717225
2018-05-21 01:57:50	本次不操作 eos_usdt
2018-05-21 01:57:50	当前持仓为: 【现金】 3000.000000, 【eos_usdt】 0.000000 个
2018-05-21 01:58:51	13.993800, 13.993780, 13.832050, 13.719525
2018-05-21 01:58:51	本次不操作 eos_usdt
2018-05-21 01:58:51	当前持仓为: 【现金】 3000.000000, 【eos_usdt】 0.000000 个
2018-05-21 01:59:52	13.990340, 13.990360, 13.843450, 13.727900
2018-05-21 01:59:52	本次不操作 eos_usdt
2018-05-21 01:59:52	当前持仓为: 【现金】 3000.000000, 【eos_usdt】 0.000000 个
2018-05-21 02:00:52	13.996320, 13.990340, 13.852575, 13.727000
2018-05-21 02:00:52	本次不操作 eos_usdt
2018-05-21 02:00:52	当前持仓为: 【现金】 3000.000000, 【eos_usdt】 0.000000 个
2018-05-21 02:01:53	14.002320, 13.996320, 13.852350, 13.726775
2018-05-21 02:01:53	本次不操作 eos_usdt
2018-05-21 02:01:53	当前持仓为: 【现金】 3000.000000, 【eos_usdt】 0.000000 个
2018-05-21 02:02:54	14.010300, 14.002320, 13.843275, 13.715225
2018-05-21 02:02:54	本次不操作 eos_usdt
2018-05-21 02:02:54	当前持仓为: 【现金】 3000.000000, 【eos_usdt】 0.000000 个
2018-05-21 02:03:55	14.026140, 14.010300, 13.851900, 13.714400
2018-05-21 02:03:55	本次不操作 eos_usdt
2018-05-21 02:03:55	当前持仓为: 【现金】 3000.000000, 【eos_usdt】 0.000000 个
2018-05-21 02:04:56	14.042000, 14.026140, 13.865175, 13.727675
2018-05-21 02:04:56	本次不操作 eos_usdt
2018-05-21 02:04:56	当前持仓为: 【现金】 3000.000000, 【eos_usdt】 0.000000 个
2018-05-21 02:05:57	14.050000, 14.042000, 13.854625, 13.724050
2018-05-21 02:05:57	本次不操作 eos_usdt
2018-05-21 02:05:57	当前持仓为: 【现金】 3000.000000, 【eos_usdt】 0.000000 个
2018-05-21 02:06:57	14.054000, 14.050000, 13.860025, 13.739825
2018-05-21 02:06:57	本次不操作 eos_usdt
2018-05-21 02:06:57	当前持仓为: 【现金】 3000.000000, 【eos_usdt】 0.000000 个
2018-05-21 02:07:59	14.059700, 14.058000, 13.866600, 13.748525
2018-05-21 02:07:59	本次不操作 eos_usdt
2018-05-21 02:07:59	当前持仓为: 【现金】 3000.000000, 【eos_usdt】 0.000000 个
2018-05-21 02:08:59	14.056740, 14.059700, 13.875950, 13.750100
2018-05-21 02:08:59	本次不操作 eos_usdt
2018-05-21 02:08:59	当前持仓为: 【现金】 3000.000000, 【eos_usdt】 0.000000 个
2018-05-21 02:10:00	14.054460, 14.056740, 13.873600, 13.746825
2018-05-21 02:10:00	本次不操作 eos_usdt
2018-05-21 02:10:00	当前持仓为: 【现金】 3000.000000, 【eos_usdt】 0.000000 个
2018-05-21 02:11:01	14.052460, 14.054460, 13.871725, 13.747250
2018-05-21 02:11:01	本次不操作 eos_usdt
2018-05-21 02:11:01	当前持仓为: 【现金】 3000.000000, 【eos_usdt】 0.000000 个
2018-05-21 02:12:02	14.052120, 14.052460, 13.873950, 13.754375
2018-05-21 02:12:02	本次不操作 eos_usdt
2018-05-21 02:12:02	当前持仓为: 【现金】 3000.000000, 【eos_usdt】 0.000000 个
2018-05-21 02:13:03	14.054760, 14.052460, 13.867325, 13.746550
2018-05-21 02:13:03	本次不操作 eos_usdt
2018-05-21 02:13:03	当前持仓为: 【现金】 3000.000000, 【eos_usdt】 0.000000 个
2018-05-21 02:14:04	14.056940, 14.054760, 13.861425, 13.739600
2018-05-21 02:14:04	本次不操作 eos_usdt
2018-05-21 02:14:04	当前持仓为: 【现金】 3000.000000, 【eos_usdt】 0.000000 个
2018-05-21 02:15:04	14.062400, 14.056940, 13.881125, 13.754725
2018-05-21 02:15:04	本次不操作 eos_usdt
2018-05-21 02:15:04	当前持仓为: 【现金】 3000.000000, 【eos_usdt】 0.000000 个
2018-05-21 02:16:05	14.074820, 14.065020, 13.873675, 13.748575
2018-05-21 02:16:05	本次不操作 eos_usdt
2018-05-21 02:16:05	当前持仓为: 【现金】 3000.000000, 【eos_usdt】 0.000000 个
2018-05-21 02:17:06	14.085360, 14.074820, 13.888000, 13.759500
2018-05-21 02:17:06	本次不操作 eos_usdt
2018-05-21 02:17:06	当前持仓为: 【现金】 3000.000000, 【eos_usdt】 0.000000 个
2018-05-21 02:18:06	14.096300, 14.083760, 13.895425, 13.762275
2018-05-21 02:18:06	本次不操作 eos_usdt
2018-05-21 02:18:06	当前持仓为: 【现金】 3000.000000, 【eos_usdt】 0.000000 个
2018-05-21 02:19:07	14.105620, 14.096300, 13.916950, 13.789100
2018-05-21 02:19:07	本次不操作 eos_usdt
2018-05-21 02:19:07	当前持仓为: 【现金】 3000.000000, 【eos_usdt】 0.000000 个
2018-05-21 02:20:08	14.106540, 14.105980, 13.914100, 13.793700
2018-05-21 02:20:08	本次不操作 eos_usdt
2018-05-21 02:20:08	ERROR	('raw write() returned invalid length 136 (should have been between 0 and 80)',)
2018-05-21 02:21:09	14.103980, 14.105980, 13.926375, 13.806350
2018-05-21 02:21:09	本次不操作 eos_usdt
2018-05-21 02:21:09	当前持仓为: 【现金】 3000.000000, 【eos_usdt】 0.000000 个
2018-05-21 02:22:10	14.094800, 14.104060, 13.938075, 13.819550
2018-05-21 02:22:10	本次不操作 eos_usdt
2018-05-21 02:22:10	当前持仓为: 【现金】 3000.000000, 【eos_usdt】 0.000000 个
2018-05-21 02:23:10	14.093520, 14.094800, 13.946575, 13.818075
2018-05-21 02:23:10	本次不操作 eos_usdt
2018-05-21 02:23:10	当前持仓为: 【现金】 3000.000000, 【eos_usdt】 0.000000 个
2018-05-21 02:24:11	14.090280, 14.093520, 13.940625, 13.816050
2018-05-21 02:24:11	本次不操作 eos_usdt
2018-05-21 02:24:11	当前持仓为: 【现金】 3000.000000, 【eos_usdt】 0.000000 个
2018-05-21 02:25:11	14.084560, 14.086560, 13.927350, 13.807350
2018-05-21 02:25:11	本次不操作 eos_usdt
2018-05-21 02:25:11	当前持仓为: 【现金】 3000.000000, 【eos_usdt】 0.000000 个
2018-05-21 02:26:12	14.082500, 14.084560, 13.920075, 13.797550
2018-05-21 02:26:12	本次不操作 eos_usdt
2018-05-21 02:26:12	当前持仓为: 【现金】 3000.000000, 【eos_usdt】 0.000000 个
2018-05-21 02:27:13	14.085740, 14.082500, 13.921050, 13.799975
2018-05-21 02:27:13	本次不操作 eos_usdt
2018-05-21 02:27:13	当前持仓为: 【现金】 3000.000000, 【eos_usdt】 0.000000 个
2018-05-21 02:28:14	14.082480, 14.085740, 13.918625, 13.793625
2018-05-21 02:28:14	本次不操作 eos_usdt
2018-05-21 02:28:14	当前持仓为: 【现金】 3000.000000, 【eos_usdt】 0.000000 个
2018-05-21 02:29:14	14.077580, 14.082480, 13.920050, 13.801250
2018-05-21 02:29:14	本次不操作 eos_usdt
2018-05-21 02:29:14	当前持仓为: 【现金】 3000.000000, 【eos_usdt】 0.000000 个
2018-05-21 02:30:15	14.067500, 14.077580, 13.926275, 13.817875
2018-05-21 02:30:15	本次不操作 eos_usdt
2018-05-21 02:30:15	当前持仓为: 【现金】 3000.000000, 【eos_usdt】 0.000000 个
2018-05-21 02:31:16	14.057500, 14.067500, 13.935925, 13.825850
2018-05-21 02:31:16	本次不操作 eos_usdt
2018-05-21 02:31:16	当前持仓为: 【现金】 3000.000000, 【eos_usdt】 0.000000 个
2018-05-21 02:32:17	14.048980, 14.057500, 13.940200, 13.824875
2018-05-21 02:32:17	本次不操作 eos_usdt
2018-05-21 02:32:17	当前持仓为: 【现金】 3000.000000, 【eos_usdt】 0.000000 个
2018-05-21 02:33:18	14.039640, 14.048980, 13.949625, 13.833075
2018-05-21 02:33:18	本次不操作 eos_usdt
2018-05-21 02:33:18	当前持仓为: 【现金】 3000.000000, 【eos_usdt】 0.000000 个
2018-05-21 02:34:18	14.035280, 14.039640, 13.961325, 13.847250
2018-05-21 02:34:18	本次不操作 eos_usdt
2018-05-21 02:34:18	当前持仓为: 【现金】 3000.000000, 【eos_usdt】 0.000000 个
2018-05-21 02:35:19	14.038020, 14.035280, 13.980200, 13.865550
2018-05-21 02:35:19	本次不操作 eos_usdt
2018-05-21 02:35:19	当前持仓为: 【现金】 3000.000000, 【eos_usdt】 0.000000 个
2018-05-21 02:36:20	14.038000, 14.038020, 13.962800, 13.847650
2018-05-21 02:36:20	本次不操作 eos_usdt
2018-05-21 02:36:20	当前持仓为: 【现金】 3000.000000, 【eos_usdt】 0.000000 个
2018-05-21 02:37:21	14.041060, 14.038000, 13.980050, 13.858700
2018-05-21 02:37:21	本次不操作 eos_usdt
2018-05-21 02:37:21	当前持仓为: 【现金】 3000.000000, 【eos_usdt】 0.000000 个
2018-05-21 02:38:21	14.043200, 14.041060, 13.973950, 13.853175
2018-05-21 02:38:21	本次不操作 eos_usdt
2018-05-21 02:38:21	ERROR	('raw write() returned invalid length 136 (should have been between 0 and 80)',)
2018-05-21 02:39:22	14.047460, 14.043200, 13.962925, 13.841575
2018-05-21 02:39:22	本次不操作 eos_usdt
2018-05-21 02:39:22	当前持仓为: 【现金】 3000.000000, 【eos_usdt】 0.000000 个
2018-05-21 02:40:23	14.049560, 14.047460, 13.961200, 13.840225
2018-05-21 02:40:23	本次不操作 eos_usdt
2018-05-21 02:40:23	当前持仓为: 【现金】 3000.000000, 【eos_usdt】 0.000000 个
2018-05-21 02:41:23	14.049580, 14.049560, 13.957875, 13.837875
2018-05-21 02:41:23	本次不操作 eos_usdt
2018-05-21 02:41:23	当前持仓为: 【现金】 3000.000000, 【eos_usdt】 0.000000 个
2018-05-21 02:42:24	14.044540, 14.049580, 13.953025, 13.837250
2018-05-21 02:42:24	本次不操作 eos_usdt
2018-05-21 02:42:24	当前持仓为: 【现金】 3000.000000, 【eos_usdt】 0.000000 个
2018-05-21 02:43:25	14.039760, 14.044540, 13.947625, 13.831825
2018-05-21 02:43:25	本次不操作 eos_usdt
2018-05-21 02:43:25	当前持仓为: 【现金】 3000.000000, 【eos_usdt】 0.000000 个
2018-05-21 02:44:26	14.034840, 14.039760, 13.944625, 13.828825
2018-05-21 02:44:26	本次不操作 eos_usdt
2018-05-21 02:44:26	当前持仓为: 【现金】 3000.000000, 【eos_usdt】 0.000000 个
2018-05-21 02:45:27	14.030100, 14.034840, 13.943250, 13.825725
2018-05-21 02:45:27	本次不操作 eos_usdt
2018-05-21 02:45:27	当前持仓为: 【现金】 3000.000000, 【eos_usdt】 0.000000 个
2018-05-21 02:46:28	14.029000, 14.030100, 13.938975, 13.823775
2018-05-21 02:46:28	本次不操作 eos_usdt
2018-05-21 02:46:28	当前持仓为: 【现金】 3000.000000, 【eos_usdt】 0.000000 个
2018-05-21 02:47:29	14.024980, 14.029000, 13.927200, 13.812025
2018-05-21 02:47:29	本次不操作 eos_usdt
2018-05-21 02:47:29	当前持仓为: 【现金】 3000.000000, 【eos_usdt】 0.000000 个
2018-05-21 02:48:29	14.020960, 14.024980, 13.912200, 13.792025
2018-05-21 02:48:29	本次不操作 eos_usdt
2018-05-21 02:48:29	当前持仓为: 【现金】 3000.000000, 【eos_usdt】 0.000000 个
2018-05-21 02:49:30	14.016940, 14.020960, 13.904825, 13.784825
2018-05-21 02:49:30	本次不操作 eos_usdt
2018-05-21 02:49:30	ERROR	('raw write() returned invalid length 136 (should have been between 0 and 80)',)
2018-05-21 02:50:30	14.012940, 14.016960, 13.916975, 13.797175
2018-05-21 02:50:30	本次不操作 eos_usdt
2018-05-21 02:50:30	ERROR	('raw write() returned invalid length 136 (should have been between 0 and 80)',)
2018-05-21 02:51:31	14.008900, 14.012960, 13.918175, 13.801850
2018-05-21 02:51:31	本次不操作 eos_usdt
2018-05-21 02:51:31	当前持仓为: 【现金】 3000.000000, 【eos_usdt】 0.000000 个
2018-05-21 02:52:32	14.007760, 14.008900, 13.929100, 13.811525
2018-05-21 02:52:32	本次不操作 eos_usdt
2018-05-21 02:52:32	当前持仓为: 【现金】 3000.000000, 【eos_usdt】 0.000000 个
2018-05-21 02:53:32	14.005780, 14.007760, 13.921350, 13.806475
2018-05-21 02:53:32	本次不操作 eos_usdt
2018-05-21 02:53:32	当前持仓为: 【现金】 3000.000000, 【eos_usdt】 0.000000 个
2018-05-21 02:54:33	13.999780, 14.005780, 13.920175, 13.808600
2018-05-21 02:54:33	本次不操作 eos_usdt
2018-05-21 02:54:33	当前持仓为: 【现金】 3000.000000, 【eos_usdt】 0.000000 个
2018-05-21 02:55:34	13.993780, 13.999780, 13.928475, 13.813850
2018-05-21 02:55:34	本次不操作 eos_usdt
2018-05-21 02:55:34	当前持仓为: 【现金】 3000.000000, 【eos_usdt】 0.000000 个
2018-05-21 02:56:35	13.995380, 13.993780, 13.935325, 13.817250
2018-05-21 02:56:35	本次不操作 eos_usdt
2018-05-21 02:56:35	当前持仓为: 【现金】 3000.000000, 【eos_usdt】 0.000000 个
2018-05-21 02:57:36	14.000400, 13.995380, 13.950300, 13.827575
2018-05-21 02:57:36	本次不操作 eos_usdt
2018-05-21 02:57:36	当前持仓为: 【现金】 3000.000000, 【eos_usdt】 0.000000 个
2018-05-21 02:58:36	14.012960, 14.006940, 13.954950, 13.832050
2018-05-21 02:58:36	本次不操作 eos_usdt
2018-05-21 02:58:36	当前持仓为: 【现金】 3000.000000, 【eos_usdt】 0.000000 个
2018-05-21 02:59:37	14.025600, 14.012960, 13.961100, 13.835700
2018-05-21 02:59:37	本次不操作 eos_usdt
2018-05-21 02:59:37	当前持仓为: 【现金】 3000.000000, 【eos_usdt】 0.000000 个
2018-05-21 03:00:38	14.035400, 14.025860, 13.983025, 13.853100
2018-05-21 03:00:38	本次不操作 eos_usdt
2018-05-21 03:00:38	当前持仓为: 【现金】 3000.000000, 【eos_usdt】 0.000000 个
2018-05-21 03:01:39	14.044620, 14.035400, 13.981800, 13.854275
2018-05-21 03:01:39	本次不操作 eos_usdt
2018-05-21 03:01:39	当前持仓为: 【现金】 3000.000000, 【eos_usdt】 0.000000 个
2018-05-21 03:02:40	14.052120, 14.044620, 13.973375, 13.843600
2018-05-21 03:02:40	本次不操作 eos_usdt
2018-05-21 03:02:40	当前持仓为: 【现金】 3000.000000, 【eos_usdt】 0.000000 个
2018-05-21 03:03:41	14.059620, 14.052120, 13.984075, 13.851450
2018-05-21 03:03:41	本次不操作 eos_usdt
2018-05-21 03:03:41	当前持仓为: 【现金】 3000.000000, 【eos_usdt】 0.000000 个
2018-05-21 03:04:41	14.059360, 14.059620, 13.978675, 13.855350
2018-05-21 03:04:41	本次不操作 eos_usdt
2018-05-21 03:04:41	当前持仓为: 【现金】 3000.000000, 【eos_usdt】 0.000000 个
2018-05-21 03:05:42	14.056020, 14.059360, 13.984575, 13.863750
2018-05-21 03:05:42	本次不操作 eos_usdt
2018-05-21 03:05:42	当前持仓为: 【现金】 3000.000000, 【eos_usdt】 0.000000 个
2018-05-21 03:06:42	14.053000, 14.056020, 13.985825, 13.865950
2018-05-21 03:06:42	ERROR	('raw write() returned invalid length 72 (should have been between 0 and 41)',)
2018-05-21 03:07:43	14.048740, 14.053000, 13.983900, 13.863900
2018-05-21 03:07:43	本次不操作 eos_usdt
2018-05-21 03:07:43	当前持仓为: 【现金】 3000.000000, 【eos_usdt】 0.000000 个
2018-05-21 03:08:43	14.045220, 14.048740, 13.971300, 13.854050
2018-05-21 03:08:43	本次不操作 eos_usdt
2018-05-21 03:08:43	当前持仓为: 【现金】 3000.000000, 【eos_usdt】 0.000000 个
2018-05-21 03:09:44	14.046560, 14.045220, 13.988050, 13.872775
2018-05-21 03:09:44	本次不操作 eos_usdt
2018-05-21 03:09:44	ERROR	('raw write() returned invalid length 136 (should have been between 0 and 80)',)
2018-05-21 03:10:45	14.047900, 14.046560, 13.988725, 13.873725
2018-05-21 03:10:45	ERROR	('raw write() returned invalid length 72 (should have been between 0 and 41)',)
2018-05-21 03:11:46	14.049820, 14.047900, 13.994275, 13.878675
2018-05-21 03:11:46	本次不操作 eos_usdt
2018-05-21 03:11:46	当前持仓为: 【现金】 3000.000000, 【eos_usdt】 0.000000 个
2018-05-21 03:12:46	14.056560, 14.049820, 13.996800, 13.869150
2018-05-21 03:12:46	本次不操作 eos_usdt
2018-05-21 03:12:46	当前持仓为: 【现金】 3000.000000, 【eos_usdt】 0.000000 个
2018-05-21 03:13:47	14.050600, 14.051380, 13.985825, 13.866625
2018-05-21 03:13:47	本次不操作 eos_usdt
2018-05-21 03:13:47	当前持仓为: 【现金】 3000.000000, 【eos_usdt】 0.000000 个
2018-05-21 03:14:48	14.049380, 14.051380, 13.994975, 13.877475
2018-05-21 03:14:48	本次不操作 eos_usdt
2018-05-21 03:14:48	ERROR	('raw write() returned invalid length 136 (should have been between 0 and 80)',)
2018-05-21 03:15:48	14.035380, 14.049380, 13.978675, 13.876175
2018-05-21 03:15:48	本次不操作 eos_usdt
2018-05-21 03:15:48	当前持仓为: 【现金】 3000.000000, 【eos_usdt】 0.000000 个
2018-05-21 03:16:49	14.019080, 14.035380, 13.988500, 13.888150
2018-05-21 03:16:49	本次不操作 eos_usdt
2018-05-21 03:16:49	当前持仓为: 【现金】 3000.000000, 【eos_usdt】 0.000000 个
2018-05-21 03:17:49	14.002560, 14.019080, 13.995775, 13.895425
2018-05-21 03:17:49	本次不操作 eos_usdt
2018-05-21 03:17:49	当前持仓为: 【现金】 3000.000000, 【eos_usdt】 0.000000 个
2018-05-21 03:18:50	13.977460, 14.002560, 13.999300, 13.918150
2018-05-21 03:18:50	取消卖出【eos_usdt】动作，因为最近已经卖出过
2018-05-21 03:18:50	当前持仓为: 【现金】 3000.000000, 【eos_usdt】 0.000000 个
2018-05-21 03:19:51	13.958040, 13.977460, 14.004800, 13.917700
2018-05-21 03:19:51	取消卖出【eos_usdt】动作，因为最近已经卖出过
2018-05-21 03:19:51	ERROR	('raw write() returned invalid length 136 (should have been between 0 and 80)',)
2018-05-21 03:20:51	13.944360, 13.956020, 14.002550, 13.924000
2018-05-21 03:20:51	取消卖出【eos_usdt】动作，因为最近已经卖出过
2018-05-21 03:20:51	当前持仓为: 【现金】 3000.000000, 【eos_usdt】 0.000000 个
2018-05-21 03:21:52	13.934080, 13.944360, 14.008200, 13.929425
2018-05-21 03:21:52	ERROR	('raw write() returned invalid length 96 (should have been between 0 and 66)',)
2018-05-21 03:22:52	13.925500, 13.934080, 14.026600, 13.944100
2018-05-21 03:22:52	本次不操作 eos_usdt
2018-05-21 03:22:52	ERROR	('raw write() returned invalid length 136 (should have been between 0 and 80)',)
2018-05-21 03:23:53	13.920920, 13.925500, 14.019975, 13.945325
2018-05-21 03:23:53	本次不操作 eos_usdt
2018-05-21 03:23:53	当前持仓为: 【现金】 3000.000000, 【eos_usdt】 0.000000 个
2018-05-21 03:24:54	13.914340, 13.920920, 14.012150, 13.929725
2018-05-21 03:24:54	本次不操作 eos_usdt
2018-05-21 03:24:54	当前持仓为: 【现金】 3000.000000, 【eos_usdt】 0.000000 个
2018-05-21 03:25:54	13.912320, 13.914340, 14.002675, 13.927575
2018-05-21 03:25:54	本次不操作 eos_usdt
2018-05-21 03:25:54	当前持仓为: 【现金】 3000.000000, 【eos_usdt】 0.000000 个
2018-05-21 03:26:55	13.910320, 13.912320, 14.005150, 13.923200
2018-05-21 03:26:55	本次不操作 eos_usdt
2018-05-21 03:26:55	ERROR	('raw write() returned invalid length 136 (should have been between 0 and 80)',)
2018-05-21 03:27:56	13.908180, 13.910320, 14.006450, 13.924675
2018-05-21 03:27:56	本次不操作 eos_usdt
2018-05-21 03:27:56	当前持仓为: 【现金】 3000.000000, 【eos_usdt】 0.000000 个
2018-05-21 03:28:56	13.908100, 13.908180, 13.986875, 13.914075
2018-05-21 03:28:56	ERROR	('raw write() returned invalid length 72 (should have been between 0 and 41)',)
2018-05-21 03:29:57	13.906340, 13.908100, 13.992975, 13.930175
2018-05-21 03:29:57	本次不操作 eos_usdt
2018-05-21 03:29:57	当前持仓为: 【现金】 3000.000000, 【eos_usdt】 0.000000 个
2018-05-21 03:30:57	13.904340, 13.906340, 13.993300, 13.930800
2018-05-21 03:30:57	本次不操作 eos_usdt
2018-05-21 03:30:57	当前持仓为: 【现金】 3000.000000, 【eos_usdt】 0.000000 个
2018-05-21 03:31:58	13.904140, 13.904340, 14.004200, 13.939450
2018-05-21 03:31:58	本次不操作 eos_usdt
2018-05-21 03:31:58	ERROR	('raw write() returned invalid length 136 (should have been between 0 and 80)',)
2018-05-21 03:32:59	13.904280, 13.904140, 14.020400, 13.951650
2018-05-21 03:32:59	本次不操作 eos_usdt
2018-05-21 03:32:59	当前持仓为: 【现金】 3000.000000, 【eos_usdt】 0.000000 个
2018-05-21 03:34:00	13.918040, 13.910280, 14.035600, 13.963000
2018-05-21 03:34:00	本次不操作 eos_usdt
2018-05-21 03:34:00	当前持仓为: 【现金】 3000.000000, 【eos_usdt】 0.000000 个
2018-05-21 03:35:00	13.930100, 13.918040, 14.063625, 13.987000
2018-05-21 03:35:00	本次不操作 eos_usdt
2018-05-21 03:35:00	当前持仓为: 【现金】 3000.000000, 【eos_usdt】 0.000000 个
2018-05-21 03:36:01	13.942380, 13.930100, 14.035200, 13.962675
2018-05-21 03:36:01	本次不操作 eos_usdt
2018-05-21 03:36:01	当前持仓为: 【现金】 3000.000000, 【eos_usdt】 0.000000 个
2018-05-21 03:37:01	13.952860, 13.942380, 14.047050, 13.978750
2018-05-21 03:37:01	本次不操作 eos_usdt
2018-05-21 03:37:01	当前持仓为: 【现金】 3000.000000, 【eos_usdt】 0.000000 个
2018-05-21 03:38:02	13.949360, 13.952860, 14.019300, 13.961000
2018-05-21 03:38:02	本次不操作 eos_usdt
2018-05-21 03:38:02	当前持仓为: 【现金】 3000.000000, 【eos_usdt】 0.000000 个
2018-05-21 03:39:03	13.945860, 13.949360, 14.020425, 13.962900
2018-05-21 03:39:03	本次不操作 eos_usdt
2018-05-21 03:39:03	当前持仓为: 【现金】 3000.000000, 【eos_usdt】 0.000000 个
2018-05-21 03:40:03	13.936300, 13.945860, 14.022325, 13.968750
2018-05-21 03:40:03	本次不操作 eos_usdt
2018-05-21 03:40:03	当前持仓为: 【现金】 3000.000000, 【eos_usdt】 0.000000 个
2018-05-21 03:41:04	13.926520, 13.936300, 14.012925, 13.963450
2018-05-21 03:41:04	本次不操作 eos_usdt
2018-05-21 03:41:04	当前持仓为: 【现金】 3000.000000, 【eos_usdt】 0.000000 个
2018-05-21 03:42:05	13.916740, 13.926520, 14.005875, 13.958225
2018-05-21 03:42:05	ERROR	('raw write() returned invalid length 72 (should have been between 0 and 41)',)
2018-05-21 03:43:05	13.914740, 13.916740, 14.005775, 13.955150
2018-05-21 03:43:05	本次不操作 eos_usdt
2018-05-21 03:43:05	当前持仓为: 【现金】 3000.000000, 【eos_usdt】 0.000000 个
2018-05-21 03:44:06	13.916120, 13.914740, 14.002900, 13.947950
2018-05-21 03:44:06	本次不操作 eos_usdt
2018-05-21 03:44:06	当前持仓为: 【现金】 3000.000000, 【eos_usdt】 0.000000 个
2018-05-21 03:45:06	13.919260, 13.915880, 13.997350, 13.940600
2018-05-21 03:45:06	本次不操作 eos_usdt
2018-05-21 03:45:06	当前持仓为: 【现金】 3000.000000, 【eos_usdt】 0.000000 个
2018-05-21 03:46:07	13.922640, 13.919260, 14.002100, 13.941425
2018-05-21 03:46:07	本次不操作 eos_usdt
2018-05-21 03:46:07	当前持仓为: 【现金】 3000.000000, 【eos_usdt】 0.000000 个
2018-05-21 03:47:08	13.926020, 13.922640, 13.993050, 13.928150
2018-05-21 03:47:08	本次不操作 eos_usdt
2018-05-21 03:47:08	当前持仓为: 【现金】 3000.000000, 【eos_usdt】 0.000000 个
2018-05-21 03:48:09	13.948860, 13.935700, 13.999750, 13.917200
2018-05-21 03:48:09	取消卖出【eos_usdt】动作，因为最近已经卖出过
2018-05-21 03:48:09	当前持仓为: 【现金】 3000.000000, 【eos_usdt】 0.000000 个
2018-05-21 03:49:09	13.958900, 13.948800, 13.994975, 13.904825
2018-05-21 03:49:09	取消卖出【eos_usdt】动作，因为最近已经卖出过
2018-05-21 03:49:09	当前持仓为: 【现金】 3000.000000, 【eos_usdt】 0.000000 个
2018-05-21 03:50:10	13.967140, 13.958900, 13.992825, 13.912675
2018-05-21 03:50:10	取消卖出【eos_usdt】动作，因为最近已经卖出过
2018-05-21 03:50:10	当前持仓为: 【现金】 3000.000000, 【eos_usdt】 0.000000 个
2018-05-21 03:51:11	13.973700, 13.967140, 13.988600, 13.918150
2018-05-21 03:51:11	取消卖出【eos_usdt】动作，因为最近已经卖出过
2018-05-21 03:51:11	ERROR	('raw write() returned invalid length 136 (should have been between 0 and 80)',)
2018-05-21 03:52:11	13.972100, 13.974460, 14.000300, 13.928800
2018-05-21 03:52:11	取消卖出【eos_usdt】动作，因为最近已经卖出过
2018-05-21 03:52:11	当前持仓为: 【现金】 3000.000000, 【eos_usdt】 0.000000 个
2018-05-21 03:53:12	13.963520, 13.972100, 13.992075, 13.928300
2018-05-21 03:53:12	取消卖出【eos_usdt】动作，因为最近已经卖出过
2018-05-21 03:53:12	当前持仓为: 【现金】 3000.000000, 【eos_usdt】 0.000000 个
2018-05-21 03:54:13	13.959700, 13.963520, 14.002700, 13.930000
2018-05-21 03:54:13	取消卖出【eos_usdt】动作，因为最近已经卖出过
2018-05-21 03:54:13	当前持仓为: 【现金】 3000.000000, 【eos_usdt】 0.000000 个
2018-05-21 03:55:13	13.957740, 13.959700, 14.003025, 13.920650
2018-05-21 03:55:13	取消卖出【eos_usdt】动作，因为最近已经卖出过
2018-05-21 03:55:13	当前持仓为: 【现金】 3000.000000, 【eos_usdt】 0.000000 个
2018-05-21 03:56:14	13.958480, 13.957740, 14.013025, 13.933100
2018-05-21 03:56:14	取消卖出【eos_usdt】动作，因为最近已经卖出过
2018-05-21 03:56:14	当前持仓为: 【现金】 3000.000000, 【eos_usdt】 0.000000 个
2018-05-21 03:57:15	13.959220, 13.958480, 14.023500, 13.946500
2018-05-21 03:57:15	取消卖出【eos_usdt】动作，因为最近已经卖出过
2018-05-21 03:57:15	当前持仓为: 【现金】 3000.000000, 【eos_usdt】 0.000000 个
2018-05-21 03:58:15	13.966140, 13.959220, 14.032450, 13.957425
2018-05-21 03:58:15	取消卖出【eos_usdt】动作，因为最近已经卖出过
2018-05-21 03:58:15	当前持仓为: 【现金】 3000.000000, 【eos_usdt】 0.000000 个
2018-05-21 03:59:16	13.967920, 13.966140, 14.036550, 13.961525
2018-05-21 03:59:16	取消卖出【eos_usdt】动作，因为最近已经卖出过
2018-05-21 03:59:16	当前持仓为: 【现金】 3000.000000, 【eos_usdt】 0.000000 个
2018-05-21 04:00:16	13.969700, 13.967920, 14.036375, 13.972525
2018-05-21 04:00:16	本次不操作 eos_usdt
2018-05-21 04:00:16	当前持仓为: 【现金】 3000.000000, 【eos_usdt】 0.000000 个
2018-05-21 04:01:17	13.969700, 13.969700, 14.039925, 13.975275
2018-05-21 04:01:17	本次不操作 eos_usdt
2018-05-21 04:01:17	当前持仓为: 【现金】 3000.000000, 【eos_usdt】 0.000000 个
2018-05-21 04:02:17	13.968040, 13.969700, 14.035375, 13.975800
2018-05-21 04:02:17	本次不操作 eos_usdt
2018-05-21 04:02:17	当前持仓为: 【现金】 3000.000000, 【eos_usdt】 0.000000 个
2018-05-21 04:03:18	13.966380, 13.968040, 14.030350, 13.973625
2018-05-21 04:03:18	本次不操作 eos_usdt
2018-05-21 04:03:18	当前持仓为: 【现金】 3000.000000, 【eos_usdt】 0.000000 个
2018-05-21 04:04:19	13.964720, 13.966380, 14.034725, 13.982825
2018-05-21 04:04:19	本次不操作 eos_usdt
2018-05-21 04:04:19	当前持仓为: 【现金】 3000.000000, 【eos_usdt】 0.000000 个
2018-05-21 04:05:19	13.963240, 13.964720, 14.021400, 13.983325
2018-05-21 04:05:19	本次不操作 eos_usdt
2018-05-21 04:05:19	当前持仓为: 【现金】 3000.000000, 【eos_usdt】 0.000000 个
2018-05-21 04:06:20	13.966860, 13.963240, 14.031400, 13.986575
2018-05-21 04:06:20	ERROR	('raw write() returned invalid length 72 (should have been between 0 and 41)',)
2018-05-21 04:07:21	13.972140, 13.966860, 14.019675, 13.987725
2018-05-21 04:07:21	本次不操作 eos_usdt
2018-05-21 04:07:21	当前持仓为: 【现金】 3000.000000, 【eos_usdt】 0.000000 个
2018-05-21 04:08:22	13.979160, 13.973880, 14.003275, 13.971325
2018-05-21 04:08:22	取消卖出【eos_usdt】动作，因为最近已经卖出过
2018-05-21 04:08:22	当前持仓为: 【现金】 3000.000000, 【eos_usdt】 0.000000 个
2018-05-21 04:09:22	13.984440, 13.979160, 14.023250, 13.993175
2018-05-21 04:09:22	本次不操作 eos_usdt
2018-05-21 04:09:22	当前持仓为: 【现金】 3000.000000, 【eos_usdt】 0.000000 个
2018-05-21 04:10:23	13.987800, 13.984440, 14.012200, 13.979900
2018-05-21 04:10:23	取消卖出【eos_usdt】动作，因为最近已经卖出过
2018-05-21 04:10:23	当前持仓为: 【现金】 3000.000000, 【eos_usdt】 0.000000 个
2018-05-21 04:11:23	13.987800, 13.987800, 14.024750, 13.992850
2018-05-21 04:11:23	本次不操作 eos_usdt
2018-05-21 04:11:23	ERROR	('raw write() returned invalid length 4 (should have been between 0 and 2)',)
2018-05-21 04:12:24	13.996040, 13.987800, 14.042225, 14.001700
2018-05-21 04:12:24	本次不操作 eos_usdt
2018-05-21 04:12:24	当前持仓为: 【现金】 3000.000000, 【eos_usdt】 0.000000 个
2018-05-21 04:13:25	14.004280, 13.996040, 14.032875, 13.987975
2018-05-21 04:13:25	取消卖出【eos_usdt】动作，因为最近已经卖出过
2018-05-21 04:13:25	当前持仓为: 【现金】 3000.000000, 【eos_usdt】 0.000000 个
2018-05-21 04:14:25	14.000420, 13.998480, 14.029925, 13.993050
2018-05-21 04:14:25	取消卖出【eos_usdt】动作，因为最近已经卖出过
2018-05-21 04:14:25	当前持仓为: 【现金】 3000.000000, 【eos_usdt】 0.000000 个
2018-05-21 04:15:26	14.002860, 14.000420, 14.013950, 13.978625
2018-05-21 04:15:26	取消卖出【eos_usdt】动作，因为最近已经卖出过
2018-05-21 04:15:26	当前持仓为: 【现金】 3000.000000, 【eos_usdt】 0.000000 个
2018-05-21 04:16:27	14.005300, 14.002860, 14.022100, 13.986775
2018-05-21 04:16:27	取消卖出【eos_usdt】动作，因为最近已经卖出过
2018-05-21 04:16:27	当前持仓为: 【现金】 3000.000000, 【eos_usdt】 0.000000 个
2018-05-21 04:17:27	14.007800, 14.007800, 14.030775, 13.994600
2018-05-21 04:17:27	取消卖出【eos_usdt】动作，因为最近已经卖出过
2018-05-21 04:17:27	当前持仓为: 【现金】 3000.000000, 【eos_usdt】 0.000000 个
2018-05-21 04:18:28	14.013600, 14.007800, 14.019050, 13.984475
2018-05-21 04:18:28	取消卖出【eos_usdt】动作，因为最近已经卖出过
2018-05-21 04:18:28	当前持仓为: 【现金】 3000.000000, 【eos_usdt】 0.000000 个
2018-05-21 04:19:29	14.019900, 14.013600, 14.022775, 14.004800
2018-05-21 04:19:29	取消卖出【eos_usdt】动作，因为最近已经卖出过
2018-05-21 04:19:29	当前持仓为: 【现金】 3000.000000, 【eos_usdt】 0.000000 个
2018-05-21 04:20:29	14.025700, 14.019900, 14.015625, 13.998375
2018-05-21 04:20:29	本次不操作 eos_usdt
2018-05-21 04:20:29	当前持仓为: 【现金】 3000.000000, 【eos_usdt】 0.000000 个
2018-05-21 04:21:30	14.029000, 14.025700, 14.033850, 14.016225
2018-05-21 04:21:30	取消卖出【eos_usdt】动作，因为最近已经卖出过
2018-05-21 04:21:30	当前持仓为: 【现金】 3000.000000, 【eos_usdt】 0.000000 个
2018-05-21 04:22:31	14.029000, 14.029000, 14.040325, 14.023050
2018-05-21 04:22:31	取消卖出【eos_usdt】动作，因为最近已经卖出过
2018-05-21 04:22:31	当前持仓为: 【现金】 3000.000000, 【eos_usdt】 0.000000 个
2018-05-21 04:23:31	14.029060, 14.029000, 14.040175, 14.022850
2018-05-21 04:23:31	取消卖出【eos_usdt】动作，因为最近已经卖出过
2018-05-21 04:23:31	当前持仓为: 【现金】 3000.000000, 【eos_usdt】 0.000000 个
2018-05-21 04:24:32	14.028800, 14.029060, 14.026925, 14.010000
2018-05-21 04:24:32	本次不操作 eos_usdt
2018-05-21 04:24:32	当前持仓为: 【现金】 3000.000000, 【eos_usdt】 0.000000 个
2018-05-21 04:25:32	14.028880, 14.029140, 14.027100, 14.002675
2018-05-21 04:25:32	本次不操作 eos_usdt
2018-05-21 04:25:32	当前持仓为: 【现金】 3000.000000, 【eos_usdt】 0.000000 个
2018-05-21 04:26:33	14.023080, 14.028880, 14.023975, 14.001550
2018-05-21 04:26:33	取消卖出【eos_usdt】动作，因为最近已经卖出过
2018-05-21 04:26:33	当前持仓为: 【现金】 3000.000000, 【eos_usdt】 0.000000 个
2018-05-21 04:27:33	14.024680, 14.023080, 14.031500, 14.006500
2018-05-21 04:27:33	取消卖出【eos_usdt】动作，因为最近已经卖出过
2018-05-21 04:27:33	当前持仓为: 【现金】 3000.000000, 【eos_usdt】 0.000000 个
2018-05-21 04:28:34	14.026220, 14.024680, 14.028725, 13.995725
2018-05-21 04:28:34	取消卖出【eos_usdt】动作，因为最近已经卖出过
2018-05-21 04:28:34	当前持仓为: 【现金】 3000.000000, 【eos_usdt】 0.000000 个
2018-05-21 04:29:35	14.027740, 14.026220, 14.019600, 13.992850
2018-05-21 04:29:35	本次不操作 eos_usdt
2018-05-21 04:29:35	当前持仓为: 【现金】 3000.000000, 【eos_usdt】 0.000000 个
2018-05-21 04:30:35	14.029600, 14.027740, 14.003775, 13.989125
2018-05-21 04:30:35	本次不操作 eos_usdt
2018-05-21 04:30:35	ERROR	('raw write() returned invalid length 136 (should have been between 0 and 80)',)
2018-05-21 04:31:36	14.034740, 14.029600, 13.998925, 14.003975
2018-05-21 04:31:36	本次不操作 eos_usdt
2018-05-21 04:31:36	ERROR	('raw write() returned invalid length 136 (should have been between 0 and 80)',)
2018-05-21 04:32:36	14.027340, 14.034740, 13.994975, 14.017200
2018-05-21 04:32:36	本次不操作 eos_usdt
2018-05-21 04:32:36	当前持仓为: 【现金】 3000.000000, 【eos_usdt】 0.000000 个
2018-05-21 04:33:37	14.019940, 14.027340, 14.003325, 14.033050
2018-05-21 04:33:37	ERROR	("the JSON object must be str, not 'dict'",)
2018-05-21 04:34:38	14.012540, 14.019940, 14.012475, 14.054975
2018-05-21 04:34:38	ERROR	("the JSON object must be str, not 'dict'",)
2018-05-21 04:35:38	14.005140, 14.012540, 14.018600, 14.043600
2018-05-21 04:35:38	本次不操作 eos_usdt
2018-05-21 04:35:38	当前持仓为: 【现金】 3000.000000, 【eos_usdt】 0.000000 个
2018-05-21 04:36:39	13.999060, 14.005140, 14.016625, 14.040300
2018-05-21 04:36:39	本次不操作 eos_usdt
2018-05-21 04:36:39	当前持仓为: 【现金】 3000.000000, 【eos_usdt】 0.000000 个
2018-05-21 04:37:39	13.987720, 13.999060, 13.994450, 14.033625
2018-05-21 04:37:39	本次不操作 eos_usdt
2018-05-21 04:37:39	当前持仓为: 【现金】 3000.000000, 【eos_usdt】 0.000000 个
2018-05-21 04:38:40	13.986700, 13.987720, 13.997850, 14.020450
2018-05-21 04:38:40	本次不操作 eos_usdt
2018-05-21 04:38:40	当前持仓为: 【现金】 3000.000000, 【eos_usdt】 0.000000 个
2018-05-21 04:39:41	13.984640, 13.985720, 13.997975, 14.011800
2018-05-21 04:39:41	本次不操作 eos_usdt
2018-05-21 04:39:41	当前持仓为: 【现金】 3000.000000, 【eos_usdt】 0.000000 个
2018-05-21 04:40:41	13.969120, 13.979720, 13.984500, 14.012750
2018-05-21 04:40:41	本次不操作 eos_usdt
2018-05-21 04:40:41	当前持仓为: 【现金】 3000.000000, 【eos_usdt】 0.000000 个
2018-05-21 04:41:42	13.959440, 13.969120, 13.975050, 14.003675
2018-05-21 04:41:42	本次不操作 eos_usdt
2018-05-21 04:41:42	ERROR	('raw write() returned invalid length 136 (should have been between 0 and 80)',)
2018-05-21 04:42:42	13.959960, 13.959440, 13.974750, 14.003275
2018-05-21 04:42:42	本次不操作 eos_usdt
2018-05-21 04:42:42	当前持仓为: 【现金】 3000.000000, 【eos_usdt】 0.000000 个
2018-05-21 04:43:43	13.960720, 13.959960, 13.994075, 13.998700
2018-05-21 04:43:43	本次不操作 eos_usdt
2018-05-21 04:43:43	当前持仓为: 【现金】 3000.000000, 【eos_usdt】 0.000000 个
2018-05-21 04:44:43	13.958720, 13.960720, 13.989875, 13.999875
2018-05-21 04:44:43	本次不操作 eos_usdt
2018-05-21 04:44:43	当前持仓为: 【现金】 3000.000000, 【eos_usdt】 0.000000 个
2018-05-21 04:45:44	13.958680, 13.955920, 13.985075, 13.999875
2018-05-21 04:45:44	本次不操作 eos_usdt
2018-05-21 04:45:44	当前持仓为: 【现金】 3000.000000, 【eos_usdt】 0.000000 个
2018-05-21 04:46:44	13.960660, 13.958680, 13.973800, 13.996925
2018-05-21 04:46:44	本次不操作 eos_usdt
2018-05-21 04:46:44	ERROR	('raw write() returned invalid length 136 (should have been between 0 and 80)',)
2018-05-21 04:47:45	13.968640, 13.960660, 13.991375, 14.006450
2018-05-21 04:47:45	本次不操作 eos_usdt
2018-05-21 04:47:45	当前持仓为: 【现金】 3000.000000, 【eos_usdt】 0.000000 个
2018-05-21 04:48:45	13.964280, 13.968640, 13.988175, 13.995175
2018-05-21 04:48:45	本次不操作 eos_usdt
2018-05-21 04:48:45	当前持仓为: 【现金】 3000.000000, 【eos_usdt】 0.000000 个
2018-05-21 04:49:45	13.973080, 13.964280, 13.992475, 13.994975
2018-05-21 04:49:46	本次不操作 eos_usdt
2018-05-21 04:49:46	当前持仓为: 【现金】 3000.000000, 【eos_usdt】 0.000000 个
2018-05-21 04:50:46	13.978920, 13.973080, 13.988250, 13.989200
2018-05-21 04:50:46	本次不操作 eos_usdt
2018-05-21 04:50:46	ERROR	('raw write() returned invalid length 136 (should have been between 0 and 80)',)
2018-05-21 04:51:47	13.995540, 13.978920, 14.002550, 13.995075
2018-05-21 04:51:47	本次不操作 eos_usdt
2018-05-21 04:51:47	当前持仓为: 【现金】 3000.000000, 【eos_usdt】 0.000000 个
2018-05-21 04:52:47	14.014380, 13.995540, 14.003725, 13.993725
2018-05-21 04:52:47	本次不操作 eos_usdt
2018-05-21 04:52:47	当前持仓为: 【现金】 3000.000000, 【eos_usdt】 0.000000 个
2018-05-21 04:53:47	14.037980, 14.014380, 14.010175, 14.001500
2018-05-21 04:53:47	本次不操作 eos_usdt
2018-05-21 04:53:47	当前持仓为: 【现金】 3000.000000, 【eos_usdt】 0.000000 个
2018-05-21 04:54:48	14.062400, 14.037980, 14.010950, 13.997550
2018-05-21 04:54:48	本次不操作 eos_usdt
2018-05-21 04:54:48	当前持仓为: 【现金】 3000.000000, 【eos_usdt】 0.000000 个
2018-05-21 04:55:48	14.083300, 14.062400, 14.018875, 14.014850
2018-05-21 04:55:48	本次不操作 eos_usdt
2018-05-21 04:55:48	当前持仓为: 【现金】 3000.000000, 【eos_usdt】 0.000000 个
2018-05-21 04:56:49	14.087720, 14.083300, 14.010750, 14.015625
2018-05-21 04:56:49	本次不操作 eos_usdt
2018-05-21 04:56:49	当前持仓为: 【现金】 3000.000000, 【eos_usdt】 0.000000 个
2018-05-21 04:57:49	14.084120, 14.087720, 14.012950, 14.027550
2018-05-21 04:57:49	本次不操作 eos_usdt
2018-05-21 04:57:49	当前持仓为: 【现金】 3000.000000, 【eos_usdt】 0.000000 个
2018-05-21 04:58:49	14.078120, 14.084120, 14.012475, 14.029975
2018-05-21 04:58:49	ERROR	('raw write() returned invalid length 72 (should have been between 0 and 41)',)
2018-05-21 04:59:50	14.067700, 14.078120, 14.016250, 14.036350
2018-05-21 04:59:50	本次不操作 eos_usdt
2018-05-21 04:59:50	当前持仓为: 【现金】 3000.000000, 【eos_usdt】 0.000000 个
2018-05-21 05:00:50	14.048800, 14.067700, 14.012425, 14.045450
2018-05-21 05:00:50	本次不操作 eos_usdt
2018-05-21 05:00:50	当前持仓为: 【现金】 3000.000000, 【eos_usdt】 0.000000 个
2018-05-21 05:01:50	14.036400, 14.048800, 14.009975, 14.042400
2018-05-21 05:01:50	本次不操作 eos_usdt
2018-05-21 05:01:50	当前持仓为: 【现金】 3000.000000, 【eos_usdt】 0.000000 个
2018-05-21 05:02:51	14.029580, 14.036400, 14.021700, 14.031225
2018-05-21 05:02:51	本次不操作 eos_usdt
2018-05-21 05:02:51	当前持仓为: 【现金】 3000.000000, 【eos_usdt】 0.000000 个
2018-05-21 05:03:51	14.031860, 14.041840, 14.027275, 14.034725
2018-05-21 05:03:51	本次不操作 eos_usdt
2018-05-21 05:03:51	当前持仓为: 【现金】 3000.000000, 【eos_usdt】 0.000000 个
2018-05-21 05:04:52	14.033780, 14.040320, 14.024550, 14.029075
2018-05-21 05:04:52	本次不操作 eos_usdt
2018-05-21 05:04:52	ERROR	('raw write() returned invalid length 136 (should have been between 0 and 80)',)
2018-05-21 05:05:52	14.038160, 14.033780, 14.028250, 14.022825
2018-05-21 05:05:52	本次不操作 eos_usdt
2018-05-21 05:05:52	当前持仓为: 【现金】 3000.000000, 【eos_usdt】 0.000000 个
2018-05-21 05:06:52	14.040520, 14.038160, 14.036075, 14.020300
2018-05-21 05:06:52	本次不操作 eos_usdt
2018-05-21 05:06:52	当前持仓为: 【现金】 3000.000000, 【eos_usdt】 0.000000 个
2018-05-21 05:07:53	14.040520, 14.040520, 14.031425, 14.017625
2018-05-21 05:07:53	ERROR	('raw write() returned invalid length 72 (should have been between 0 and 41)',)
2018-05-21 05:08:53	14.046340, 14.046180, 14.036550, 14.023250
2018-05-21 05:08:53	本次不操作 eos_usdt
2018-05-21 05:08:53	当前持仓为: 【现金】 3000.000000, 【eos_usdt】 0.000000 个
2018-05-21 05:09:54	14.064660, 14.053220, 14.043875, 14.019100
2018-05-21 05:09:54	ERROR	('raw write() returned invalid length 72 (should have been between 0 and 41)',)
2018-05-21 05:10:54	14.077860, 14.064660, 14.044650, 14.017675
2018-05-21 05:10:54	本次不操作 eos_usdt
2018-05-21 05:10:54	当前持仓为: 【现金】 3000.000000, 【eos_usdt】 0.000000 个
2018-05-21 05:11:54	14.086860, 14.077860, 14.060100, 14.035550
2018-05-21 05:11:54	本次不操作 eos_usdt
2018-05-21 05:11:54	当前持仓为: 【现金】 3000.000000, 【eos_usdt】 0.000000 个
2018-05-21 05:12:55	14.090200, 14.086860, 14.057800, 14.033250
2018-05-21 05:12:55	本次不操作 eos_usdt
2018-05-21 05:12:55	当前持仓为: 【现金】 3000.000000, 【eos_usdt】 0.000000 个
2018-05-21 05:13:55	14.090680, 14.090200, 14.050900, 14.018475
2018-05-21 05:13:55	本次不操作 eos_usdt
2018-05-21 05:13:55	当前持仓为: 【现金】 3000.000000, 【eos_usdt】 0.000000 个
2018-05-21 05:14:56	14.094500, 14.090680, 14.059300, 14.037225
2018-05-21 05:14:56	本次不操作 eos_usdt
2018-05-21 05:14:56	当前持仓为: 【现金】 3000.000000, 【eos_usdt】 0.000000 个
2018-05-21 05:15:56	14.100900, 14.094500, 14.049325, 14.011850
2018-05-21 05:15:56	本次不操作 eos_usdt
2018-05-21 05:15:56	当前持仓为: 【现金】 3000.000000, 【eos_usdt】 0.000000 个
2018-05-21 05:16:56	14.105240, 14.100900, 14.058225, 14.030575
2018-05-21 05:16:56	本次不操作 eos_usdt
2018-05-21 05:16:56	ERROR	('raw write() returned invalid length 136 (should have been between 0 and 80)',)
2018-05-21 05:17:57	14.107820, 14.105240, 14.053925, 14.028650
2018-05-21 05:17:57	本次不操作 eos_usdt
2018-05-21 05:17:57	当前持仓为: 【现金】 3000.000000, 【eos_usdt】 0.000000 个
2018-05-21 05:18:57	14.108080, 14.107820, 14.039375, 14.018875
2018-05-21 05:18:57	ERROR	('raw write() returned invalid length 72 (should have been between 0 and 41)',)
2018-05-21 05:19:58	14.108800, 14.108080, 14.041625, 14.018675
2018-05-21 05:19:58	本次不操作 eos_usdt
2018-05-21 05:19:58	当前持仓为: 【现金】 3000.000000, 【eos_usdt】 0.000000 个
2018-05-21 05:20:58	14.104940, 14.108800, 14.034925, 14.020525
2018-05-21 05:20:58	ERROR	('raw write() returned invalid length 72 (should have been between 0 and 41)',)
2018-05-21 05:21:59	14.096680, 14.102760, 14.026225, 14.025450
2018-05-21 05:21:59	本次不操作 eos_usdt
2018-05-21 05:21:59	当前持仓为: 【现金】 3000.000000, 【eos_usdt】 0.000000 个
2018-05-21 05:22:59	14.090240, 14.096680, 14.033575, 14.043850
2018-05-21 05:22:59	本次不操作 eos_usdt
2018-05-21 05:22:59	当前持仓为: 【现金】 3000.000000, 【eos_usdt】 0.000000 个
2018-05-21 05:24:00	14.087760, 14.090240, 14.026625, 14.036900
2018-05-21 05:24:00	本次不操作 eos_usdt
2018-05-21 05:24:00	当前持仓为: 【现金】 3000.000000, 【eos_usdt】 0.000000 个
2018-05-21 05:25:00	14.083180, 14.087760, 14.024725, 14.029675
2018-05-21 05:25:00	本次不操作 eos_usdt
2018-05-21 05:25:00	当前持仓为: 【现金】 3000.000000, 【eos_usdt】 0.000000 个
2018-05-21 05:26:01	14.083900, 14.083400, 14.023675, 14.023275
2018-05-21 05:26:01	本次不操作 eos_usdt
2018-05-21 05:26:01	当前持仓为: 【现金】 3000.000000, 【eos_usdt】 0.000000 个
2018-05-21 05:27:01	14.084440, 14.083900, 14.030600, 14.030225
2018-05-21 05:27:01	本次不操作 eos_usdt
2018-05-21 05:27:01	当前持仓为: 【现金】 3000.000000, 【eos_usdt】 0.000000 个
2018-05-21 05:28:02	14.083440, 14.082000, 14.030475, 14.031450
2018-05-21 05:28:02	ERROR	('raw write() returned invalid length 72 (should have been between 0 and 41)',)
2018-05-21 05:29:02	14.083660, 14.083440, 14.018350, 14.020050
2018-05-21 05:29:02	本次不操作 eos_usdt
2018-05-21 05:29:02	当前持仓为: 【现金】 3000.000000, 【eos_usdt】 0.000000 个
2018-05-21 05:30:03	14.081660, 14.083660, 14.015850, 14.012225
2018-05-21 05:30:03	本次不操作 eos_usdt
2018-05-21 05:30:03	当前持仓为: 【现金】 3000.000000, 【eos_usdt】 0.000000 个
2018-05-21 05:31:03	14.076620, 14.081660, 14.008525, 14.001775
2018-05-21 05:31:03	本次不操作 eos_usdt
2018-05-21 05:31:03	当前持仓为: 【现金】 3000.000000, 【eos_usdt】 0.000000 个
2018-05-21 05:32:04	14.074020, 14.076620, 14.001525, 13.992275
2018-05-21 05:32:04	本次不操作 eos_usdt
2018-05-21 05:32:04	当前持仓为: 【现金】 3000.000000, 【eos_usdt】 0.000000 个
2018-05-21 05:33:04	14.071340, 14.074020, 14.014000, 14.003325
2018-05-21 05:33:04	本次不操作 eos_usdt
2018-05-21 05:33:04	当前持仓为: 【现金】 3000.000000, 【eos_usdt】 0.000000 个
2018-05-21 05:34:04	14.069580, 14.071340, 14.013625, 14.003100
2018-05-21 05:34:04	本次不操作 eos_usdt
2018-05-21 05:34:04	当前持仓为: 【现金】 3000.000000, 【eos_usdt】 0.000000 个
2018-05-21 05:35:05	14.069820, 14.069580, 14.019000, 14.021175
2018-05-21 05:35:05	本次不操作 eos_usdt
2018-05-21 05:35:05	当前持仓为: 【现金】 3000.000000, 【eos_usdt】 0.000000 个
2018-05-21 05:36:05	14.073740, 14.069820, 14.019500, 14.015200
2018-05-21 05:36:05	本次不操作 eos_usdt
2018-05-21 05:36:05	当前持仓为: 【现金】 3000.000000, 【eos_usdt】 0.000000 个
2018-05-21 05:37:05	14.079080, 14.073740, 14.029100, 14.025450
2018-05-21 05:37:05	本次不操作 eos_usdt
2018-05-21 05:37:05	当前持仓为: 【现金】 3000.000000, 【eos_usdt】 0.000000 个
2018-05-21 05:38:06	14.080940, 14.079080, 14.000450, 13.982625
2018-05-21 05:38:06	本次不操作 eos_usdt
2018-05-21 05:38:06	当前持仓为: 【现金】 3000.000000, 【eos_usdt】 0.000000 个
2018-05-21 05:39:06	14.082380, 14.080220, 14.013450, 13.999100
2018-05-21 05:39:06	ERROR	('raw write() returned invalid length 72 (should have been between 0 and 41)',)
2018-05-21 05:40:07	14.084140, 14.082380, 14.004075, 13.996250
2018-05-21 05:40:07	本次不操作 eos_usdt
2018-05-21 05:40:07	当前持仓为: 【现金】 3000.000000, 【eos_usdt】 0.000000 个
2018-05-21 05:41:07	14.079200, 14.084140, 13.989875, 13.978550
2018-05-21 05:41:07	本次不操作 eos_usdt
2018-05-21 05:41:07	当前持仓为: 【现金】 3000.000000, 【eos_usdt】 0.000000 个
2018-05-21 05:42:07	14.072920, 14.079200, 13.996900, 13.986900
2018-05-21 05:42:07	本次不操作 eos_usdt
2018-05-21 05:42:07	当前持仓为: 【现金】 3000.000000, 【eos_usdt】 0.000000 个
2018-05-21 05:43:08	14.062500, 14.072920, 13.991575, 13.993725
2018-05-21 05:43:08	本次不操作 eos_usdt
2018-05-21 05:43:08	当前持仓为: 【现金】 3000.000000, 【eos_usdt】 0.000000 个
2018-05-21 05:44:08	14.052080, 14.062500, 13.995800, 13.998325
2018-05-21 05:44:08	本次不操作 eos_usdt
2018-05-21 05:44:08	当前持仓为: 【现金】 3000.000000, 【eos_usdt】 0.000000 个
2018-05-21 05:45:09	14.050080, 14.052080, 13.994900, 13.984850
2018-05-21 05:45:09	本次不操作 eos_usdt
2018-05-21 05:45:09	ERROR	('raw write() returned invalid length 136 (should have been between 0 and 80)',)
2018-05-21 05:46:09	14.052620, 14.050080, 14.000500, 13.979825
2018-05-21 05:46:09	本次不操作 eos_usdt
2018-05-21 05:46:09	当前持仓为: 【现金】 3000.000000, 【eos_usdt】 0.000000 个
2018-05-21 05:47:09	14.054500, 14.052620, 14.010450, 13.990450
2018-05-21 05:47:09	本次不操作 eos_usdt
2018-05-21 05:47:09	当前持仓为: 【现金】 3000.000000, 【eos_usdt】 0.000000 个
2018-05-21 05:48:10	14.060520, 14.054500, 14.005000, 13.987675
2018-05-21 05:48:10	本次不操作 eos_usdt
2018-05-21 05:48:10	当前持仓为: 【现金】 3000.000000, 【eos_usdt】 0.000000 个
2018-05-21 05:49:10	14.066540, 14.060520, 14.009975, 13.992475
2018-05-21 05:49:10	本次不操作 eos_usdt
2018-05-21 05:49:10	当前持仓为: 【现金】 3000.000000, 【eos_usdt】 0.000000 个
2018-05-21 05:50:10	14.064540, 14.066540, 14.007650, 13.990325
2018-05-21 05:50:10	本次不操作 eos_usdt
2018-05-21 05:50:10	当前持仓为: 【现金】 3000.000000, 【eos_usdt】 0.000000 个
2018-05-21 05:51:11	14.060000, 14.064540, 14.016775, 14.001775
2018-05-21 05:51:11	本次不操作 eos_usdt
2018-05-21 05:51:11	当前持仓为: 【现金】 3000.000000, 【eos_usdt】 0.000000 个
2018-05-21 05:52:11	14.060000, 14.060000, 14.017575, 14.002575
2018-05-21 05:52:11	本次不操作 eos_usdt
2018-05-21 05:52:11	当前持仓为: 【现金】 3000.000000, 【eos_usdt】 0.000000 个
2018-05-21 05:53:12	14.060000, 14.060000, 14.018800, 14.001300
2018-05-21 05:53:12	本次不操作 eos_usdt
2018-05-21 05:53:12	当前持仓为: 【现金】 3000.000000, 【eos_usdt】 0.000000 个
2018-05-21 05:54:12	14.062000, 14.060000, 14.030200, 14.010200
2018-05-21 05:54:12	本次不操作 eos_usdt
2018-05-21 05:54:12	当前持仓为: 【现金】 3000.000000, 【eos_usdt】 0.000000 个
2018-05-21 05:55:12	14.064000, 14.062000, 14.030750, 14.016350
2018-05-21 05:55:12	本次不操作 eos_usdt
2018-05-21 05:55:12	当前持仓为: 【现金】 3000.000000, 【eos_usdt】 0.000000 个
2018-05-21 05:56:13	14.066040, 14.064140, 14.026550, 14.006700
2018-05-21 05:56:13	本次不操作 eos_usdt
2018-05-21 05:56:13	当前持仓为: 【现金】 3000.000000, 【eos_usdt】 0.000000 个
2018-05-21 05:57:13	14.066040, 14.066040, 14.030250, 14.012750
2018-05-21 05:57:13	本次不操作 eos_usdt
2018-05-21 05:57:13	当前持仓为: 【现金】 3000.000000, 【eos_usdt】 0.000000 个
2018-05-21 05:58:14	14.069320, 14.067680, 14.031975, 14.012450
2018-05-21 05:58:14	本次不操作 eos_usdt
2018-05-21 05:58:14	当前持仓为: 【现金】 3000.000000, 【eos_usdt】 0.000000 个
2018-05-21 05:59:14	14.065300, 14.069320, 14.030725, 14.015925
2018-05-21 05:59:14	本次不操作 eos_usdt
2018-05-21 05:59:14	当前持仓为: 【现金】 3000.000000, 【eos_usdt】 0.000000 个
2018-05-21 06:00:15	14.056760, 14.065300, 14.024225, 14.014925
2018-05-21 06:00:15	ERROR	('raw write() returned invalid length 72 (should have been between 0 and 41)',)
2018-05-21 06:01:15	14.048460, 14.056760, 14.014425, 14.012425
2018-05-21 06:01:15	ERROR	('raw write() returned invalid length 72 (should have been between 0 and 41)',)
2018-05-21 06:02:15	14.044680, 14.048460, 14.026525, 14.018800
2018-05-21 06:02:15	本次不操作 eos_usdt
2018-05-21 06:02:15	当前持仓为: 【现金】 3000.000000, 【eos_usdt】 0.000000 个
2018-05-21 06:03:16	14.040900, 14.044680, 14.032875, 14.028650
2018-05-21 06:03:16	本次不操作 eos_usdt
2018-05-21 06:03:16	当前持仓为: 【现金】 3000.000000, 【eos_usdt】 0.000000 个
2018-05-21 06:04:16	14.038920, 14.040900, 14.022725, 14.030225
2018-05-21 06:04:16	本次不操作 eos_usdt
2018-05-21 06:04:16	当前持仓为: 【现金】 3000.000000, 【eos_usdt】 0.000000 个
2018-05-21 06:05:17	14.040400, 14.038920, 14.015725, 14.016875
2018-05-21 06:05:17	本次不操作 eos_usdt
2018-05-21 06:05:17	当前持仓为: 【现金】 3000.000000, 【eos_usdt】 0.000000 个
2018-05-21 06:06:17	14.042800, 14.040400, 14.023250, 14.030750
2018-05-21 06:06:17	本次不操作 eos_usdt
2018-05-21 06:06:17	当前持仓为: 【现金】 3000.000000, 【eos_usdt】 0.000000 个
2018-05-21 06:07:18	14.040020, 14.042800, 14.029925, 14.036075
2018-05-21 06:07:18	本次不操作 eos_usdt
2018-05-21 06:07:18	当前持仓为: 【现金】 3000.000000, 【eos_usdt】 0.000000 个
2018-05-21 06:08:18	14.037240, 14.040020, 14.038950, 14.040075
2018-05-21 06:08:18	本次不操作 eos_usdt
2018-05-21 06:08:18	当前持仓为: 【现金】 3000.000000, 【eos_usdt】 0.000000 个
2018-05-21 06:09:19	14.034840, 14.037240, 14.038950, 14.045750
2018-05-21 06:09:19	本次不操作 eos_usdt
2018-05-21 06:09:19	当前持仓为: 【现金】 3000.000000, 【eos_usdt】 0.000000 个
2018-05-21 06:10:20	14.033000, 14.034840, 14.035775, 14.043875
2018-05-21 06:10:20	本次不操作 eos_usdt
2018-05-21 06:10:20	当前持仓为: 【现金】 3000.000000, 【eos_usdt】 0.000000 个
2018-05-21 06:11:21	14.034260, 14.033000, 14.043725, 14.045650
2018-05-21 06:11:21	本次不操作 eos_usdt
2018-05-21 06:11:21	当前持仓为: 【现金】 3000.000000, 【eos_usdt】 0.000000 个
2018-05-21 06:12:21	14.032820, 14.033900, 14.059275, 14.066775
2018-05-21 06:12:21	本次不操作 eos_usdt
2018-05-21 06:12:21	当前持仓为: 【现金】 3000.000000, 【eos_usdt】 0.000000 个
2018-05-21 06:13:22	14.031760, 14.032820, 14.043150, 14.048125
2018-05-21 06:13:22	本次不操作 eos_usdt
2018-05-21 06:13:22	当前持仓为: 【现金】 3000.000000, 【eos_usdt】 0.000000 个
2018-05-21 06:14:22	14.032520, 14.031760, 14.042425, 14.052425
2018-05-21 06:14:22	ERROR	('raw write() returned invalid length 72 (should have been between 0 and 41)',)
2018-05-21 06:15:23	14.033280, 14.032520, 14.028750, 14.046000
2018-05-21 06:15:23	ERROR	("the JSON object must be str, not 'dict'",)
2018-05-21 06:16:23	14.030020, 14.033280, 14.035225, 14.055225
2018-05-21 06:16:23	本次不操作 eos_usdt
2018-05-21 06:16:23	当前持仓为: 【现金】 3000.000000, 【eos_usdt】 0.000000 个
2018-05-21 06:17:24	14.030020, 14.030020, 14.029975, 14.050650
2018-05-21 06:17:24	ERROR	("the JSON object must be str, not 'dict'",)
2018-05-21 06:18:25	14.031980, 14.030020, 14.021175, 14.039375
2018-05-21 06:18:25	ERROR	("the JSON object must be str, not 'dict'",)
2018-05-21 06:19:25	14.031980, 14.031960, 14.023325, 14.043300
2018-05-21 06:19:26	ERROR	("the JSON object must be str, not 'dict'",)
2018-05-21 06:20:26	14.033120, 14.031980, 14.021350, 14.034650
2018-05-21 06:20:27	ERROR	("the JSON object must be str, not 'dict'",)
2018-05-21 06:21:27	14.035120, 14.033120, 14.019650, 14.034650
2018-05-21 06:21:27	ERROR	("the JSON object must be str, not 'dict'",)
2018-05-21 06:22:28	14.037400, 14.035400, 14.018500, 14.036550
2018-05-21 06:22:28	ERROR	("the JSON object must be str, not 'dict'",)
2018-05-21 06:23:29	14.035340, 14.037400, 14.009825, 14.027400
2018-05-21 06:23:29	本次不操作 eos_usdt
2018-05-21 06:23:29	当前持仓为: 【现金】 3000.000000, 【eos_usdt】 0.000000 个
2018-05-21 06:24:29	14.031080, 14.035260, 14.006875, 14.022075
2018-05-21 06:24:29	本次不操作 eos_usdt
2018-05-21 06:24:29	当前持仓为: 【现金】 3000.000000, 【eos_usdt】 0.000000 个
2018-05-21 06:25:30	14.019920, 14.031080, 13.999400, 14.024450
2018-05-21 06:25:30	本次不操作 eos_usdt
2018-05-21 06:25:30	当前持仓为: 【现金】 3000.000000, 【eos_usdt】 0.000000 个
2018-05-21 06:26:30	14.007640, 14.019920, 13.995550, 14.020575
2018-05-21 06:26:30	ERROR	("the JSON object must be str, not 'dict'",)
2018-05-21 06:27:31	13.999640, 14.007640, 14.009050, 14.031325
2018-05-21 06:27:31	本次不操作 eos_usdt
2018-05-21 06:27:31	当前持仓为: 【现金】 3000.000000, 【eos_usdt】 0.000000 个
2018-05-21 06:28:31	13.989820, 13.999640, 14.001175, 14.028550
2018-05-21 06:28:31	本次不操作 eos_usdt
2018-05-21 06:28:31	当前持仓为: 【现金】 3000.000000, 【eos_usdt】 0.000000 个
2018-05-21 06:29:32	13.983960, 13.989820, 13.997025, 14.015850
2018-05-21 06:29:32	本次不操作 eos_usdt
2018-05-21 06:29:32	当前持仓为: 【现金】 3000.000000, 【eos_usdt】 0.000000 个
2018-05-21 06:30:33	13.984180, 13.983960, 13.996550, 14.008700
2018-05-21 06:30:33	本次不操作 eos_usdt
2018-05-21 06:30:33	当前持仓为: 【现金】 3000.000000, 【eos_usdt】 0.000000 个
2018-05-21 06:31:33	13.982660, 13.984180, 13.991275, 14.005700
2018-05-21 06:31:33	本次不操作 eos_usdt
2018-05-21 06:31:33	当前持仓为: 【现金】 3000.000000, 【eos_usdt】 0.000000 个
2018-05-21 06:32:34	13.970660, 13.982660, 13.979250, 14.004250
2018-05-21 06:32:34	本次不操作 eos_usdt
2018-05-21 06:32:34	当前持仓为: 【现金】 3000.000000, 【eos_usdt】 0.000000 个
2018-05-21 06:33:34	13.962640, 13.970660, 13.988150, 14.014000
2018-05-21 06:33:34	本次不操作 eos_usdt
2018-05-21 06:33:34	当前持仓为: 【现金】 3000.000000, 【eos_usdt】 0.000000 个
2018-05-21 06:34:35	13.948660, 13.962640, 13.980300, 14.011150
2018-05-21 06:34:35	本次不操作 eos_usdt
2018-05-21 06:34:35	ERROR	('raw write() returned invalid length 136 (should have been between 0 and 80)',)
2018-05-21 06:35:36	13.938460, 13.948660, 13.994500, 14.022825
2018-05-21 06:35:36	ERROR	('raw write() returned invalid length 72 (should have been between 0 and 41)',)
2018-05-21 06:36:36	13.921980, 13.933640, 13.986675, 14.019375
2018-05-21 06:36:36	本次不操作 eos_usdt
2018-05-21 06:36:36	ERROR	('raw write() returned invalid length 136 (should have been between 0 and 80)',)
2018-05-21 06:37:37	13.913980, 13.921980, 13.961950, 13.997775
2018-05-21 06:37:37	本次不操作 eos_usdt
2018-05-21 06:37:37	当前持仓为: 【现金】 3000.000000, 【eos_usdt】 0.000000 个
2018-05-21 06:38:38	13.904020, 13.913980, 13.971125, 14.012125
2018-05-21 06:38:38	本次不操作 eos_usdt
2018-05-21 06:38:38	当前持仓为: 【现金】 3000.000000, 【eos_usdt】 0.000000 个
2018-05-21 06:39:38	13.897760, 13.906000, 13.967050, 14.005675
2018-05-21 06:39:38	本次不操作 eos_usdt
2018-05-21 06:39:38	当前持仓为: 【现金】 3000.000000, 【eos_usdt】 0.000000 个
2018-05-21 06:40:39	13.895740, 13.897760, 13.955175, 13.996125
2018-05-21 06:40:39	本次不操作 eos_usdt
2018-05-21 06:40:39	当前持仓为: 【现金】 3000.000000, 【eos_usdt】 0.000000 个
2018-05-21 06:41:39	13.893520, 13.895520, 13.954850, 13.989875
2018-05-21 06:41:39	本次不操作 eos_usdt
2018-05-21 06:41:39	当前持仓为: 【现金】 3000.000000, 【eos_usdt】 0.000000 个
2018-05-21 06:42:40	13.893520, 13.893520, 13.947075, 13.979600
2018-05-21 06:42:40	本次不操作 eos_usdt
2018-05-21 06:42:40	当前持仓为: 【现金】 3000.000000, 【eos_usdt】 0.000000 个
2018-05-21 06:43:41	13.891520, 13.893520, 13.956525, 13.991575
2018-05-21 06:43:41	本次不操作 eos_usdt
2018-05-21 06:43:41	当前持仓为: 【现金】 3000.000000, 【eos_usdt】 0.000000 个
2018-05-21 06:44:41	13.891680, 13.891540, 13.958725, 13.993850
2018-05-21 06:44:41	本次不操作 eos_usdt
2018-05-21 06:44:41	当前持仓为: 【现金】 3000.000000, 【eos_usdt】 0.000000 个
2018-05-21 06:45:41	13.890560, 13.891680, 13.960875, 13.997550
2018-05-21 06:45:41	本次不操作 eos_usdt
2018-05-21 06:45:41	当前持仓为: 【现金】 3000.000000, 【eos_usdt】 0.000000 个
2018-05-21 06:46:42	13.891060, 13.890560, 13.965350, 13.999475
2018-05-21 06:46:42	本次不操作 eos_usdt
2018-05-21 06:46:42	当前持仓为: 【现金】 3000.000000, 【eos_usdt】 0.000000 个
2018-05-21 06:47:42	13.888660, 13.891060, 13.978025, 14.008525
2018-05-21 06:47:42	本次不操作 eos_usdt
2018-05-21 06:47:42	当前持仓为: 【现金】 3000.000000, 【eos_usdt】 0.000000 个
2018-05-21 06:48:43	13.890660, 13.888660, 13.978000, 14.005500
2018-05-21 06:48:43	本次不操作 eos_usdt
2018-05-21 06:48:43	当前持仓为: 【现金】 3000.000000, 【eos_usdt】 0.000000 个
2018-05-21 06:49:43	13.892760, 13.890660, 13.982475, 14.009975
2018-05-21 06:49:43	本次不操作 eos_usdt
2018-05-21 06:49:43	当前持仓为: 【现金】 3000.000000, 【eos_usdt】 0.000000 个
2018-05-21 06:50:44	13.892140, 13.892760, 13.973100, 14.005750
2018-05-21 06:50:44	本次不操作 eos_usdt
2018-05-21 06:50:44	当前持仓为: 【现金】 3000.000000, 【eos_usdt】 0.000000 个
2018-05-21 06:51:45	13.889380, 13.892140, 13.986150, 14.017550
2018-05-21 06:51:45	本次不操作 eos_usdt
2018-05-21 06:51:45	当前持仓为: 【现金】 3000.000000, 【eos_usdt】 0.000000 个
2018-05-21 06:52:45	13.887780, 13.889380, 13.993475, 14.023500
2018-05-21 06:52:45	本次不操作 eos_usdt
2018-05-21 06:52:45	当前持仓为: 【现金】 3000.000000, 【eos_usdt】 0.000000 个
2018-05-21 06:53:46	13.883500, 13.887780, 13.997325, 14.027675
2018-05-21 06:53:46	本次不操作 eos_usdt
2018-05-21 06:53:46	当前持仓为: 【现金】 3000.000000, 【eos_usdt】 0.000000 个
2018-05-21 06:54:46	13.877680, 13.883500, 14.003450, 14.030750
2018-05-21 06:54:46	本次不操作 eos_usdt
2018-05-21 06:54:46	当前持仓为: 【现金】 3000.000000, 【eos_usdt】 0.000000 个
2018-05-21 06:55:47	13.871400, 13.877680, 13.996700, 14.037575
2018-05-21 06:55:47	本次不操作 eos_usdt
2018-05-21 06:55:47	当前持仓为: 【现金】 3000.000000, 【eos_usdt】 0.000000 个
2018-05-21 06:56:47	13.864180, 13.871400, 13.983575, 14.026000
2018-05-21 06:56:47	本次不操作 eos_usdt
2018-05-21 06:56:47	当前持仓为: 【现金】 3000.000000, 【eos_usdt】 0.000000 个
2018-05-21 06:57:48	13.857760, 13.864180, 13.986950, 14.032475
2018-05-21 06:57:48	本次不操作 eos_usdt
2018-05-21 06:57:48	当前持仓为: 【现金】 3000.000000, 【eos_usdt】 0.000000 个
2018-05-21 06:58:49	13.850080, 13.857760, 13.979975, 14.027450
2018-05-21 06:58:49	本次不操作 eos_usdt
2018-05-21 06:58:49	当前持仓为: 【现金】 3000.000000, 【eos_usdt】 0.000000 个
2018-05-21 06:59:49	13.844900, 13.850080, 13.975675, 14.025575
2018-05-21 06:59:49	本次不操作 eos_usdt
2018-05-21 06:59:49	ERROR	('raw write() returned invalid length 136 (should have been between 0 and 80)',)
2018-05-21 07:00:50	13.843160, 13.844900, 13.959475, 14.014450
2018-05-21 07:00:50	本次不操作 eos_usdt
2018-05-21 07:00:50	当前持仓为: 【现金】 3000.000000, 【eos_usdt】 0.000000 个
2018-05-21 07:01:51	13.846360, 13.843160, 13.962525, 14.012475
2018-05-21 07:01:51	本次不操作 eos_usdt
2018-05-21 07:01:51	当前持仓为: 【现金】 3000.000000, 【eos_usdt】 0.000000 个
2018-05-21 07:02:51	13.853920, 13.848700, 13.984500, 14.026800
2018-05-21 07:02:51	本次不操作 eos_usdt
2018-05-21 07:02:51	当前持仓为: 【现金】 3000.000000, 【eos_usdt】 0.000000 个
2018-05-21 07:03:52	13.860260, 13.853780, 13.981575, 14.030325
2018-05-21 07:03:52	本次不操作 eos_usdt
2018-05-21 07:03:52	当前持仓为: 【现金】 3000.000000, 【eos_usdt】 0.000000 个
2018-05-21 07:04:53	13.865680, 13.860260, 13.973250, 14.015900
2018-05-21 07:04:53	本次不操作 eos_usdt
2018-05-21 07:04:53	当前持仓为: 【现金】 3000.000000, 【eos_usdt】 0.000000 个
2018-05-21 07:05:53	13.887560, 13.867140, 13.999950, 14.023250
2018-05-21 07:05:53	本次不操作 eos_usdt
2018-05-21 07:05:53	当前持仓为: 【现金】 3000.000000, 【eos_usdt】 0.000000 个
2018-05-21 07:06:54	13.907460, 13.890300, 14.007125, 14.031075
2018-05-21 07:06:54	本次不操作 eos_usdt
2018-05-21 07:06:54	当前持仓为: 【现金】 3000.000000, 【eos_usdt】 0.000000 个
2018-05-21 07:07:54	13.924780, 13.907460, 14.016175, 14.037725
2018-05-21 07:07:54	本次不操作 eos_usdt
2018-05-21 07:07:54	当前持仓为: 【现金】 3000.000000, 【eos_usdt】 0.000000 个
2018-05-21 07:08:55	13.943020, 13.924780, 14.016800, 14.038350
2018-05-21 07:08:55	本次不操作 eos_usdt
2018-05-21 07:08:55	当前持仓为: 【现金】 3000.000000, 【eos_usdt】 0.000000 个
2018-05-21 07:09:56	13.957060, 13.943020, 14.010825, 14.035775
2018-05-21 07:09:56	本次不操作 eos_usdt
2018-05-21 07:09:56	ERROR	('raw write() returned invalid length 4 (should have been between 0 and 2)',)
2018-05-21 07:10:56	13.959720, 13.957060, 14.024775, 14.043725
2018-05-21 07:10:56	本次不操作 eos_usdt
2018-05-21 07:10:56	当前持仓为: 【现金】 3000.000000, 【eos_usdt】 0.000000 个
2018-05-21 07:11:57	13.965880, 13.959720, 14.038025, 14.056675
2018-05-21 07:11:57	本次不操作 eos_usdt
2018-05-21 07:11:57	当前持仓为: 【现金】 3000.000000, 【eos_usdt】 0.000000 个
2018-05-21 07:12:58	13.969620, 13.966220, 14.033550, 14.052800
2018-05-21 07:12:58	本次不操作 eos_usdt
2018-05-21 07:12:58	当前持仓为: 【现金】 3000.000000, 【eos_usdt】 0.000000 个
2018-05-21 07:13:58	13.972860, 13.969620, 14.024375, 14.041875
2018-05-21 07:13:58	本次不操作 eos_usdt
2018-05-21 07:13:58	当前持仓为: 【现金】 3000.000000, 【eos_usdt】 0.000000 个
2018-05-21 07:14:59	13.978480, 13.972860, 14.026625, 14.042050
2018-05-21 07:14:59	本次不操作 eos_usdt
2018-05-21 07:14:59	ERROR	('raw write() returned invalid length 136 (should have been between 0 and 80)',)
2018-05-21 07:16:00	13.983060, 13.978480, 14.037475, 14.032075
2018-05-21 07:16:00	本次不操作 eos_usdt
2018-05-21 07:16:00	当前持仓为: 【现金】 3000.000000, 【eos_usdt】 0.000000 个
2018-05-21 07:17:00	13.986740, 13.983060, 14.044300, 14.037550
2018-05-21 07:17:00	本次不操作 eos_usdt
2018-05-21 07:17:00	当前持仓为: 【现金】 3000.000000, 【eos_usdt】 0.000000 个
2018-05-21 07:18:01	13.983340, 13.986740, 14.035000, 14.035725
2018-05-21 07:18:01	本次不操作 eos_usdt
2018-05-21 07:18:01	当前持仓为: 【现金】 3000.000000, 【eos_usdt】 0.000000 个
2018-05-21 07:19:02	13.983260, 13.985300, 14.032500, 14.021175
2018-05-21 07:19:02	本次不操作 eos_usdt
2018-05-21 07:19:02	当前持仓为: 【现金】 3000.000000, 【eos_usdt】 0.000000 个
2018-05-21 07:20:03	13.977600, 13.983260, 14.029125, 14.027350
2018-05-21 07:20:03	本次不操作 eos_usdt
2018-05-21 07:20:03	当前持仓为: 【现金】 3000.000000, 【eos_usdt】 0.000000 个
2018-05-21 07:21:03	13.967600, 13.977600, 14.024825, 14.017350
2018-05-21 07:21:03	本次不操作 eos_usdt
2018-05-21 07:21:03	当前持仓为: 【现金】 3000.000000, 【eos_usdt】 0.000000 个
2018-05-21 07:22:04	13.957920, 13.967600, 14.027450, 14.019950
2018-05-21 07:22:04	本次不操作 eos_usdt
2018-05-21 07:22:04	当前持仓为: 【现金】 3000.000000, 【eos_usdt】 0.000000 个
2018-05-21 07:23:04	13.953760, 13.957920, 14.021725, 14.014475
2018-05-21 07:23:04	本次不操作 eos_usdt
2018-05-21 07:23:04	当前持仓为: 【现金】 3000.000000, 【eos_usdt】 0.000000 个
2018-05-21 07:24:05	13.956000, 13.953760, 14.026475, 14.006625
2018-05-21 07:24:05	本次不操作 eos_usdt
2018-05-21 07:24:05	当前持仓为: 【现金】 3000.000000, 【eos_usdt】 0.000000 个
2018-05-21 07:25:05	13.962000, 13.956000, 14.017500, 14.000000
2018-05-21 07:25:05	本次不操作 eos_usdt
2018-05-21 07:25:05	当前持仓为: 【现金】 3000.000000, 【eos_usdt】 0.000000 个
2018-05-21 07:26:06	13.971260, 13.965600, 14.012600, 13.995525
2018-05-21 07:26:06	本次不操作 eos_usdt
2018-05-21 07:26:06	当前持仓为: 【现金】 3000.000000, 【eos_usdt】 0.000000 个
2018-05-21 07:27:07	13.971860, 13.971260, 14.019750, 14.009050
2018-05-21 07:27:07	本次不操作 eos_usdt
2018-05-21 07:27:07	当前持仓为: 【现金】 3000.000000, 【eos_usdt】 0.000000 个
2018-05-21 07:28:07	13.968340, 13.971840, 14.017250, 14.006575
2018-05-21 07:28:07	本次不操作 eos_usdt
2018-05-21 07:28:07	当前持仓为: 【现金】 3000.000000, 【eos_usdt】 0.000000 个
2018-05-21 07:29:08	13.967820, 13.968340, 14.016325, 13.997025
2018-05-21 07:29:08	本次不操作 eos_usdt
2018-05-21 07:29:08	当前持仓为: 【现金】 3000.000000, 【eos_usdt】 0.000000 个
2018-05-21 07:30:09	13.969640, 13.967820, 14.018875, 13.997300
2018-05-21 07:30:09	本次不操作 eos_usdt
2018-05-21 07:30:09	当前持仓为: 【现金】 3000.000000, 【eos_usdt】 0.000000 个
2018-05-21 07:31:09	13.971980, 13.969640, 14.013725, 13.991225
2018-05-21 07:31:09	本次不操作 eos_usdt
2018-05-21 07:31:09	ERROR	('raw write() returned invalid length 4 (should have been between 0 and 2)',)
2018-05-21 07:32:10	13.977240, 13.971980, 13.997050, 13.979825
2018-05-21 07:32:10	本次不操作 eos_usdt
2018-05-21 07:32:10	当前持仓为: 【现金】 3000.000000, 【eos_usdt】 0.000000 个
2018-05-21 07:33:10	13.986860, 13.980960, 13.998550, 13.988175
2018-05-21 07:33:10	本次不操作 eos_usdt
2018-05-21 07:33:10	当前持仓为: 【现金】 3000.000000, 【eos_usdt】 0.000000 个
2018-05-21 07:34:11	13.987480, 13.986860, 13.990675, 13.980300
2018-05-21 07:34:11	取消卖出【eos_usdt】动作，因为最近已经卖出过
2018-05-21 07:34:11	当前持仓为: 【现金】 3000.000000, 【eos_usdt】 0.000000 个
2018-05-21 07:35:12	13.984760, 13.986860, 13.994550, 13.990675
2018-05-21 07:35:12	本次不操作 eos_usdt
2018-05-21 07:35:12	当前持仓为: 【现金】 3000.000000, 【eos_usdt】 0.000000 个
