2018-05-25 00:00:12	12.220540, 12.200940, 11.732225, 11.385325
2018-05-25 00:00:12	本次不操作 eos_usdt
当前持仓为: 【现金】 2704.974149, 【eos_usdt】 0.000000 个
2018-05-25 00:01:14	12.214860, 12.220540, 11.718225, 11.390275
2018-05-25 00:01:14	本次不操作 eos_usdt
当前持仓为: 【现金】 2704.974149, 【eos_usdt】 0.000000 个
2018-05-25 00:02:16	12.209800, 12.222020, 11.745400, 11.423175
2018-05-25 00:02:16	本次不操作 eos_usdt
当前持仓为: 【现金】 2704.974149, 【eos_usdt】 0.000000 个
2018-05-25 00:03:18	12.181800, 12.209800, 11.748700, 11.436775
2018-05-25 00:03:18	本次不操作 eos_usdt
当前持仓为: 【现金】 2704.974149, 【eos_usdt】 0.000000 个
2018-05-25 00:04:21	12.149940, 12.181800, 11.783250, 11.473225
2018-05-25 00:04:21	本次不操作 eos_usdt
当前持仓为: 【现金】 2704.974149, 【eos_usdt】 0.000000 个
2018-05-25 00:05:24	12.117800, 12.149940, 11.794925, 11.482025
2018-05-25 00:05:24	本次不操作 eos_usdt
当前持仓为: 【现金】 2704.974149, 【eos_usdt】 0.000000 个
2018-05-25 00:06:32	12.095000, 12.113960, 11.803825, 11.487500
2018-05-25 00:06:32	本次不操作 eos_usdt
当前持仓为: 【现金】 2704.974149, 【eos_usdt】 0.000000 个
2018-05-25 00:07:35	12.076320, 12.095920, 11.794350, 11.476550
2018-05-25 00:07:35	本次不操作 eos_usdt
当前持仓为: 【现金】 2704.974149, 【eos_usdt】 0.000000 个
2018-05-25 00:08:37	12.070360, 12.076320, 11.760975, 11.438425
2018-05-25 00:08:37	本次不操作 eos_usdt
当前持仓为: 【现金】 2704.974149, 【eos_usdt】 0.000000 个
2018-05-25 00:09:39	12.068440, 12.070360, 11.744575, 11.417000
2018-05-25 00:09:39	本次不操作 eos_usdt
当前持仓为: 【现金】 2704.974149, 【eos_usdt】 0.000000 个
2018-05-25 00:10:51	ERROR	('_ssl.c:703: The handshake operation timed out',)
2018-05-25 00:11:56	12.066960, 12.066020, 11.761725, 11.433550
2018-05-25 00:11:56	本次不操作 eos_usdt
当前持仓为: 【现金】 2704.974149, 【eos_usdt】 0.000000 个
2018-05-25 00:13:08	12.079020, 12.068260, 11.753350, 11.415800
2018-05-25 00:13:08	本次不操作 eos_usdt
当前持仓为: 【现金】 2704.974149, 【eos_usdt】 0.000000 个
2018-05-25 00:14:10	12.090020, 12.079020, 11.749800, 11.416025
2018-05-25 00:14:10	本次不操作 eos_usdt
当前持仓为: 【现金】 2704.974149, 【eos_usdt】 0.000000 个
2018-05-25 00:15:14	12.102720, 12.093380, 11.766725, 11.429775
2018-05-25 00:15:14	本次不操作 eos_usdt
当前持仓为: 【现金】 2704.974149, 【eos_usdt】 0.000000 个
2018-05-25 00:16:20	12.114420, 12.100880, 11.771775, 11.436900
2018-05-25 00:16:20	本次不操作 eos_usdt
当前持仓为: 【现金】 2704.974149, 【eos_usdt】 0.000000 个
2018-05-25 00:17:22	12.118420, 12.114420, 11.771300, 11.441175
2018-05-25 00:17:22	本次不操作 eos_usdt
当前持仓为: 【现金】 2704.974149, 【eos_usdt】 0.000000 个
2018-05-25 00:18:24	12.108420, 12.118420, 11.778350, 11.453350
2018-05-25 00:18:24	本次不操作 eos_usdt
当前持仓为: 【现金】 2704.974149, 【eos_usdt】 0.000000 个
2018-05-25 00:19:26	12.098280, 12.108420, 11.793275, 11.469625
2018-05-25 00:19:26	本次不操作 eos_usdt
当前持仓为: 【现金】 2704.974149, 【eos_usdt】 0.000000 个
2018-05-25 00:20:30	12.092300, 12.104300, 11.765000, 11.443750
2018-05-25 00:20:30	本次不操作 eos_usdt
当前持仓为: 【现金】 2704.974149, 【eos_usdt】 0.000000 个
2018-05-25 00:21:34	12.074440, 12.090620, 11.735075, 11.422800
2018-05-25 00:21:34	本次不操作 eos_usdt
当前持仓为: 【现金】 2704.974149, 【eos_usdt】 0.000000 个
2018-05-25 00:22:37	12.056480, 12.074440, 11.729025, 11.417000
2018-05-25 00:22:37	本次不操作 eos_usdt
当前持仓为: 【现金】 2704.974149, 【eos_usdt】 0.000000 个
2018-05-25 00:23:39	12.038500, 12.056480, 11.729025, 11.416550
2018-05-25 00:23:39	本次不操作 eos_usdt
当前持仓为: 【现金】 2704.974149, 【eos_usdt】 0.000000 个
2018-05-25 00:24:51	12.017980, 12.036300, 11.710750, 11.405750
2018-05-25 00:24:51	本次不操作 eos_usdt
当前持仓为: 【现金】 2704.974149, 【eos_usdt】 0.000000 个
2018-05-25 00:26:02	12.008000, 12.017980, 11.726250, 11.413750
2018-05-25 00:26:02	本次不操作 eos_usdt
当前持仓为: 【现金】 2704.974149, 【eos_usdt】 0.000000 个
2018-05-25 00:27:07	11.995520, 12.000580, 11.749175, 11.435500
2018-05-25 00:27:07	本次不操作 eos_usdt
当前持仓为: 【现金】 2704.974149, 【eos_usdt】 0.000000 个
2018-05-25 00:28:19	11.974920, 11.986760, 11.764175, 11.454175
2018-05-25 00:28:19	本次不操作 eos_usdt
当前持仓为: 【现金】 2704.974149, 【eos_usdt】 0.000000 个
2018-05-25 00:29:22	11.955080, 11.974920, 11.757150, 11.462775
2018-05-25 00:29:22	本次不操作 eos_usdt
当前持仓为: 【现金】 2704.974149, 【eos_usdt】 0.000000 个
2018-05-25 00:30:25	11.946080, 11.955080, 11.760300, 11.462325
2018-05-25 00:30:25	本次不操作 eos_usdt
当前持仓为: 【现金】 2704.974149, 【eos_usdt】 0.000000 个
2018-05-25 00:31:27	11.923540, 11.946080, 11.779025, 11.496375
2018-05-25 00:31:27	本次不操作 eos_usdt
当前持仓为: 【现金】 2704.974149, 【eos_usdt】 0.000000 个
2018-05-25 00:32:30	11.899780, 11.924780, 11.792250, 11.497250
2018-05-25 00:32:30	本次不操作 eos_usdt
当前持仓为: 【现金】 2704.974149, 【eos_usdt】 0.000000 个
2018-05-25 00:33:33	11.873800, 11.899780, 11.816075, 11.518450
2018-05-25 00:33:33	本次不操作 eos_usdt
当前持仓为: 【现金】 2704.974149, 【eos_usdt】 0.000000 个
2018-05-25 00:34:35	11.855720, 11.873800, 11.822350, 11.527200
2018-05-25 00:34:35	本次不操作 eos_usdt
当前持仓为: 【现金】 2704.974149, 【eos_usdt】 0.000000 个
2018-05-25 00:35:38	11.838200, 11.855720, 11.845675, 11.546475
2018-05-25 00:35:38	取消卖出【eos_usdt】动作，因为最近已经卖出过
当前持仓为: 【现金】 2704.974149, 【eos_usdt】 0.000000 个
2018-05-25 00:36:48	11.837660, 11.828260, 11.852600, 11.543275
2018-05-25 00:36:48	取消卖出【eos_usdt】动作，因为最近已经卖出过
当前持仓为: 【现金】 2704.974149, 【eos_usdt】 0.000000 个
2018-05-25 00:37:51	11.851400, 11.847160, 11.813300, 11.505275
2018-05-25 00:37:51	本次不操作 eos_usdt
当前持仓为: 【现金】 2704.974149, 【eos_usdt】 0.000000 个
2018-05-25 00:38:59	11.859180, 11.851400, 11.808850, 11.508925
2018-05-25 00:38:59	本次不操作 eos_usdt
当前持仓为: 【现金】 2704.974149, 【eos_usdt】 0.000000 个
2018-05-25 00:40:00	11.861760, 11.861920, 11.834650, 11.557200
2018-05-25 00:40:00	本次不操作 eos_usdt
当前持仓为: 【现金】 2704.974149, 【eos_usdt】 0.000000 个
2018-05-25 00:41:06	11.871460, 11.861760, 11.825375, 11.540300
2018-05-25 00:41:06	本次不操作 eos_usdt
当前持仓为: 【现金】 2704.974149, 【eos_usdt】 0.000000 个
2018-05-25 00:42:09	11.862060, 11.871460, 11.841900, 11.558450
2018-05-25 00:42:09	本次不操作 eos_usdt
当前持仓为: 【现金】 2704.974149, 【eos_usdt】 0.000000 个
2018-05-25 00:43:14	11.841640, 11.857120, 11.840750, 11.573075
2018-05-25 00:43:14	本次不操作 eos_usdt
当前持仓为: 【现金】 2704.974149, 【eos_usdt】 0.000000 个
2018-05-25 00:44:19	11.842580, 11.844200, 11.863625, 11.588475
2018-05-25 00:44:19	取消卖出【eos_usdt】动作，因为最近已经卖出过
当前持仓为: 【现金】 2704.974149, 【eos_usdt】 0.000000 个
2018-05-25 00:45:20	11.852980, 11.842580, 11.912500, 11.620000
2018-05-25 00:45:20	取消卖出【eos_usdt】动作，因为最近已经卖出过
当前持仓为: 【现金】 2704.974149, 【eos_usdt】 0.000000 个
2018-05-25 00:46:28	11.866660, 11.852980, 11.897225, 11.601375
2018-05-25 00:46:28	取消卖出【eos_usdt】动作，因为最近已经卖出过
当前持仓为: 【现金】 2704.974149, 【eos_usdt】 0.000000 个
2018-05-25 00:47:32	11.904720, 11.870480, 11.876175, 11.587775
2018-05-25 00:47:32	本次不操作 eos_usdt
当前持仓为: 【现金】 2704.974149, 【eos_usdt】 0.000000 个
2018-05-25 00:48:34	11.930320, 11.901820, 11.875625, 11.643475
2018-05-25 00:48:34	本次不操作 eos_usdt
当前持仓为: 【现金】 2704.974149, 【eos_usdt】 0.000000 个
2018-05-25 00:49:36	11.963440, 11.930320, 11.862100, 11.637100
2018-05-25 00:49:36	本次不操作 eos_usdt
当前持仓为: 【现金】 2704.974149, 【eos_usdt】 0.000000 个
2018-05-25 00:50:38	11.975940, 11.963440, 11.852800, 11.640025
2018-05-25 00:50:38	本次不操作 eos_usdt
当前持仓为: 【现金】 2704.974149, 【eos_usdt】 0.000000 个
2018-05-25 00:51:43	11.975720, 11.975940, 11.857025, 11.672200
2018-05-25 00:51:43	本次不操作 eos_usdt
当前持仓为: 【现金】 2704.974149, 【eos_usdt】 0.000000 个
2018-05-25 00:52:46	11.948780, 11.974200, 11.811250, 11.635175
2018-05-25 00:52:46	本次不操作 eos_usdt
当前持仓为: 【现金】 2704.974149, 【eos_usdt】 0.000000 个
2018-05-25 00:53:47	11.932500, 11.948780, 11.817850, 11.639025
2018-05-25 00:53:47	本次不操作 eos_usdt
当前持仓为: 【现金】 2704.974149, 【eos_usdt】 0.000000 个
2018-05-25 00:54:49	11.915720, 11.932500, 11.840900, 11.651925
2018-05-25 00:54:49	本次不操作 eos_usdt
当前持仓为: 【现金】 2704.974149, 【eos_usdt】 0.000000 个
2018-05-25 00:55:54	11.913680, 11.915720, 11.852650, 11.665350
2018-05-25 00:55:54	本次不操作 eos_usdt
当前持仓为: 【现金】 2704.974149, 【eos_usdt】 0.000000 个
2018-05-25 00:56:56	11.905700, 11.913680, 11.858775, 11.708775
2018-05-25 00:56:56	本次不操作 eos_usdt
当前持仓为: 【现金】 2704.974149, 【eos_usdt】 0.000000 个
2018-05-25 00:57:57	11.917220, 11.905700, 11.867600, 11.727350
2018-05-25 00:57:57	本次不操作 eos_usdt
当前持仓为: 【现金】 2704.974149, 【eos_usdt】 0.000000 个
2018-05-25 00:58:59	11.921240, 11.917220, 11.867125, 11.729600
2018-05-25 00:58:59	本次不操作 eos_usdt
当前持仓为: 【现金】 2704.974149, 【eos_usdt】 0.000000 个
2018-05-25 01:00:01	11.922680, 11.922300, 11.873500, 11.732225
2018-05-25 01:00:01	本次不操作 eos_usdt
当前持仓为: 【现金】 2704.974149, 【eos_usdt】 0.000000 个
2018-05-25 01:01:08	11.934140, 11.922220, 11.868325, 11.718225
2018-05-25 01:01:08	本次不操作 eos_usdt
当前持仓为: 【现金】 2704.974149, 【eos_usdt】 0.000000 个
2018-05-25 01:02:11	11.957760, 11.934140, 11.892200, 11.739000
2018-05-25 01:02:11	本次不操作 eos_usdt
当前持仓为: 【现金】 2704.974149, 【eos_usdt】 0.000000 个
2018-05-25 01:03:13	11.981240, 11.957760, 11.887075, 11.749900
2018-05-25 01:03:13	本次不操作 eos_usdt
当前持仓为: 【现金】 2704.974149, 【eos_usdt】 0.000000 个
2018-05-25 01:04:15	12.016480, 11.988560, 11.907000, 11.783250
2018-05-25 01:04:15	本次不操作 eos_usdt
当前持仓为: 【现金】 2704.974149, 【eos_usdt】 0.000000 个
2018-05-25 01:05:26	12.025200, 12.012940, 11.889625, 11.794925
2018-05-25 01:05:26	本次不操作 eos_usdt
当前持仓为: 【现金】 2704.974149, 【eos_usdt】 0.000000 个
2018-05-25 01:06:31	12.008940, 12.025340, 11.897700, 11.804975
2018-05-25 01:06:31	本次不操作 eos_usdt
当前持仓为: 【现金】 2704.974149, 【eos_usdt】 0.000000 个
2018-05-25 01:07:33	11.996560, 12.008820, 11.891975, 11.794350
2018-05-25 01:07:33	本次不操作 eos_usdt
当前持仓为: 【现金】 2704.974149, 【eos_usdt】 0.000000 个
2018-05-25 01:08:35	11.974020, 11.992820, 11.873800, 11.760975
2018-05-25 01:08:35	本次不操作 eos_usdt
当前持仓为: 【现金】 2704.974149, 【eos_usdt】 0.000000 个
2018-05-25 01:09:36	11.968640, 11.977020, 11.878200, 11.744575
2018-05-25 01:09:36	本次不操作 eos_usdt
当前持仓为: 【现金】 2704.974149, 【eos_usdt】 0.000000 个
2018-05-25 01:10:38	11.961300, 11.967180, 11.884825, 11.752925
2018-05-25 01:10:38	本次不操作 eos_usdt
当前持仓为: 【现金】 2704.974149, 【eos_usdt】 0.000000 个
2018-05-25 01:11:39	11.965220, 11.961300, 11.886950, 11.756000
2018-05-25 01:11:39	本次不操作 eos_usdt
当前持仓为: 【现金】 2704.974149, 【eos_usdt】 0.000000 个
2018-05-25 01:12:41	11.973220, 11.965220, 11.881825, 11.765675
2018-05-25 01:12:41	本次不操作 eos_usdt
当前持仓为: 【现金】 2704.974149, 【eos_usdt】 0.000000 个
2018-05-25 01:13:43	11.976860, 11.973220, 11.883125, 11.752575
2018-05-25 01:13:43	本次不操作 eos_usdt
当前持仓为: 【现金】 2704.974149, 【eos_usdt】 0.000000 个
2018-05-25 01:14:45	11.987960, 11.982680, 11.888800, 11.756825
2018-05-25 01:14:45	本次不操作 eos_usdt
当前持仓为: 【现金】 2704.974149, 【eos_usdt】 0.000000 个
2018-05-25 01:15:59	11.988120, 11.987960, 11.888175, 11.763750
2018-05-25 01:15:59	本次不操作 eos_usdt
当前持仓为: 【现金】 2704.974149, 【eos_usdt】 0.000000 个
2018-05-25 01:17:00	11.988740, 11.988740, 11.895000, 11.767500
2018-05-25 01:17:00	本次不操作 eos_usdt
当前持仓为: 【现金】 2704.974149, 【eos_usdt】 0.000000 个
2018-05-25 01:18:15	11.986940, 11.988280, 11.905825, 11.778350
2018-05-25 01:18:15	本次不操作 eos_usdt
当前持仓为: 【现金】 2704.974149, 【eos_usdt】 0.000000 个
2018-05-25 01:19:20	11.971340, 11.986940, 11.908175, 11.793275
2018-05-25 01:19:20	本次不操作 eos_usdt
当前持仓为: 【现金】 2704.974149, 【eos_usdt】 0.000000 个
2018-05-25 01:20:28	11.947120, 11.971340, 11.900950, 11.784275
2018-05-25 01:20:28	本次不操作 eos_usdt
当前持仓为: 【现金】 2704.974149, 【eos_usdt】 0.000000 个
2018-05-25 01:21:32	11.913180, 11.942760, 11.854700, 11.735075
2018-05-25 01:21:32	本次不操作 eos_usdt
当前持仓为: 【现金】 2704.974149, 【eos_usdt】 0.000000 个
2018-05-25 01:22:38	11.882460, 11.913180, 11.847550, 11.729025
2018-05-25 01:22:38	本次不操作 eos_usdt
当前持仓为: 【现金】 2704.974149, 【eos_usdt】 0.000000 个
2018-05-25 01:23:39	11.863360, 11.882460, 11.848325, 11.729025
2018-05-25 01:23:39	本次不操作 eos_usdt
当前持仓为: 【现金】 2704.974149, 【eos_usdt】 0.000000 个
2018-05-25 01:24:41	11.853360, 11.863360, 11.822900, 11.708150
2018-05-25 01:24:41	本次不操作 eos_usdt
当前持仓为: 【现金】 2704.974149, 【eos_usdt】 0.000000 个
2018-05-25 01:25:44	11.852700, 11.853360, 11.838900, 11.722600
2018-05-25 01:25:44	本次不操作 eos_usdt
当前持仓为: 【现金】 2704.974149, 【eos_usdt】 0.000000 个
2018-05-25 01:26:45	11.853000, 11.846320, 11.851900, 11.740725
2018-05-25 01:26:45	本次不操作 eos_usdt
当前持仓为: 【现金】 2704.974149, 【eos_usdt】 0.000000 个
2018-05-25 01:27:50	11.860260, 11.853060, 11.863425, 11.770900
2018-05-25 01:27:50	取消卖出【eos_usdt】动作，因为最近已经卖出过
当前持仓为: 【现金】 2704.974149, 【eos_usdt】 0.000000 个
2018-05-25 01:28:54	11.871940, 11.860260, 11.866400, 11.762125
2018-05-25 01:28:54	本次不操作 eos_usdt
当前持仓为: 【现金】 2704.974149, 【eos_usdt】 0.000000 个
2018-05-25 01:29:59	11.881620, 11.871940, 11.863375, 11.763575
2018-05-25 01:29:59	本次不操作 eos_usdt
当前持仓为: 【现金】 2704.974149, 【eos_usdt】 0.000000 个
2018-05-25 01:31:01	11.897180, 11.889820, 11.857200, 11.772225
2018-05-25 01:31:01	本次不操作 eos_usdt
当前持仓为: 【现金】 2704.974149, 【eos_usdt】 0.000000 个
2018-05-25 01:32:06	11.914560, 11.899200, 11.874650, 11.776450
2018-05-25 01:32:06	本次不操作 eos_usdt
当前持仓为: 【现金】 2704.974149, 【eos_usdt】 0.000000 个
2018-05-25 01:33:17	11.924760, 11.915400, 11.910625, 11.811450
2018-05-25 01:33:17	本次不操作 eos_usdt
当前持仓为: 【现金】 2704.974149, 【eos_usdt】 0.000000 个
2018-05-25 01:34:24	11.932620, 11.926880, 11.927725, 11.818150
2018-05-25 01:34:24	本次不操作 eos_usdt
当前持仓为: 【现金】 2704.974149, 【eos_usdt】 0.000000 个
2018-05-25 01:35:27	11.946760, 11.934960, 11.951575, 11.835525
2018-05-25 01:35:27	取消卖出【eos_usdt】动作，因为最近已经卖出过
当前持仓为: 【现金】 2704.974149, 【eos_usdt】 0.000000 个
2018-05-25 01:36:30	11.953880, 11.952600, 11.980725, 11.868700
2018-05-25 01:36:30	取消卖出【eos_usdt】动作，因为最近已经卖出过
当前持仓为: 【现金】 2704.974149, 【eos_usdt】 0.000000 个
2018-05-25 01:37:35	11.958440, 11.955640, 11.939025, 11.824325
2018-05-25 01:37:35	本次不操作 eos_usdt
当前持仓为: 【现金】 2704.974149, 【eos_usdt】 0.000000 个
2018-05-25 01:38:37	11.958200, 11.958440, 11.928450, 11.810925
2018-05-25 01:38:37	本次不操作 eos_usdt
当前持仓为: 【现金】 2704.974149, 【eos_usdt】 0.000000 个
2018-05-25 01:39:39	11.946620, 11.956080, 11.915025, 11.820025
2018-05-25 01:39:39	本次不操作 eos_usdt
当前持仓为: 【现金】 2704.974149, 【eos_usdt】 0.000000 个
2018-05-25 01:40:45	11.937120, 11.946580, 11.918250, 11.825750
2018-05-25 01:40:45	本次不操作 eos_usdt
当前持仓为: 【现金】 2704.974149, 【eos_usdt】 0.000000 个
2018-05-25 01:41:47	11.933320, 11.937120, 11.939300, 11.843050
2018-05-25 01:41:47	取消卖出【eos_usdt】动作，因为最近已经卖出过
当前持仓为: 【现金】 2704.974149, 【eos_usdt】 0.000000 个
2018-05-25 01:42:51	11.929500, 11.933320, 11.928300, 11.832225
2018-05-25 01:42:51	本次不操作 eos_usdt
当前持仓为: 【现金】 2704.974149, 【eos_usdt】 0.000000 个
2018-05-25 01:43:53	11.925900, 11.929500, 11.954325, 11.846825
2018-05-25 01:43:53	取消卖出【eos_usdt】动作，因为最近已经卖出过
当前持仓为: 【现金】 2704.974149, 【eos_usdt】 0.000000 个
2018-05-25 01:44:54	11.929900, 11.925900, 11.996800, 11.889850
2018-05-25 01:44:54	取消卖出【eos_usdt】动作，因为最近已经卖出过
当前持仓为: 【现金】 2704.974149, 【eos_usdt】 0.000000 个
2018-05-25 01:46:05	11.929480, 11.929760, 12.001275, 11.899300
2018-05-25 01:46:05	取消卖出【eos_usdt】动作，因为最近已经卖出过
当前持仓为: 【现金】 2704.974149, 【eos_usdt】 0.000000 个
2018-05-25 01:47:08	11.926080, 11.932180, 11.990000, 11.885175
2018-05-25 01:47:08	取消卖出【eos_usdt】动作，因为最近已经卖出过
当前持仓为: 【现金】 2704.974149, 【eos_usdt】 0.000000 个
2018-05-25 01:48:10	11.919860, 11.926080, 11.994525, 11.872400
2018-05-25 01:48:10	取消卖出【eos_usdt】动作，因为最近已经卖出过
当前持仓为: 【现金】 2704.974149, 【eos_usdt】 0.000000 个
2018-05-25 01:49:16	11.914120, 11.915580, 11.998100, 11.869925
2018-05-25 01:49:16	取消卖出【eos_usdt】动作，因为最近已经卖出过
当前持仓为: 【现金】 2704.974149, 【eos_usdt】 0.000000 个
2018-05-25 01:50:18	11.918340, 11.914060, 11.986375, 11.858875
2018-05-25 01:50:18	取消卖出【eos_usdt】动作，因为最近已经卖出过
当前持仓为: 【现金】 2704.974149, 【eos_usdt】 0.000000 个
2018-05-25 01:51:20	11.921920, 11.918340, 11.985775, 11.853600
2018-05-25 01:51:20	取消卖出【eos_usdt】动作，因为最近已经卖出过
当前持仓为: 【现金】 2704.974149, 【eos_usdt】 0.000000 个
2018-05-25 01:52:25	11.929960, 11.921920, 11.961225, 11.826450
2018-05-25 01:52:25	取消卖出【eos_usdt】动作，因为最近已经卖出过
当前持仓为: 【现金】 2704.974149, 【eos_usdt】 0.000000 个
2018-05-25 01:53:27	11.940240, 11.929960, 11.967475, 11.817475
2018-05-25 01:53:27	取消卖出【eos_usdt】动作，因为最近已经卖出过
当前持仓为: 【现金】 2704.974149, 【eos_usdt】 0.000000 个
2018-05-25 01:54:38	11.966000, 11.950560, 11.997650, 11.842575
2018-05-25 01:54:38	取消卖出【eos_usdt】动作，因为最近已经卖出过
当前持仓为: 【现金】 2704.974149, 【eos_usdt】 0.000000 个
2018-05-25 01:55:40	11.979600, 11.966000, 12.021450, 11.856950
2018-05-25 01:55:40	取消卖出【eos_usdt】动作，因为最近已经卖出过
当前持仓为: 【现金】 2704.974149, 【eos_usdt】 0.000000 个
2018-05-25 01:56:42	11.979600, 11.979600, 11.994825, 11.853850
2018-05-25 01:56:42	取消卖出【eos_usdt】动作，因为最近已经卖出过
当前持仓为: 【现金】 2704.974149, 【eos_usdt】 0.000000 个
2018-05-25 01:57:44	11.992440, 11.986880, 12.009550, 11.867600
2018-05-25 01:57:44	取消卖出【eos_usdt】动作，因为最近已经卖出过
当前持仓为: 【现金】 2704.974149, 【eos_usdt】 0.000000 个
2018-05-25 01:58:46	11.990420, 11.992440, 12.008500, 11.867125
2018-05-25 01:58:46	取消卖出【eos_usdt】动作，因为最近已经卖出过
当前持仓为: 【现金】 2704.974149, 【eos_usdt】 0.000000 个
2018-05-25 01:59:48	11.982420, 11.990420, 12.007600, 11.867775
2018-05-25 01:59:48	取消卖出【eos_usdt】动作，因为最近已经卖出过
当前持仓为: 【现金】 2704.974149, 【eos_usdt】 0.000000 个
2018-05-25 02:00:52	11.963120, 11.982220, 11.994500, 11.871375
2018-05-25 02:00:52	取消卖出【eos_usdt】动作，因为最近已经卖出过
当前持仓为: 【现金】 2704.974149, 【eos_usdt】 0.000000 个
2018-05-25 02:02:04	11.945440, 11.960960, 12.012475, 11.892200
2018-05-25 02:02:04	取消卖出【eos_usdt】动作，因为最近已经卖出过
当前持仓为: 【现金】 2704.974149, 【eos_usdt】 0.000000 个
2018-05-25 02:03:12	11.921860, 11.945440, 12.004325, 11.887075
2018-05-25 02:03:12	取消卖出【eos_usdt】动作，因为最近已经卖出过
当前持仓为: 【现金】 2704.974149, 【eos_usdt】 0.000000 个
2018-05-25 02:04:13	11.899880, 11.921860, 12.007825, 11.891425
2018-05-25 02:04:13	取消卖出【eos_usdt】动作，因为最近已经卖出过
当前持仓为: 【现金】 2704.974149, 【eos_usdt】 0.000000 个
2018-05-25 02:05:15	11.884720, 11.901140, 12.014000, 11.889625
2018-05-25 02:05:15	取消卖出【eos_usdt】动作，因为最近已经卖出过
当前持仓为: 【现金】 2704.974149, 【eos_usdt】 0.000000 个
2018-05-25 02:06:17	11.879880, 11.884720, 12.032075, 11.900125
2018-05-25 02:06:17	本次不操作 eos_usdt
当前持仓为: 【现金】 2704.974149, 【eos_usdt】 0.000000 个
2018-05-25 02:07:18	11.875360, 11.879880, 12.034225, 11.904550
2018-05-25 02:07:18	本次不操作 eos_usdt
当前持仓为: 【现金】 2704.974149, 【eos_usdt】 0.000000 个
2018-05-25 02:08:22	11.871360, 11.875360, 12.002450, 11.875675
2018-05-25 02:08:22	本次不操作 eos_usdt
当前持仓为: 【现金】 2704.974149, 【eos_usdt】 0.000000 个
2018-05-25 02:09:25	11.872480, 11.876680, 12.004600, 11.877225
2018-05-25 02:09:25	本次不操作 eos_usdt
当前持仓为: 【现金】 2704.974149, 【eos_usdt】 0.000000 个
2018-05-25 02:10:36	ERROR	('The read operation timed out',)
2018-05-25 02:11:45	11.861200, 11.861200, 12.013975, 11.886450
2018-05-25 02:11:45	本次不操作 eos_usdt
当前持仓为: 【现金】 2704.974149, 【eos_usdt】 0.000000 个
2018-05-25 02:12:56	11.863540, 11.859540, 12.011975, 11.882600
2018-05-25 02:12:56	本次不操作 eos_usdt
当前持仓为: 【现金】 2704.974149, 【eos_usdt】 0.000000 个
2018-05-25 02:13:58	11.877340, 11.871520, 12.005950, 11.885950
2018-05-25 02:13:58	本次不操作 eos_usdt
当前持仓为: 【现金】 2704.974149, 【eos_usdt】 0.000000 个
2018-05-25 02:15:01	11.910100, 11.883300, 12.038100, 11.891875
2018-05-25 02:15:01	本次不操作 eos_usdt
当前持仓为: 【现金】 2704.974149, 【eos_usdt】 0.000000 个
2018-05-25 02:16:03	11.935540, 11.910100, 12.041900, 11.891125
2018-05-25 02:16:03	取消卖出【eos_usdt】动作，因为最近已经卖出过
当前持仓为: 【现金】 2704.974149, 【eos_usdt】 0.000000 个
2018-05-25 02:17:06	11.963320, 11.935540, 12.044200, 11.894475
2018-05-25 02:17:06	取消卖出【eos_usdt】动作，因为最近已经卖出过
当前持仓为: 【现金】 2704.974149, 【eos_usdt】 0.000000 个
2018-05-25 02:18:09	11.983340, 11.963320, 12.052400, 11.904875
2018-05-25 02:18:09	取消卖出【eos_usdt】动作，因为最近已经卖出过
当前持仓为: 【现金】 2704.974149, 【eos_usdt】 0.000000 个
2018-05-25 02:19:11	12.001840, 11.983340, 12.043425, 11.903000
2018-05-25 02:19:11	取消卖出【eos_usdt】动作，因为最近已经卖出过
当前持仓为: 【现金】 2704.974149, 【eos_usdt】 0.000000 个
2018-05-25 02:20:12	12.005320, 12.001840, 12.045325, 11.907250
2018-05-25 02:20:12	取消卖出【eos_usdt】动作，因为最近已经卖出过
当前持仓为: 【现金】 2704.974149, 【eos_usdt】 0.000000 个
2018-05-25 02:21:14	12.004560, 12.004720, 12.005950, 11.867650
2018-05-25 02:21:14	取消卖出【eos_usdt】动作，因为最近已经卖出过
当前持仓为: 【现金】 2704.974149, 【eos_usdt】 0.000000 个
2018-05-25 02:22:15	11.995220, 12.004360, 11.982025, 11.850200
2018-05-25 02:22:15	本次不操作 eos_usdt
当前持仓为: 【现金】 2704.974149, 【eos_usdt】 0.000000 个
2018-05-25 02:23:17	11.993220, 11.995220, 11.977475, 11.839975
2018-05-25 02:23:17	本次不操作 eos_usdt
当前持仓为: 【现金】 2704.974149, 【eos_usdt】 0.000000 个
2018-05-25 02:24:25	11.992740, 11.993220, 11.969775, 11.831900
2018-05-25 02:24:25	本次不操作 eos_usdt
当前持仓为: 【现金】 2704.974149, 【eos_usdt】 0.000000 个
2018-05-25 02:25:28	11.992260, 11.992740, 11.965275, 11.827775
2018-05-25 02:25:28	本次不操作 eos_usdt
当前持仓为: 【现金】 2704.974149, 【eos_usdt】 0.000000 个
2018-05-25 02:26:30	11.986000, 11.990000, 11.969725, 11.847325
2018-05-25 02:26:30	本次不操作 eos_usdt
当前持仓为: 【现金】 2704.974149, 【eos_usdt】 0.000000 个
2018-05-25 02:27:35	11.993640, 11.986000, 11.980900, 11.862700
2018-05-25 02:27:35	本次不操作 eos_usdt
当前持仓为: 【现金】 2704.974149, 【eos_usdt】 0.000000 个
2018-05-25 02:28:46	11.993660, 11.993640, 11.971600, 11.866400
2018-05-25 02:28:46	本次不操作 eos_usdt
当前持仓为: 【现金】 2704.974149, 【eos_usdt】 0.000000 个
2018-05-25 02:29:48	11.993680, 11.993660, 11.968350, 11.863375
2018-05-25 02:29:48	本次不操作 eos_usdt
当前持仓为: 【现金】 2704.974149, 【eos_usdt】 0.000000 个
2018-05-25 02:30:51	11.994340, 11.994000, 11.963300, 11.850400
2018-05-25 02:30:51	本次不操作 eos_usdt
当前持仓为: 【现金】 2704.974149, 【eos_usdt】 0.000000 个
2018-05-25 02:32:01	ERROR	('_ssl.c:703: The handshake operation timed out',)
2018-05-25 02:33:05	12.011180, 12.002340, 11.979225, 11.906550
2018-05-25 02:33:05	本次不操作 eos_usdt
当前持仓为: 【现金】 2704.974149, 【eos_usdt】 0.000000 个
2018-05-25 02:34:07	12.021580, 12.011180, 11.972025, 11.931525
2018-05-25 02:34:07	本次不操作 eos_usdt
当前持仓为: 【现金】 2704.974149, 【eos_usdt】 0.000000 个
2018-05-25 02:35:18	12.035380, 12.025300, 11.959275, 11.951575
2018-05-25 02:35:18	本次不操作 eos_usdt
当前持仓为: 【现金】 2704.974149, 【eos_usdt】 0.000000 个
2018-05-25 02:36:20	12.053520, 12.035640, 11.978600, 11.973350
2018-05-25 02:36:20	本次不操作 eos_usdt
当前持仓为: 【现金】 2704.974149, 【eos_usdt】 0.000000 个
2018-05-25 02:37:31	12.068720, 12.057260, 11.987200, 11.939025
2018-05-25 02:37:31	本次不操作 eos_usdt
当前持仓为: 【现金】 2704.974149, 【eos_usdt】 0.000000 个
2018-05-25 02:38:34	12.080180, 12.068720, 11.970900, 11.925800
2018-05-25 02:38:34	本次不操作 eos_usdt
当前持仓为: 【现金】 2704.974149, 【eos_usdt】 0.000000 个
2018-05-25 02:39:39	12.092220, 12.080180, 11.968075, 11.915025
2018-05-25 02:39:39	本次不操作 eos_usdt
当前持仓为: 【现金】 2704.974149, 【eos_usdt】 0.000000 个
2018-05-25 02:40:53	12.102360, 12.094460, 11.975625, 11.918250
2018-05-25 02:40:53	本次不操作 eos_usdt
当前持仓为: 【现金】 2704.974149, 【eos_usdt】 0.000000 个
2018-05-25 02:41:56	12.102320, 12.102360, 11.998450, 11.939300
2018-05-25 02:41:56	本次不操作 eos_usdt
当前持仓为: 【现金】 2704.974149, 【eos_usdt】 0.000000 个
2018-05-25 02:42:58	12.100320, 12.102320, 11.988250, 11.928300
2018-05-25 02:42:58	本次不操作 eos_usdt
当前持仓为: 【现金】 2704.974149, 【eos_usdt】 0.000000 个
2018-05-25 02:43:59	12.094240, 12.102060, 12.019575, 11.964350
2018-05-25 02:43:59	本次不操作 eos_usdt
当前持仓为: 【现金】 2704.974149, 【eos_usdt】 0.000000 个
2018-05-25 02:45:01	12.097580, 12.094240, 12.056675, 12.019225
2018-05-25 02:45:01	本次不操作 eos_usdt
当前持仓为: 【现金】 2704.974149, 【eos_usdt】 0.000000 个
2018-05-25 02:46:11	12.099780, 12.097560, 12.047925, 12.004650
2018-05-25 02:46:11	本次不操作 eos_usdt
当前持仓为: 【现金】 2704.974149, 【eos_usdt】 0.000000 个
2018-05-25 02:47:16	12.105020, 12.099620, 12.046400, 11.987150
2018-05-25 02:47:16	本次不操作 eos_usdt
当前持仓为: 【现金】 2704.974149, 【eos_usdt】 0.000000 个
2018-05-25 02:48:22	12.110660, 12.102660, 12.054625, 11.989625
2018-05-25 02:48:22	本次不操作 eos_usdt
当前持仓为: 【现金】 2704.974149, 【eos_usdt】 0.000000 个
2018-05-25 02:49:24	12.118480, 12.110660, 12.063275, 11.998025
2018-05-25 02:49:24	本次不操作 eos_usdt
当前持仓为: 【现金】 2704.974149, 【eos_usdt】 0.000000 个
2018-05-25 02:50:29	12.122380, 12.119700, 12.057775, 11.982475
2018-05-25 02:50:29	本次不操作 eos_usdt
当前持仓为: 【现金】 2704.974149, 【eos_usdt】 0.000000 个
2018-05-25 02:51:34	12.119860, 12.122380, 12.051750, 11.994500
2018-05-25 02:51:34	本次不操作 eos_usdt
当前持仓为: 【现金】 2704.974149, 【eos_usdt】 0.000000 个
2018-05-25 02:52:36	12.126180, 12.119860, 12.028275, 11.962550
2018-05-25 02:52:36	本次不操作 eos_usdt
当前持仓为: 【现金】 2704.974149, 【eos_usdt】 0.000000 个
2018-05-25 02:53:48	12.133900, 12.131760, 12.039425, 11.979250
2018-05-25 02:53:48	本次不操作 eos_usdt
当前持仓为: 【现金】 2704.974149, 【eos_usdt】 0.000000 个
2018-05-25 02:54:49	12.139900, 12.133900, 12.055875, 12.003375
2018-05-25 02:54:49	本次不操作 eos_usdt
当前持仓为: 【现金】 2704.974149, 【eos_usdt】 0.000000 个
2018-05-25 02:55:51	12.149120, 12.139900, 12.080450, 12.011775
2018-05-25 02:55:51	本次不操作 eos_usdt
当前持仓为: 【现金】 2704.974149, 【eos_usdt】 0.000000 个
2018-05-25 02:56:53	12.158660, 12.149120, 12.070700, 12.001500
2018-05-25 02:56:53	本次不操作 eos_usdt
当前持仓为: 【现金】 2704.974149, 【eos_usdt】 0.000000 个
2018-05-25 02:57:55	12.165960, 12.158660, 12.076175, 12.009550
2018-05-25 02:57:55	本次不操作 eos_usdt
当前持仓为: 【现金】 2704.974149, 【eos_usdt】 0.000000 个
2018-05-25 02:58:57	12.173140, 12.165960, 12.078050, 12.008500
2018-05-25 02:58:57	本次不操作 eos_usdt
当前持仓为: 【现金】 2704.974149, 【eos_usdt】 0.000000 个
2018-05-25 03:00:07	12.176160, 12.175240, 12.077850, 12.012875
2018-05-25 03:00:07	本次不操作 eos_usdt
当前持仓为: 【现金】 2704.974149, 【eos_usdt】 0.000000 个
2018-05-25 03:01:10	12.175780, 12.176160, 12.054400, 11.989400
2018-05-25 03:01:10	本次不操作 eos_usdt
当前持仓为: 【现金】 2704.974149, 【eos_usdt】 0.000000 个
2018-05-25 03:02:11	12.175380, 12.175780, 12.068625, 12.012475
2018-05-25 03:02:11	本次不操作 eos_usdt
当前持仓为: 【现金】 2704.974149, 【eos_usdt】 0.000000 个
2018-05-25 03:03:13	12.171620, 12.175380, 12.043775, 12.004325
2018-05-25 03:03:13	本次不操作 eos_usdt
当前持仓为: 【现金】 2704.974149, 【eos_usdt】 0.000000 个
2018-05-25 03:04:24	12.174100, 12.174520, 12.042175, 12.020550
2018-05-25 03:04:24	本次不操作 eos_usdt
当前持仓为: 【现金】 2704.974149, 【eos_usdt】 0.000000 个
2018-05-25 03:05:26	12.173180, 12.174100, 12.032075, 12.014000
2018-05-25 03:05:26	本次不操作 eos_usdt
当前持仓为: 【现金】 2704.974149, 【eos_usdt】 0.000000 个
2018-05-25 03:06:28	12.178260, 12.173180, 12.029575, 12.032075
2018-05-25 03:06:28	本次不操作 eos_usdt
当前持仓为: 【现金】 2704.974149, 【eos_usdt】 0.000000 个
2018-05-25 03:07:39	12.183800, 12.175340, 12.019575, 12.021850
2018-05-25 03:07:39	本次不操作 eos_usdt
当前持仓为: 【现金】 2704.974149, 【eos_usdt】 0.000000 个
2018-05-25 03:08:41	12.189100, 12.183800, 12.019025, 12.004025
2018-05-25 03:08:41	本次不操作 eos_usdt
当前持仓为: 【现金】 2704.974149, 【eos_usdt】 0.000000 个
2018-05-25 03:09:42	12.189100, 12.189100, 12.014475, 12.003100
2018-05-25 03:09:42	本次不操作 eos_usdt
当前持仓为: 【现金】 2704.974149, 【eos_usdt】 0.000000 个
2018-05-25 03:10:43	12.174420, 12.189100, 12.003275, 12.016150
2018-05-25 03:10:43	本次不操作 eos_usdt
当前持仓为: 【现金】 2704.974149, 【eos_usdt】 0.000000 个
2018-05-25 03:11:50	12.145960, 12.166340, 12.006750, 12.011900
2018-05-25 03:11:50	本次不操作 eos_usdt
当前持仓为: 【现金】 2704.974149, 【eos_usdt】 0.000000 个
2018-05-25 03:12:52	12.125560, 12.145960, 12.031450, 12.021950
2018-05-25 03:12:52	本次不操作 eos_usdt
当前持仓为: 【现金】 2704.974149, 【eos_usdt】 0.000000 个
2018-05-25 03:13:54	12.095560, 12.125560, 12.008150, 12.005950
2018-05-25 03:13:54	本次不操作 eos_usdt
当前持仓为: 【现金】 2704.974149, 【eos_usdt】 0.000000 个
2018-05-25 03:14:56	12.073220, 12.095560, 12.022225, 12.027750
2018-05-25 03:14:56	本次不操作 eos_usdt
当前持仓为: 【现金】 2704.974149, 【eos_usdt】 0.000000 个
2018-05-25 03:15:58	12.073700, 12.073220, 12.051175, 12.038175
2018-05-25 03:15:58	本次不操作 eos_usdt
当前持仓为: 【现金】 2704.974149, 【eos_usdt】 0.000000 个
2018-05-25 03:16:59	12.064520, 12.064120, 12.049200, 12.044200
2018-05-25 03:16:59	本次不操作 eos_usdt
当前持仓为: 【现金】 2704.974149, 【eos_usdt】 0.000000 个
2018-05-25 03:18:04	12.068720, 12.064520, 12.044675, 12.052400
2018-05-25 03:18:04	本次不操作 eos_usdt
当前持仓为: 【现金】 2704.974149, 【eos_usdt】 0.000000 个
2018-05-25 03:19:06	12.085920, 12.068700, 12.027025, 12.043425
2018-05-25 03:19:06	本次不操作 eos_usdt
当前持仓为: 【现金】 2704.974149, 【eos_usdt】 0.000000 个
2018-05-25 03:20:10	12.105880, 12.085920, 12.025575, 12.045325
2018-05-25 03:20:10	本次不操作 eos_usdt
当前持仓为: 【现金】 2704.974149, 【eos_usdt】 0.000000 个
2018-05-25 03:21:15	12.116320, 12.112800, 12.003775, 12.005700
2018-05-25 03:21:15	本次不操作 eos_usdt
当前持仓为: 【现金】 2704.974149, 【eos_usdt】 0.000000 个
2018-05-25 03:22:25	ERROR	('timed out',)
2018-05-25 03:23:32	12.107880, 12.117100, 11.984075, 11.985825
2018-05-25 03:23:32	本次不操作 eos_usdt
当前持仓为: 【现金】 2704.974149, 【eos_usdt】 0.000000 个
2018-05-25 03:24:35	12.095880, 12.107880, 11.979975, 11.961150
2018-05-25 03:24:35	本次不操作 eos_usdt
当前持仓为: 【现金】 2704.974149, 【eos_usdt】 0.000000 个
2018-05-25 03:25:45	12.074060, 12.086080, 11.980725, 11.975625
2018-05-25 03:25:45	本次不操作 eos_usdt
当前持仓为: 【现金】 2704.974149, 【eos_usdt】 0.000000 个
2018-05-25 03:26:47	12.062200, 12.074080, 11.971700, 11.971975
2018-05-25 03:26:47	本次不操作 eos_usdt
当前持仓为: 【现金】 2704.974149, 【eos_usdt】 0.000000 个
2018-05-25 03:27:51	12.058000, 12.062200, 11.975825, 11.976575
2018-05-25 03:27:51	本次不操作 eos_usdt
当前持仓为: 【现金】 2704.974149, 【eos_usdt】 0.000000 个
2018-05-25 03:28:54	12.057880, 12.058000, 11.977275, 11.971600
2018-05-25 03:28:54	本次不操作 eos_usdt
当前持仓为: 【现金】 2704.974149, 【eos_usdt】 0.000000 个
2018-05-25 03:29:56	12.057760, 12.057880, 11.977075, 11.968750
2018-05-25 03:29:56	本次不操作 eos_usdt
当前持仓为: 【现金】 2704.974149, 【eos_usdt】 0.000000 个
2018-05-25 03:30:58	12.063740, 12.057760, 11.972850, 11.963300
2018-05-25 03:30:58	本次不操作 eos_usdt
当前持仓为: 【现金】 2704.974149, 【eos_usdt】 0.000000 个
2018-05-25 03:32:02	12.069720, 12.063740, 11.970875, 11.970900
2018-05-25 03:32:02	本次不操作 eos_usdt
当前持仓为: 【现金】 2704.974149, 【eos_usdt】 0.000000 个
2018-05-25 03:33:04	12.077700, 12.069720, 11.984200, 11.979225
2018-05-25 03:33:04	本次不操作 eos_usdt
当前持仓为: 【现金】 2704.974149, 【eos_usdt】 0.000000 个
2018-05-25 03:34:06	12.083800, 12.077700, 11.979625, 11.972025
2018-05-25 03:34:06	本次不操作 eos_usdt
当前持仓为: 【现金】 2704.974149, 【eos_usdt】 0.000000 个
2018-05-25 03:35:08	12.088580, 12.083800, 11.983250, 11.968900
2018-05-25 03:35:08	本次不操作 eos_usdt
当前持仓为: 【现金】 2704.974149, 【eos_usdt】 0.000000 个
2018-05-25 03:36:10	12.087260, 12.088580, 11.986200, 11.973750
2018-05-25 03:36:10	本次不操作 eos_usdt
当前持仓为: 【现金】 2704.974149, 【eos_usdt】 0.000000 个
2018-05-25 03:37:13	12.085940, 12.087260, 12.011050, 11.987725
2018-05-25 03:37:13	本次不操作 eos_usdt
当前持仓为: 【现金】 2704.974149, 【eos_usdt】 0.000000 个
2018-05-25 03:38:16	12.080520, 12.081840, 12.007800, 11.981975
2018-05-25 03:38:16	本次不操作 eos_usdt
当前持仓为: 【现金】 2704.974149, 【eos_usdt】 0.000000 个
2018-05-25 03:39:20	12.079200, 12.080520, 12.000350, 11.974475
2018-05-25 03:39:20	本次不操作 eos_usdt
当前持仓为: 【现金】 2704.974149, 【eos_usdt】 0.000000 个
2018-05-25 03:40:25	12.090140, 12.079200, 11.993875, 11.971775
2018-05-25 03:40:25	本次不操作 eos_usdt
当前持仓为: 【现金】 2704.974149, 【eos_usdt】 0.000000 个
2018-05-25 03:41:27	12.096980, 12.090140, 11.995775, 11.978900
2018-05-25 03:41:27	本次不操作 eos_usdt
当前持仓为: 【现金】 2704.974149, 【eos_usdt】 0.000000 个
2018-05-25 03:42:28	12.103820, 12.096980, 11.991775, 11.988225
2018-05-25 03:42:28	本次不操作 eos_usdt
当前持仓为: 【现金】 2704.974149, 【eos_usdt】 0.000000 个
2018-05-25 03:43:31	12.112700, 12.106400, 11.993700, 12.007475
2018-05-25 03:43:31	本次不操作 eos_usdt
当前持仓为: 【现金】 2704.974149, 【eos_usdt】 0.000000 个
2018-05-25 03:44:33	12.115880, 12.112700, 11.999000, 12.032725
2018-05-25 03:44:33	本次不操作 eos_usdt
当前持仓为: 【现金】 2704.974149, 【eos_usdt】 0.000000 个
2018-05-25 03:45:35	12.115340, 12.115880, 12.012150, 12.048450
2018-05-25 03:45:35	本次不操作 eos_usdt
当前持仓为: 【现金】 2704.974149, 【eos_usdt】 0.000000 个
2018-05-25 03:46:38	12.111840, 12.115340, 12.017575, 12.042325
2018-05-25 03:46:38	本次不操作 eos_usdt
当前持仓为: 【现金】 2704.974149, 【eos_usdt】 0.000000 个
2018-05-25 03:47:39	12.108700, 12.111840, 12.023500, 12.045850
2018-05-25 03:47:39	本次不操作 eos_usdt
当前持仓为: 【现金】 2704.974149, 【eos_usdt】 0.000000 个
2018-05-25 03:48:41	12.105560, 12.108700, 12.030050, 12.060275
2018-05-25 03:48:41	本次不操作 eos_usdt
当前持仓为: 【现金】 2704.974149, 【eos_usdt】 0.000000 个
2018-05-25 03:49:43	12.102420, 12.105560, 12.037975, 12.060300
2018-05-25 03:49:43	本次不操作 eos_usdt
当前持仓为: 【现金】 2704.974149, 【eos_usdt】 0.000000 个
2018-05-25 03:50:44	12.099280, 12.099460, 12.032125, 12.057350
2018-05-25 03:50:44	本次不操作 eos_usdt
当前持仓为: 【现金】 2704.974149, 【eos_usdt】 0.000000 个
2018-05-25 03:51:46	12.099100, 12.099280, 12.034450, 12.052400
2018-05-25 03:51:46	本次不操作 eos_usdt
当前持仓为: 【现金】 2704.974149, 【eos_usdt】 0.000000 个
2018-05-25 03:52:50	12.110960, 12.098780, 12.030600, 12.020850
2018-05-25 03:52:50	本次不操作 eos_usdt
当前持仓为: 【现金】 2704.974149, 【eos_usdt】 0.000000 个
2018-05-25 03:53:54	12.129140, 12.112960, 12.049075, 12.039425
2018-05-25 03:53:54	本次不操作 eos_usdt
当前持仓为: 【现金】 2704.974149, 【eos_usdt】 0.000000 个
2018-05-25 03:54:56	12.143320, 12.129140, 12.059225, 12.055875
2018-05-25 03:54:56	本次不操作 eos_usdt
当前持仓为: 【现金】 2704.974149, 【eos_usdt】 0.000000 个
2018-05-25 03:55:57	12.157180, 12.143320, 12.075425, 12.080450
2018-05-25 03:55:57	本次不操作 eos_usdt
当前持仓为: 【现金】 2704.974149, 【eos_usdt】 0.000000 个
2018-05-25 03:56:59	12.170060, 12.156180, 12.063875, 12.074275
2018-05-25 03:56:59	本次不操作 eos_usdt
当前持仓为: 【现金】 2704.974149, 【eos_usdt】 0.000000 个
2018-05-25 03:58:10	12.161280, 12.170060, 12.051000, 12.075450
2018-05-25 03:58:10	本次不操作 eos_usdt
当前持仓为: 【现金】 2704.974149, 【eos_usdt】 0.000000 个
2018-05-25 03:59:12	12.153200, 12.161280, 12.052600, 12.075200
2018-05-25 03:59:12	本次不操作 eos_usdt
当前持仓为: 【现金】 2704.974149, 【eos_usdt】 0.000000 个
2018-05-25 04:00:14	12.145200, 12.153200, 12.048425, 12.078600
2018-05-25 04:00:14	本次不操作 eos_usdt
当前持仓为: 【现金】 2704.974149, 【eos_usdt】 0.000000 个
2018-05-25 04:01:16	12.136200, 12.145200, 12.060725, 12.069900
2018-05-25 04:01:16	本次不操作 eos_usdt
当前持仓为: 【现金】 2704.974149, 【eos_usdt】 0.000000 个
2018-05-25 04:02:17	12.127200, 12.136200, 12.059400, 12.065775
2018-05-25 04:02:17	本次不操作 eos_usdt
当前持仓为: 【现金】 2704.974149, 【eos_usdt】 0.000000 个
2018-05-25 04:03:19	12.116880, 12.122660, 12.041375, 12.041200
2018-05-25 04:03:19	本次不操作 eos_usdt
当前持仓为: 【现金】 2704.974149, 【eos_usdt】 0.000000 个
2018-05-25 04:04:21	12.090840, 12.112760, 12.024675, 12.042175
2018-05-25 04:04:21	本次不操作 eos_usdt
当前持仓为: 【现金】 2704.974149, 【eos_usdt】 0.000000 个
2018-05-25 04:05:22	12.073500, 12.090840, 12.020400, 12.032075
2018-05-25 04:05:22	本次不操作 eos_usdt
当前持仓为: 【现金】 2704.974149, 【eos_usdt】 0.000000 个
2018-05-25 04:06:24	12.064440, 12.073500, 12.031600, 12.029575
2018-05-25 04:06:24	本次不操作 eos_usdt
当前持仓为: 【现金】 2704.974149, 【eos_usdt】 0.000000 个
2018-05-25 04:07:28	12.059920, 12.064440, 12.031600, 12.024975
2018-05-25 04:07:28	本次不操作 eos_usdt
当前持仓为: 【现金】 2704.974149, 【eos_usdt】 0.000000 个
2018-05-25 04:08:30	12.065540, 12.064620, 12.021575, 12.019025
2018-05-25 04:08:30	本次不操作 eos_usdt
当前持仓为: 【现金】 2704.974149, 【eos_usdt】 0.000000 个
2018-05-25 04:09:31	12.061700, 12.065540, 12.004675, 12.014475
2018-05-25 04:09:31	本次不操作 eos_usdt
当前持仓为: 【现金】 2704.974149, 【eos_usdt】 0.000000 个
2018-05-25 04:10:33	12.069580, 12.061700, 12.005650, 12.003275
2018-05-25 04:10:33	本次不操作 eos_usdt
当前持仓为: 【现金】 2704.974149, 【eos_usdt】 0.000000 个
2018-05-25 04:11:45	12.069860, 12.069580, 12.010475, 12.005600
2018-05-25 04:11:45	本次不操作 eos_usdt
当前持仓为: 【现金】 2704.974149, 【eos_usdt】 0.000000 个
2018-05-25 04:12:48	12.066920, 12.066840, 12.018825, 12.031450
2018-05-25 04:12:48	本次不操作 eos_usdt
当前持仓为: 【现金】 2704.974149, 【eos_usdt】 0.000000 个
2018-05-25 04:13:51	12.072020, 12.067040, 11.999525, 12.008150
2018-05-25 04:13:51	本次不操作 eos_usdt
当前持仓为: 【现金】 2704.974149, 【eos_usdt】 0.000000 个
2018-05-25 04:14:53	12.079840, 12.072020, 12.010925, 12.022225
2018-05-25 04:14:53	本次不操作 eos_usdt
当前持仓为: 【现金】 2704.974149, 【eos_usdt】 0.000000 个
2018-05-25 04:15:57	12.071960, 12.079840, 12.032575, 12.051175
2018-05-25 04:15:57	本次不操作 eos_usdt
当前持仓为: 【现金】 2704.974149, 【eos_usdt】 0.000000 个
2018-05-25 04:17:00	12.054420, 12.064440, 12.031550, 12.049200
2018-05-25 04:17:00	本次不操作 eos_usdt
当前持仓为: 【现金】 2704.974149, 【eos_usdt】 0.000000 个
2018-05-25 04:18:01	12.039020, 12.054420, 12.025425, 12.044650
2018-05-25 04:18:01	本次不操作 eos_usdt
当前持仓为: 【现金】 2704.974149, 【eos_usdt】 0.000000 个
2018-05-25 04:19:03	12.023600, 12.039000, 12.007625, 12.027025
2018-05-25 04:19:03	本次不操作 eos_usdt
当前持仓为: 【现金】 2704.974149, 【eos_usdt】 0.000000 个
2018-05-25 04:20:08	12.018280, 12.024980, 12.009800, 12.025575
2018-05-25 04:20:09	以【12.032700】的价格买入了【224.801927】个，总价值为【2704.974149】
2018-05-25 04:20:09	买入 eos_usdt
当前持仓为: 【现金】 0.000000, 【eos_usdt】 224.801927 个
2018-05-25 04:21:14	12.009880, 12.008840, 11.994700, 12.003775
2018-05-25 04:21:14	本次不操作 eos_usdt
当前持仓为: 【现金】 0.000000, 【eos_usdt】 224.801927 个
2018-05-25 04:22:16	12.008180, 12.009880, 11.982250, 11.987200
2018-05-25 04:22:16	本次不操作 eos_usdt
当前持仓为: 【现金】 0.000000, 【eos_usdt】 224.801927 个
2018-05-25 04:23:17	12.009440, 12.008180, 11.977575, 11.977550
2018-05-25 04:23:17	本次不操作 eos_usdt
当前持仓为: 【现金】 0.000000, 【eos_usdt】 224.801927 个
2018-05-25 04:24:20	12.013220, 12.009440, 11.987200, 11.982275
2018-05-25 04:24:20	本次不操作 eos_usdt
当前持仓为: 【现金】 0.000000, 【eos_usdt】 224.801927 个
2018-05-25 04:25:21	12.017660, 12.013480, 11.988000, 11.973600
2018-05-25 04:25:21	本次不操作 eos_usdt
当前持仓为: 【现金】 0.000000, 【eos_usdt】 224.801927 个
2018-05-25 04:26:22	12.021840, 12.017660, 11.984700, 11.970325
2018-05-25 04:26:22	本次不操作 eos_usdt
当前持仓为: 【现金】 0.000000, 【eos_usdt】 224.801927 个
2018-05-25 04:27:27	12.035980, 12.021840, 12.002150, 11.974675
2018-05-25 04:27:27	本次不操作 eos_usdt
当前持仓为: 【现金】 0.000000, 【eos_usdt】 224.801927 个
2018-05-25 04:28:29	12.060160, 12.044660, 12.006550, 11.974500
2018-05-25 04:28:29	本次不操作 eos_usdt
当前持仓为: 【现金】 0.000000, 【eos_usdt】 224.801927 个
2018-05-25 04:29:31	12.063720, 12.061160, 12.008100, 11.970100
2018-05-25 04:29:31	本次不操作 eos_usdt
当前持仓为: 【现金】 0.000000, 【eos_usdt】 224.801927 个
2018-05-25 04:30:32	12.075880, 12.073180, 12.001150, 11.972125
2018-05-25 04:30:32	本次不操作 eos_usdt
当前持仓为: 【现金】 0.000000, 【eos_usdt】 224.801927 个
2018-05-25 04:31:34	12.078600, 12.075880, 12.021825, 11.976300
2018-05-25 04:31:34	本次不操作 eos_usdt
当前持仓为: 【现金】 0.000000, 【eos_usdt】 224.801927 个
2018-05-25 04:32:39	12.062760, 12.078600, 12.030400, 11.984350
2018-05-25 04:32:39	本次不操作 eos_usdt
当前持仓为: 【现金】 0.000000, 【eos_usdt】 224.801927 个
2018-05-25 04:33:40	12.053220, 12.062760, 12.034175, 11.980325
2018-05-25 04:33:40	本次不操作 eos_usdt
当前持仓为: 【现金】 0.000000, 【eos_usdt】 224.801927 个
2018-05-25 04:34:45	12.049260, 12.049260, 12.031350, 11.973550
2018-05-25 04:34:45	本次不操作 eos_usdt
当前持仓为: 【现金】 0.000000, 【eos_usdt】 224.801927 个
2018-05-25 04:35:49	12.043580, 12.049100, 12.035800, 11.975100
2018-05-25 04:35:49	本次不操作 eos_usdt
当前持仓为: 【现金】 0.000000, 【eos_usdt】 224.801927 个
2018-05-25 04:36:51	12.036840, 12.043580, 12.035800, 12.016975
2018-05-25 04:36:51	本次不操作 eos_usdt
当前持仓为: 【现金】 0.000000, 【eos_usdt】 224.801927 个
2018-05-25 04:37:52	12.030000, 12.036840, 12.038050, 12.005825
2018-05-25 04:37:53	以【12.010500】的价格卖出了【19.000000】个，总价值为【228.199500】
2018-05-25 04:37:53	以【12.010100】的价格卖出了【21.278800】个，总价值为【255.560516】
2018-05-25 04:37:53	以【12.010000】的价格卖出了【45.537000】个，总价值为【546.899370】
2018-05-25 04:37:53	以【12.009400】的价格卖出了【33.307200】个，总价值为【399.999488】
2018-05-25 04:37:53	以【12.009300】的价格卖出了【100.000000】个，总价值为【1200.930000】
2018-05-25 04:37:53	以【11.992900】的价格卖出了【5.678927】个，总价值为【68.106805】
2018-05-25 04:37:53	以上总共卖出了价值【2699.6956787037057】的【eos_usdt】
2018-05-25 04:37:53	卖出 eos_usdt
当前持仓为: 【现金】 2699.695679, 【eos_usdt】 0.000000 个
2018-05-25 04:39:00	12.029300, 12.032620, 12.045200, 12.000350
2018-05-25 04:39:00	取消卖出【eos_usdt】动作，因为最近已经卖出过
当前持仓为: 【现金】 2699.695679, 【eos_usdt】 0.000000 个
2018-05-25 04:40:13	12.025280, 12.029480, 12.036250, 11.987400
2018-05-25 04:40:13	取消卖出【eos_usdt】动作，因为最近已经卖出过
当前持仓为: 【现金】 2699.695679, 【eos_usdt】 0.000000 个
2018-05-25 04:41:17	12.027020, 12.028580, 12.038300, 11.995775
2018-05-25 04:41:17	取消卖出【eos_usdt】动作，因为最近已经卖出过
当前持仓为: 【现金】 2699.695679, 【eos_usdt】 0.000000 个
2018-05-25 04:42:20	12.032000, 12.027020, 12.044500, 11.990750
2018-05-25 04:42:20	取消卖出【eos_usdt】动作，因为最近已经卖出过
当前持仓为: 【现金】 2699.695679, 【eos_usdt】 0.000000 个
2018-05-25 04:43:24	12.031500, 12.031000, 12.041200, 11.993700
2018-05-25 04:43:24	取消卖出【eos_usdt】动作，因为最近已经卖出过
当前持仓为: 【现金】 2699.695679, 【eos_usdt】 0.000000 个
2018-05-25 04:44:28	12.032000, 12.031500, 12.041425, 11.993925
2018-05-25 04:44:28	取消卖出【eos_usdt】动作，因为最近已经卖出过
当前持仓为: 【现金】 2699.695679, 【eos_usdt】 0.000000 个
2018-05-25 04:45:32	12.031000, 12.032000, 12.042500, 12.012150
2018-05-25 04:45:32	取消卖出【eos_usdt】动作，因为最近已经卖出过
当前持仓为: 【现金】 2699.695679, 【eos_usdt】 0.000000 个
2018-05-25 04:46:35	12.029980, 12.031000, 12.037275, 12.017575
2018-05-25 04:46:35	取消卖出【eos_usdt】动作，因为最近已经卖出过
当前持仓为: 【现金】 2699.695679, 【eos_usdt】 0.000000 个
2018-05-25 04:47:36	12.026440, 12.029980, 12.032825, 12.023500
2018-05-25 04:47:36	取消卖出【eos_usdt】动作，因为最近已经卖出过
当前持仓为: 【现金】 2699.695679, 【eos_usdt】 0.000000 个
2018-05-25 04:48:39	12.022840, 12.026440, 12.037425, 12.030050
2018-05-25 04:48:39	本次不操作 eos_usdt
当前持仓为: 【现金】 2699.695679, 【eos_usdt】 0.000000 个
2018-05-25 04:49:41	12.019320, 12.022840, 12.041075, 12.037975
2018-05-25 04:49:41	本次不操作 eos_usdt
当前持仓为: 【现金】 2699.695679, 【eos_usdt】 0.000000 个
2018-05-25 04:50:46	12.015640, 12.019160, 12.042875, 12.032125
2018-05-25 04:50:46	本次不操作 eos_usdt
当前持仓为: 【现金】 2699.695679, 【eos_usdt】 0.000000 个
2018-05-25 04:51:49	12.020340, 12.019160, 12.055325, 12.034050
2018-05-25 04:51:49	本次不操作 eos_usdt
当前持仓为: 【现金】 2699.695679, 【eos_usdt】 0.000000 个
2018-05-25 04:52:51	12.031480, 12.020340, 12.084500, 12.033100
2018-05-25 04:52:51	本次不操作 eos_usdt
当前持仓为: 【现金】 2699.695679, 【eos_usdt】 0.000000 个
2018-05-25 04:53:52	12.041080, 12.031480, 12.091575, 12.049075
2018-05-25 04:53:52	本次不操作 eos_usdt
当前持仓为: 【现金】 2699.695679, 【eos_usdt】 0.000000 个
2018-05-25 04:54:53	12.060140, 12.041080, 12.109425, 12.059225
2018-05-25 04:54:53	本次不操作 eos_usdt
当前持仓为: 【现金】 2699.695679, 【eos_usdt】 0.000000 个
2018-05-25 04:55:55	12.080140, 12.060140, 12.118125, 12.075425
2018-05-25 04:55:55	本次不操作 eos_usdt
当前持仓为: 【现金】 2699.695679, 【eos_usdt】 0.000000 个
2018-05-25 04:56:57	12.101720, 12.080140, 12.119650, 12.061425
2018-05-25 04:56:57	取消卖出【eos_usdt】动作，因为最近已经卖出过
当前持仓为: 【现金】 2699.695679, 【eos_usdt】 0.000000 个
2018-05-25 04:58:01	12.129520, 12.109120, 12.115975, 12.051000
2018-05-25 04:58:01	本次不操作 eos_usdt
当前持仓为: 【现金】 2699.695679, 【eos_usdt】 0.000000 个
2018-05-25 04:59:03	12.134540, 12.129520, 12.101675, 12.052600
2018-05-25 04:59:03	本次不操作 eos_usdt
当前持仓为: 【现金】 2699.695679, 【eos_usdt】 0.000000 个
2018-05-25 05:00:04	12.139000, 12.134540, 12.098750, 12.046150
2018-05-25 05:00:04	本次不操作 eos_usdt
当前持仓为: 【现金】 2699.695679, 【eos_usdt】 0.000000 个
2018-05-25 05:01:10	12.133520, 12.139000, 12.075775, 12.045225
2018-05-25 05:01:10	本次不操作 eos_usdt
当前持仓为: 【现金】 2699.695679, 【eos_usdt】 0.000000 个
2018-05-25 05:02:12	12.126040, 12.133520, 12.075400, 12.062250
2018-05-25 05:02:12	本次不操作 eos_usdt
当前持仓为: 【现金】 2699.695679, 【eos_usdt】 0.000000 个
2018-05-25 05:03:13	12.112560, 12.126040, 12.057725, 12.038950
2018-05-25 05:03:13	本次不操作 eos_usdt
当前持仓为: 【现金】 2699.695679, 【eos_usdt】 0.000000 个
2018-05-25 05:04:14	12.121660, 12.123500, 12.054100, 12.024675
2018-05-25 05:04:14	本次不操作 eos_usdt
当前持仓为: 【现金】 2699.695679, 【eos_usdt】 0.000000 个
2018-05-25 05:05:16	12.123460, 12.116520, 12.064075, 12.020400
2018-05-25 05:05:16	本次不操作 eos_usdt
当前持仓为: 【现金】 2699.695679, 【eos_usdt】 0.000000 个
2018-05-25 05:06:18	12.140000, 12.124520, 12.084100, 12.031600
2018-05-25 05:06:18	本次不操作 eos_usdt
当前持仓为: 【现金】 2699.695679, 【eos_usdt】 0.000000 个
2018-05-25 05:07:20	12.159480, 12.140000, 12.089100, 12.031600
2018-05-25 05:07:20	本次不操作 eos_usdt
当前持仓为: 【现金】 2699.695679, 【eos_usdt】 0.000000 个
2018-05-25 05:08:27	12.174860, 12.159480, 12.086750, 12.024250
2018-05-25 05:08:27	本次不操作 eos_usdt
当前持仓为: 【现金】 2699.695679, 【eos_usdt】 0.000000 个
2018-05-25 05:09:29	12.190000, 12.174860, 12.067025, 12.009050
2018-05-25 05:09:29	本次不操作 eos_usdt
当前持仓为: 【现金】 2699.695679, 【eos_usdt】 0.000000 个
2018-05-25 05:10:31	12.198980, 12.193040, 12.065425, 12.005650
2018-05-25 05:10:31	本次不操作 eos_usdt
当前持仓为: 【现金】 2699.695679, 【eos_usdt】 0.000000 个
2018-05-25 05:11:33	12.199840, 12.198980, 12.063100, 12.010475
2018-05-25 05:11:33	本次不操作 eos_usdt
当前持仓为: 【现金】 2699.695679, 【eos_usdt】 0.000000 个
2018-05-25 05:12:34	12.199840, 12.199840, 12.061875, 12.009375
2018-05-25 05:12:34	本次不操作 eos_usdt
当前持仓为: 【现金】 2699.695679, 【eos_usdt】 0.000000 个
2018-05-25 05:13:36	12.198540, 12.199840, 12.065850, 12.013275
2018-05-25 05:13:36	本次不操作 eos_usdt
当前持仓为: 【现金】 2699.695679, 【eos_usdt】 0.000000 个
2018-05-25 05:14:40	12.185860, 12.195860, 12.046000, 12.005475
2018-05-25 05:14:40	本次不操作 eos_usdt
当前持仓为: 【现金】 2699.695679, 【eos_usdt】 0.000000 个
2018-05-25 05:15:41	12.175920, 12.185860, 12.070675, 12.030125
2018-05-25 05:15:41	本次不操作 eos_usdt
当前持仓为: 【现金】 2699.695679, 【eos_usdt】 0.000000 个
2018-05-25 05:16:46	12.160520, 12.174460, 12.065700, 12.030450
2018-05-25 05:16:46	本次不操作 eos_usdt
当前持仓为: 【现金】 2699.695679, 【eos_usdt】 0.000000 个
2018-05-25 05:17:47	12.138280, 12.158460, 12.053300, 12.025450
2018-05-25 05:17:47	本次不操作 eos_usdt
当前持仓为: 【现金】 2699.695679, 【eos_usdt】 0.000000 个
2018-05-25 05:18:49	12.116840, 12.136840, 12.053200, 12.017700
2018-05-25 05:18:49	本次不操作 eos_usdt
当前持仓为: 【现金】 2699.695679, 【eos_usdt】 0.000000 个
2018-05-25 05:19:51	12.103920, 12.116840, 12.056150, 12.009800
2018-05-25 05:19:51	本次不操作 eos_usdt
当前持仓为: 【现金】 2699.695679, 【eos_usdt】 0.000000 个
2018-05-25 05:20:52	12.098740, 12.103920, 12.058975, 11.994950
2018-05-25 05:20:52	本次不操作 eos_usdt
当前持仓为: 【现金】 2699.695679, 【eos_usdt】 0.000000 个
2018-05-25 05:21:57	12.087420, 12.098740, 12.045525, 11.987950
2018-05-25 05:21:57	本次不操作 eos_usdt
当前持仓为: 【现金】 2699.695679, 【eos_usdt】 0.000000 个
2018-05-25 05:22:58	12.078460, 12.087420, 12.021925, 11.968675
2018-05-25 05:22:58	本次不操作 eos_usdt
当前持仓为: 【现金】 2699.695679, 【eos_usdt】 0.000000 个
2018-05-25 05:24:03	12.069480, 12.077420, 12.033950, 11.984700
2018-05-25 05:24:03	本次不操作 eos_usdt
当前持仓为: 【现金】 2699.695679, 【eos_usdt】 0.000000 个
2018-05-25 05:25:13	12.056400, 12.068620, 12.031650, 11.993075
2018-05-25 05:25:13	本次不操作 eos_usdt
当前持仓为: 【现金】 2699.695679, 【eos_usdt】 0.000000 个
2018-05-25 05:26:16	12.039960, 12.056400, 12.020600, 11.984700
2018-05-25 05:26:16	本次不操作 eos_usdt
当前持仓为: 【现金】 2699.695679, 【eos_usdt】 0.000000 个
2018-05-25 05:27:17	12.015360, 12.032040, 12.029625, 12.002150
2018-05-25 05:27:17	取消卖出【eos_usdt】动作，因为最近已经卖出过
当前持仓为: 【现金】 2699.695679, 【eos_usdt】 0.000000 个
2018-05-25 05:28:25	12.001920, 12.015360, 12.029200, 12.009125
2018-05-25 05:28:25	取消卖出【eos_usdt】动作，因为最近已经卖出过
当前持仓为: 【现金】 2699.695679, 【eos_usdt】 0.000000 个
2018-05-25 05:29:28	11.994420, 12.001920, 12.026900, 12.005500
2018-05-25 05:29:28	本次不操作 eos_usdt
当前持仓为: 【现金】 2699.695679, 【eos_usdt】 0.000000 个
2018-05-25 05:30:30	11.995720, 11.998580, 12.028675, 12.001150
2018-05-25 05:30:30	本次不操作 eos_usdt
当前持仓为: 【现金】 2699.695679, 【eos_usdt】 0.000000 个
2018-05-25 05:31:32	12.005720, 11.995720, 12.043425, 12.021825
2018-05-25 05:31:32	本次不操作 eos_usdt
当前持仓为: 【现金】 2699.695679, 【eos_usdt】 0.000000 个
2018-05-25 05:32:34	12.019160, 12.005720, 12.056000, 12.030400
2018-05-25 05:32:34	本次不操作 eos_usdt
当前持仓为: 【现金】 2699.695679, 【eos_usdt】 0.000000 个
2018-05-25 05:33:35	12.028620, 12.019160, 12.055650, 12.034175
2018-05-25 05:33:35	本次不操作 eos_usdt
当前持仓为: 【现金】 2699.695679, 【eos_usdt】 0.000000 个
2018-05-25 05:34:37	12.036620, 12.028620, 12.058625, 12.035450
2018-05-25 05:34:37	本次不操作 eos_usdt
当前持仓为: 【现金】 2699.695679, 【eos_usdt】 0.000000 个
2018-05-25 05:35:41	12.046620, 12.036620, 12.055175, 12.029500
2018-05-25 05:35:41	取消卖出【eos_usdt】动作，因为最近已经卖出过
当前持仓为: 【现金】 2699.695679, 【eos_usdt】 0.000000 个
2018-05-25 05:36:43	12.052620, 12.046620, 12.061625, 12.036325
2018-05-25 05:36:43	取消卖出【eos_usdt】动作，因为最近已经卖出过
当前持仓为: 【现金】 2699.695679, 【eos_usdt】 0.000000 个
2018-05-25 05:37:45	12.060260, 12.057600, 12.063750, 12.038050
2018-05-25 05:37:45	取消卖出【eos_usdt】动作，因为最近已经卖出过
当前持仓为: 【现金】 2699.695679, 【eos_usdt】 0.000000 个
2018-05-25 05:38:55	12.048020, 12.057120, 12.064100, 12.045025
2018-05-25 05:38:55	取消卖出【eos_usdt】动作，因为最近已经卖出过
当前持仓为: 【现金】 2699.695679, 【eos_usdt】 0.000000 个
2018-05-25 05:39:56	12.038420, 12.048020, 12.058975, 12.035975
2018-05-25 05:39:56	取消卖出【eos_usdt】动作，因为最近已经卖出过
当前持仓为: 【现金】 2699.695679, 【eos_usdt】 0.000000 个
2018-05-25 05:40:58	12.026100, 12.038420, 12.062600, 12.040500
2018-05-25 05:40:58	本次不操作 eos_usdt
当前持仓为: 【现金】 2699.695679, 【eos_usdt】 0.000000 个
2018-05-25 05:42:00	12.007440, 12.018760, 12.058150, 12.045600
2018-05-25 05:42:00	本次不操作 eos_usdt
当前持仓为: 【现金】 2699.695679, 【eos_usdt】 0.000000 个
2018-05-25 05:43:01	11.991980, 12.005360, 12.053450, 12.043625
2018-05-25 05:43:01	本次不操作 eos_usdt
当前持仓为: 【现金】 2699.695679, 【eos_usdt】 0.000000 个
2018-05-25 05:44:03	11.983100, 11.991980, 12.053925, 12.041425
2018-05-25 05:44:03	本次不操作 eos_usdt
当前持仓为: 【现金】 2699.695679, 【eos_usdt】 0.000000 个
2018-05-25 05:45:04	11.979360, 11.983100, 12.060350, 12.047850
2018-05-25 05:45:04	本次不操作 eos_usdt
当前持仓为: 【现金】 2699.695679, 【eos_usdt】 0.000000 个
2018-05-25 05:46:06	11.993520, 11.979360, 12.072550, 12.040650
2018-05-25 05:46:06	本次不操作 eos_usdt
当前持仓为: 【现金】 2699.695679, 【eos_usdt】 0.000000 个
2018-05-25 05:47:10	12.014160, 11.993520, 12.082050, 12.038675
2018-05-25 05:47:10	本次不操作 eos_usdt
当前持仓为: 【现金】 2699.695679, 【eos_usdt】 0.000000 个
2018-05-25 05:48:21	12.026260, 12.010260, 12.077850, 12.037500
2018-05-25 05:48:21	本次不操作 eos_usdt
当前持仓为: 【现金】 2699.695679, 【eos_usdt】 0.000000 个
2018-05-25 05:49:23	12.048260, 12.026260, 12.077875, 12.040975
2018-05-25 05:49:23	本次不操作 eos_usdt
当前持仓为: 【现金】 2699.695679, 【eos_usdt】 0.000000 个
2018-05-25 05:50:26	12.066000, 12.048260, 12.077875, 12.042875
2018-05-25 05:50:26	取消卖出【eos_usdt】动作，因为最近已经卖出过
当前持仓为: 【现金】 2699.695679, 【eos_usdt】 0.000000 个
2018-05-25 05:51:29	12.070020, 12.066020, 12.075525, 12.048025
2018-05-25 05:51:29	取消卖出【eos_usdt】动作，因为最近已经卖出过
当前持仓为: 【现金】 2699.695679, 【eos_usdt】 0.000000 个
2018-05-25 05:52:31	12.070020, 12.070020, 12.095450, 12.067950
2018-05-25 05:52:31	取消卖出【eos_usdt】动作，因为最近已经卖出过
当前持仓为: 【现金】 2699.695679, 【eos_usdt】 0.000000 个
2018-05-25 05:53:37	12.069400, 12.070020, 12.111425, 12.089700
2018-05-25 05:53:37	本次不操作 eos_usdt
当前持仓为: 【现金】 2699.695679, 【eos_usdt】 0.000000 个
2018-05-25 05:54:39	12.065180, 12.069400, 12.119750, 12.107500
2018-05-25 05:54:39	本次不操作 eos_usdt
当前持仓为: 【现金】 2699.695679, 【eos_usdt】 0.000000 个
2018-05-25 05:55:40	12.060980, 12.065180, 12.129600, 12.116850
2018-05-25 05:55:40	本次不操作 eos_usdt
当前持仓为: 【现金】 2699.695679, 【eos_usdt】 0.000000 个
2018-05-25 05:56:41	12.056680, 12.060960, 12.134100, 12.111950
2018-05-25 05:56:41	本次不操作 eos_usdt
当前持仓为: 【现金】 2699.695679, 【eos_usdt】 0.000000 个
2018-05-25 05:57:43	12.052420, 12.056680, 12.131300, 12.116075
2018-05-25 05:57:43	本次不操作 eos_usdt
当前持仓为: 【现金】 2699.695679, 【eos_usdt】 0.000000 个
