2018-05-22 00:00:26	13.276560, 13.277880, 13.389500, 13.449475
2018-05-22 00:00:26	本次不操作 eos_usdt
当前持仓为: 【现金】 3000.000000, 【eos_usdt】 0.000000 个
2018-05-22 00:01:29	13.271220, 13.276560, 13.376450, 13.432550
2018-05-22 00:01:29	本次不操作 eos_usdt
当前持仓为: 【现金】 3000.000000, 【eos_usdt】 0.000000 个
2018-05-22 00:02:30	13.263960, 13.270360, 13.367425, 13.421200
2018-05-22 00:02:30	本次不操作 eos_usdt
当前持仓为: 【现金】 3000.000000, 【eos_usdt】 0.000000 个
2018-05-22 00:03:32	13.254200, 13.261180, 13.360875, 13.422100
2018-05-22 00:03:32	本次不操作 eos_usdt
当前持仓为: 【现金】 3000.000000, 【eos_usdt】 0.000000 个
2018-05-22 00:04:33	13.248120, 13.254200, 13.342150, 13.402450
2018-05-22 00:04:33	本次不操作 eos_usdt
当前持仓为: 【现金】 3000.000000, 【eos_usdt】 0.000000 个
2018-05-22 00:05:34	13.248220, 13.248120, 13.345925, 13.400800
2018-05-22 00:05:34	本次不操作 eos_usdt
当前持仓为: 【现金】 3000.000000, 【eos_usdt】 0.000000 个
2018-05-22 00:06:36	13.245100, 13.248220, 13.336575, 13.403975
2018-05-22 00:06:36	本次不操作 eos_usdt
当前持仓为: 【现金】 3000.000000, 【eos_usdt】 0.000000 个
2018-05-22 00:07:37	13.236120, 13.240620, 13.337575, 13.416900
2018-05-22 00:07:37	本次不操作 eos_usdt
当前持仓为: 【现金】 3000.000000, 【eos_usdt】 0.000000 个
2018-05-22 00:08:39	13.227600, 13.235620, 13.332775, 13.411600
2018-05-22 00:08:39	本次不操作 eos_usdt
当前持仓为: 【现金】 3000.000000, 【eos_usdt】 0.000000 个
2018-05-22 00:09:40	13.221800, 13.227600, 13.342475, 13.413850
2018-05-22 00:09:40	本次不操作 eos_usdt
当前持仓为: 【现金】 3000.000000, 【eos_usdt】 0.000000 个
2018-05-22 00:10:41	13.215920, 13.221800, 13.354500, 13.429550
2018-05-22 00:10:41	本次不操作 eos_usdt
当前持仓为: 【现金】 3000.000000, 【eos_usdt】 0.000000 个
2018-05-22 00:11:43	13.212880, 13.215920, 13.353775, 13.445350
2018-05-22 00:11:43	本次不操作 eos_usdt
当前持仓为: 【现金】 3000.000000, 【eos_usdt】 0.000000 个
2018-05-22 00:12:44	13.211820, 13.212880, 13.356425, 13.442950
2018-05-22 00:12:44	本次不操作 eos_usdt
当前持仓为: 【现金】 3000.000000, 【eos_usdt】 0.000000 个
2018-05-22 00:13:45	13.213820, 13.211820, 13.348600, 13.441100
2018-05-22 00:13:45	本次不操作 eos_usdt
当前持仓为: 【现金】 3000.000000, 【eos_usdt】 0.000000 个
2018-05-22 00:14:47	13.209740, 13.213820, 13.340450, 13.435600
2018-05-22 00:14:47	本次不操作 eos_usdt
当前持仓为: 【现金】 3000.000000, 【eos_usdt】 0.000000 个
2018-05-22 00:15:48	13.205640, 13.209740, 13.339775, 13.435025
2018-05-22 00:15:48	本次不操作 eos_usdt
当前持仓为: 【现金】 3000.000000, 【eos_usdt】 0.000000 个
2018-05-22 00:16:53	13.202300, 13.205640, 13.327025, 13.424975
2018-05-22 00:16:53	本次不操作 eos_usdt
当前持仓为: 【现金】 3000.000000, 【eos_usdt】 0.000000 个
2018-05-22 00:17:56	13.198560, 13.201880, 13.332800, 13.430650
2018-05-22 00:17:56	本次不操作 eos_usdt
当前持仓为: 【现金】 3000.000000, 【eos_usdt】 0.000000 个
2018-05-22 00:18:59	13.198080, 13.198520, 13.324225, 13.422250
2018-05-22 00:18:59	本次不操作 eos_usdt
当前持仓为: 【现金】 3000.000000, 【eos_usdt】 0.000000 个
2018-05-22 00:20:00	13.196700, 13.198080, 13.316000, 13.422225
2018-05-22 00:20:00	本次不操作 eos_usdt
当前持仓为: 【现金】 3000.000000, 【eos_usdt】 0.000000 个
2018-05-22 00:21:03	13.193200, 13.196700, 13.315700, 13.422075
2018-05-22 00:21:03	本次不操作 eos_usdt
当前持仓为: 【现金】 3000.000000, 【eos_usdt】 0.000000 个
2018-05-22 00:22:04	13.189820, 13.193200, 13.301925, 13.406925
2018-05-22 00:22:04	本次不操作 eos_usdt
当前持仓为: 【现金】 3000.000000, 【eos_usdt】 0.000000 个
2018-05-22 00:23:05	13.180920, 13.189820, 13.297800, 13.408775
2018-05-22 00:23:05	本次不操作 eos_usdt
当前持仓为: 【现金】 3000.000000, 【eos_usdt】 0.000000 个
2018-05-22 00:24:06	13.171460, 13.179920, 13.299300, 13.416775
2018-05-22 00:24:06	本次不操作 eos_usdt
当前持仓为: 【现金】 3000.000000, 【eos_usdt】 0.000000 个
2018-05-22 00:25:11	13.165740, 13.172820, 13.305525, 13.421750
2018-05-22 00:25:11	本次不操作 eos_usdt
当前持仓为: 【现金】 3000.000000, 【eos_usdt】 0.000000 个
2018-05-22 00:26:12	13.163660, 13.165740, 13.311250, 13.423000
2018-05-22 00:26:12	本次不操作 eos_usdt
当前持仓为: 【现金】 3000.000000, 【eos_usdt】 0.000000 个
2018-05-22 00:27:19	13.161660, 13.163660, 13.290000, 13.392700
2018-05-22 00:27:19	本次不操作 eos_usdt
当前持仓为: 【现金】 3000.000000, 【eos_usdt】 0.000000 个
2018-05-22 00:28:22	13.162940, 13.161660, 13.295050, 13.404250
2018-05-22 00:28:22	本次不操作 eos_usdt
当前持仓为: 【现金】 3000.000000, 【eos_usdt】 0.000000 个
2018-05-22 00:29:23	13.157280, 13.156660, 13.288025, 13.395525
2018-05-22 00:29:23	本次不操作 eos_usdt
当前持仓为: 【现金】 3000.000000, 【eos_usdt】 0.000000 个
2018-05-22 00:30:29	13.153620, 13.157020, 13.280000, 13.392275
2018-05-22 00:30:29	本次不操作 eos_usdt
当前持仓为: 【现金】 3000.000000, 【eos_usdt】 0.000000 个
2018-05-22 00:31:30	13.147340, 13.153620, 13.269125, 13.386725
2018-05-22 00:31:30	本次不操作 eos_usdt
当前持仓为: 【现金】 3000.000000, 【eos_usdt】 0.000000 个
2018-05-22 00:32:31	13.141240, 13.147340, 13.283825, 13.401400
2018-05-22 00:32:31	本次不操作 eos_usdt
当前持仓为: 【现金】 3000.000000, 【eos_usdt】 0.000000 个
2018-05-22 00:33:32	13.139220, 13.141240, 13.274475, 13.387700
2018-05-22 00:33:32	本次不操作 eos_usdt
当前持仓为: 【现金】 3000.000000, 【eos_usdt】 0.000000 个
2018-05-22 00:34:33	13.137460, 13.139220, 13.267475, 13.378150
2018-05-22 00:34:33	本次不操作 eos_usdt
当前持仓为: 【现金】 3000.000000, 【eos_usdt】 0.000000 个
2018-05-22 00:35:35	13.138200, 13.137460, 13.272700, 13.391775
2018-05-22 00:35:35	本次不操作 eos_usdt
当前持仓为: 【现金】 3000.000000, 【eos_usdt】 0.000000 个
2018-05-22 00:36:39	13.138700, 13.136440, 13.284975, 13.401250
2018-05-22 00:36:39	本次不操作 eos_usdt
当前持仓为: 【现金】 3000.000000, 【eos_usdt】 0.000000 个
2018-05-22 00:37:40	13.142960, 13.138700, 13.286950, 13.397125
2018-05-22 00:37:40	本次不操作 eos_usdt
当前持仓为: 【现金】 3000.000000, 【eos_usdt】 0.000000 个
2018-05-22 00:38:41	13.148720, 13.142960, 13.290650, 13.405000
2018-05-22 00:38:41	本次不操作 eos_usdt
当前持仓为: 【现金】 3000.000000, 【eos_usdt】 0.000000 个
2018-05-22 00:39:43	13.149880, 13.148300, 13.281575, 13.397125
2018-05-22 00:39:43	本次不操作 eos_usdt
当前持仓为: 【现金】 3000.000000, 【eos_usdt】 0.000000 个
2018-05-22 00:40:44	13.154060, 13.148780, 13.273075, 13.386125
2018-05-22 00:40:44	本次不操作 eos_usdt
当前持仓为: 【现金】 3000.000000, 【eos_usdt】 0.000000 个
2018-05-22 00:41:45	13.166040, 13.154060, 13.271775, 13.379850
2018-05-22 00:41:45	本次不操作 eos_usdt
当前持仓为: 【现金】 3000.000000, 【eos_usdt】 0.000000 个
2018-05-22 00:42:47	13.169960, 13.166040, 13.263075, 13.368175
2018-05-22 00:42:47	本次不操作 eos_usdt
当前持仓为: 【现金】 3000.000000, 【eos_usdt】 0.000000 个
2018-05-22 00:43:48	13.174300, 13.169960, 13.253750, 13.367525
2018-05-22 00:43:48	本次不操作 eos_usdt
当前持仓为: 【现金】 3000.000000, 【eos_usdt】 0.000000 个
2018-05-22 00:44:49	13.183700, 13.174300, 13.252300, 13.359950
2018-05-22 00:44:49	本次不操作 eos_usdt
当前持仓为: 【现金】 3000.000000, 【eos_usdt】 0.000000 个
2018-05-22 00:45:50	13.193700, 13.183700, 13.259775, 13.364625
2018-05-22 00:45:50	本次不操作 eos_usdt
当前持仓为: 【现金】 3000.000000, 【eos_usdt】 0.000000 个
2018-05-22 00:46:51	13.207760, 13.195340, 13.285625, 13.383325
2018-05-22 00:46:51	本次不操作 eos_usdt
当前持仓为: 【现金】 3000.000000, 【eos_usdt】 0.000000 个
2018-05-22 00:47:52	13.211240, 13.202540, 13.279475, 13.382350
2018-05-22 00:47:52	本次不操作 eos_usdt
当前持仓为: 【现金】 3000.000000, 【eos_usdt】 0.000000 个
2018-05-22 00:48:53	13.217600, 13.211240, 13.289575, 13.394225
2018-05-22 00:48:53	本次不操作 eos_usdt
当前持仓为: 【现金】 3000.000000, 【eos_usdt】 0.000000 个
2018-05-22 00:49:56	13.230680, 13.217600, 13.301800, 13.395450
2018-05-22 00:49:56	本次不操作 eos_usdt
当前持仓为: 【现金】 3000.000000, 【eos_usdt】 0.000000 个
2018-05-22 00:50:58	13.239600, 13.230600, 13.312475, 13.403625
2018-05-22 00:50:58	本次不操作 eos_usdt
当前持仓为: 【现金】 3000.000000, 【eos_usdt】 0.000000 个
2018-05-22 00:51:59	13.247980, 13.239600, 13.310350, 13.401575
2018-05-22 00:51:59	本次不操作 eos_usdt
当前持仓为: 【现金】 3000.000000, 【eos_usdt】 0.000000 个
2018-05-22 00:53:00	13.256360, 13.247980, 13.313800, 13.405025
2018-05-22 00:53:00	本次不操作 eos_usdt
当前持仓为: 【现金】 3000.000000, 【eos_usdt】 0.000000 个
2018-05-22 00:54:01	13.265000, 13.256380, 13.319450, 13.410225
2018-05-22 00:54:01	本次不操作 eos_usdt
当前持仓为: 【现金】 3000.000000, 【eos_usdt】 0.000000 个
2018-05-22 00:55:04	13.265260, 13.265000, 13.313725, 13.402150
2018-05-22 00:55:04	本次不操作 eos_usdt
当前持仓为: 【现金】 3000.000000, 【eos_usdt】 0.000000 个
2018-05-22 00:56:05	13.270700, 13.265260, 13.319700, 13.396675
2018-05-22 00:56:05	本次不操作 eos_usdt
当前持仓为: 【现金】 3000.000000, 【eos_usdt】 0.000000 个
2018-05-22 00:57:06	13.279120, 13.267080, 13.312350, 13.384300
2018-05-22 00:57:06	本次不操作 eos_usdt
当前持仓为: 【现金】 3000.000000, 【eos_usdt】 0.000000 个
2018-05-22 00:58:07	13.284560, 13.279120, 13.310750, 13.382700
2018-05-22 00:58:07	本次不操作 eos_usdt
当前持仓为: 【现金】 3000.000000, 【eos_usdt】 0.000000 个
2018-05-22 00:59:08	13.289740, 13.284560, 13.311675, 13.383625
2018-05-22 00:59:08	本次不操作 eos_usdt
当前持仓为: 【现金】 3000.000000, 【eos_usdt】 0.000000 个
2018-05-22 01:00:10	13.292180, 13.289740, 13.319625, 13.391600
2018-05-22 01:00:10	本次不操作 eos_usdt
当前持仓为: 【现金】 3000.000000, 【eos_usdt】 0.000000 个
2018-05-22 01:01:11	13.301740, 13.292180, 13.319750, 13.379750
2018-05-22 01:01:11	本次不操作 eos_usdt
当前持仓为: 【现金】 3000.000000, 【eos_usdt】 0.000000 个
2018-05-22 01:02:13	13.301860, 13.301740, 13.295650, 13.372125
2018-05-22 01:02:13	以【13.319900】的价格买入了【150.945000】个，总价值为【2010.572306】
2018-05-22 01:02:13	以【13.320000】的价格买入了【74.281358】个，总价值为【989.427694】
2018-05-22 01:02:13	以上总共买入了价值【3000.0】的【eos_usdt】
2018-05-22 01:02:13	买入 eos_usdt
当前持仓为: 【现金】 0.000000, 【eos_usdt】 225.226358 个
2018-05-22 01:03:17	13.307420, 13.301860, 13.294175, 13.358875
2018-05-22 01:03:17	取消买入【eos_usdt】动作，因为最近已经买入过
当前持仓为: 【现金】 0.000000, 【eos_usdt】 225.226358 个
2018-05-22 01:04:18	13.312280, 13.307420, 13.290425, 13.343625
2018-05-22 01:04:18	取消买入【eos_usdt】动作，因为最近已经买入过
当前持仓为: 【现金】 0.000000, 【eos_usdt】 225.226358 个
2018-05-22 01:05:19	13.312400, 13.312280, 13.285250, 13.344400
2018-05-22 01:05:19	取消买入【eos_usdt】动作，因为最近已经买入过
当前持仓为: 【现金】 0.000000, 【eos_usdt】 225.226358 个
2018-05-22 01:06:20	13.303400, 13.312400, 13.286475, 13.342725
2018-05-22 01:06:20	取消买入【eos_usdt】动作，因为最近已经买入过
当前持仓为: 【现金】 0.000000, 【eos_usdt】 225.226358 个
2018-05-22 01:07:21	13.307360, 13.303400, 13.287600, 13.341025
2018-05-22 01:07:21	取消买入【eos_usdt】动作，因为最近已经买入过
当前持仓为: 【现金】 0.000000, 【eos_usdt】 225.226358 个
2018-05-22 01:08:22	13.314800, 13.314180, 13.280825, 13.325350
2018-05-22 01:08:22	取消买入【eos_usdt】动作，因为最近已经买入过
当前持仓为: 【现金】 0.000000, 【eos_usdt】 225.226358 个
2018-05-22 01:09:23	13.316920, 13.314800, 13.295125, 13.338375
2018-05-22 01:09:23	取消买入【eos_usdt】动作，因为最近已经买入过
当前持仓为: 【现金】 0.000000, 【eos_usdt】 225.226358 个
2018-05-22 01:10:25	13.321620, 13.316920, 13.309750, 13.354750
2018-05-22 01:10:25	取消买入【eos_usdt】动作，因为最近已经买入过
当前持仓为: 【现金】 0.000000, 【eos_usdt】 225.226358 个
2018-05-22 01:11:27	13.329000, 13.322580, 13.307650, 13.351100
2018-05-22 01:11:27	取消买入【eos_usdt】动作，因为最近已经买入过
当前持仓为: 【现金】 0.000000, 【eos_usdt】 225.226358 个
2018-05-22 01:12:29	13.326860, 13.329000, 13.302000, 13.349175
2018-05-22 01:12:29	取消买入【eos_usdt】动作，因为最近已经买入过
当前持仓为: 【现金】 0.000000, 【eos_usdt】 225.226358 个
2018-05-22 01:13:32	13.327620, 13.326860, 13.306400, 13.354525
2018-05-22 01:13:32	取消买入【eos_usdt】动作，因为最近已经买入过
当前持仓为: 【现金】 0.000000, 【eos_usdt】 225.226358 个
2018-05-22 01:14:33	13.323380, 13.324800, 13.292825, 13.342775
2018-05-22 01:14:33	取消买入【eos_usdt】动作，因为最近已经买入过
当前持仓为: 【现金】 0.000000, 【eos_usdt】 225.226358 个
2018-05-22 01:15:34	13.318420, 13.323380, 13.290125, 13.339750
2018-05-22 01:15:34	取消买入【eos_usdt】动作，因为最近已经买入过
当前持仓为: 【现金】 0.000000, 【eos_usdt】 225.226358 个
2018-05-22 01:16:36	13.313000, 13.318420, 13.277225, 13.330700
2018-05-22 01:16:36	取消买入【eos_usdt】动作，因为最近已经买入过
当前持仓为: 【现金】 0.000000, 【eos_usdt】 225.226358 个
2018-05-22 01:17:38	13.311900, 13.312400, 13.267275, 13.319650
2018-05-22 01:17:38	取消买入【eos_usdt】动作，因为最近已经买入过
当前持仓为: 【现金】 0.000000, 【eos_usdt】 225.226358 个
2018-05-22 01:18:39	13.308800, 13.311900, 13.275075, 13.328825
2018-05-22 01:18:39	取消买入【eos_usdt】动作，因为最近已经买入过
当前持仓为: 【现金】 0.000000, 【eos_usdt】 225.226358 个
2018-05-22 01:19:40	13.303220, 13.308800, 13.255975, 13.317175
2018-05-22 01:19:40	取消买入【eos_usdt】动作，因为最近已经买入过
当前持仓为: 【现金】 0.000000, 【eos_usdt】 225.226358 个
2018-05-22 01:20:41	13.298760, 13.303220, 13.254625, 13.316350
2018-05-22 01:20:41	取消买入【eos_usdt】动作，因为最近已经买入过
当前持仓为: 【现金】 0.000000, 【eos_usdt】 225.226358 个
2018-05-22 01:21:42	13.298780, 13.298780, 13.253000, 13.309975
2018-05-22 01:21:42	ERROR	('raw write() returned invalid length 190 (should have been between 0 and 125)',)
2018-05-22 01:22:46	13.295240, 13.298780, 13.252575, 13.307050
2018-05-22 01:22:46	取消买入【eos_usdt】动作，因为最近已经买入过
当前持仓为: 【现金】 0.000000, 【eos_usdt】 225.226358 个
2018-05-22 01:23:47	13.296260, 13.295240, 13.259050, 13.309175
2018-05-22 01:23:47	取消买入【eos_usdt】动作，因为最近已经买入过
当前持仓为: 【现金】 0.000000, 【eos_usdt】 225.226358 个
2018-05-22 01:24:48	13.296040, 13.296260, 13.259500, 13.312675
2018-05-22 01:24:48	取消买入【eos_usdt】动作，因为最近已经买入过
当前持仓为: 【现金】 0.000000, 【eos_usdt】 225.226358 个
2018-05-22 01:25:49	13.296220, 13.296040, 13.260250, 13.312075
2018-05-22 01:25:49	取消买入【eos_usdt】动作，因为最近已经买入过
当前持仓为: 【现金】 0.000000, 【eos_usdt】 225.226358 个
2018-05-22 01:26:51	13.296920, 13.291440, 13.245375, 13.290500
2018-05-22 01:26:51	本次不操作 eos_usdt
当前持仓为: 【现金】 0.000000, 【eos_usdt】 225.226358 个
2018-05-22 01:27:52	13.302260, 13.296920, 13.257075, 13.302350
2018-05-22 01:27:52	取消买入【eos_usdt】动作，因为最近已经买入过
当前持仓为: 【现金】 0.000000, 【eos_usdt】 225.226358 个
2018-05-22 01:28:53	13.304060, 13.302260, 13.250075, 13.300800
2018-05-22 01:28:53	ERROR	('raw write() returned invalid length 166 (should have been between 0 and 100)',)
2018-05-22 01:29:58	13.303860, 13.304060, 13.242575, 13.297450
2018-05-22 01:29:58	本次不操作 eos_usdt
当前持仓为: 【现金】 0.000000, 【eos_usdt】 225.226358 个
2018-05-22 01:31:00	13.303660, 13.303860, 13.237475, 13.281975
2018-05-22 01:31:00	本次不操作 eos_usdt
当前持仓为: 【现金】 0.000000, 【eos_usdt】 225.226358 个
2018-05-22 01:32:01	13.303100, 13.303860, 13.229825, 13.278275
2018-05-22 01:32:01	本次不操作 eos_usdt
当前持仓为: 【现金】 0.000000, 【eos_usdt】 225.226358 个
2018-05-22 01:33:02	13.302480, 13.303100, 13.228700, 13.277175
2018-05-22 01:33:02	本次不操作 eos_usdt
当前持仓为: 【现金】 0.000000, 【eos_usdt】 225.226358 个
2018-05-22 01:34:03	13.308480, 13.302480, 13.228675, 13.265675
2018-05-22 01:34:03	本次不操作 eos_usdt
当前持仓为: 【现金】 0.000000, 【eos_usdt】 225.226358 个
2018-05-22 01:35:04	13.316480, 13.308480, 13.232225, 13.269225
2018-05-22 01:35:04	本次不操作 eos_usdt
当前持仓为: 【现金】 0.000000, 【eos_usdt】 225.226358 个
2018-05-22 01:36:06	13.324280, 13.316480, 13.233300, 13.275800
2018-05-22 01:36:06	本次不操作 eos_usdt
当前持仓为: 【现金】 0.000000, 【eos_usdt】 225.226358 个
2018-05-22 01:37:11	13.327140, 13.324280, 13.233550, 13.282225
2018-05-22 01:37:11	本次不操作 eos_usdt
当前持仓为: 【现金】 0.000000, 【eos_usdt】 225.226358 个
2018-05-22 01:38:12	13.330000, 13.327140, 13.241975, 13.290650
2018-05-22 01:38:12	本次不操作 eos_usdt
当前持仓为: 【现金】 0.000000, 【eos_usdt】 225.226358 个
2018-05-22 01:39:13	13.330000, 13.330000, 13.236675, 13.280425
2018-05-22 01:39:13	本次不操作 eos_usdt
当前持仓为: 【现金】 0.000000, 【eos_usdt】 225.226358 个
2018-05-22 01:40:14	13.326120, 13.330000, 13.227325, 13.274675
2018-05-22 01:40:14	本次不操作 eos_usdt
当前持仓为: 【现金】 0.000000, 【eos_usdt】 225.226358 个
2018-05-22 01:41:14	13.326120, 13.326120, 13.237200, 13.279700
2018-05-22 01:41:14	本次不操作 eos_usdt
当前持仓为: 【现金】 0.000000, 【eos_usdt】 225.226358 个
2018-05-22 01:42:15	13.322780, 13.326120, 13.219925, 13.265450
2018-05-22 01:42:15	本次不操作 eos_usdt
当前持仓为: 【现金】 0.000000, 【eos_usdt】 225.226358 个
2018-05-22 01:43:16	13.319440, 13.322780, 13.212825, 13.258350
2018-05-22 01:43:16	本次不操作 eos_usdt
当前持仓为: 【现金】 0.000000, 【eos_usdt】 225.226358 个
2018-05-22 01:44:17	13.316100, 13.319440, 13.203325, 13.248850
2018-05-22 01:44:17	本次不操作 eos_usdt
当前持仓为: 【现金】 0.000000, 【eos_usdt】 225.226358 个
2018-05-22 01:45:18	13.315980, 13.316100, 13.206200, 13.258650
2018-05-22 01:45:18	本次不操作 eos_usdt
当前持仓为: 【现金】 0.000000, 【eos_usdt】 225.226358 个
2018-05-22 01:46:18	13.315940, 13.315980, 13.212400, 13.259950
2018-05-22 01:46:18	本次不操作 eos_usdt
当前持仓为: 【现金】 0.000000, 【eos_usdt】 225.226358 个
2018-05-22 01:47:20	13.319240, 13.315940, 13.238125, 13.286975
2018-05-22 01:47:20	本次不操作 eos_usdt
当前持仓为: 【现金】 0.000000, 【eos_usdt】 225.226358 个
2018-05-22 01:48:21	13.322440, 13.319240, 13.236900, 13.286550
2018-05-22 01:48:21	本次不操作 eos_usdt
当前持仓为: 【现金】 0.000000, 【eos_usdt】 225.226358 个
2018-05-22 01:49:22	13.321780, 13.322440, 13.235400, 13.290250
2018-05-22 01:49:22	本次不操作 eos_usdt
当前持仓为: 【现金】 0.000000, 【eos_usdt】 225.226358 个
2018-05-22 01:50:22	13.321780, 13.321780, 13.246975, 13.301825
2018-05-22 01:50:22	本次不操作 eos_usdt
当前持仓为: 【现金】 0.000000, 【eos_usdt】 225.226358 个
2018-05-22 01:51:23	13.321660, 13.321780, 13.262000, 13.313150
2018-05-22 01:51:23	本次不操作 eos_usdt
当前持仓为: 【现金】 0.000000, 【eos_usdt】 225.226358 个
2018-05-22 01:52:24	13.317700, 13.321660, 13.258975, 13.313975
2018-05-22 01:52:24	本次不操作 eos_usdt
当前持仓为: 【现金】 0.000000, 【eos_usdt】 225.226358 个
2018-05-22 01:53:25	13.311840, 13.317700, 13.256250, 13.314700
2018-05-22 01:53:25	本次不操作 eos_usdt
当前持仓为: 【现金】 0.000000, 【eos_usdt】 225.226358 个
2018-05-22 01:54:25	13.307660, 13.311860, 13.250825, 13.312075
2018-05-22 01:54:25	取消买入【eos_usdt】动作，因为最近已经买入过
当前持仓为: 【现金】 0.000000, 【eos_usdt】 225.226358 个
2018-05-22 01:55:26	13.293820, 13.305840, 13.251450, 13.321500
2018-05-22 01:55:26	取消买入【eos_usdt】动作，因为最近已经买入过
当前持仓为: 【现金】 0.000000, 【eos_usdt】 225.226358 个
2018-05-22 01:56:27	13.271060, 13.293820, 13.238825, 13.317725
2018-05-22 01:56:27	取消买入【eos_usdt】动作，因为最近已经买入过
当前持仓为: 【现金】 0.000000, 【eos_usdt】 225.226358 个
2018-05-22 01:57:28	13.252140, 13.271060, 13.233650, 13.312325
2018-05-22 01:57:28	取消买入【eos_usdt】动作，因为最近已经买入过
当前持仓为: 【现金】 0.000000, 【eos_usdt】 225.226358 个
2018-05-22 01:58:29	13.235200, 13.252140, 13.232075, 13.311675
2018-05-22 01:58:29	取消买入【eos_usdt】动作，因为最近已经买入过
当前持仓为: 【现金】 0.000000, 【eos_usdt】 225.226358 个
2018-05-22 01:59:29	13.228660, 13.235200, 13.247000, 13.316375
2018-05-22 01:59:29	本次不操作 eos_usdt
当前持仓为: 【现金】 0.000000, 【eos_usdt】 225.226358 个
2018-05-22 02:00:30	13.221760, 13.228660, 13.240200, 13.317525
2018-05-22 02:00:30	本次不操作 eos_usdt
当前持仓为: 【现金】 0.000000, 【eos_usdt】 225.226358 个
2018-05-22 02:01:31	13.221760, 13.221760, 13.245275, 13.310725
2018-05-22 02:01:31	本次不操作 eos_usdt
当前持仓为: 【现金】 0.000000, 【eos_usdt】 225.226358 个
2018-05-22 02:02:31	13.223600, 13.221760, 13.232100, 13.291650
2018-05-22 02:02:31	本次不操作 eos_usdt
当前持仓为: 【现金】 0.000000, 【eos_usdt】 225.226358 个
2018-05-22 02:03:32	13.216160, 13.223600, 13.224700, 13.297000
2018-05-22 02:03:32	本次不操作 eos_usdt
当前持仓为: 【现金】 0.000000, 【eos_usdt】 225.226358 个
2018-05-22 02:04:33	13.215140, 13.216160, 13.234625, 13.286650
2018-05-22 02:04:33	本次不操作 eos_usdt
当前持仓为: 【现金】 0.000000, 【eos_usdt】 225.226358 个
2018-05-22 02:05:34	13.221440, 13.215140, 13.245850, 13.292750
2018-05-22 02:05:34	本次不操作 eos_usdt
当前持仓为: 【现金】 0.000000, 【eos_usdt】 225.226358 个
2018-05-22 02:06:34	13.217320, 13.221440, 13.222450, 13.278750
2018-05-22 02:06:34	本次不操作 eos_usdt
当前持仓为: 【现金】 0.000000, 【eos_usdt】 225.226358 个
2018-05-22 02:07:35	13.211360, 13.217320, 13.235525, 13.288775
2018-05-22 02:07:35	本次不操作 eos_usdt
当前持仓为: 【现金】 0.000000, 【eos_usdt】 225.226358 个
2018-05-22 02:08:36	13.214680, 13.210900, 13.229450, 13.288250
2018-05-22 02:08:36	本次不操作 eos_usdt
当前持仓为: 【现金】 0.000000, 【eos_usdt】 225.226358 个
2018-05-22 02:09:37	13.201300, 13.213720, 13.247450, 13.302475
2018-05-22 02:09:37	本次不操作 eos_usdt
当前持仓为: 【现金】 0.000000, 【eos_usdt】 225.226358 个
2018-05-22 02:10:37	13.189920, 13.201300, 13.258350, 13.310900
2018-05-22 02:10:37	本次不操作 eos_usdt
当前持仓为: 【现金】 0.000000, 【eos_usdt】 225.226358 个
2018-05-22 02:11:38	13.188860, 13.187780, 13.254425, 13.301925
2018-05-22 02:11:38	本次不操作 eos_usdt
当前持仓为: 【现金】 0.000000, 【eos_usdt】 225.226358 个
2018-05-22 02:12:39	13.188820, 13.188860, 13.253150, 13.304500
2018-05-22 02:12:39	本次不操作 eos_usdt
当前持仓为: 【现金】 0.000000, 【eos_usdt】 225.226358 个
2018-05-22 02:13:40	13.189600, 13.188820, 13.249025, 13.299950
2018-05-22 02:13:40	本次不操作 eos_usdt
当前持仓为: 【现金】 0.000000, 【eos_usdt】 225.226358 个
2018-05-22 02:14:41	13.193640, 13.189600, 13.245350, 13.292800
2018-05-22 02:14:41	本次不操作 eos_usdt
当前持仓为: 【现金】 0.000000, 【eos_usdt】 225.226358 个
2018-05-22 02:15:41	13.197820, 13.193640, 13.240450, 13.287900
2018-05-22 02:15:41	本次不操作 eos_usdt
当前持仓为: 【现金】 0.000000, 【eos_usdt】 225.226358 个
2018-05-22 02:16:42	13.197820, 13.197820, 13.235100, 13.270050
2018-05-22 02:16:42	本次不操作 eos_usdt
当前持仓为: 【现金】 0.000000, 【eos_usdt】 225.226358 个
2018-05-22 02:17:43	13.206900, 13.197820, 13.249475, 13.267275
2018-05-22 02:17:43	本次不操作 eos_usdt
当前持仓为: 【现金】 0.000000, 【eos_usdt】 225.226358 个
2018-05-22 02:18:44	13.216120, 13.206900, 13.256925, 13.275075
2018-05-22 02:18:44	本次不操作 eos_usdt
当前持仓为: 【现金】 0.000000, 【eos_usdt】 225.226358 个
2018-05-22 02:19:44	13.224080, 13.216120, 13.253625, 13.255975
2018-05-22 02:19:44	ERROR	('raw write() returned invalid length 166 (should have been between 0 and 100)',)
2018-05-22 02:20:48	13.230220, 13.224080, 13.252375, 13.254650
2018-05-22 02:20:48	本次不操作 eos_usdt
当前持仓为: 【现金】 0.000000, 【eos_usdt】 225.226358 个
2018-05-22 02:21:49	13.228960, 13.230220, 13.236475, 13.253000
2018-05-22 02:21:49	本次不操作 eos_usdt
当前持仓为: 【现金】 0.000000, 【eos_usdt】 225.226358 个
2018-05-22 02:22:50	13.230300, 13.228960, 13.246750, 13.252575
2018-05-22 02:22:50	本次不操作 eos_usdt
当前持仓为: 【现金】 0.000000, 【eos_usdt】 225.226358 个
2018-05-22 02:23:51	13.237440, 13.236100, 13.236975, 13.243000
2018-05-22 02:23:51	取消买入【eos_usdt】动作，因为最近已经买入过
当前持仓为: 【现金】 0.000000, 【eos_usdt】 225.226358 个
2018-05-22 02:24:52	13.238780, 13.237440, 13.238500, 13.254325
2018-05-22 02:24:52	取消买入【eos_usdt】动作，因为最近已经买入过
当前持仓为: 【现金】 0.000000, 【eos_usdt】 225.226358 个
2018-05-22 02:25:53	13.233540, 13.238780, 13.226600, 13.256325
2018-05-22 02:25:53	取消买入【eos_usdt】动作，因为最近已经买入过
当前持仓为: 【现金】 0.000000, 【eos_usdt】 225.226358 个
2018-05-22 02:26:53	13.221960, 13.233540, 13.216425, 13.245375
2018-05-22 02:26:53	取消买入【eos_usdt】动作，因为最近已经买入过
当前持仓为: 【现金】 0.000000, 【eos_usdt】 225.226358 个
2018-05-22 02:27:54	13.206620, 13.221960, 13.217075, 13.257075
2018-05-22 02:27:54	本次不操作 eos_usdt
当前持仓为: 【现金】 0.000000, 【eos_usdt】 225.226358 个
2018-05-22 02:28:55	13.191280, 13.206620, 13.210075, 13.250075
2018-05-22 02:28:55	本次不操作 eos_usdt
当前持仓为: 【现金】 0.000000, 【eos_usdt】 225.226358 个
2018-05-22 02:29:56	13.175940, 13.191280, 13.204975, 13.242575
2018-05-22 02:29:56	本次不操作 eos_usdt
当前持仓为: 【现金】 0.000000, 【eos_usdt】 225.226358 个
2018-05-22 02:30:57	13.174980, 13.175940, 13.202500, 13.237725
2018-05-22 02:30:57	本次不操作 eos_usdt
当前持仓为: 【现金】 0.000000, 【eos_usdt】 225.226358 个
2018-05-22 02:31:58	13.177600, 13.174980, 13.203000, 13.229825
2018-05-22 02:31:58	本次不操作 eos_usdt
当前持仓为: 【现金】 0.000000, 【eos_usdt】 225.226358 个
2018-05-22 02:32:59	13.181400, 13.177600, 13.207850, 13.228700
2018-05-22 02:32:59	本次不操作 eos_usdt
当前持仓为: 【现金】 0.000000, 【eos_usdt】 225.226358 个
2018-05-22 02:33:59	13.185000, 13.181400, 13.218150, 13.228675
2018-05-22 02:33:59	本次不操作 eos_usdt
当前持仓为: 【现金】 0.000000, 【eos_usdt】 225.226358 个
2018-05-22 02:35:00	13.188600, 13.185000, 13.214225, 13.232225
2018-05-22 02:35:00	本次不操作 eos_usdt
当前持仓为: 【现金】 0.000000, 【eos_usdt】 225.226358 个
2018-05-22 02:36:01	13.188400, 13.188600, 13.215300, 13.233300
2018-05-22 02:36:01	本次不操作 eos_usdt
当前持仓为: 【现金】 0.000000, 【eos_usdt】 225.226358 个
2018-05-22 02:37:02	13.185260, 13.188400, 13.209025, 13.238200
2018-05-22 02:37:02	本次不操作 eos_usdt
当前持仓为: 【现金】 0.000000, 【eos_usdt】 225.226358 个
2018-05-22 02:38:02	13.182120, 13.185260, 13.213325, 13.238300
2018-05-22 02:38:02	本次不操作 eos_usdt
当前持仓为: 【现金】 0.000000, 【eos_usdt】 225.226358 个
2018-05-22 02:39:03	13.182520, 13.182120, 13.215725, 13.239925
2018-05-22 02:39:03	本次不操作 eos_usdt
当前持仓为: 【现金】 0.000000, 【eos_usdt】 225.226358 个
2018-05-22 02:40:04	13.180920, 13.182520, 13.205950, 13.225575
2018-05-22 02:40:04	本次不操作 eos_usdt
当前持仓为: 【现金】 0.000000, 【eos_usdt】 225.226358 个
2018-05-22 02:41:04	13.179320, 13.180920, 13.217325, 13.232325
2018-05-22 02:41:04	本次不操作 eos_usdt
当前持仓为: 【现金】 0.000000, 【eos_usdt】 225.226358 个
2018-05-22 02:42:05	13.182380, 13.179320, 13.221425, 13.223250
2018-05-22 02:42:05	本次不操作 eos_usdt
当前持仓为: 【现金】 0.000000, 【eos_usdt】 225.226358 个
2018-05-22 02:43:06	13.186440, 13.183320, 13.215150, 13.212825
2018-05-22 02:43:06	本次不操作 eos_usdt
当前持仓为: 【现金】 0.000000, 【eos_usdt】 225.226358 个
2018-05-22 02:44:07	13.196860, 13.188660, 13.228575, 13.203325
2018-05-22 02:44:07	ERROR	('raw write() returned invalid length 166 (should have been between 0 and 100)',)
2018-05-22 02:45:10	13.209500, 13.198340, 13.233475, 13.206200
2018-05-22 02:45:10	本次不操作 eos_usdt
当前持仓为: 【现金】 0.000000, 【eos_usdt】 225.226358 个
2018-05-22 02:46:10	13.217320, 13.209500, 13.239825, 13.212400
2018-05-22 02:46:10	本次不操作 eos_usdt
当前持仓为: 【现金】 0.000000, 【eos_usdt】 225.226358 个
2018-05-22 02:47:11	13.225140, 13.217320, 13.250500, 13.238125
2018-05-22 02:47:11	本次不操作 eos_usdt
当前持仓为: 【现金】 0.000000, 【eos_usdt】 225.226358 个
2018-05-22 02:48:11	13.230960, 13.225140, 13.250325, 13.230550
2018-05-22 02:48:11	本次不操作 eos_usdt
当前持仓为: 【现金】 0.000000, 【eos_usdt】 225.226358 个
2018-05-22 02:49:13	13.224820, 13.228820, 13.245200, 13.228100
2018-05-22 02:49:14	ERROR	("can't multiply sequence by non-int of type 'float'",)
2018-05-22 02:50:17	13.221420, 13.224820, 13.259575, 13.246925
2018-05-22 02:50:17	本次不操作 eos_usdt
当前持仓为: 【现金】 0.000000, 【eos_usdt】 225.226358 个
2018-05-22 02:51:18	13.218620, 13.221420, 13.269575, 13.263300
2018-05-22 02:51:18	本次不操作 eos_usdt
当前持仓为: 【现金】 0.000000, 【eos_usdt】 225.226358 个
2018-05-22 02:52:18	13.215820, 13.218620, 13.252075, 13.248300
2018-05-22 02:52:18	本次不操作 eos_usdt
当前持仓为: 【现金】 0.000000, 【eos_usdt】 225.226358 个
2018-05-22 02:53:19	13.218120, 13.215820, 13.261325, 13.251350
2018-05-22 02:53:19	本次不操作 eos_usdt
当前持仓为: 【现金】 0.000000, 【eos_usdt】 225.226358 个
2018-05-22 02:54:20	13.211840, 13.218120, 13.252275, 13.250525
2018-05-22 02:54:20	本次不操作 eos_usdt
当前持仓为: 【现金】 0.000000, 【eos_usdt】 225.226358 个
2018-05-22 02:55:21	13.207340, 13.212340, 13.248525, 13.251450
2018-05-22 02:55:21	本次不操作 eos_usdt
当前持仓为: 【现金】 0.000000, 【eos_usdt】 225.226358 个
2018-05-22 02:56:22	13.201740, 13.207340, 13.242850, 13.238825
2018-05-22 02:56:22	本次不操作 eos_usdt
当前持仓为: 【现金】 0.000000, 【eos_usdt】 225.226358 个
2018-05-22 02:57:23	13.196140, 13.201740, 13.242925, 13.233650
2018-05-22 02:57:23	本次不操作 eos_usdt
当前持仓为: 【现金】 0.000000, 【eos_usdt】 225.226358 个
2018-05-22 02:58:23	13.194100, 13.199640, 13.248025, 13.232075
2018-05-22 02:58:23	本次不操作 eos_usdt
当前持仓为: 【现金】 0.000000, 【eos_usdt】 225.226358 个
2018-05-22 02:59:24	13.197600, 13.194100, 13.255800, 13.247000
2018-05-22 02:59:24	本次不操作 eos_usdt
当前持仓为: 【现金】 0.000000, 【eos_usdt】 225.226358 个
2018-05-22 03:00:24	13.198240, 13.196300, 13.243575, 13.240200
2018-05-22 03:00:24	本次不操作 eos_usdt
当前持仓为: 【现金】 0.000000, 【eos_usdt】 225.226358 个
2018-05-22 03:01:25	13.200180, 13.198240, 13.246975, 13.245275
2018-05-22 03:01:25	本次不操作 eos_usdt
当前持仓为: 【现金】 0.000000, 【eos_usdt】 225.226358 个
2018-05-22 03:02:26	13.198620, 13.200180, 13.236325, 13.232100
2018-05-22 03:02:26	本次不操作 eos_usdt
当前持仓为: 【现金】 0.000000, 【eos_usdt】 225.226358 个
2018-05-22 03:03:26	13.197060, 13.198620, 13.234975, 13.224700
2018-05-22 03:03:26	本次不操作 eos_usdt
当前持仓为: 【现金】 0.000000, 【eos_usdt】 225.226358 个
2018-05-22 03:04:27	13.196800, 13.197060, 13.251050, 13.234625
2018-05-22 03:04:27	本次不操作 eos_usdt
当前持仓为: 【现金】 0.000000, 【eos_usdt】 225.226358 个
2018-05-22 03:05:28	13.198360, 13.196800, 13.259625, 13.245850
2018-05-22 03:05:28	本次不操作 eos_usdt
当前持仓为: 【现金】 0.000000, 【eos_usdt】 225.226358 个
2018-05-22 03:06:28	13.199920, 13.198360, 13.231125, 13.222450
2018-05-22 03:06:28	本次不操作 eos_usdt
当前持仓为: 【现金】 0.000000, 【eos_usdt】 225.226358 个
2018-05-22 03:07:29	13.201800, 13.199920, 13.236625, 13.235525
2018-05-22 03:07:29	本次不操作 eos_usdt
当前持仓为: 【现金】 0.000000, 【eos_usdt】 225.226358 个
2018-05-22 03:08:30	13.203680, 13.201800, 13.228500, 13.229275
2018-05-22 03:08:30	本次不操作 eos_usdt
当前持仓为: 【现金】 0.000000, 【eos_usdt】 225.226358 个
2018-05-22 03:09:32	13.205560, 13.203680, 13.233275, 13.235350
2018-05-22 03:09:32	本次不操作 eos_usdt
当前持仓为: 【现金】 0.000000, 【eos_usdt】 225.226358 个
2018-05-22 03:10:32	13.205880, 13.205560, 13.240200, 13.258425
2018-05-22 03:10:32	本次不操作 eos_usdt
当前持仓为: 【现金】 0.000000, 【eos_usdt】 225.226358 个
2018-05-22 03:11:33	13.206200, 13.205880, 13.237075, 13.257700
2018-05-22 03:11:33	本次不操作 eos_usdt
当前持仓为: 【现金】 0.000000, 【eos_usdt】 225.226358 个
2018-05-22 03:12:33	13.208960, 13.206200, 13.235400, 13.253150
2018-05-22 03:12:33	本次不操作 eos_usdt
当前持仓为: 【现金】 0.000000, 【eos_usdt】 225.226358 个
2018-05-22 03:13:34	13.211720, 13.208960, 13.233700, 13.250875
2018-05-22 03:13:34	本次不操作 eos_usdt
当前持仓为: 【现金】 0.000000, 【eos_usdt】 225.226358 个
2018-05-22 03:14:34	13.220480, 13.211720, 13.242400, 13.245350
2018-05-22 03:14:34	本次不操作 eos_usdt
当前持仓为: 【现金】 0.000000, 【eos_usdt】 225.226358 个
2018-05-22 03:15:35	13.229240, 13.220480, 13.242375, 13.242675
2018-05-22 03:15:35	本次不操作 eos_usdt
当前持仓为: 【现金】 0.000000, 【eos_usdt】 225.226358 个
2018-05-22 03:16:36	13.240460, 13.231700, 13.235100, 13.235100
2018-05-22 03:16:36	ERROR	('raw write() returned invalid length 190 (should have been between 0 and 125)',)
2018-05-22 03:17:42	13.246460, 13.240460, 13.249475, 13.249475
2018-05-22 03:17:42	本次不操作 eos_usdt
当前持仓为: 【现金】 0.000000, 【eos_usdt】 225.226358 个
2018-05-22 03:18:42	13.250760, 13.246460, 13.250375, 13.256925
2018-05-22 03:18:42	取消买入【eos_usdt】动作，因为最近已经买入过
当前持仓为: 【现金】 0.000000, 【eos_usdt】 225.226358 个
2018-05-22 03:19:43	13.251520, 13.250760, 13.244575, 13.253625
2018-05-22 03:19:43	取消买入【eos_usdt】动作，因为最近已经买入过
当前持仓为: 【现金】 0.000000, 【eos_usdt】 225.226358 个
2018-05-22 03:20:44	13.252280, 13.251520, 13.243375, 13.252375
2018-05-22 03:20:44	取消买入【eos_usdt】动作，因为最近已经买入过
当前持仓为: 【现金】 0.000000, 【eos_usdt】 225.226358 个
2018-05-22 03:21:44	13.254280, 13.252280, 13.231500, 13.236475
2018-05-22 03:21:44	ERROR	('raw write() returned invalid length 4 (should have been between 0 and 2)',)
2018-05-22 03:22:50	13.256280, 13.254280, 13.242050, 13.246750
2018-05-22 03:22:50	本次不操作 eos_usdt
当前持仓为: 【现金】 0.000000, 【eos_usdt】 225.226358 个
2018-05-22 03:23:51	13.257520, 13.256280, 13.236950, 13.236975
2018-05-22 03:23:51	本次不操作 eos_usdt
当前持仓为: 【现金】 0.000000, 【eos_usdt】 225.226358 个
2018-05-22 03:24:51	13.258760, 13.257520, 13.238475, 13.238500
2018-05-22 03:24:51	本次不操作 eos_usdt
当前持仓为: 【现金】 0.000000, 【eos_usdt】 225.226358 个
2018-05-22 03:25:52	13.257520, 13.257520, 13.227550, 13.226600
2018-05-22 03:25:52	本次不操作 eos_usdt
当前持仓为: 【现金】 0.000000, 【eos_usdt】 225.226358 个
2018-05-22 03:26:52	13.250560, 13.254660, 13.221225, 13.216425
2018-05-22 03:26:52	本次不操作 eos_usdt
当前持仓为: 【现金】 0.000000, 【eos_usdt】 225.226358 个
2018-05-22 03:27:53	13.246460, 13.250560, 13.224375, 13.217075
2018-05-22 03:27:53	本次不操作 eos_usdt
当前持仓为: 【现金】 0.000000, 【eos_usdt】 225.226358 个
2018-05-22 03:28:54	13.239000, 13.246460, 13.213175, 13.210075
2018-05-22 03:28:54	本次不操作 eos_usdt
当前持仓为: 【现金】 0.000000, 【eos_usdt】 225.226358 个
2018-05-22 03:29:54	13.232780, 13.239000, 13.210650, 13.204975
2018-05-22 03:29:54	本次不操作 eos_usdt
当前持仓为: 【现金】 0.000000, 【eos_usdt】 225.226358 个
2018-05-22 03:30:55	13.230320, 13.232780, 13.209325, 13.202500
2018-05-22 03:30:55	本次不操作 eos_usdt
当前持仓为: 【现金】 0.000000, 【eos_usdt】 225.226358 个
2018-05-22 03:31:56	13.229100, 13.230320, 13.214200, 13.203000
2018-05-22 03:31:56	本次不操作 eos_usdt
当前持仓为: 【现金】 0.000000, 【eos_usdt】 225.226358 个
2018-05-22 03:32:56	13.227880, 13.229100, 13.219200, 13.207850
2018-05-22 03:32:56	本次不操作 eos_usdt
当前持仓为: 【现金】 0.000000, 【eos_usdt】 225.226358 个
2018-05-22 03:33:57	13.228640, 13.227880, 13.228400, 13.218150
2018-05-22 03:33:57	本次不操作 eos_usdt
当前持仓为: 【现金】 0.000000, 【eos_usdt】 225.226358 个
2018-05-22 03:34:58	13.221640, 13.228640, 13.214900, 13.214225
2018-05-22 03:34:58	本次不操作 eos_usdt
当前持仓为: 【现金】 0.000000, 【eos_usdt】 225.226358 个
2018-05-22 03:35:58	13.213740, 13.221640, 13.212225, 13.215300
2018-05-22 03:35:58	本次不操作 eos_usdt
当前持仓为: 【现金】 0.000000, 【eos_usdt】 225.226358 个
2018-05-22 03:36:59	13.213060, 13.213740, 13.218775, 13.209025
2018-05-22 03:36:59	ERROR	("can't multiply sequence by non-int of type 'float'",)
2018-05-22 03:38:05	13.212380, 13.213060, 13.223325, 13.213325
2018-05-22 03:38:05	本次不操作 eos_usdt
当前持仓为: 【现金】 0.000000, 【eos_usdt】 225.226358 个
2018-05-22 03:39:05	13.212920, 13.212380, 13.226775, 13.215725
2018-05-22 03:39:05	本次不操作 eos_usdt
当前持仓为: 【现金】 0.000000, 【eos_usdt】 225.226358 个
2018-05-22 03:40:06	13.229520, 13.221220, 13.218275, 13.206000
2018-05-22 03:40:06	本次不操作 eos_usdt
当前持仓为: 【现金】 0.000000, 【eos_usdt】 225.226358 个
2018-05-22 03:41:07	13.229520, 13.229520, 13.234800, 13.224725
2018-05-22 03:41:07	ERROR	("can't multiply sequence by non-int of type 'float'",)
2018-05-22 03:42:12	13.234280, 13.229520, 13.236050, 13.217425
2018-05-22 03:42:13	ERROR	("local variable 'total_pool' referenced before assignment",)
2018-05-22 03:43:19	13.242240, 13.234280, 13.240675, 13.217925
2018-05-22 03:43:19	本次不操作 eos_usdt
当前持仓为: 【现金】 0.000000, 【eos_usdt】 225.226358 个
2018-05-22 03:44:19	13.254300, 13.242240, 13.257800, 13.230425
2018-05-22 03:44:20	ERROR	("can't multiply sequence by non-int of type 'float'",)
2018-05-22 03:45:28	13.266440, 13.254300, 13.262250, 13.234800
2018-05-22 03:45:28	本次不操作 eos_usdt
当前持仓为: 【现金】 0.000000, 【eos_usdt】 225.226358 个
2018-05-22 03:46:28	13.278580, 13.266440, 13.267200, 13.239850
2018-05-22 03:46:28	本次不操作 eos_usdt
当前持仓为: 【现金】 0.000000, 【eos_usdt】 225.226358 个
2018-05-22 03:47:29	13.279820, 13.278580, 13.260500, 13.250500
2018-05-22 03:47:29	本次不操作 eos_usdt
当前持仓为: 【现金】 0.000000, 【eos_usdt】 225.226358 个
2018-05-22 03:48:29	13.277860, 13.279820, 13.257675, 13.251500
2018-05-22 03:48:29	ERROR	('raw write() returned invalid length 166 (should have been between 0 and 100)',)
2018-05-22 03:49:32	13.276960, 13.277860, 13.258800, 13.250025
2018-05-22 03:49:32	本次不操作 eos_usdt
当前持仓为: 【现金】 0.000000, 【eos_usdt】 225.226358 个
2018-05-22 03:50:33	13.275980, 13.276960, 13.268025, 13.259575
2018-05-22 03:50:33	本次不操作 eos_usdt
当前持仓为: 【现金】 0.000000, 【eos_usdt】 225.226358 个
2018-05-22 03:51:33	13.273700, 13.275980, 13.271950, 13.268025
2018-05-22 03:51:33	本次不操作 eos_usdt
当前持仓为: 【现金】 0.000000, 【eos_usdt】 225.226358 个
2018-05-22 03:52:34	13.277620, 13.273700, 13.267425, 13.262850
2018-05-22 03:52:34	本次不操作 eos_usdt
当前持仓为: 【现金】 0.000000, 【eos_usdt】 225.226358 个
2018-05-22 03:53:35	13.283620, 13.277620, 13.271825, 13.266825
2018-05-22 03:53:35	本次不操作 eos_usdt
当前持仓为: 【现金】 0.000000, 【eos_usdt】 225.226358 个
2018-05-22 03:54:35	13.284620, 13.283620, 13.255825, 13.250825
2018-05-22 03:54:35	本次不操作 eos_usdt
当前持仓为: 【现金】 0.000000, 【eos_usdt】 225.226358 个
2018-05-22 03:55:36	13.285840, 13.284840, 13.259300, 13.255950
2018-05-22 03:55:36	本次不操作 eos_usdt
当前持仓为: 【现金】 0.000000, 【eos_usdt】 225.226358 个
2018-05-22 03:56:36	13.287920, 13.285840, 13.246175, 13.243175
2018-05-22 03:56:36	本次不操作 eos_usdt
当前持仓为: 【现金】 0.000000, 【eos_usdt】 225.226358 个
2018-05-22 03:57:37	13.290000, 13.287920, 13.250550, 13.247200
2018-05-22 03:57:37	本次不操作 eos_usdt
当前持仓为: 【现金】 0.000000, 【eos_usdt】 225.226358 个
2018-05-22 03:58:38	13.290000, 13.290000, 13.250550, 13.247975
2018-05-22 03:58:38	本次不操作 eos_usdt
当前持仓为: 【现金】 0.000000, 【eos_usdt】 225.226358 个
2018-05-22 03:59:38	13.288000, 13.290000, 13.256325, 13.256250
2018-05-22 03:59:38	本次不操作 eos_usdt
当前持仓为: 【现金】 0.000000, 【eos_usdt】 225.226358 个
2018-05-22 04:00:39	13.286000, 13.288000, 13.248050, 13.245675
2018-05-22 04:00:39	本次不操作 eos_usdt
当前持仓为: 【现金】 0.000000, 【eos_usdt】 225.226358 个
2018-05-22 04:01:40	13.284000, 13.286000, 13.246250, 13.237675
2018-05-22 04:01:40	本次不操作 eos_usdt
当前持仓为: 【现金】 0.000000, 【eos_usdt】 225.226358 个
2018-05-22 04:02:40	13.282000, 13.284000, 13.251700, 13.242950
2018-05-22 04:02:40	本次不操作 eos_usdt
当前持仓为: 【现金】 0.000000, 【eos_usdt】 225.226358 个
2018-05-22 04:03:41	13.280000, 13.282000, 13.243150, 13.230675
2018-05-22 04:03:41	本次不操作 eos_usdt
当前持仓为: 【现金】 0.000000, 【eos_usdt】 225.226358 个
2018-05-22 04:04:42	13.280000, 13.280000, 13.260800, 13.253000
2018-05-22 04:04:42	本次不操作 eos_usdt
当前持仓为: 【现金】 0.000000, 【eos_usdt】 225.226358 个
2018-05-22 04:05:42	13.280000, 13.280000, 13.262000, 13.254300
2018-05-22 04:05:43	本次不操作 eos_usdt
当前持仓为: 【现金】 0.000000, 【eos_usdt】 225.226358 个
2018-05-22 04:06:43	13.282000, 13.280000, 13.248125, 13.233125
2018-05-22 04:06:43	本次不操作 eos_usdt
当前持仓为: 【现金】 0.000000, 【eos_usdt】 225.226358 个
2018-05-22 04:07:44	13.278500, 13.282000, 13.246625, 13.236000
2018-05-22 04:07:44	本次不操作 eos_usdt
当前持仓为: 【现金】 0.000000, 【eos_usdt】 225.226358 个
2018-05-22 04:08:44	13.275000, 13.278500, 13.245425, 13.227300
2018-05-22 04:08:44	本次不操作 eos_usdt
当前持仓为: 【现金】 0.000000, 【eos_usdt】 225.226358 个
2018-05-22 04:09:45	13.271500, 13.275000, 13.247175, 13.236500
2018-05-22 04:09:45	本次不操作 eos_usdt
当前持仓为: 【现金】 0.000000, 【eos_usdt】 225.226358 个
2018-05-22 04:10:45	13.271880, 13.271500, 13.253000, 13.237475
2018-05-22 04:10:45	本次不操作 eos_usdt
当前持仓为: 【现金】 0.000000, 【eos_usdt】 225.226358 个
2018-05-22 04:11:46	13.271880, 13.271880, 13.252275, 13.233475
2018-05-22 04:11:46	本次不操作 eos_usdt
当前持仓为: 【现金】 0.000000, 【eos_usdt】 225.226358 个
2018-05-22 04:12:47	13.277380, 13.271880, 13.254225, 13.235400
2018-05-22 04:12:47	ERROR	('raw write() returned invalid length 4 (should have been between 0 and 2)',)
2018-05-22 04:13:52	13.285480, 13.278000, 13.264200, 13.239225
2018-05-22 04:13:52	本次不操作 eos_usdt
当前持仓为: 【现金】 0.000000, 【eos_usdt】 225.226358 个
2018-05-22 04:14:53	13.292960, 13.285480, 13.268000, 13.242850
2018-05-22 04:14:53	本次不操作 eos_usdt
当前持仓为: 【现金】 0.000000, 【eos_usdt】 225.226358 个
2018-05-22 04:15:53	13.301760, 13.292960, 13.272300, 13.239675
2018-05-22 04:15:53	本次不操作 eos_usdt
当前持仓为: 【现金】 0.000000, 【eos_usdt】 225.226358 个
2018-05-22 04:16:54	13.309560, 13.301760, 13.272250, 13.239225
2018-05-22 04:16:54	本次不操作 eos_usdt
当前持仓为: 【现金】 0.000000, 【eos_usdt】 225.226358 个
2018-05-22 04:17:54	13.317420, 13.309560, 13.283225, 13.250375
2018-05-22 04:17:54	本次不操作 eos_usdt
当前持仓为: 【现金】 0.000000, 【eos_usdt】 225.226358 个
2018-05-22 04:18:55	13.323300, 13.317420, 13.283225, 13.250350
2018-05-22 04:18:55	本次不操作 eos_usdt
当前持仓为: 【现金】 0.000000, 【eos_usdt】 225.226358 个
2018-05-22 04:19:56	13.329180, 13.323300, 13.278800, 13.244575
2018-05-22 04:19:56	本次不操作 eos_usdt
当前持仓为: 【现金】 0.000000, 【eos_usdt】 225.226358 个
2018-05-22 04:20:56	13.329240, 13.329180, 13.273275, 13.236200
2018-05-22 04:20:56	本次不操作 eos_usdt
当前持仓为: 【现金】 0.000000, 【eos_usdt】 225.226358 个
2018-05-22 04:21:57	13.329300, 13.329240, 13.278800, 13.241475
2018-05-22 04:21:57	本次不操作 eos_usdt
当前持仓为: 【现金】 0.000000, 【eos_usdt】 225.226358 个
2018-05-22 04:22:57	13.325440, 13.329300, 13.277200, 13.238050
2018-05-22 04:22:57	本次不操作 eos_usdt
当前持仓为: 【现金】 0.000000, 【eos_usdt】 225.226358 个
2018-05-22 04:23:58	13.321580, 13.325440, 13.276925, 13.236950
2018-05-22 04:23:58	本次不操作 eos_usdt
当前持仓为: 【现金】 0.000000, 【eos_usdt】 225.226358 个
2018-05-22 04:24:59	13.321580, 13.321580, 13.280200, 13.236925
2018-05-22 04:24:59	本次不操作 eos_usdt
当前持仓为: 【现金】 0.000000, 【eos_usdt】 225.226358 个
2018-05-22 04:25:59	13.321580, 13.321580, 13.263400, 13.223975
2018-05-22 04:25:59	本次不操作 eos_usdt
当前持仓为: 【现金】 0.000000, 【eos_usdt】 225.226358 个
2018-05-22 04:27:00	13.321720, 13.321580, 13.266225, 13.221225
2018-05-22 04:27:00	本次不操作 eos_usdt
当前持仓为: 【现金】 0.000000, 【eos_usdt】 225.226358 个
2018-05-22 04:28:00	13.329720, 13.321720, 13.269575, 13.224375
2018-05-22 04:28:00	本次不操作 eos_usdt
当前持仓为: 【现金】 0.000000, 【eos_usdt】 225.226358 个
2018-05-22 04:29:01	13.328520, 13.329720, 13.249175, 13.213175
2018-05-22 04:29:01	本次不操作 eos_usdt
当前持仓为: 【现金】 0.000000, 【eos_usdt】 225.226358 个
2018-05-22 04:30:02	13.322360, 13.328520, 13.245300, 13.210650
2018-05-22 04:30:02	本次不操作 eos_usdt
当前持仓为: 【现金】 0.000000, 【eos_usdt】 225.226358 个
2018-05-22 04:31:02	13.315400, 13.322360, 13.250425, 13.209325
2018-05-22 04:31:02	本次不操作 eos_usdt
当前持仓为: 【现金】 0.000000, 【eos_usdt】 225.226358 个
2018-05-22 04:32:03	13.308300, 13.315400, 13.258150, 13.214200
2018-05-22 04:32:03	本次不操作 eos_usdt
当前持仓为: 【现金】 0.000000, 【eos_usdt】 225.226358 个
2018-05-22 04:33:03	13.297200, 13.308300, 13.258150, 13.219200
2018-05-22 04:33:03	本次不操作 eos_usdt
当前持仓为: 【现金】 0.000000, 【eos_usdt】 225.226358 个
2018-05-22 04:34:04	13.298960, 13.297200, 13.264325, 13.228400
2018-05-22 04:34:04	本次不操作 eos_usdt
当前持仓为: 【现金】 0.000000, 【eos_usdt】 225.226358 个
2018-05-22 04:35:04	13.301820, 13.298960, 13.254625, 13.214900
2018-05-22 04:35:04	本次不操作 eos_usdt
当前持仓为: 【现金】 0.000000, 【eos_usdt】 225.226358 个
2018-05-22 04:36:05	13.306380, 13.301820, 13.255750, 13.212225
2018-05-22 04:36:05	本次不操作 eos_usdt
当前持仓为: 【现金】 0.000000, 【eos_usdt】 225.226358 个
2018-05-22 04:37:05	13.312940, 13.307840, 13.263325, 13.218325
2018-05-22 04:37:05	本次不操作 eos_usdt
当前持仓为: 【现金】 0.000000, 【eos_usdt】 225.226358 个
2018-05-22 04:38:06	13.328040, 13.316940, 13.270825, 13.223325
2018-05-22 04:38:06	本次不操作 eos_usdt
当前持仓为: 【现金】 0.000000, 【eos_usdt】 225.226358 个
2018-05-22 04:39:06	13.345220, 13.330840, 13.283475, 13.226750
2018-05-22 04:39:06	本次不操作 eos_usdt
当前持仓为: 【现金】 0.000000, 【eos_usdt】 225.226358 个
2018-05-22 04:40:07	13.358140, 13.345220, 13.274450, 13.218275
2018-05-22 04:40:07	本次不操作 eos_usdt
当前持仓为: 【现金】 0.000000, 【eos_usdt】 225.226358 个
2018-05-22 04:41:07	13.371620, 13.358140, 13.283475, 13.234800
2018-05-22 04:41:07	本次不操作 eos_usdt
当前持仓为: 【现金】 0.000000, 【eos_usdt】 225.226358 个
2018-05-22 04:42:08	13.380560, 13.371620, 13.285450, 13.236050
2018-05-22 04:42:08	本次不操作 eos_usdt
当前持仓为: 【现金】 0.000000, 【eos_usdt】 225.226358 个
2018-05-22 04:43:09	13.384700, 13.380560, 13.291950, 13.240675
2018-05-22 04:43:09	本次不操作 eos_usdt
当前持仓为: 【现金】 0.000000, 【eos_usdt】 225.226358 个
2018-05-22 04:44:09	13.384700, 13.384700, 13.306475, 13.257800
2018-05-22 04:44:09	本次不操作 eos_usdt
当前持仓为: 【现金】 0.000000, 【eos_usdt】 225.226358 个
2018-05-22 04:45:10	13.384700, 13.384700, 13.303425, 13.260925
2018-05-22 04:45:10	本次不操作 eos_usdt
当前持仓为: 【现金】 0.000000, 【eos_usdt】 225.226358 个
2018-05-22 04:46:10	13.384700, 13.384700, 13.308375, 13.267200
2018-05-22 04:46:10	本次不操作 eos_usdt
当前持仓为: 【现金】 0.000000, 【eos_usdt】 225.226358 个
2018-05-22 04:47:11	13.384700, 13.384700, 13.300900, 13.260500
2018-05-22 04:47:11	本次不操作 eos_usdt
当前持仓为: 【现金】 0.000000, 【eos_usdt】 225.226358 个
2018-05-22 04:48:11	13.384700, 13.384700, 13.298100, 13.257675
2018-05-22 04:48:11	本次不操作 eos_usdt
当前持仓为: 【现金】 0.000000, 【eos_usdt】 225.226358 个
2018-05-22 04:49:11	13.384660, 13.384680, 13.299500, 13.258800
2018-05-22 04:49:11	本次不操作 eos_usdt
当前持仓为: 【现金】 0.000000, 【eos_usdt】 225.226358 个
2018-05-22 04:50:12	13.384640, 13.384660, 13.297925, 13.268025
2018-05-22 04:50:12	本次不操作 eos_usdt
当前持仓为: 【现金】 0.000000, 【eos_usdt】 225.226358 个
2018-05-22 04:51:12	13.384620, 13.384640, 13.303475, 13.273575
2018-05-22 04:51:12	本次不操作 eos_usdt
当前持仓为: 【现金】 0.000000, 【eos_usdt】 225.226358 个
2018-05-22 04:52:13	13.384600, 13.384620, 13.297325, 13.259175
2018-05-22 04:52:13	本次不操作 eos_usdt
当前持仓为: 【现金】 0.000000, 【eos_usdt】 225.226358 个
2018-05-22 04:53:13	13.384620, 13.384600, 13.298550, 13.268625
2018-05-22 04:53:13	ERROR	('raw write() returned invalid length 166 (should have been between 0 and 100)',)
2018-05-22 04:54:16	13.386400, 13.385320, 13.289250, 13.258325
2018-05-22 04:54:16	本次不操作 eos_usdt
当前持仓为: 【现金】 0.000000, 【eos_usdt】 225.226358 个
2018-05-22 04:55:16	13.387480, 13.386400, 13.281750, 13.254225
2018-05-22 04:55:16	本次不操作 eos_usdt
当前持仓为: 【现金】 0.000000, 【eos_usdt】 225.226358 个
2018-05-22 04:56:16	13.388560, 13.387480, 13.274250, 13.249800
2018-05-22 04:56:16	本次不操作 eos_usdt
当前持仓为: 【现金】 0.000000, 【eos_usdt】 225.226358 个
2018-05-22 04:57:17	13.388440, 13.388560, 13.269125, 13.246175
2018-05-22 04:57:17	本次不操作 eos_usdt
当前持仓为: 【现金】 0.000000, 【eos_usdt】 225.226358 个
2018-05-22 04:58:17	13.387600, 13.388440, 13.273500, 13.250550
2018-05-22 04:58:17	本次不操作 eos_usdt
当前持仓为: 【现金】 0.000000, 【eos_usdt】 225.226358 个
2018-05-22 04:59:18	13.386400, 13.387600, 13.278950, 13.256000
2018-05-22 04:59:18	本次不操作 eos_usdt
当前持仓为: 【现金】 0.000000, 【eos_usdt】 225.226358 个
2018-05-22 05:00:18	13.385200, 13.386400, 13.269050, 13.246075
2018-05-22 05:00:18	本次不操作 eos_usdt
当前持仓为: 【现金】 0.000000, 【eos_usdt】 225.226358 个
2018-05-22 05:01:19	13.384000, 13.385200, 13.269050, 13.258050
2018-05-22 05:01:19	本次不操作 eos_usdt
当前持仓为: 【现金】 0.000000, 【eos_usdt】 225.226358 个
2018-05-22 05:02:19	13.384000, 13.384000, 13.267700, 13.244900
2018-05-22 05:02:19	本次不操作 eos_usdt
当前持仓为: 【现金】 0.000000, 【eos_usdt】 225.226358 个
2018-05-22 05:03:20	13.384000, 13.384000, 13.262500, 13.246500
2018-05-22 05:03:20	本次不操作 eos_usdt
当前持仓为: 【现金】 0.000000, 【eos_usdt】 225.226358 个
2018-05-22 05:04:20	13.384000, 13.384000, 13.275700, 13.258825
2018-05-22 05:04:20	本次不操作 eos_usdt
当前持仓为: 【现金】 0.000000, 【eos_usdt】 225.226358 个
2018-05-22 05:05:21	13.384000, 13.384000, 13.278875, 13.262000
2018-05-22 05:05:21	本次不操作 eos_usdt
当前持仓为: 【现金】 0.000000, 【eos_usdt】 225.226358 个
2018-05-22 05:06:21	13.383800, 13.384000, 13.265600, 13.243600
2018-05-22 05:06:21	本次不操作 eos_usdt
当前持仓为: 【现金】 0.000000, 【eos_usdt】 225.226358 个
2018-05-22 05:07:21	13.383600, 13.383800, 13.261625, 13.246625
2018-05-22 05:07:21	本次不操作 eos_usdt
当前持仓为: 【现金】 0.000000, 【eos_usdt】 225.226358 个
2018-05-22 05:08:22	13.383400, 13.383600, 13.261625, 13.246625
2018-05-22 05:08:22	本次不操作 eos_usdt
当前持仓为: 【现金】 0.000000, 【eos_usdt】 225.226358 个
2018-05-22 05:09:22	13.386600, 13.383400, 13.262175, 13.243950
2018-05-22 05:09:22	本次不操作 eos_usdt
当前持仓为: 【现金】 0.000000, 【eos_usdt】 225.226358 个
2018-05-22 05:10:22	13.389800, 13.386600, 13.264675, 13.250875
2018-05-22 05:10:22	本次不操作 eos_usdt
当前持仓为: 【现金】 0.000000, 【eos_usdt】 225.226358 个
2018-05-22 05:11:23	13.393200, 13.389800, 13.274100, 13.255875
2018-05-22 05:11:23	本次不操作 eos_usdt
当前持仓为: 【现金】 0.000000, 【eos_usdt】 225.226358 个
2018-05-22 05:12:23	13.396600, 13.393200, 13.276150, 13.254225
2018-05-22 05:12:23	ERROR	('raw write() returned invalid length 166 (should have been between 0 and 100)',)
2018-05-22 05:13:26	13.400000, 13.396600, 13.275525, 13.253700
2018-05-22 05:13:26	本次不操作 eos_usdt
当前持仓为: 【现金】 0.000000, 【eos_usdt】 225.226358 个
2018-05-22 05:14:26	13.400020, 13.400000, 13.287550, 13.267525
2018-05-22 05:14:26	本次不操作 eos_usdt
当前持仓为: 【现金】 0.000000, 【eos_usdt】 225.226358 个
2018-05-22 05:15:27	13.400020, 13.400020, 13.294800, 13.274800
2018-05-22 05:15:27	本次不操作 eos_usdt
当前持仓为: 【现金】 0.000000, 【eos_usdt】 225.226358 个
2018-05-22 05:16:27	13.400020, 13.400020, 13.294800, 13.269800
2018-05-22 05:16:27	本次不操作 eos_usdt
当前持仓为: 【现金】 0.000000, 【eos_usdt】 225.226358 个
2018-05-22 05:17:28	13.400020, 13.400020, 13.304750, 13.282200
2018-05-22 05:17:28	本次不操作 eos_usdt
当前持仓为: 【现金】 0.000000, 【eos_usdt】 225.226358 个
2018-05-22 05:18:28	13.400020, 13.400020, 13.305775, 13.283225
2018-05-22 05:18:28	本次不操作 eos_usdt
当前持仓为: 【现金】 0.000000, 【eos_usdt】 225.226358 个
2018-05-22 05:19:29	13.400000, 13.400020, 13.305775, 13.283075
2018-05-22 05:19:29	本次不操作 eos_usdt
当前持仓为: 【现金】 0.000000, 【eos_usdt】 225.226358 个
2018-05-22 05:20:29	13.400000, 13.400000, 13.305400, 13.277925
2018-05-22 05:20:29	本次不操作 eos_usdt
当前持仓为: 【现金】 0.000000, 【eos_usdt】 225.226358 个
2018-05-22 05:21:30	13.400000, 13.400000, 13.294250, 13.267275
2018-05-22 05:21:30	本次不操作 eos_usdt
当前持仓为: 【现金】 0.000000, 【eos_usdt】 225.226358 个
2018-05-22 05:22:30	13.400040, 13.400000, 13.309050, 13.282025
2018-05-22 05:22:30	本次不操作 eos_usdt
当前持仓为: 【现金】 0.000000, 【eos_usdt】 225.226358 个
2018-05-22 05:23:30	13.400080, 13.400040, 13.304225, 13.285925
2018-05-22 05:23:30	本次不操作 eos_usdt
当前持仓为: 【现金】 0.000000, 【eos_usdt】 225.226358 个
2018-05-22 05:24:31	13.400120, 13.400080, 13.309050, 13.282025
2018-05-22 05:24:31	本次不操作 eos_usdt
当前持仓为: 【现金】 0.000000, 【eos_usdt】 225.226358 个
2018-05-22 05:25:31	13.401060, 13.400120, 13.299450, 13.271025
2018-05-22 05:25:31	本次不操作 eos_usdt
当前持仓为: 【现金】 0.000000, 【eos_usdt】 225.226358 个
2018-05-22 05:26:32	13.402000, 13.401060, 13.288375, 13.267075
2018-05-22 05:26:32	本次不操作 eos_usdt
当前持仓为: 【现金】 0.000000, 【eos_usdt】 225.226358 个
2018-05-22 05:27:32	13.403020, 13.402000, 13.291200, 13.269575
2018-05-22 05:27:32	本次不操作 eos_usdt
当前持仓为: 【现金】 0.000000, 【eos_usdt】 225.226358 个
2018-05-22 05:28:33	13.404040, 13.403020, 13.288825, 13.262500
2018-05-22 05:28:33	本次不操作 eos_usdt
当前持仓为: 【现金】 0.000000, 【eos_usdt】 225.226358 个
2018-05-22 05:29:33	13.405060, 13.404040, 13.274125, 13.245550
2018-05-22 05:29:33	本次不操作 eos_usdt
当前持仓为: 【现金】 0.000000, 【eos_usdt】 225.226358 个
2018-05-22 05:30:34	13.405180, 13.405060, 13.275625, 13.246800
2018-05-22 05:30:34	本次不操作 eos_usdt
当前持仓为: 【现金】 0.000000, 【eos_usdt】 225.226358 个
2018-05-22 05:31:34	13.406240, 13.405180, 13.274150, 13.244400
2018-05-22 05:31:34	本次不操作 eos_usdt
当前持仓为: 【现金】 0.000000, 【eos_usdt】 225.226358 个
2018-05-22 05:32:35	13.407180, 13.406240, 13.281725, 13.258150
2018-05-22 05:32:35	本次不操作 eos_usdt
当前持仓为: 【现金】 0.000000, 【eos_usdt】 225.226358 个
2018-05-22 05:33:35	13.408120, 13.407180, 13.266800, 13.246050
2018-05-22 05:33:35	本次不操作 eos_usdt
当前持仓为: 【现金】 0.000000, 【eos_usdt】 225.226358 个
2018-05-22 05:34:36	13.409060, 13.408120, 13.274625, 13.254425
2018-05-22 05:34:36	本次不操作 eos_usdt
当前持仓为: 【现金】 0.000000, 【eos_usdt】 225.226358 个
2018-05-22 05:35:36	13.409840, 13.409060, 13.275550, 13.255750
2018-05-22 05:35:36	本次不操作 eos_usdt
当前持仓为: 【现金】 0.000000, 【eos_usdt】 225.226358 个
2018-05-22 05:36:36	13.409680, 13.409840, 13.291800, 13.272000
2018-05-22 05:36:36	本次不操作 eos_usdt
当前持仓为: 【现金】 0.000000, 【eos_usdt】 225.226358 个
2018-05-22 05:37:37	13.409520, 13.409680, 13.290625, 13.270825
2018-05-22 05:37:37	本次不操作 eos_usdt
当前持仓为: 【现金】 0.000000, 【eos_usdt】 225.226358 个
2018-05-22 05:38:37	13.406980, 13.408680, 13.297175, 13.279300
2018-05-22 05:38:37	本次不操作 eos_usdt
当前持仓为: 【现金】 0.000000, 【eos_usdt】 225.226358 个
2018-05-22 05:39:38	13.405000, 13.406980, 13.298500, 13.276125
2018-05-22 05:39:38	本次不操作 eos_usdt
当前持仓为: 【现金】 0.000000, 【eos_usdt】 225.226358 个
2018-05-22 05:40:38	13.403920, 13.405960, 13.296550, 13.274450
2018-05-22 05:40:38	本次不操作 eos_usdt
当前持仓为: 【现金】 0.000000, 【eos_usdt】 225.226358 个
2018-05-22 05:41:39	13.398080, 13.403920, 13.295625, 13.283125
2018-05-22 05:41:39	本次不操作 eos_usdt
当前持仓为: 【现金】 0.000000, 【eos_usdt】 225.226358 个
2018-05-22 05:42:39	13.389880, 13.398080, 13.297850, 13.285175
2018-05-22 05:42:39	本次不操作 eos_usdt
当前持仓为: 【现金】 0.000000, 【eos_usdt】 225.226358 个
2018-05-22 05:43:40	13.377580, 13.389880, 13.306275, 13.299600
2018-05-22 05:43:40	本次不操作 eos_usdt
当前持仓为: 【现金】 0.000000, 【eos_usdt】 225.226358 个
2018-05-22 05:44:40	13.360900, 13.373880, 13.310825, 13.304150
2018-05-22 05:44:40	本次不操作 eos_usdt
当前持仓为: 【现金】 0.000000, 【eos_usdt】 225.226358 个
2018-05-22 05:45:41	13.349100, 13.360900, 13.310925, 13.308375
2018-05-22 05:45:41	本次不操作 eos_usdt
当前持仓为: 【现金】 0.000000, 【eos_usdt】 225.226358 个
2018-05-22 05:46:41	13.341100, 13.349100, 13.303450, 13.300900
2018-05-22 05:46:41	本次不操作 eos_usdt
当前持仓为: 【现金】 0.000000, 【eos_usdt】 225.226358 个
2018-05-22 05:47:42	13.336300, 13.341100, 13.303450, 13.300775
2018-05-22 05:47:42	本次不操作 eos_usdt
当前持仓为: 【现金】 0.000000, 【eos_usdt】 225.226358 个
2018-05-22 05:48:43	13.340000, 13.336300, 13.300750, 13.293250
2018-05-22 05:48:43	本次不操作 eos_usdt
当前持仓为: 【现金】 0.000000, 【eos_usdt】 225.226358 个
2018-05-22 05:49:43	13.340000, 13.340000, 13.307000, 13.299500
2018-05-22 05:49:43	本次不操作 eos_usdt
当前持仓为: 【现金】 0.000000, 【eos_usdt】 225.226358 个
2018-05-22 05:50:44	13.336200, 13.340000, 13.301425, 13.303475
2018-05-22 05:50:44	本次不操作 eos_usdt
当前持仓为: 【现金】 0.000000, 【eos_usdt】 225.226358 个
2018-05-22 05:51:44	13.332400, 13.336200, 13.300075, 13.302125
2018-05-22 05:51:44	ERROR	('raw write() returned invalid length 166 (should have been between 0 and 100)',)
2018-05-22 05:52:47	13.328600, 13.332400, 13.300100, 13.295325
2018-05-22 05:52:47	本次不操作 eos_usdt
当前持仓为: 【现金】 0.000000, 【eos_usdt】 225.226358 个
2018-05-22 05:53:48	13.324800, 13.328600, 13.308325, 13.303075
2018-05-22 05:53:48	ERROR	('raw write() returned invalid length 166 (should have been between 0 and 100)',)
2018-05-22 05:54:50	13.321000, 13.324800, 13.297025, 13.281775
2018-05-22 05:54:50	本次不操作 eos_usdt
当前持仓为: 【现金】 0.000000, 【eos_usdt】 225.226358 个
2018-05-22 05:55:51	13.320600, 13.320800, 13.296775, 13.284325
2018-05-22 05:55:51	本次不操作 eos_usdt
当前持仓为: 【现金】 0.000000, 【eos_usdt】 225.226358 个
2018-05-22 05:56:51	13.320400, 13.320600, 13.295275, 13.269125
2018-05-22 05:56:51	本次不操作 eos_usdt
当前持仓为: 【现金】 0.000000, 【eos_usdt】 225.226358 个
2018-05-22 05:57:52	13.320400, 13.320400, 13.299900, 13.273500
2018-05-22 05:57:52	本次不操作 eos_usdt
当前持仓为: 【现金】 0.000000, 【eos_usdt】 225.226358 个
2018-05-22 05:58:52	13.320400, 13.320400, 13.299900, 13.281450
2018-05-22 05:58:52	本次不操作 eos_usdt
当前持仓为: 【现金】 0.000000, 【eos_usdt】 225.226358 个
2018-05-22 05:59:52	13.320200, 13.320200, 13.295525, 13.269375
2018-05-22 05:59:52	本次不操作 eos_usdt
当前持仓为: 【现金】 0.000000, 【eos_usdt】 225.226358 个
2018-05-22 06:00:53	13.317720, 13.320200, 13.292100, 13.269050
2018-05-22 06:00:53	本次不操作 eos_usdt
当前持仓为: 【现金】 0.000000, 【eos_usdt】 225.226358 个
2018-05-22 06:01:53	13.315540, 13.317720, 13.292475, 13.269050
2018-05-22 06:01:53	本次不操作 eos_usdt
当前持仓为: 【现金】 0.000000, 【eos_usdt】 225.226358 个
2018-05-22 06:02:54	13.313240, 13.315540, 13.292575, 13.265200
2018-05-22 06:02:54	本次不操作 eos_usdt
当前持仓为: 【现金】 0.000000, 【eos_usdt】 225.226358 个
2018-05-22 06:03:54	13.310680, 13.313240, 13.292000, 13.259200
2018-05-22 06:03:54	本次不操作 eos_usdt
当前持仓为: 【现金】 0.000000, 【eos_usdt】 225.226358 个
2018-05-22 06:04:55	13.308680, 13.310680, 13.294650, 13.277675
2018-05-22 06:04:55	本次不操作 eos_usdt
当前持仓为: 【现金】 0.000000, 【eos_usdt】 225.226358 个
2018-05-22 06:05:55	13.306620, 13.308680, 13.291475, 13.265850
2018-05-22 06:05:55	本次不操作 eos_usdt
当前持仓为: 【现金】 0.000000, 【eos_usdt】 225.226358 个
2018-05-22 06:06:56	13.304240, 13.306620, 13.286825, 13.261225
2018-05-22 06:06:56	本次不操作 eos_usdt
当前持仓为: 【现金】 0.000000, 【eos_usdt】 225.226358 个
2018-05-22 06:07:56	13.300340, 13.304240, 13.285425, 13.261625
2018-05-22 06:07:56	ERROR	('raw write() returned invalid length 166 (should have been between 0 and 100)',)
2018-05-22 06:09:02	13.273600, 13.288680, 13.270875, 13.260425
2018-05-22 06:09:02	本次不操作 eos_usdt
当前持仓为: 【现金】 0.000000, 【eos_usdt】 225.226358 个
2018-05-22 06:10:02	13.266380, 13.273600, 13.285650, 13.264675
2018-05-22 06:10:03	ERROR	("can't multiply sequence by non-int of type 'float'",)
2018-05-22 06:11:08	13.260300, 13.264980, 13.292525, 13.271550
2018-05-22 06:11:08	本次不操作 eos_usdt
当前持仓为: 【现金】 0.000000, 【eos_usdt】 225.226358 个
2018-05-22 06:12:09	13.257320, 13.260300, 13.296275, 13.276425
2018-05-22 06:12:09	本次不操作 eos_usdt
当前持仓为: 【现金】 0.000000, 【eos_usdt】 225.226358 个
2018-05-22 06:13:09	13.266940, 13.257320, 13.297500, 13.275950
2018-05-22 06:13:09	本次不操作 eos_usdt
当前持仓为: 【现金】 0.000000, 【eos_usdt】 225.226358 个
2018-05-22 06:14:10	13.275600, 13.266940, 13.306275, 13.287500
2018-05-22 06:14:10	本次不操作 eos_usdt
当前持仓为: 【现金】 0.000000, 【eos_usdt】 225.226358 个
2018-05-22 06:15:10	13.274820, 13.275600, 13.304975, 13.287525
2018-05-22 06:15:10	本次不操作 eos_usdt
当前持仓为: 【现金】 0.000000, 【eos_usdt】 225.226358 个
2018-05-22 06:16:11	13.274520, 13.274820, 13.312850, 13.294800
2018-05-22 06:16:11	本次不操作 eos_usdt
当前持仓为: 【现金】 0.000000, 【eos_usdt】 225.226358 个
2018-05-22 06:17:12	13.273060, 13.274060, 13.312275, 13.304750
2018-05-22 06:17:12	本次不操作 eos_usdt
当前持仓为: 【现金】 0.000000, 【eos_usdt】 225.226358 个
2018-05-22 06:18:12	13.271040, 13.273040, 13.313275, 13.305775
2018-05-22 06:18:12	本次不操作 eos_usdt
当前持仓为: 【现金】 0.000000, 【eos_usdt】 225.226358 个
2018-05-22 06:19:13	13.270120, 13.271040, 13.313400, 13.305775
2018-05-22 06:19:13	本次不操作 eos_usdt
当前持仓为: 【现金】 0.000000, 【eos_usdt】 225.226358 个
2018-05-22 06:20:13	13.270220, 13.270120, 13.313400, 13.305775
2018-05-22 06:20:13	本次不操作 eos_usdt
当前持仓为: 【现金】 0.000000, 【eos_usdt】 225.226358 个
2018-05-22 06:21:14	13.273340, 13.271740, 13.315300, 13.293275
2018-05-22 06:21:14	本次不操作 eos_usdt
当前持仓为: 【现金】 0.000000, 【eos_usdt】 225.226358 个
2018-05-22 06:22:14	13.275060, 13.273060, 13.317325, 13.309000
2018-05-22 06:22:14	本次不操作 eos_usdt
当前持仓为: 【现金】 0.000000, 【eos_usdt】 225.226358 个
2018-05-22 06:23:15	13.277060, 13.275060, 13.312550, 13.304225
2018-05-22 06:23:15	本次不操作 eos_usdt
当前持仓为: 【现金】 0.000000, 【eos_usdt】 225.226358 个
2018-05-22 06:24:15	13.278960, 13.277060, 13.315050, 13.306725
2018-05-22 06:24:15	本次不操作 eos_usdt
当前持仓为: 【现金】 0.000000, 【eos_usdt】 225.226358 个
2018-05-22 06:25:16	13.279280, 13.278960, 13.315750, 13.307500
2018-05-22 06:25:16	本次不操作 eos_usdt
当前持仓为: 【现金】 0.000000, 【eos_usdt】 225.226358 个
2018-05-22 06:26:17	13.279880, 13.279280, 13.313300, 13.288400
2018-05-22 06:26:17	本次不操作 eos_usdt
当前持仓为: 【现金】 0.000000, 【eos_usdt】 225.226358 个
2018-05-22 06:27:17	13.279820, 13.279880, 13.318625, 13.292675
2018-05-22 06:27:17	本次不操作 eos_usdt
当前持仓为: 【现金】 0.000000, 【eos_usdt】 225.226358 个
2018-05-22 06:28:18	13.279760, 13.279820, 13.318625, 13.291200
2018-05-22 06:28:18	本次不操作 eos_usdt
当前持仓为: 【现金】 0.000000, 【eos_usdt】 225.226358 个
2018-05-22 06:29:19	13.279700, 13.279760, 13.301900, 13.274475
2018-05-22 06:29:19	ERROR	("local variable 'total_pool' referenced before assignment",)
2018-05-22 06:30:24	13.281820, 13.280760, 13.301875, 13.275625
2018-05-22 06:30:25	ERROR	("can't multiply sequence by non-int of type 'float'",)
2018-05-22 06:31:29	13.285560, 13.281820, 13.301500, 13.274150
2018-05-22 06:31:30	ERROR	("local variable 'total_pool' referenced before assignment",)
2018-05-22 06:32:35	13.285940, 13.285560, 13.304875, 13.281725
2018-05-22 06:32:35	ERROR	("can't multiply sequence by non-int of type 'float'",)
2018-05-22 06:33:41	13.286000, 13.282280, 13.307325, 13.276075
2018-05-22 06:33:41	ERROR	("can't multiply sequence by non-int of type 'float'",)
2018-05-22 06:34:46	13.287480, 13.286000, 13.300725, 13.274625
2018-05-22 06:34:47	ERROR	("can't multiply sequence by non-int of type 'float'",)
2018-05-22 06:35:52	13.296220, 13.294960, 13.304725, 13.275550
2018-05-22 06:35:52	ERROR	("can't multiply sequence by non-int of type 'float'",)
2018-05-22 06:37:07	ERROR	(10065, '套接字操作尝试一个无法连接的主机。', None, 10065, None)
2018-05-22 06:38:07	ERROR	(11001, 'getaddrinfo failed')
2018-05-22 06:39:02	13.301200, 13.300860, 13.328475, 13.300975
2018-05-22 06:39:02	本次不操作 eos_usdt
当前持仓为: 【现金】 0.000000, 【eos_usdt】 225.226358 个
2018-05-22 06:40:03	13.301580, 13.301200, 13.330000, 13.296800
2018-05-22 06:40:03	ERROR	("can't multiply sequence by non-int of type 'float'",)
2018-05-22 06:41:06	13.303220, 13.301820, 13.327175, 13.297175
2018-05-22 06:41:06	ERROR	("can't multiply sequence by non-int of type 'float'",)
2018-05-22 06:42:10	13.305160, 13.303220, 13.328125, 13.298125
2018-05-22 06:42:10	ERROR	("can't multiply sequence by non-int of type 'float'",)
2018-05-22 06:43:13	13.309660, 13.305160, 13.331375, 13.301125
2018-05-22 06:43:13	ERROR	("can't multiply sequence by non-int of type 'float'",)
2018-05-22 06:44:16	13.315940, 13.309780, 13.336250, 13.311000
2018-05-22 06:44:16	本次不操作 eos_usdt
当前持仓为: 【现金】 0.000000, 【eos_usdt】 225.226358 个
2018-05-22 06:45:17	13.320640, 13.315940, 13.336350, 13.310925
2018-05-22 06:45:17	ERROR	("can't multiply sequence by non-int of type 'float'",)
2018-05-22 06:46:23	13.322640, 13.320640, 13.333650, 13.310925
2018-05-22 06:46:23	ERROR	("can't multiply sequence by non-int of type 'float'",)
2018-05-22 06:47:29	13.324640, 13.322640, 13.326175, 13.303450
2018-05-22 06:47:29	ERROR	("can't multiply sequence by non-int of type 'float'",)
2018-05-22 06:48:34	13.326460, 13.326780, 13.326150, 13.300750
2018-05-22 06:48:34	本次不操作 eos_usdt
当前持仓为: 【现金】 0.000000, 【eos_usdt】 225.226358 个
2018-05-22 06:49:35	13.324300, 13.326460, 13.332400, 13.307000
2018-05-22 06:49:35	ERROR	("can't multiply sequence by non-int of type 'float'",)
2018-05-22 06:50:41	13.320160, 13.324300, 13.325175, 13.301425
2018-05-22 06:50:41	ERROR	("can't multiply sequence by non-int of type 'float'",)
2018-05-22 06:51:44	13.317420, 13.320160, 13.325550, 13.300075
2018-05-22 06:51:45	ERROR	("can't multiply sequence by non-int of type 'float'",)
2018-05-22 06:52:48	13.320380, 13.318020, 13.329275, 13.300100
2018-05-22 06:52:48	ERROR	("can't multiply sequence by non-int of type 'float'",)
2018-05-22 06:53:51	13.322740, 13.320380, 13.333200, 13.297900
2018-05-22 06:53:51	ERROR	("can't multiply sequence by non-int of type 'float'",)
2018-05-22 06:54:54	13.324900, 13.322640, 13.332825, 13.296775
2018-05-22 06:54:54	ERROR	("can't multiply sequence by non-int of type 'float'",)
2018-05-22 06:55:57	13.333860, 13.324900, 13.338725, 13.296775
2018-05-22 06:55:57	ERROR	("can't multiply sequence by non-int of type 'float'",)
2018-05-22 06:57:01	13.340840, 13.336020, 13.337225, 13.295275
2018-05-22 06:57:01	本次不操作 eos_usdt
当前持仓为: 【现金】 0.000000, 【eos_usdt】 225.226358 个
2018-05-22 06:58:01	13.345460, 13.340840, 13.337475, 13.299900
2018-05-22 06:58:01	本次不操作 eos_usdt
当前持仓为: 【现金】 0.000000, 【eos_usdt】 225.226358 个
2018-05-22 06:59:02	13.350180, 13.345460, 13.334725, 13.297150
2018-05-22 06:59:02	本次不操作 eos_usdt
当前持仓为: 【现金】 0.000000, 【eos_usdt】 225.226358 个
2018-05-22 07:00:02	13.361760, 13.353880, 13.338675, 13.295200
2018-05-22 07:00:02	本次不操作 eos_usdt
当前持仓为: 【现金】 0.000000, 【eos_usdt】 225.226358 个
2018-05-22 07:01:03	13.366780, 13.361760, 13.338275, 13.292475
2018-05-22 07:01:03	本次不操作 eos_usdt
当前持仓为: 【现金】 0.000000, 【eos_usdt】 225.226358 个
2018-05-22 07:02:04	13.378860, 13.366780, 13.347100, 13.292475
2018-05-22 07:02:04	本次不操作 eos_usdt
当前持仓为: 【现金】 0.000000, 【eos_usdt】 225.226358 个
2018-05-22 07:03:05	13.387660, 13.377220, 13.344675, 13.292100
2018-05-22 07:03:05	本次不操作 eos_usdt
当前持仓为: 【现金】 0.000000, 【eos_usdt】 225.226358 个
2018-05-22 07:04:05	13.390980, 13.387660, 13.340600, 13.292300
2018-05-22 07:04:05	本次不操作 eos_usdt
当前持仓为: 【现金】 0.000000, 【eos_usdt】 225.226358 个
2018-05-22 07:05:06	13.396440, 13.390980, 13.343000, 13.294650
2018-05-22 07:05:06	本次不操作 eos_usdt
当前持仓为: 【现金】 0.000000, 【eos_usdt】 225.226358 个
2018-05-22 07:06:07	13.397380, 13.396440, 13.340500, 13.295475
2018-05-22 07:06:07	本次不操作 eos_usdt
当前持仓为: 【现金】 0.000000, 【eos_usdt】 225.226358 个
2018-05-22 07:07:07	13.391960, 13.397380, 13.328875, 13.285425
2018-05-22 07:07:07	本次不操作 eos_usdt
当前持仓为: 【现金】 0.000000, 【eos_usdt】 225.226358 个
2018-05-22 07:08:08	13.386580, 13.391980, 13.314375, 13.270900
2018-05-22 07:08:08	本次不操作 eos_usdt
当前持仓为: 【现金】 0.000000, 【eos_usdt】 225.226358 个
2018-05-22 07:09:08	13.391340, 13.386580, 13.327025, 13.275125
2018-05-22 07:09:08	本次不操作 eos_usdt
当前持仓为: 【现金】 0.000000, 【eos_usdt】 225.226358 个
2018-05-22 07:10:09	13.392340, 13.391340, 13.334850, 13.285650
2018-05-22 07:10:09	本次不操作 eos_usdt
当前持仓为: 【现金】 0.000000, 【eos_usdt】 225.226358 个
2018-05-22 07:11:10	13.397000, 13.392340, 13.342975, 13.292525
2018-05-22 07:11:10	本次不操作 eos_usdt
当前持仓为: 【现金】 0.000000, 【eos_usdt】 225.226358 个
2018-05-22 07:12:10	13.402580, 13.397000, 13.343275, 13.296275
2018-05-22 07:12:10	本次不操作 eos_usdt
当前持仓为: 【现金】 0.000000, 【eos_usdt】 225.226358 个
2018-05-22 07:13:11	13.408780, 13.402580, 13.345275, 13.297500
2018-05-22 07:13:11	本次不操作 eos_usdt
当前持仓为: 【现金】 0.000000, 【eos_usdt】 225.226358 个
2018-05-22 07:14:11	13.408240, 13.408780, 13.346550, 13.306275
2018-05-22 07:14:11	本次不操作 eos_usdt
当前持仓为: 【现金】 0.000000, 【eos_usdt】 225.226358 个
2018-05-22 07:15:12	13.409800, 13.408240, 13.345175, 13.304975
2018-05-22 07:15:12	本次不操作 eos_usdt
当前持仓为: 【现金】 0.000000, 【eos_usdt】 225.226358 个
2018-05-22 07:16:13	13.410680, 13.409800, 13.352875, 13.312275
2018-05-22 07:16:13	ERROR	('raw write() returned invalid length 166 (should have been between 0 and 100)',)
