2018-05-24 00:00:16	10.864680, 10.858400, 11.279875, 11.405025
2018-05-24 00:00:16	本次不操作 eos_usdt
当前持仓为: 【现金】 2738.558672, 【eos_usdt】 0.000000 个
2018-05-24 00:01:21	10.876920, 10.863020, 11.286200, 11.410250
2018-05-24 00:01:21	本次不操作 eos_usdt
当前持仓为: 【现金】 2738.558672, 【eos_usdt】 0.000000 个
2018-05-24 00:02:28	10.862920, 10.876920, 11.268850, 11.418675
2018-05-24 00:02:28	本次不操作 eos_usdt
当前持仓为: 【现金】 2738.558672, 【eos_usdt】 0.000000 个
2018-05-24 00:03:30	10.838420, 10.859300, 11.244650, 11.404700
2018-05-24 00:03:30	本次不操作 eos_usdt
当前持仓为: 【现金】 2738.558672, 【eos_usdt】 0.000000 个
2018-05-24 00:04:43	10.811960, 10.841100, 11.237825, 11.407575
2018-05-24 00:04:43	本次不操作 eos_usdt
当前持仓为: 【现金】 2738.558672, 【eos_usdt】 0.000000 个
2018-05-24 00:05:45	10.770460, 10.813340, 11.226825, 11.407700
2018-05-24 00:05:45	本次不操作 eos_usdt
当前持仓为: 【现金】 2738.558672, 【eos_usdt】 0.000000 个
2018-05-24 00:06:48	10.724480, 10.770480, 11.220525, 11.410525
2018-05-24 00:06:48	本次不操作 eos_usdt
当前持仓为: 【现金】 2738.558672, 【eos_usdt】 0.000000 个
2018-05-24 00:07:53	10.688440, 10.724480, 11.198225, 11.400600
2018-05-24 00:07:53	本次不操作 eos_usdt
当前持仓为: 【现金】 2738.558672, 【eos_usdt】 0.000000 个
2018-05-24 00:08:58	10.640500, 10.688440, 11.190000, 11.399950
2018-05-24 00:08:58	本次不操作 eos_usdt
当前持仓为: 【现金】 2738.558672, 【eos_usdt】 0.000000 个
2018-05-24 00:10:00	10.591680, 10.624080, 11.201000, 11.424500
2018-05-24 00:10:00	本次不操作 eos_usdt
当前持仓为: 【现金】 2738.558672, 【eos_usdt】 0.000000 个
2018-05-24 00:11:02	10.589540, 10.591680, 11.232150, 11.420025
2018-05-24 00:11:02	本次不操作 eos_usdt
当前持仓为: 【现金】 2738.558672, 【eos_usdt】 0.000000 个
2018-05-24 00:12:05	10.588960, 10.589540, 11.217025, 11.417550
2018-05-24 00:12:05	本次不操作 eos_usdt
当前持仓为: 【现金】 2738.558672, 【eos_usdt】 0.000000 个
2018-05-24 00:13:08	10.594960, 10.588960, 11.209825, 11.417475
2018-05-24 00:13:08	本次不操作 eos_usdt
当前持仓为: 【现金】 2738.558672, 【eos_usdt】 0.000000 个
2018-05-24 00:14:16	10.611420, 10.594400, 11.200100, 11.388500
2018-05-24 00:14:16	本次不操作 eos_usdt
当前持仓为: 【现金】 2738.558672, 【eos_usdt】 0.000000 个
2018-05-24 00:15:18	10.623200, 10.613580, 11.201550, 11.394550
2018-05-24 00:15:18	本次不操作 eos_usdt
当前持仓为: 【现金】 2738.558672, 【eos_usdt】 0.000000 个
2018-05-24 00:16:33	10.590000, 10.615420, 11.168875, 11.376750
2018-05-24 00:16:33	本次不操作 eos_usdt
当前持仓为: 【现金】 2738.558672, 【eos_usdt】 0.000000 个
2018-05-24 00:17:35	10.573940, 10.590000, 11.179450, 11.377350
2018-05-24 00:17:35	本次不操作 eos_usdt
当前持仓为: 【现金】 2738.558672, 【eos_usdt】 0.000000 个
2018-05-24 00:18:37	10.556520, 10.573940, 11.162325, 11.362300
2018-05-24 00:18:37	本次不操作 eos_usdt
当前持仓为: 【现金】 2738.558672, 【eos_usdt】 0.000000 个
2018-05-24 00:19:38	10.550180, 10.556520, 11.166025, 11.351450
2018-05-24 00:19:38	本次不操作 eos_usdt
当前持仓为: 【现金】 2738.558672, 【eos_usdt】 0.000000 个
2018-05-24 00:20:40	10.568180, 10.550180, 11.177650, 11.357650
2018-05-24 00:20:40	本次不操作 eos_usdt
当前持仓为: 【现金】 2738.558672, 【eos_usdt】 0.000000 个
2018-05-24 00:21:42	10.589620, 10.568180, 11.182950, 11.375425
2018-05-24 00:21:42	本次不操作 eos_usdt
当前持仓为: 【现金】 2738.558672, 【eos_usdt】 0.000000 个
2018-05-24 00:22:44	10.611680, 10.589620, 11.180275, 11.355450
2018-05-24 00:22:44	本次不操作 eos_usdt
当前持仓为: 【现金】 2738.558672, 【eos_usdt】 0.000000 个
2018-05-24 00:23:48	10.655220, 10.623320, 11.171725, 11.334375
2018-05-24 00:23:48	本次不操作 eos_usdt
当前持仓为: 【现金】 2738.558672, 【eos_usdt】 0.000000 个
2018-05-24 00:24:49	10.662040, 10.655220, 11.155025, 11.332525
2018-05-24 00:24:49	本次不操作 eos_usdt
当前持仓为: 【现金】 2738.558672, 【eos_usdt】 0.000000 个
2018-05-24 00:26:01	10.668600, 10.655620, 11.161475, 11.330650
2018-05-24 00:26:01	本次不操作 eos_usdt
当前持仓为: 【现金】 2738.558672, 【eos_usdt】 0.000000 个
2018-05-24 00:27:07	10.701740, 10.674360, 11.188425, 11.329375
2018-05-24 00:27:07	本次不操作 eos_usdt
当前持仓为: 【现金】 2738.558672, 【eos_usdt】 0.000000 个
2018-05-24 00:28:18	10.714740, 10.697880, 11.190700, 11.331400
2018-05-24 00:28:18	本次不操作 eos_usdt
当前持仓为: 【现金】 2738.558672, 【eos_usdt】 0.000000 个
2018-05-24 00:29:23	10.733400, 10.714740, 11.177825, 11.319650
2018-05-24 00:29:23	本次不操作 eos_usdt
当前持仓为: 【现金】 2738.558672, 【eos_usdt】 0.000000 个
2018-05-24 00:30:26	10.757680, 10.733400, 11.178000, 11.323000
2018-05-24 00:30:26	本次不操作 eos_usdt
当前持仓为: 【现金】 2738.558672, 【eos_usdt】 0.000000 个
2018-05-24 00:31:29	10.767760, 10.757680, 11.173075, 11.326125
2018-05-24 00:31:29	本次不操作 eos_usdt
当前持仓为: 【现金】 2738.558672, 【eos_usdt】 0.000000 个
2018-05-24 00:32:44	10.757100, 10.764740, 11.162025, 11.323650
2018-05-24 00:32:44	本次不操作 eos_usdt
当前持仓为: 【现金】 2738.558672, 【eos_usdt】 0.000000 个
2018-05-24 00:33:49	10.745760, 10.750840, 11.170525, 11.330150
2018-05-24 00:33:49	本次不操作 eos_usdt
当前持仓为: 【现金】 2738.558672, 【eos_usdt】 0.000000 个
2018-05-24 00:34:50	10.741880, 10.745760, 11.172700, 11.332750
2018-05-24 00:34:50	本次不操作 eos_usdt
当前持仓为: 【现金】 2738.558672, 【eos_usdt】 0.000000 个
2018-05-24 00:36:02	10.739280, 10.741980, 11.170775, 11.329300
2018-05-24 00:36:02	本次不操作 eos_usdt
当前持仓为: 【现金】 2738.558672, 【eos_usdt】 0.000000 个
2018-05-24 00:37:07	10.741220, 10.734020, 11.167000, 11.334250
2018-05-24 00:37:07	本次不操作 eos_usdt
当前持仓为: 【现金】 2738.558672, 【eos_usdt】 0.000000 个
2018-05-24 00:38:12	10.740980, 10.741220, 11.151075, 11.318125
2018-05-24 00:38:12	本次不操作 eos_usdt
当前持仓为: 【现金】 2738.558672, 【eos_usdt】 0.000000 个
2018-05-24 00:39:24	10.740440, 10.737940, 11.150150, 11.317450
2018-05-24 00:39:24	本次不操作 eos_usdt
当前持仓为: 【现金】 2738.558672, 【eos_usdt】 0.000000 个
2018-05-24 00:40:36	10.747080, 10.747140, 11.140225, 11.314100
2018-05-24 00:40:36	本次不操作 eos_usdt
当前持仓为: 【现金】 2738.558672, 【eos_usdt】 0.000000 个
2018-05-24 00:41:38	10.753080, 10.747080, 11.135850, 11.303375
2018-05-24 00:41:38	本次不操作 eos_usdt
当前持仓为: 【现金】 2738.558672, 【eos_usdt】 0.000000 个
2018-05-24 00:42:39	10.765040, 10.753080, 11.129125, 11.299150
2018-05-24 00:42:39	本次不操作 eos_usdt
当前持仓为: 【现金】 2738.558672, 【eos_usdt】 0.000000 个
2018-05-24 00:43:44	10.768440, 10.764960, 11.121800, 11.292425
2018-05-24 00:43:44	本次不操作 eos_usdt
当前持仓为: 【现金】 2738.558672, 【eos_usdt】 0.000000 个
2018-05-24 00:44:57	10.765060, 10.767580, 11.110450, 11.290200
2018-05-24 00:44:57	本次不操作 eos_usdt
当前持仓为: 【现金】 2738.558672, 【eos_usdt】 0.000000 个
2018-05-24 00:46:02	10.767600, 10.762980, 11.125450, 11.290950
2018-05-24 00:46:02	本次不操作 eos_usdt
当前持仓为: 【现金】 2738.558672, 【eos_usdt】 0.000000 个
2018-05-24 00:47:05	10.785080, 10.767600, 11.126525, 11.278000
2018-05-24 00:47:05	本次不操作 eos_usdt
当前持仓为: 【现金】 2738.558672, 【eos_usdt】 0.000000 个
2018-05-24 00:48:07	10.803080, 10.785080, 11.116525, 11.265100
2018-05-24 00:48:07	本次不操作 eos_usdt
当前持仓为: 【现金】 2738.558672, 【eos_usdt】 0.000000 个
2018-05-24 00:49:12	10.819080, 10.803080, 11.109425, 11.265525
2018-05-24 00:49:12	本次不操作 eos_usdt
当前持仓为: 【现金】 2738.558672, 【eos_usdt】 0.000000 个
2018-05-24 00:50:15	10.834320, 10.819080, 11.089500, 11.247750
2018-05-24 00:50:15	本次不操作 eos_usdt
当前持仓为: 【现金】 2738.558672, 【eos_usdt】 0.000000 个
2018-05-24 00:51:16	10.845160, 10.838960, 11.073450, 11.232675
2018-05-24 00:51:16	本次不操作 eos_usdt
当前持仓为: 【现金】 2738.558672, 【eos_usdt】 0.000000 个
2018-05-24 00:52:20	10.839180, 10.845160, 11.073200, 11.241675
2018-05-24 00:52:20	本次不操作 eos_usdt
当前持仓为: 【现金】 2738.558672, 【eos_usdt】 0.000000 个
2018-05-24 00:53:22	10.838200, 10.839180, 11.094125, 11.264125
2018-05-24 00:53:22	本次不操作 eos_usdt
当前持仓为: 【现金】 2738.558672, 【eos_usdt】 0.000000 个
2018-05-24 00:54:24	10.838620, 10.838200, 11.090750, 11.255250
2018-05-24 00:54:24	本次不操作 eos_usdt
当前持仓为: 【现金】 2738.558672, 【eos_usdt】 0.000000 个
2018-05-24 00:55:26	10.846040, 10.838620, 11.113775, 11.273650
2018-05-24 00:55:26	本次不操作 eos_usdt
当前持仓为: 【现金】 2738.558672, 【eos_usdt】 0.000000 个
2018-05-24 00:56:32	10.855920, 10.845780, 11.112500, 11.270325
2018-05-24 00:56:32	本次不操作 eos_usdt
当前持仓为: 【现金】 2738.558672, 【eos_usdt】 0.000000 个
2018-05-24 00:57:37	10.856120, 10.855920, 11.114950, 11.276000
2018-05-24 00:57:37	本次不操作 eos_usdt
当前持仓为: 【现金】 2738.558672, 【eos_usdt】 0.000000 个
2018-05-24 00:58:39	10.852120, 10.856120, 11.116800, 11.279300
2018-05-24 00:58:39	本次不操作 eos_usdt
当前持仓为: 【现金】 2738.558672, 【eos_usdt】 0.000000 个
2018-05-24 00:59:42	10.849620, 10.852120, 11.115775, 11.276650
2018-05-24 00:59:42	本次不操作 eos_usdt
当前持仓为: 【现金】 2738.558672, 【eos_usdt】 0.000000 个
2018-05-24 01:00:46	10.821920, 10.847880, 11.100350, 11.284100
2018-05-24 01:00:46	本次不操作 eos_usdt
当前持仓为: 【现金】 2738.558672, 【eos_usdt】 0.000000 个
2018-05-24 01:01:52	10.803720, 10.825920, 11.097675, 11.267925
2018-05-24 01:01:52	本次不操作 eos_usdt
当前持仓为: 【现金】 2738.558672, 【eos_usdt】 0.000000 个
2018-05-24 01:02:54	10.793360, 10.803720, 11.091825, 11.256825
2018-05-24 01:02:54	本次不操作 eos_usdt
当前持仓为: 【现金】 2738.558672, 【eos_usdt】 0.000000 个
2018-05-24 01:03:57	10.785960, 10.793360, 11.087625, 11.255375
2018-05-24 01:03:57	本次不操作 eos_usdt
当前持仓为: 【现金】 2738.558672, 【eos_usdt】 0.000000 个
2018-05-24 01:05:02	10.775900, 10.781880, 11.064350, 11.229900
2018-05-24 01:05:02	本次不操作 eos_usdt
当前持仓为: 【现金】 2738.558672, 【eos_usdt】 0.000000 个
2018-05-24 01:06:07	10.783440, 10.775900, 11.074025, 11.229375
2018-05-24 01:06:07	本次不操作 eos_usdt
当前持仓为: 【现金】 2738.558672, 【eos_usdt】 0.000000 个
2018-05-24 01:07:09	10.789640, 10.783440, 11.053275, 11.217875
2018-05-24 01:07:09	本次不操作 eos_usdt
当前持仓为: 【现金】 2738.558672, 【eos_usdt】 0.000000 个
2018-05-24 01:08:13	10.797460, 10.789640, 11.030350, 11.190550
2018-05-24 01:08:13	本次不操作 eos_usdt
当前持仓为: 【现金】 2738.558672, 【eos_usdt】 0.000000 个
2018-05-24 01:09:22	10.801200, 10.793720, 11.013200, 11.186050
2018-05-24 01:09:22	本次不操作 eos_usdt
当前持仓为: 【现金】 2738.558672, 【eos_usdt】 0.000000 个
2018-05-24 01:10:25	10.791680, 10.801200, 11.010700, 11.196775
2018-05-24 01:10:25	本次不操作 eos_usdt
当前持仓为: 【现金】 2738.558672, 【eos_usdt】 0.000000 个
2018-05-24 01:11:27	10.787060, 10.791680, 11.029975, 11.232750
2018-05-24 01:11:27	本次不操作 eos_usdt
当前持仓为: 【现金】 2738.558672, 【eos_usdt】 0.000000 个
2018-05-24 01:12:28	10.763740, 10.787060, 11.015450, 11.219925
2018-05-24 01:12:28	本次不操作 eos_usdt
当前持仓为: 【现金】 2738.558672, 【eos_usdt】 0.000000 个
2018-05-24 01:13:31	10.740620, 10.765740, 11.010375, 11.219450
2018-05-24 01:13:31	本次不操作 eos_usdt
当前持仓为: 【现金】 2738.558672, 【eos_usdt】 0.000000 个
2018-05-24 01:14:43	10.718400, 10.742020, 11.002525, 11.204675
2018-05-24 01:14:43	本次不操作 eos_usdt
当前持仓为: 【现金】 2738.558672, 【eos_usdt】 0.000000 个
2018-05-24 01:15:54	ERROR	('The read operation timed out',)
2018-05-24 01:17:11	10.655940, 10.675860, 10.947875, 11.174925
2018-05-24 01:17:11	本次不操作 eos_usdt
当前持仓为: 【现金】 2738.558672, 【eos_usdt】 0.000000 个
2018-05-24 01:18:22	10.648420, 10.662900, 10.953450, 11.163400
2018-05-24 01:18:22	本次不操作 eos_usdt
当前持仓为: 【现金】 2738.558672, 【eos_usdt】 0.000000 个
2018-05-24 01:19:27	10.621260, 10.649260, 10.954550, 11.174550
2018-05-24 01:19:27	本次不操作 eos_usdt
当前持仓为: 【现金】 2738.558672, 【eos_usdt】 0.000000 个
2018-05-24 01:20:38	10.580580, 10.601980, 10.960900, 11.177650
2018-05-24 01:20:38	本次不操作 eos_usdt
当前持仓为: 【现金】 2738.558672, 【eos_usdt】 0.000000 个
2018-05-24 01:21:41	10.576180, 10.586080, 10.967500, 11.182950
2018-05-24 01:21:41	本次不操作 eos_usdt
当前持仓为: 【现金】 2738.558672, 【eos_usdt】 0.000000 个
2018-05-24 01:22:43	10.575960, 10.576180, 10.980825, 11.180275
2018-05-24 01:22:43	本次不操作 eos_usdt
当前持仓为: 【现金】 2738.558672, 【eos_usdt】 0.000000 个
2018-05-24 01:23:45	10.583060, 10.577200, 10.971575, 11.171725
2018-05-24 01:23:45	本次不操作 eos_usdt
当前持仓为: 【现金】 2738.558672, 【eos_usdt】 0.000000 个
2018-05-24 01:24:47	10.604380, 10.584620, 10.954150, 11.155025
2018-05-24 01:24:47	本次不操作 eos_usdt
当前持仓为: 【现金】 2738.558672, 【eos_usdt】 0.000000 个
2018-05-24 01:25:54	10.627460, 10.608140, 10.972625, 11.160725
2018-05-24 01:25:54	本次不操作 eos_usdt
当前持仓为: 【现金】 2738.558672, 【eos_usdt】 0.000000 个
2018-05-24 01:27:00	10.659580, 10.643440, 10.991425, 11.188425
2018-05-24 01:27:00	本次不操作 eos_usdt
当前持仓为: 【现金】 2738.558672, 【eos_usdt】 0.000000 个
2018-05-24 01:28:05	10.662700, 10.659580, 10.995675, 11.187600
2018-05-24 01:28:05	本次不操作 eos_usdt
当前持仓为: 【现金】 2738.558672, 【eos_usdt】 0.000000 个
2018-05-24 01:29:07	10.665120, 10.662700, 10.983150, 11.182825
2018-05-24 01:29:07	本次不操作 eos_usdt
当前持仓为: 【现金】 2738.558672, 【eos_usdt】 0.000000 个
2018-05-24 01:30:09	10.649460, 10.665120, 10.975775, 11.179100
2018-05-24 01:30:09	本次不操作 eos_usdt
当前持仓为: 【现金】 2738.558672, 【eos_usdt】 0.000000 个
2018-05-24 01:31:11	10.650000, 10.649460, 10.985525, 11.178425
2018-05-24 01:31:11	本次不操作 eos_usdt
当前持仓为: 【现金】 2738.558672, 【eos_usdt】 0.000000 个
2018-05-24 01:32:14	10.650620, 10.650000, 10.966500, 11.161475
2018-05-24 01:32:14	本次不操作 eos_usdt
当前持仓为: 【现金】 2738.558672, 【eos_usdt】 0.000000 个
2018-05-24 01:33:16	10.651680, 10.651680, 10.966950, 11.157700
2018-05-24 01:33:16	本次不操作 eos_usdt
当前持仓为: 【现金】 2738.558672, 【eos_usdt】 0.000000 个
2018-05-24 01:34:17	10.657960, 10.651680, 10.973025, 11.172775
2018-05-24 01:34:17	本次不操作 eos_usdt
当前持仓为: 【现金】 2738.558672, 【eos_usdt】 0.000000 个
2018-05-24 01:35:20	10.666500, 10.657900, 10.971800, 11.169375
2018-05-24 01:35:20	本次不操作 eos_usdt
当前持仓为: 【现金】 2738.558672, 【eos_usdt】 0.000000 个
2018-05-24 01:36:24	10.676480, 10.666560, 10.977450, 11.164800
2018-05-24 01:36:24	本次不操作 eos_usdt
当前持仓为: 【现金】 2738.558672, 【eos_usdt】 0.000000 个
2018-05-24 01:37:25	10.689720, 10.676480, 10.962825, 11.157725
2018-05-24 01:37:25	本次不操作 eos_usdt
当前持仓为: 【现金】 2738.558672, 【eos_usdt】 0.000000 个
2018-05-24 01:38:29	10.695120, 10.689720, 10.949100, 11.146100
2018-05-24 01:38:29	本次不操作 eos_usdt
当前持仓为: 【现金】 2738.558672, 【eos_usdt】 0.000000 个
2018-05-24 01:39:39	10.690240, 10.685820, 10.937325, 11.138600
2018-05-24 01:39:39	本次不操作 eos_usdt
当前持仓为: 【现金】 2738.558672, 【eos_usdt】 0.000000 个
2018-05-24 01:40:46	10.690240, 10.690240, 10.930450, 11.140225
2018-05-24 01:40:46	本次不操作 eos_usdt
当前持仓为: 【现金】 2738.558672, 【eos_usdt】 0.000000 个
2018-05-24 01:41:48	10.690060, 10.704020, 10.926025, 11.132850
2018-05-24 01:41:48	本次不操作 eos_usdt
当前持仓为: 【现金】 2738.558672, 【eos_usdt】 0.000000 个
2018-05-24 01:43:02	10.682200, 10.688640, 10.927500, 11.132500
2018-05-24 01:43:02	本次不操作 eos_usdt
当前持仓为: 【现金】 2738.558672, 【eos_usdt】 0.000000 个
2018-05-24 01:44:04	10.667820, 10.682120, 10.907600, 11.118250
2018-05-24 01:44:04	本次不操作 eos_usdt
当前持仓为: 【现金】 2738.558672, 【eos_usdt】 0.000000 个
2018-05-24 01:45:08	10.649780, 10.667820, 10.893250, 11.110475
2018-05-24 01:45:08	本次不操作 eos_usdt
当前持仓为: 【现金】 2738.558672, 【eos_usdt】 0.000000 个
2018-05-24 01:46:10	10.636060, 10.649780, 10.908225, 11.125450
2018-05-24 01:46:10	本次不操作 eos_usdt
当前持仓为: 【现金】 2738.558672, 【eos_usdt】 0.000000 个
2018-05-24 01:47:16	10.605980, 10.628040, 10.894850, 11.126150
2018-05-24 01:47:16	本次不操作 eos_usdt
当前持仓为: 【现金】 2738.558672, 【eos_usdt】 0.000000 个
2018-05-24 01:48:22	10.576580, 10.605980, 10.868975, 11.111225
2018-05-24 01:48:22	本次不操作 eos_usdt
当前持仓为: 【现金】 2738.558672, 【eos_usdt】 0.000000 个
2018-05-24 01:49:29	10.558580, 10.576580, 10.869425, 11.109075
2018-05-24 01:49:29	本次不操作 eos_usdt
当前持仓为: 【现金】 2738.558672, 【eos_usdt】 0.000000 个
2018-05-24 01:50:33	10.559040, 10.563040, 10.863025, 11.082750
2018-05-24 01:50:33	本次不操作 eos_usdt
当前持仓为: 【现金】 2738.558672, 【eos_usdt】 0.000000 个
2018-05-24 01:51:46	10.532540, 10.542960, 10.834200, 11.059300
2018-05-24 01:51:46	本次不操作 eos_usdt
当前持仓为: 【现金】 2738.558672, 【eos_usdt】 0.000000 个
2018-05-24 01:52:50	10.546400, 10.532540, 10.880375, 11.086500
2018-05-24 01:52:50	本次不操作 eos_usdt
当前持仓为: 【现金】 2738.558672, 【eos_usdt】 0.000000 个
2018-05-24 01:53:53	10.558880, 10.546400, 10.894675, 11.102500
2018-05-24 01:53:53	本次不操作 eos_usdt
当前持仓为: 【现金】 2738.558672, 【eos_usdt】 0.000000 个
2018-05-24 01:54:58	10.581720, 10.558880, 10.910175, 11.109125
2018-05-24 01:54:58	本次不操作 eos_usdt
当前持仓为: 【现金】 2738.558672, 【eos_usdt】 0.000000 个
2018-05-24 01:56:00	10.601660, 10.593720, 10.905850, 11.110875
2018-05-24 01:56:00	本次不操作 eos_usdt
当前持仓为: 【现金】 2738.558672, 【eos_usdt】 0.000000 个
2018-05-24 01:57:01	10.603280, 10.601660, 10.921400, 11.126400
2018-05-24 01:57:01	本次不操作 eos_usdt
当前持仓为: 【现金】 2738.558672, 【eos_usdt】 0.000000 个
2018-05-24 01:58:03	10.622580, 10.605260, 10.932125, 11.115550
2018-05-24 01:58:03	本次不操作 eos_usdt
当前持仓为: 【现金】 2738.558672, 【eos_usdt】 0.000000 个
2018-05-24 01:59:06	10.644860, 10.622580, 10.931025, 11.112300
2018-05-24 01:59:07	本次不操作 eos_usdt
当前持仓为: 【现金】 2738.558672, 【eos_usdt】 0.000000 个
2018-05-24 02:00:17	ERROR	('_ssl.c:703: The handshake operation timed out',)
2018-05-24 02:01:21	10.674400, 10.662480, 10.937275, 11.115925
2018-05-24 02:01:21	本次不操作 eos_usdt
当前持仓为: 【现金】 2738.558672, 【eos_usdt】 0.000000 个
2018-05-24 02:02:27	10.700480, 10.674400, 10.913800, 11.087900
2018-05-24 02:02:27	本次不操作 eos_usdt
当前持仓为: 【现金】 2738.558672, 【eos_usdt】 0.000000 个
2018-05-24 02:03:29	10.711080, 10.700480, 10.900175, 11.067675
2018-05-24 02:03:29	本次不操作 eos_usdt
当前持仓为: 【现金】 2738.558672, 【eos_usdt】 0.000000 个
2018-05-24 02:04:30	10.728220, 10.706680, 10.910750, 11.070350
2018-05-24 02:04:30	本次不操作 eos_usdt
当前持仓为: 【现金】 2738.558672, 【eos_usdt】 0.000000 个
2018-05-24 02:05:35	10.726660, 10.719840, 10.906450, 11.075050
2018-05-24 02:05:35	本次不操作 eos_usdt
当前持仓为: 【现金】 2738.558672, 【eos_usdt】 0.000000 个
2018-05-24 02:06:40	10.724820, 10.726660, 10.881150, 11.058650
2018-05-24 02:06:40	本次不操作 eos_usdt
当前持仓为: 【现金】 2738.558672, 【eos_usdt】 0.000000 个
2018-05-24 02:07:42	10.711360, 10.724820, 10.875275, 11.046325
2018-05-24 02:07:42	本次不操作 eos_usdt
当前持仓为: 【现金】 2738.558672, 【eos_usdt】 0.000000 个
2018-05-24 02:08:51	10.709120, 10.713100, 10.866550, 11.026875
2018-05-24 02:08:51	本次不操作 eos_usdt
当前持仓为: 【现金】 2738.558672, 【eos_usdt】 0.000000 个
2018-05-24 02:09:55	10.700660, 10.709120, 10.859400, 11.017850
2018-05-24 02:09:55	本次不操作 eos_usdt
当前持仓为: 【现金】 2738.558672, 【eos_usdt】 0.000000 个
2018-05-24 02:10:57	10.695920, 10.700660, 10.878425, 11.040825
2018-05-24 02:10:57	本次不操作 eos_usdt
当前持仓为: 【现金】 2738.558672, 【eos_usdt】 0.000000 个
2018-05-24 02:11:59	10.698000, 10.695920, 10.862775, 11.020175
2018-05-24 02:11:59	本次不操作 eos_usdt
当前持仓为: 【现金】 2738.558672, 【eos_usdt】 0.000000 个
2018-05-24 02:13:04	10.702360, 10.707000, 10.833725, 10.999775
2018-05-24 02:13:04	本次不操作 eos_usdt
当前持仓为: 【现金】 2738.558672, 【eos_usdt】 0.000000 个
2018-05-24 02:14:09	10.693620, 10.702340, 10.834575, 11.003975
2018-05-24 02:14:09	本次不操作 eos_usdt
当前持仓为: 【现金】 2738.558672, 【eos_usdt】 0.000000 个
2018-05-24 02:15:10	10.686040, 10.693620, 10.827775, 10.992450
2018-05-24 02:15:10	本次不操作 eos_usdt
当前持仓为: 【现金】 2738.558672, 【eos_usdt】 0.000000 个
2018-05-24 02:16:11	10.687900, 10.686040, 10.809875, 10.960600
2018-05-24 02:16:11	本次不操作 eos_usdt
当前持仓为: 【现金】 2738.558672, 【eos_usdt】 0.000000 个
2018-05-24 02:17:23	10.692280, 10.692600, 10.799625, 10.957250
2018-05-24 02:17:23	本次不操作 eos_usdt
当前持仓为: 【现金】 2738.558672, 【eos_usdt】 0.000000 个
2018-05-24 02:18:34	10.702420, 10.684600, 10.802150, 10.952025
2018-05-24 02:18:34	本次不操作 eos_usdt
当前持仓为: 【现金】 2738.558672, 【eos_usdt】 0.000000 个
2018-05-24 02:19:47	10.720600, 10.705400, 10.808050, 10.951600
2018-05-24 02:19:47	本次不操作 eos_usdt
当前持仓为: 【现金】 2738.558672, 【eos_usdt】 0.000000 个
2018-05-24 02:20:51	10.727300, 10.720600, 10.822725, 10.966275
2018-05-24 02:20:51	本次不操作 eos_usdt
当前持仓为: 【现金】 2738.558672, 【eos_usdt】 0.000000 个
2018-05-24 02:22:05	10.741600, 10.729660, 10.829450, 10.964825
2018-05-24 02:22:05	本次不操作 eos_usdt
当前持仓为: 【现金】 2738.558672, 【eos_usdt】 0.000000 个
2018-05-24 02:23:20	10.761700, 10.752220, 10.858125, 10.980625
2018-05-24 02:23:20	本次不操作 eos_usdt
当前持仓为: 【现金】 2738.558672, 【eos_usdt】 0.000000 个
2018-05-24 02:24:24	10.770920, 10.761700, 10.845050, 10.960150
2018-05-24 02:24:24	本次不操作 eos_usdt
当前持仓为: 【现金】 2738.558672, 【eos_usdt】 0.000000 个
2018-05-24 02:25:35	10.781780, 10.773260, 10.862500, 10.977500
2018-05-24 02:25:35	本次不操作 eos_usdt
当前持仓为: 【现金】 2738.558672, 【eos_usdt】 0.000000 个
2018-05-24 02:26:39	10.784420, 10.781780, 10.858075, 10.972625
2018-05-24 02:26:39	本次不操作 eos_usdt
当前持仓为: 【现金】 2738.558672, 【eos_usdt】 0.000000 个
2018-05-24 02:27:44	10.791860, 10.784420, 10.897300, 11.000075
2018-05-24 02:27:44	本次不操作 eos_usdt
当前持仓为: 【现金】 2738.558672, 【eos_usdt】 0.000000 个
2018-05-24 02:28:46	10.810860, 10.798860, 10.894100, 11.001600
2018-05-24 02:28:46	本次不操作 eos_usdt
当前持仓为: 【现金】 2738.558672, 【eos_usdt】 0.000000 个
2018-05-24 02:29:49	10.831040, 10.816040, 10.876825, 10.976150
2018-05-24 02:29:49	本次不操作 eos_usdt
当前持仓为: 【现金】 2738.558672, 【eos_usdt】 0.000000 个
2018-05-24 02:30:50	10.839400, 10.831040, 10.879250, 10.979425
2018-05-24 02:30:50	本次不操作 eos_usdt
当前持仓为: 【现金】 2738.558672, 【eos_usdt】 0.000000 个
2018-05-24 02:31:52	10.846960, 10.839400, 10.869375, 10.963425
2018-05-24 02:31:52	本次不操作 eos_usdt
当前持仓为: 【现金】 2738.558672, 【eos_usdt】 0.000000 个
2018-05-24 02:32:54	10.844040, 10.846960, 10.864050, 10.959925
2018-05-24 02:32:54	本次不操作 eos_usdt
当前持仓为: 【现金】 2738.558672, 【eos_usdt】 0.000000 个
2018-05-24 02:33:55	10.843980, 10.844040, 10.872125, 10.972175
2018-05-24 02:33:55	本次不操作 eos_usdt
当前持仓为: 【现金】 2738.558672, 【eos_usdt】 0.000000 个
2018-05-24 02:35:10	10.841100, 10.842100, 10.867100, 10.972075
2018-05-24 02:35:10	本次不操作 eos_usdt
当前持仓为: 【现金】 2738.558672, 【eos_usdt】 0.000000 个
2018-05-24 02:36:37	ERROR	('The read operation timed out',)
2018-05-24 02:37:40	10.831800, 10.836800, 10.833475, 10.948450
2018-05-24 02:37:40	本次不操作 eos_usdt
当前持仓为: 【现金】 2738.558672, 【eos_usdt】 0.000000 个
2018-05-24 02:38:45	10.825820, 10.834680, 10.835025, 10.950025
2018-05-24 02:38:45	本次不操作 eos_usdt
当前持仓为: 【现金】 2738.558672, 【eos_usdt】 0.000000 个
2018-05-24 02:39:46	10.814040, 10.827780, 10.812250, 10.937250
2018-05-24 02:39:49	以【10.770000】的价格买入了【254.276571】个，总价值为【2738.558672】
2018-05-24 02:39:49	买入 eos_usdt
当前持仓为: 【现金】 0.000000, 【eos_usdt】 254.276571 个
2018-05-24 02:40:52	10.810000, 10.814040, 10.819150, 10.934125
2018-05-24 02:40:52	本次不操作 eos_usdt
当前持仓为: 【现金】 0.000000, 【eos_usdt】 254.276571 个
2018-05-24 02:41:54	10.810000, 10.810000, 10.812300, 10.926025
2018-05-24 02:41:54	本次不操作 eos_usdt
当前持仓为: 【现金】 0.000000, 【eos_usdt】 254.276571 个
2018-05-24 02:42:55	10.811300, 10.810000, 10.821625, 10.929200
2018-05-24 02:42:55	本次不操作 eos_usdt
当前持仓为: 【现金】 0.000000, 【eos_usdt】 254.276571 个
2018-05-24 02:44:01	10.814600, 10.809080, 10.802750, 10.907600
2018-05-24 02:44:01	取消买入【eos_usdt】动作，因为最近已经买入过
当前持仓为: 【现金】 0.000000, 【eos_usdt】 254.276571 个
2018-05-24 02:45:03	10.831900, 10.815080, 10.796725, 10.893250
2018-05-24 02:45:03	取消买入【eos_usdt】动作，因为最近已经买入过
当前持仓为: 【现金】 0.000000, 【eos_usdt】 254.276571 个
2018-05-24 02:46:05	10.838740, 10.831920, 10.806775, 10.908225
2018-05-24 02:46:05	取消买入【eos_usdt】动作，因为最近已经买入过
当前持仓为: 【现金】 0.000000, 【eos_usdt】 254.276571 个
2018-05-24 02:47:09	10.840240, 10.838740, 10.785900, 10.898825
2018-05-24 02:47:09	取消买入【eos_usdt】动作，因为最近已经买入过
当前持仓为: 【现金】 0.000000, 【eos_usdt】 254.276571 个
2018-05-24 02:48:14	10.845780, 10.840240, 10.772575, 10.879025
2018-05-24 02:48:14	取消买入【eos_usdt】动作，因为最近已经买入过
当前持仓为: 【现金】 0.000000, 【eos_usdt】 254.276571 个
2018-05-24 02:49:15	10.845900, 10.843900, 10.757500, 10.869425
2018-05-24 02:49:15	取消买入【eos_usdt】动作，因为最近已经买入过
当前持仓为: 【现金】 0.000000, 【eos_usdt】 254.276571 个
2018-05-24 02:50:16	10.841060, 10.845900, 10.746475, 10.867525
2018-05-24 02:50:16	取消买入【eos_usdt】动作，因为最近已经买入过
当前持仓为: 【现金】 0.000000, 【eos_usdt】 254.276571 个
2018-05-24 02:51:19	10.833580, 10.841060, 10.727000, 10.843500
2018-05-24 02:51:19	取消买入【eos_usdt】动作，因为最近已经买入过
当前持仓为: 【现金】 0.000000, 【eos_usdt】 254.276571 个
2018-05-24 02:52:20	10.832760, 10.833580, 10.749775, 10.865525
2018-05-24 02:52:20	取消买入【eos_usdt】动作，因为最近已经买入过
当前持仓为: 【现金】 0.000000, 【eos_usdt】 254.276571 个
2018-05-24 02:53:22	10.822460, 10.832760, 10.762450, 10.881775
2018-05-24 02:53:22	取消买入【eos_usdt】动作，因为最近已经买入过
当前持仓为: 【现金】 0.000000, 【eos_usdt】 254.276571 个
2018-05-24 02:54:24	10.812000, 10.822460, 10.762125, 10.882700
2018-05-24 02:54:24	取消买入【eos_usdt】动作，因为最近已经买入过
当前持仓为: 【现金】 0.000000, 【eos_usdt】 254.276571 个
2018-05-24 02:55:26	10.790880, 10.812000, 10.763775, 10.908725
2018-05-24 02:55:26	取消买入【eos_usdt】动作，因为最近已经买入过
当前持仓为: 【现金】 0.000000, 【eos_usdt】 254.276571 个
2018-05-24 02:56:28	10.771560, 10.790880, 10.768775, 10.913550
2018-05-24 02:56:28	取消买入【eos_usdt】动作，因为最近已经买入过
当前持仓为: 【现金】 0.000000, 【eos_usdt】 254.276571 个
2018-05-24 02:57:38	10.768020, 10.780400, 10.771300, 10.917275
2018-05-24 02:57:38	本次不操作 eos_usdt
当前持仓为: 【现金】 0.000000, 【eos_usdt】 254.276571 个
2018-05-24 02:58:41	10.757480, 10.768020, 10.782425, 10.929650
2018-05-24 02:58:41	本次不操作 eos_usdt
当前持仓为: 【现金】 0.000000, 【eos_usdt】 254.276571 个
2018-05-24 02:59:43	10.770380, 10.757480, 10.809400, 10.929600
2018-05-24 02:59:43	本次不操作 eos_usdt
当前持仓为: 【现金】 0.000000, 【eos_usdt】 254.276571 个
2018-05-24 03:00:45	10.770480, 10.751860, 10.792850, 10.926975
2018-05-24 03:00:45	本次不操作 eos_usdt
当前持仓为: 【现金】 0.000000, 【eos_usdt】 254.276571 个
2018-05-24 03:01:54	10.774720, 10.770480, 10.785075, 10.930200
2018-05-24 03:01:54	本次不操作 eos_usdt
当前持仓为: 【现金】 0.000000, 【eos_usdt】 254.276571 个
2018-05-24 03:02:55	10.788340, 10.775680, 10.797675, 10.933625
2018-05-24 03:02:55	本次不操作 eos_usdt
当前持仓为: 【现金】 0.000000, 【eos_usdt】 254.276571 个
2018-05-24 03:04:06	10.787800, 10.782040, 10.785500, 10.923000
2018-05-24 03:04:06	取消买入【eos_usdt】动作，因为最近已经买入过
当前持仓为: 【现金】 0.000000, 【eos_usdt】 254.276571 个
2018-05-24 03:05:18	10.792020, 10.787460, 10.757200, 10.904500
2018-05-24 03:05:18	取消买入【eos_usdt】动作，因为最近已经买入过
当前持仓为: 【现金】 0.000000, 【eos_usdt】 254.276571 个
2018-05-24 03:06:22	10.787740, 10.787600, 10.731550, 10.887375
2018-05-24 03:06:22	取消买入【eos_usdt】动作，因为最近已经买入过
当前持仓为: 【现金】 0.000000, 【eos_usdt】 254.276571 个
2018-05-24 03:07:42	ERROR	('timed out',)
2018-05-24 03:08:56	10.793960, 10.794660, 10.716300, 10.866550
2018-05-24 03:08:56	取消买入【eos_usdt】动作，因为最近已经买入过
当前持仓为: 【现金】 0.000000, 【eos_usdt】 254.276571 个
2018-05-24 03:09:58	10.794780, 10.793940, 10.710150, 10.859400
2018-05-24 03:09:58	取消买入【eos_usdt】动作，因为最近已经买入过
当前持仓为: 【现金】 0.000000, 【eos_usdt】 254.276571 个
2018-05-24 03:10:59	10.801920, 10.794780, 10.735425, 10.879825
2018-05-24 03:10:59	取消买入【eos_usdt】动作，因为最近已经买入过
当前持仓为: 【现金】 0.000000, 【eos_usdt】 254.276571 个
2018-05-24 03:12:01	10.802440, 10.802080, 10.712000, 10.857025
2018-05-24 03:12:01	取消买入【eos_usdt】动作，因为最近已经买入过
当前持仓为: 【现金】 0.000000, 【eos_usdt】 254.276571 个
2018-05-24 03:13:03	10.802820, 10.802440, 10.688900, 10.833700
2018-05-24 03:13:03	取消买入【eos_usdt】动作，因为最近已经买入过
当前持仓为: 【现金】 0.000000, 【eos_usdt】 254.276571 个
2018-05-24 03:14:05	10.801460, 10.802820, 10.692675, 10.834575
2018-05-24 03:14:05	取消买入【eos_usdt】动作，因为最近已经买入过
当前持仓为: 【现金】 0.000000, 【eos_usdt】 254.276571 个
2018-05-24 03:15:06	10.806600, 10.801460, 10.697400, 10.827775
2018-05-24 03:15:06	取消买入【eos_usdt】动作，因为最近已经买入过
当前持仓为: 【现金】 0.000000, 【eos_usdt】 254.276571 个
2018-05-24 03:16:11	10.809700, 10.806600, 10.679550, 10.809875
2018-05-24 03:16:11	取消买入【eos_usdt】动作，因为最近已经买入过
当前持仓为: 【现金】 0.000000, 【eos_usdt】 254.276571 个
2018-05-24 03:17:18	10.815420, 10.809740, 10.669325, 10.799625
2018-05-24 03:17:18	本次不操作 eos_usdt
当前持仓为: 【现金】 0.000000, 【eos_usdt】 254.276571 个
2018-05-24 03:18:21	10.821180, 10.815420, 10.677300, 10.804100
2018-05-24 03:18:21	本次不操作 eos_usdt
当前持仓为: 【现金】 0.000000, 【eos_usdt】 254.276571 个
2018-05-24 03:19:25	10.828700, 10.821180, 10.676875, 10.804675
2018-05-24 03:19:25	本次不操作 eos_usdt
当前持仓为: 【现金】 0.000000, 【eos_usdt】 254.276571 个
2018-05-24 03:20:27	10.828720, 10.828700, 10.684800, 10.812350
2018-05-24 03:20:27	本次不操作 eos_usdt
当前持仓为: 【现金】 0.000000, 【eos_usdt】 254.276571 个
2018-05-24 03:21:29	10.828720, 10.828720, 10.691875, 10.819425
2018-05-24 03:21:29	本次不操作 eos_usdt
当前持仓为: 【现金】 0.000000, 【eos_usdt】 254.276571 个
2018-05-24 03:22:31	10.825040, 10.828720, 10.725000, 10.857500
2018-05-24 03:22:31	取消买入【eos_usdt】动作，因为最近已经买入过
当前持仓为: 【现金】 0.000000, 【eos_usdt】 254.276571 个
2018-05-24 03:23:41	10.819940, 10.825040, 10.728125, 10.860500
2018-05-24 03:23:41	取消买入【eos_usdt】动作，因为最近已经买入过
当前持仓为: 【现金】 0.000000, 【eos_usdt】 254.276571 个
2018-05-24 03:24:43	10.810180, 10.819940, 10.709375, 10.839625
2018-05-24 03:24:43	取消买入【eos_usdt】动作，因为最近已经买入过
当前持仓为: 【现金】 0.000000, 【eos_usdt】 254.276571 个
2018-05-24 03:25:45	10.808140, 10.812160, 10.736850, 10.862175
2018-05-24 03:25:45	取消买入【eos_usdt】动作，因为最近已经买入过
当前持仓为: 【现金】 0.000000, 【eos_usdt】 254.276571 个
2018-05-24 03:26:47	10.798620, 10.808140, 10.745550, 10.876825
2018-05-24 03:26:47	取消买入【eos_usdt】动作，因为最近已经买入过
当前持仓为: 【现金】 0.000000, 【eos_usdt】 254.276571 个
2018-05-24 03:27:58	10.792600, 10.798620, 10.769575, 10.900850
2018-05-24 03:27:58	取消买入【eos_usdt】动作，因为最近已经买入过
当前持仓为: 【现金】 0.000000, 【eos_usdt】 254.276571 个
2018-05-24 03:29:09	10.786080, 10.792260, 10.761750, 10.886825
2018-05-24 03:29:09	取消买入【eos_usdt】动作，因为最近已经买入过
当前持仓为: 【现金】 0.000000, 【eos_usdt】 254.276571 个
2018-05-24 03:30:10	10.783500, 10.786080, 10.755100, 10.877600
2018-05-24 03:30:11	取消买入【eos_usdt】动作，因为最近已经买入过
当前持仓为: 【现金】 0.000000, 【eos_usdt】 254.276571 个
2018-05-24 03:31:12	10.775760, 10.783500, 10.760650, 10.885350
2018-05-24 03:31:12	取消买入【eos_usdt】动作，因为最近已经买入过
当前持仓为: 【现金】 0.000000, 【eos_usdt】 254.276571 个
2018-05-24 03:32:13	10.773780, 10.775760, 10.747000, 10.872425
2018-05-24 03:32:13	取消买入【eos_usdt】动作，因为最近已经买入过
当前持仓为: 【现金】 0.000000, 【eos_usdt】 254.276571 个
2018-05-24 03:33:14	10.769180, 10.772880, 10.750475, 10.862325
2018-05-24 03:33:14	取消买入【eos_usdt】动作，因为最近已经买入过
当前持仓为: 【现金】 0.000000, 【eos_usdt】 254.276571 个
2018-05-24 03:34:15	10.767300, 10.770900, 10.754375, 10.868325
2018-05-24 03:34:15	取消买入【eos_usdt】动作，因为最近已经买入过
当前持仓为: 【现金】 0.000000, 【eos_usdt】 254.276571 个
2018-05-24 03:35:18	10.766300, 10.766900, 10.758725, 10.866975
2018-05-24 03:35:18	取消买入【eos_usdt】动作，因为最近已经买入过
当前持仓为: 【现金】 0.000000, 【eos_usdt】 254.276571 个
2018-05-24 03:36:19	10.766600, 10.766300, 10.760300, 10.867475
2018-05-24 03:36:19	取消买入【eos_usdt】动作，因为最近已经买入过
当前持仓为: 【现金】 0.000000, 【eos_usdt】 254.276571 个
2018-05-24 03:37:21	10.766600, 10.766600, 10.757325, 10.848575
2018-05-24 03:37:21	取消买入【eos_usdt】动作，因为最近已经买入过
当前持仓为: 【现金】 0.000000, 【eos_usdt】 254.276571 个
2018-05-24 03:38:22	10.766600, 10.766600, 10.751600, 10.834100
2018-05-24 03:38:22	取消买入【eos_usdt】动作，因为最近已经买入过
当前持仓为: 【现金】 0.000000, 【eos_usdt】 254.276571 个
2018-05-24 03:39:28	10.769700, 10.766600, 10.755200, 10.830175
2018-05-24 03:39:28	取消买入【eos_usdt】动作，因为最近已经买入过
当前持仓为: 【现金】 0.000000, 【eos_usdt】 254.276571 个
2018-05-24 03:40:38	10.771400, 10.769700, 10.760475, 10.815475
2018-05-24 03:40:38	取消买入【eos_usdt】动作，因为最近已经买入过
当前持仓为: 【现金】 0.000000, 【eos_usdt】 254.276571 个
2018-05-24 03:41:39	10.773400, 10.771400, 10.759925, 10.814925
2018-05-24 03:41:39	取消买入【eos_usdt】动作，因为最近已经买入过
当前持仓为: 【现金】 0.000000, 【eos_usdt】 254.276571 个
2018-05-24 03:42:44	10.787760, 10.773400, 10.774600, 10.815150
2018-05-24 03:42:44	取消买入【eos_usdt】动作，因为最近已经买入过
当前持仓为: 【现金】 0.000000, 【eos_usdt】 254.276571 个
2018-05-24 03:43:54	10.819000, 10.791180, 10.785650, 10.805875
2018-05-24 03:43:54	取消买入【eos_usdt】动作，因为最近已经买入过
当前持仓为: 【现金】 0.000000, 【eos_usdt】 254.276571 个
2018-05-24 03:44:55	10.851000, 10.819000, 10.782225, 10.794725
2018-05-24 03:44:55	本次不操作 eos_usdt
当前持仓为: 【现金】 0.000000, 【eos_usdt】 254.276571 个
2018-05-24 03:45:57	10.883460, 10.851000, 10.794400, 10.806325
2018-05-24 03:45:57	本次不操作 eos_usdt
当前持仓为: 【现金】 0.000000, 【eos_usdt】 254.276571 个
2018-05-24 03:46:59	10.913140, 10.899140, 10.783900, 10.785900
2018-05-24 03:46:59	本次不操作 eos_usdt
当前持仓为: 【现金】 0.000000, 【eos_usdt】 254.276571 个
2018-05-24 03:48:02	10.918920, 10.914960, 10.785825, 10.772575
2018-05-24 03:48:02	本次不操作 eos_usdt
当前持仓为: 【现金】 0.000000, 【eos_usdt】 254.276571 个
2018-05-24 03:49:06	10.915600, 10.918920, 10.780125, 10.758600
2018-05-24 03:49:06	本次不操作 eos_usdt
当前持仓为: 【现金】 0.000000, 【eos_usdt】 254.276571 个
2018-05-24 03:50:07	10.924880, 10.921300, 10.777850, 10.733375
2018-05-24 03:50:07	本次不操作 eos_usdt
当前持仓为: 【现金】 0.000000, 【eos_usdt】 254.276571 个
2018-05-24 03:51:08	10.930320, 10.924880, 10.801050, 10.742575
2018-05-24 03:51:08	本次不操作 eos_usdt
当前持仓为: 【现金】 0.000000, 【eos_usdt】 254.276571 个
2018-05-24 03:52:09	10.942860, 10.930320, 10.799775, 10.739325
2018-05-24 03:52:09	本次不操作 eos_usdt
当前持仓为: 【现金】 0.000000, 【eos_usdt】 254.276571 个
2018-05-24 03:53:11	10.955400, 10.942860, 10.801075, 10.767675
2018-05-24 03:53:11	本次不操作 eos_usdt
当前持仓为: 【现金】 0.000000, 【eos_usdt】 254.276571 个
2018-05-24 03:54:13	10.958260, 10.955400, 10.793575, 10.763375
2018-05-24 03:54:13	本次不操作 eos_usdt
当前持仓为: 【现金】 0.000000, 【eos_usdt】 254.276571 个
2018-05-24 03:55:17	10.968640, 10.971780, 10.784825, 10.763775
2018-05-24 03:55:17	本次不操作 eos_usdt
当前持仓为: 【现金】 0.000000, 【eos_usdt】 254.276571 个
2018-05-24 03:56:19	10.955660, 10.968660, 10.791625, 10.768775
2018-05-24 03:56:19	本次不操作 eos_usdt
当前持仓为: 【现金】 0.000000, 【eos_usdt】 254.276571 个
2018-05-24 03:57:21	10.948320, 10.955660, 10.791125, 10.777350
2018-05-24 03:57:21	本次不操作 eos_usdt
当前持仓为: 【现金】 0.000000, 【eos_usdt】 254.276571 个
2018-05-24 03:58:22	10.937540, 10.948320, 10.805425, 10.789200
2018-05-24 03:58:22	本次不操作 eos_usdt
当前持仓为: 【现金】 0.000000, 【eos_usdt】 254.276571 个
2018-05-24 03:59:24	10.926440, 10.937540, 10.813700, 10.802575
2018-05-24 03:59:24	本次不操作 eos_usdt
当前持仓为: 【现金】 0.000000, 【eos_usdt】 254.276571 个
2018-05-24 04:00:29	10.924940, 10.926440, 10.784150, 10.770725
2018-05-24 04:00:29	本次不操作 eos_usdt
当前持仓为: 【现金】 0.000000, 【eos_usdt】 254.276571 个
2018-05-24 04:01:34	10.924100, 10.923980, 10.789950, 10.776325
2018-05-24 04:01:34	本次不操作 eos_usdt
当前持仓为: 【现金】 0.000000, 【eos_usdt】 254.276571 个
2018-05-24 04:02:35	10.923100, 10.924100, 10.809425, 10.777150
2018-05-24 04:02:35	本次不操作 eos_usdt
当前持仓为: 【现金】 0.000000, 【eos_usdt】 254.276571 个
2018-05-24 04:03:37	10.928100, 10.923100, 10.810050, 10.764875
2018-05-24 04:03:37	本次不操作 eos_usdt
当前持仓为: 【现金】 0.000000, 【eos_usdt】 254.276571 个
2018-05-24 04:04:39	10.933140, 10.928100, 10.812350, 10.760100
2018-05-24 04:04:39	本次不操作 eos_usdt
当前持仓为: 【现金】 0.000000, 【eos_usdt】 254.276571 个
2018-05-24 04:05:41	10.939120, 10.933140, 10.817150, 10.750625
2018-05-24 04:05:41	本次不操作 eos_usdt
当前持仓为: 【现金】 0.000000, 【eos_usdt】 254.276571 个
2018-05-24 04:06:42	10.951660, 10.939120, 10.812100, 10.730675
2018-05-24 04:06:42	本次不操作 eos_usdt
当前持仓为: 【现金】 0.000000, 【eos_usdt】 254.276571 个
2018-05-24 04:07:43	10.961020, 10.951660, 10.814225, 10.724800
2018-05-24 04:07:43	本次不操作 eos_usdt
当前持仓为: 【现金】 0.000000, 【eos_usdt】 254.276571 个
2018-05-24 04:08:45	10.962000, 10.958640, 10.818100, 10.716275
2018-05-24 04:08:45	本次不操作 eos_usdt
当前持仓为: 【现金】 0.000000, 【eos_usdt】 254.276571 个
2018-05-24 04:09:46	10.975660, 10.962000, 10.832250, 10.710150
2018-05-24 04:09:46	本次不操作 eos_usdt
当前持仓为: 【现金】 0.000000, 【eos_usdt】 254.276571 个
2018-05-24 04:11:00	ERROR	('_ssl.c:703: The handshake operation timed out',)
2018-05-24 04:12:03	11.002780, 10.999940, 10.805125, 10.712000
2018-05-24 04:12:03	本次不操作 eos_usdt
当前持仓为: 【现金】 0.000000, 【eos_usdt】 254.276571 个
2018-05-24 04:13:04	11.003360, 11.002780, 10.776325, 10.688900
2018-05-24 04:13:04	本次不操作 eos_usdt
当前持仓为: 【现金】 0.000000, 【eos_usdt】 254.276571 个
2018-05-24 04:14:05	10.997840, 11.003360, 10.783550, 10.692675
2018-05-24 04:14:05	本次不操作 eos_usdt
当前持仓为: 【现金】 0.000000, 【eos_usdt】 254.276571 个
2018-05-24 04:15:06	10.989600, 10.997840, 10.791700, 10.697400
2018-05-24 04:15:06	本次不操作 eos_usdt
当前持仓为: 【现金】 0.000000, 【eos_usdt】 254.276571 个
2018-05-24 04:16:08	10.981020, 10.989600, 10.786400, 10.679550
2018-05-24 04:16:08	本次不操作 eos_usdt
当前持仓为: 【现金】 0.000000, 【eos_usdt】 254.276571 个
2018-05-24 04:17:09	10.983060, 10.981020, 10.789500, 10.666825
2018-05-24 04:17:09	本次不操作 eos_usdt
当前持仓为: 【现金】 0.000000, 【eos_usdt】 254.276571 个
2018-05-24 04:18:11	10.979260, 10.983060, 10.778275, 10.670750
2018-05-24 04:18:11	本次不操作 eos_usdt
当前持仓为: 【现金】 0.000000, 【eos_usdt】 254.276571 个
2018-05-24 04:19:15	10.967420, 10.974920, 10.760475, 10.676875
2018-05-24 04:19:15	本次不操作 eos_usdt
当前持仓为: 【现金】 0.000000, 【eos_usdt】 254.276571 个
2018-05-24 04:20:16	10.952280, 10.967420, 10.763125, 10.684800
2018-05-24 04:20:16	本次不操作 eos_usdt
当前持仓为: 【现金】 0.000000, 【eos_usdt】 254.276571 个
2018-05-24 04:21:21	10.936720, 10.952280, 10.766650, 10.691875
2018-05-24 04:21:21	本次不操作 eos_usdt
当前持仓为: 【现金】 0.000000, 【eos_usdt】 254.276571 个
2018-05-24 04:22:23	10.923980, 10.936720, 10.773850, 10.709425
2018-05-24 04:22:23	本次不操作 eos_usdt
当前持仓为: 【现金】 0.000000, 【eos_usdt】 254.276571 个
2018-05-24 04:23:25	10.917140, 10.923980, 10.777325, 10.723950
2018-05-24 04:23:25	本次不操作 eos_usdt
当前持仓为: 【现金】 0.000000, 【eos_usdt】 254.276571 个
2018-05-24 04:24:35	10.909780, 10.915880, 10.771875, 10.709375
2018-05-24 04:24:35	本次不操作 eos_usdt
当前持仓为: 【现金】 0.000000, 【eos_usdt】 254.276571 个
2018-05-24 04:25:36	10.903120, 10.909780, 10.791425, 10.737175
2018-05-24 04:25:36	本次不操作 eos_usdt
当前持仓为: 【现金】 0.000000, 【eos_usdt】 254.276571 个
2018-05-24 04:26:38	10.903260, 10.903120, 10.775300, 10.733050
2018-05-24 04:26:38	本次不操作 eos_usdt
当前持仓为: 【现金】 0.000000, 【eos_usdt】 254.276571 个
2018-05-24 04:27:40	10.898020, 10.903260, 10.793250, 10.766025
2018-05-24 04:27:40	本次不操作 eos_usdt
当前持仓为: 【现金】 0.000000, 【eos_usdt】 254.276571 个
2018-05-24 04:28:41	10.890960, 10.898020, 10.778400, 10.756375
2018-05-24 04:28:41	本次不操作 eos_usdt
当前持仓为: 【现金】 0.000000, 【eos_usdt】 254.276571 个
2018-05-24 04:29:42	10.890440, 10.890960, 10.781425, 10.748475
2018-05-24 04:29:42	本次不操作 eos_usdt
当前持仓为: 【现金】 0.000000, 【eos_usdt】 254.276571 个
2018-05-24 04:30:47	10.887720, 10.885720, 10.791750, 10.756750
2018-05-24 04:30:47	本次不操作 eos_usdt
当前持仓为: 【现金】 0.000000, 【eos_usdt】 254.276571 个
2018-05-24 04:31:49	10.889720, 10.887720, 10.795800, 10.743300
2018-05-24 04:31:49	本次不操作 eos_usdt
当前持仓为: 【现金】 0.000000, 【eos_usdt】 254.276571 个
2018-05-24 04:32:50	10.892440, 10.886240, 10.787675, 10.748350
2018-05-24 04:32:50	本次不操作 eos_usdt
当前持仓为: 【现金】 0.000000, 【eos_usdt】 254.276571 个
2018-05-24 04:33:56	10.897040, 10.892440, 10.792100, 10.758075
2018-05-24 04:33:56	本次不操作 eos_usdt
当前持仓为: 【现金】 0.000000, 【eos_usdt】 254.276571 个
2018-05-24 04:34:57	10.893080, 10.897040, 10.790750, 10.758250
2018-05-24 04:34:57	本次不操作 eos_usdt
当前持仓为: 【现金】 0.000000, 【eos_usdt】 254.276571 个
2018-05-24 04:36:00	10.888420, 10.893600, 10.793150, 10.761875
2018-05-24 04:36:00	本次不操作 eos_usdt
当前持仓为: 【现金】 0.000000, 【eos_usdt】 254.276571 个
2018-05-24 04:37:02	10.887280, 10.892100, 10.805725, 10.772050
2018-05-24 04:37:02	本次不操作 eos_usdt
当前持仓为: 【现金】 0.000000, 【eos_usdt】 254.276571 个
2018-05-24 04:38:04	10.886880, 10.887280, 10.794400, 10.755325
2018-05-24 04:38:04	本次不操作 eos_usdt
当前持仓为: 【现金】 0.000000, 【eos_usdt】 254.276571 个
2018-05-24 04:39:06	10.886760, 10.887020, 10.791575, 10.761025
2018-05-24 04:39:06	本次不操作 eos_usdt
当前持仓为: 【现金】 0.000000, 【eos_usdt】 254.276571 个
2018-05-24 04:40:08	10.869180, 10.875500, 10.772375, 10.750850
2018-05-24 04:40:08	本次不操作 eos_usdt
当前持仓为: 【现金】 0.000000, 【eos_usdt】 254.276571 个
2018-05-24 04:41:10	10.856060, 10.869180, 10.772450, 10.760350
2018-05-24 04:41:10	本次不操作 eos_usdt
当前持仓为: 【现金】 0.000000, 【eos_usdt】 254.276571 个
2018-05-24 04:42:11	10.839660, 10.854780, 10.782250, 10.770375
2018-05-24 04:42:11	本次不操作 eos_usdt
当前持仓为: 【现金】 0.000000, 【eos_usdt】 254.276571 个
2018-05-24 04:43:13	10.823120, 10.839660, 10.794750, 10.786350
2018-05-24 04:43:13	本次不操作 eos_usdt
当前持仓为: 【现金】 0.000000, 【eos_usdt】 254.276571 个
2018-05-24 04:44:15	10.810940, 10.816180, 10.795900, 10.785000
2018-05-24 04:44:15	本次不操作 eos_usdt
当前持仓为: 【现金】 0.000000, 【eos_usdt】 254.276571 个
2018-05-24 04:45:17	10.806180, 10.810940, 10.796175, 10.787850
2018-05-24 04:45:17	本次不操作 eos_usdt
当前持仓为: 【现金】 0.000000, 【eos_usdt】 254.276571 个
2018-05-24 04:46:18	10.804900, 10.806180, 10.797225, 10.798825
2018-05-24 04:46:18	本次不操作 eos_usdt
当前持仓为: 【现金】 0.000000, 【eos_usdt】 254.276571 个
2018-05-24 04:47:20	10.803000, 10.804900, 10.770125, 10.782450
2018-05-24 04:47:20	本次不操作 eos_usdt
当前持仓为: 【现金】 0.000000, 【eos_usdt】 254.276571 个
2018-05-24 04:48:25	10.802400, 10.803000, 10.766225, 10.777300
2018-05-24 04:48:25	本次不操作 eos_usdt
当前持仓为: 【现金】 0.000000, 【eos_usdt】 254.276571 个
2018-05-24 04:49:27	10.795840, 10.802400, 10.772175, 10.791975
2018-05-24 04:49:27	本次不操作 eos_usdt
当前持仓为: 【现金】 0.000000, 【eos_usdt】 254.276571 个
2018-05-24 04:50:35	10.784800, 10.791360, 10.773550, 10.793350
2018-05-24 04:50:35	取消买入【eos_usdt】动作，因为最近已经买入过
当前持仓为: 【现金】 0.000000, 【eos_usdt】 254.276571 个
2018-05-24 04:51:41	10.778600, 10.784800, 10.759750, 10.774375
2018-05-24 04:51:41	本次不操作 eos_usdt
当前持仓为: 【现金】 0.000000, 【eos_usdt】 254.276571 个
2018-05-24 04:52:42	10.772640, 10.778600, 10.786900, 10.801450
2018-05-24 04:52:42	本次不操作 eos_usdt
当前持仓为: 【现金】 0.000000, 【eos_usdt】 254.276571 个
2018-05-24 04:53:43	10.772200, 10.772640, 10.783075, 10.801125
2018-05-24 04:53:43	本次不操作 eos_usdt
当前持仓为: 【现金】 0.000000, 【eos_usdt】 254.276571 个
2018-05-24 04:54:46	10.775280, 10.773880, 10.766050, 10.785150
2018-05-24 04:54:46	取消买入【eos_usdt】动作，因为最近已经买入过
当前持仓为: 【现金】 0.000000, 【eos_usdt】 254.276571 个
2018-05-24 04:55:48	10.774800, 10.775280, 10.755825, 10.783675
2018-05-24 04:55:48	取消买入【eos_usdt】动作，因为最近已经买入过
当前持仓为: 【现金】 0.000000, 【eos_usdt】 254.276571 个
2018-05-24 04:56:49	10.781600, 10.774800, 10.772450, 10.788750
2018-05-24 04:56:49	取消买入【eos_usdt】动作，因为最近已经买入过
当前持仓为: 【现金】 0.000000, 【eos_usdt】 254.276571 个
2018-05-24 04:57:51	10.786720, 10.781600, 10.780175, 10.794425
2018-05-24 04:57:51	取消买入【eos_usdt】动作，因为最近已经买入过
当前持仓为: 【现金】 0.000000, 【eos_usdt】 254.276571 个
2018-05-24 04:58:53	10.794200, 10.787760, 10.794750, 10.799000
2018-05-24 04:58:53	本次不操作 eos_usdt
当前持仓为: 【现金】 0.000000, 【eos_usdt】 254.276571 个
2018-05-24 04:59:54	10.800640, 10.794200, 10.803000, 10.800700
2018-05-24 04:59:54	本次不操作 eos_usdt
当前持仓为: 【现金】 0.000000, 【eos_usdt】 254.276571 个
2018-05-24 05:00:56	10.815920, 10.800640, 10.818275, 10.799575
2018-05-24 05:00:56	以【10.814500】的价格卖出了【27.510000】个，总价值为【297.506895】
2018-05-24 05:00:56	以【10.810000】的价格卖出了【13.422007】个，总价值为【145.091896】
2018-05-24 05:00:56	以【10.800900】的价格卖出了【130.117100】个，总价值为【1405.381785】
2018-05-24 05:00:56	以【10.800800】的价格卖出了【83.227464】个，总价值为【898.923195】
2018-05-24 05:00:56	以上总共卖出了价值【2746.9037712337176】的【eos_usdt】
2018-05-24 05:00:56	卖出 eos_usdt
当前持仓为: 【现金】 2746.903771, 【eos_usdt】 0.000000 个
2018-05-24 05:02:00	10.828120, 10.821080, 10.821200, 10.800950
2018-05-24 05:02:00	本次不操作 eos_usdt
当前持仓为: 【现金】 2746.903771, 【eos_usdt】 0.000000 个
2018-05-24 05:03:02	10.834420, 10.828120, 10.847550, 10.830100
2018-05-24 05:03:02	本次不操作 eos_usdt
当前持仓为: 【现金】 2746.903771, 【eos_usdt】 0.000000 个
2018-05-24 05:04:03	10.834360, 10.834200, 10.833200, 10.833000
2018-05-24 05:04:03	本次不操作 eos_usdt
当前持仓为: 【现金】 2746.903771, 【eos_usdt】 0.000000 个
2018-05-24 05:05:05	10.829060, 10.834360, 10.819900, 10.809725
2018-05-24 05:05:05	本次不操作 eos_usdt
当前持仓为: 【现金】 2746.903771, 【eos_usdt】 0.000000 个
2018-05-24 05:06:06	10.826500, 10.829060, 10.822175, 10.816150
2018-05-24 05:06:06	本次不操作 eos_usdt
当前持仓为: 【现金】 2746.903771, 【eos_usdt】 0.000000 个
2018-05-24 05:07:08	10.824040, 10.826500, 10.825525, 10.816100
2018-05-24 05:07:08	取消卖出【eos_usdt】动作，因为最近已经卖出过
当前持仓为: 【现金】 2746.903771, 【eos_usdt】 0.000000 个
2018-05-24 05:08:10	10.818260, 10.824040, 10.818450, 10.818275
2018-05-24 05:08:10	取消卖出【eos_usdt】动作，因为最近已经卖出过
当前持仓为: 【现金】 2746.903771, 【eos_usdt】 0.000000 个
2018-05-24 05:09:15	10.816180, 10.818200, 10.831250, 10.832975
2018-05-24 05:09:15	本次不操作 eos_usdt
当前持仓为: 【现金】 2746.903771, 【eos_usdt】 0.000000 个
2018-05-24 05:10:16	10.811800, 10.816180, 10.832625, 10.820150
2018-05-24 05:10:16	本次不操作 eos_usdt
当前持仓为: 【现金】 2746.903771, 【eos_usdt】 0.000000 个
2018-05-24 05:11:21	10.809700, 10.811800, 10.844700, 10.829400
2018-05-24 05:11:21	本次不操作 eos_usdt
当前持仓为: 【现金】 2746.903771, 【eos_usdt】 0.000000 个
2018-05-24 05:12:23	10.806200, 10.809700, 10.827800, 10.798450
2018-05-24 05:12:23	取消卖出【eos_usdt】动作，因为最近已经卖出过
当前持仓为: 【现金】 2746.903771, 【eos_usdt】 0.000000 个
2018-05-24 05:13:24	10.808220, 10.806200, 10.812625, 10.781050
2018-05-24 05:13:24	取消卖出【eos_usdt】动作，因为最近已经卖出过
当前持仓为: 【现金】 2746.903771, 【eos_usdt】 0.000000 个
2018-05-24 05:14:25	10.810080, 10.808220, 10.812600, 10.782600
2018-05-24 05:14:25	取消卖出【eos_usdt】动作，因为最近已经卖出过
当前持仓为: 【现金】 2746.903771, 【eos_usdt】 0.000000 个
2018-05-24 05:15:27	10.810060, 10.810080, 10.835075, 10.803650
2018-05-24 05:15:27	取消卖出【eos_usdt】动作，因为最近已经卖出过
当前持仓为: 【现金】 2746.903771, 【eos_usdt】 0.000000 个
2018-05-24 05:16:28	10.818580, 10.813600, 10.839725, 10.790075
2018-05-24 05:16:28	取消卖出【eos_usdt】动作，因为最近已经卖出过
当前持仓为: 【现金】 2746.903771, 【eos_usdt】 0.000000 个
2018-05-24 05:17:31	10.832360, 10.818560, 10.853950, 10.789025
2018-05-24 05:17:31	取消卖出【eos_usdt】动作，因为最近已经卖出过
当前持仓为: 【现金】 2746.903771, 【eos_usdt】 0.000000 个
2018-05-24 05:18:32	10.846180, 10.832360, 10.842750, 10.775475
2018-05-24 05:18:32	本次不操作 eos_usdt
当前持仓为: 【现金】 2746.903771, 【eos_usdt】 0.000000 个
2018-05-24 05:19:33	10.860100, 10.846180, 10.844350, 10.752075
2018-05-24 05:19:33	本次不操作 eos_usdt
当前持仓为: 【现金】 2746.903771, 【eos_usdt】 0.000000 个
2018-05-24 05:20:38	10.857820, 10.854180, 10.838850, 10.770000
2018-05-24 05:20:38	本次不操作 eos_usdt
当前持仓为: 【现金】 2746.903771, 【eos_usdt】 0.000000 个
2018-05-24 05:21:43	10.860820, 10.857820, 10.836650, 10.766775
2018-05-24 05:21:43	本次不操作 eos_usdt
当前持仓为: 【现金】 2746.903771, 【eos_usdt】 0.000000 个
2018-05-24 05:22:44	10.855000, 10.860820, 10.844500, 10.786575
2018-05-24 05:22:44	本次不操作 eos_usdt
当前持仓为: 【现金】 2746.903771, 【eos_usdt】 0.000000 个
2018-05-24 05:23:46	10.848640, 10.855280, 10.829475, 10.774800
2018-05-24 05:23:46	本次不操作 eos_usdt
当前持仓为: 【现金】 2746.903771, 【eos_usdt】 0.000000 个
2018-05-24 05:24:48	10.847820, 10.848640, 10.826450, 10.776875
2018-05-24 05:24:48	本次不操作 eos_usdt
当前持仓为: 【现金】 2746.903771, 【eos_usdt】 0.000000 个
2018-05-24 05:25:49	10.851760, 10.847820, 10.842075, 10.791100
2018-05-24 05:25:49	本次不操作 eos_usdt
当前持仓为: 【现金】 2746.903771, 【eos_usdt】 0.000000 个
2018-05-24 05:26:51	10.855680, 10.851760, 10.840450, 10.785550
2018-05-24 05:26:51	本次不操作 eos_usdt
当前持仓为: 【现金】 2746.903771, 【eos_usdt】 0.000000 个
2018-05-24 05:27:53	10.856200, 10.855680, 10.835275, 10.789175
2018-05-24 05:27:53	本次不操作 eos_usdt
当前持仓为: 【现金】 2746.903771, 【eos_usdt】 0.000000 个
2018-05-24 05:28:54	10.860680, 10.856200, 10.841625, 10.792050
2018-05-24 05:28:54	本次不操作 eos_usdt
当前持仓为: 【现金】 2746.903771, 【eos_usdt】 0.000000 个
2018-05-24 05:29:58	10.865380, 10.860680, 10.847625, 10.787075
2018-05-24 05:29:58	本次不操作 eos_usdt
当前持仓为: 【现金】 2746.903771, 【eos_usdt】 0.000000 个
2018-05-24 05:31:00	10.865320, 10.865360, 10.845300, 10.795050
2018-05-24 05:31:00	本次不操作 eos_usdt
当前持仓为: 【现金】 2746.903771, 【eos_usdt】 0.000000 个
2018-05-24 05:32:01	10.865300, 10.865320, 10.849775, 10.795700
2018-05-24 05:32:01	本次不操作 eos_usdt
当前持仓为: 【现金】 2746.903771, 【eos_usdt】 0.000000 个
2018-05-24 05:33:02	10.869260, 10.865300, 10.839700, 10.789750
2018-05-24 05:33:02	本次不操作 eos_usdt
当前持仓为: 【现金】 2746.903771, 【eos_usdt】 0.000000 个
2018-05-24 05:34:04	10.869560, 10.869260, 10.839725, 10.789775
2018-05-24 05:34:04	本次不操作 eos_usdt
当前持仓为: 【现金】 2746.903771, 【eos_usdt】 0.000000 个
2018-05-24 05:35:06	10.870940, 10.870820, 10.841425, 10.791350
2018-05-24 05:35:06	本次不操作 eos_usdt
当前持仓为: 【现金】 2746.903771, 【eos_usdt】 0.000000 个
2018-05-24 05:36:07	10.867060, 10.870940, 10.831900, 10.797800
2018-05-24 05:36:07	本次不操作 eos_usdt
当前持仓为: 【现金】 2746.903771, 【eos_usdt】 0.000000 个
2018-05-24 05:37:09	10.867180, 10.867060, 10.836400, 10.805725
2018-05-24 05:37:09	本次不操作 eos_usdt
当前持仓为: 【现金】 2746.903771, 【eos_usdt】 0.000000 个
2018-05-24 05:38:13	10.867220, 10.867180, 10.836525, 10.794575
2018-05-24 05:38:13	本次不操作 eos_usdt
当前持仓为: 【现金】 2746.903771, 【eos_usdt】 0.000000 个
2018-05-24 05:39:15	10.858060, 10.863240, 10.810000, 10.771700
2018-05-24 05:39:15	本次不操作 eos_usdt
当前持仓为: 【现金】 2746.903771, 【eos_usdt】 0.000000 个
2018-05-24 05:40:17	10.860760, 10.858760, 10.816850, 10.769675
2018-05-24 05:40:17	本次不操作 eos_usdt
当前持仓为: 【现金】 2746.903771, 【eos_usdt】 0.000000 个
2018-05-24 05:41:18	10.869280, 10.860760, 10.825675, 10.769925
2018-05-24 05:41:18	本次不操作 eos_usdt
当前持仓为: 【现金】 2746.903771, 【eos_usdt】 0.000000 个
2018-05-24 05:42:19	10.877780, 10.869280, 10.835425, 10.779775
2018-05-24 05:42:19	本次不操作 eos_usdt
当前持仓为: 【现金】 2746.903771, 【eos_usdt】 0.000000 个
2018-05-24 05:43:20	10.885040, 10.879040, 10.855025, 10.794525
2018-05-24 05:43:20	本次不操作 eos_usdt
当前持仓为: 【现金】 2746.903771, 【eos_usdt】 0.000000 个
2018-05-24 05:44:25	10.894020, 10.885040, 10.868050, 10.795900
2018-05-24 05:44:25	本次不操作 eos_usdt
当前持仓为: 【现金】 2746.903771, 【eos_usdt】 0.000000 个
2018-05-24 05:45:27	10.899780, 10.894020, 10.873100, 10.796175
2018-05-24 05:45:27	本次不操作 eos_usdt
当前持仓为: 【现金】 2746.903771, 【eos_usdt】 0.000000 个
2018-05-24 05:46:28	10.903020, 10.899780, 10.874150, 10.797225
2018-05-24 05:46:28	本次不操作 eos_usdt
当前持仓为: 【现金】 2746.903771, 【eos_usdt】 0.000000 个
2018-05-24 05:47:30	10.908640, 10.899580, 10.874525, 10.778400
2018-05-24 05:47:30	本次不操作 eos_usdt
当前持仓为: 【现金】 2746.903771, 【eos_usdt】 0.000000 个
2018-05-24 05:48:31	10.917500, 10.908640, 10.864625, 10.760125
2018-05-24 05:48:31	本次不操作 eos_usdt
当前持仓为: 【现金】 2746.903771, 【eos_usdt】 0.000000 个
2018-05-24 05:49:36	10.943440, 10.923160, 10.886425, 10.767875
2018-05-24 05:49:36	本次不操作 eos_usdt
当前持仓为: 【现金】 2746.903771, 【eos_usdt】 0.000000 个
2018-05-24 05:50:37	10.963440, 10.943440, 10.878275, 10.773550
2018-05-24 05:50:37	本次不操作 eos_usdt
当前持仓为: 【现金】 2746.903771, 【eos_usdt】 0.000000 个
2018-05-24 05:51:38	10.987640, 10.963440, 10.882500, 10.759750
2018-05-24 05:51:38	本次不操作 eos_usdt
当前持仓为: 【现金】 2746.903771, 【eos_usdt】 0.000000 个
2018-05-24 05:52:40	11.000900, 10.987640, 10.890025, 10.786900
2018-05-24 05:52:40	本次不操作 eos_usdt
当前持仓为: 【现金】 2746.903771, 【eos_usdt】 0.000000 个
2018-05-24 05:53:42	11.010380, 11.000900, 10.894850, 10.783075
2018-05-24 05:53:42	本次不操作 eos_usdt
当前持仓为: 【现金】 2746.903771, 【eos_usdt】 0.000000 个
2018-05-24 05:54:44	11.018840, 11.010380, 10.896250, 10.782050
2018-05-24 05:54:44	本次不操作 eos_usdt
当前持仓为: 【现金】 2746.903771, 【eos_usdt】 0.000000 个
2018-05-24 05:55:45	11.033480, 11.019480, 10.870850, 10.755825
2018-05-24 05:55:45	本次不操作 eos_usdt
当前持仓为: 【现金】 2746.903771, 【eos_usdt】 0.000000 个
2018-05-24 05:56:47	11.046840, 11.034520, 10.890700, 10.772450
2018-05-24 05:56:47	本次不操作 eos_usdt
当前持仓为: 【现金】 2746.903771, 【eos_usdt】 0.000000 个
2018-05-24 05:57:48	11.072740, 11.046840, 10.906250, 10.781475
2018-05-24 05:57:48	本次不操作 eos_usdt
当前持仓为: 【现金】 2746.903771, 【eos_usdt】 0.000000 个
2018-05-24 05:58:49	11.098780, 11.072740, 10.911325, 10.794750
2018-05-24 05:58:49	本次不操作 eos_usdt
当前持仓为: 【现金】 2746.903771, 【eos_usdt】 0.000000 个
2018-05-24 05:59:51	11.127260, 11.098780, 10.925425, 10.803000
2018-05-24 05:59:51	本次不操作 eos_usdt
当前持仓为: 【现金】 2746.903771, 【eos_usdt】 0.000000 个
2018-05-24 06:00:54	11.152220, 11.127260, 10.944525, 10.818275
2018-05-24 06:00:54	本次不操作 eos_usdt
当前持仓为: 【现金】 2746.903771, 【eos_usdt】 0.000000 个
2018-05-24 06:01:55	11.168960, 11.152220, 10.927075, 10.820425
2018-05-24 06:01:55	本次不操作 eos_usdt
当前持仓为: 【现金】 2746.903771, 【eos_usdt】 0.000000 个
2018-05-24 06:02:58	11.168960, 11.168960, 10.928325, 10.837625
2018-05-24 06:02:58	本次不操作 eos_usdt
当前持仓为: 【现金】 2746.903771, 【eos_usdt】 0.000000 个
2018-05-24 06:03:59	11.162820, 11.168960, 10.920475, 10.820600
2018-05-24 06:03:59	本次不操作 eos_usdt
当前持仓为: 【现金】 2746.903771, 【eos_usdt】 0.000000 个
2018-05-24 06:05:00	11.132440, 11.149580, 10.915975, 10.819900
2018-05-24 06:05:00	本次不操作 eos_usdt
当前持仓为: 【现金】 2746.903771, 【eos_usdt】 0.000000 个
2018-05-24 06:06:02	11.107480, 11.128820, 10.904675, 10.822175
2018-05-24 06:06:02	本次不操作 eos_usdt
当前持仓为: 【现金】 2746.903771, 【eos_usdt】 0.000000 个
2018-05-24 06:07:03	11.090220, 11.107480, 10.913050, 10.825525
2018-05-24 06:07:03	本次不操作 eos_usdt
当前持仓为: 【现金】 2746.903771, 【eos_usdt】 0.000000 个
2018-05-24 06:08:04	11.073020, 11.090220, 10.906075, 10.818450
2018-05-24 06:08:04	本次不操作 eos_usdt
当前持仓为: 【现金】 2746.903771, 【eos_usdt】 0.000000 个
2018-05-24 06:09:05	11.058800, 11.073020, 10.916325, 10.830725
2018-05-24 06:09:05	本次不操作 eos_usdt
当前持仓为: 【现金】 2746.903771, 【eos_usdt】 0.000000 个
2018-05-24 06:10:06	11.047320, 11.058560, 10.915350, 10.835150
2018-05-24 06:10:06	本次不操作 eos_usdt
当前持仓为: 【现金】 2746.903771, 【eos_usdt】 0.000000 个
2018-05-24 06:11:08	11.043320, 11.047320, 10.920825, 10.838450
2018-05-24 06:11:08	本次不操作 eos_usdt
当前持仓为: 【现金】 2746.903771, 【eos_usdt】 0.000000 个
2018-05-24 06:12:09	11.042960, 11.043320, 10.912200, 10.827750
2018-05-24 06:12:09	本次不操作 eos_usdt
当前持仓为: 【现金】 2746.903771, 【eos_usdt】 0.000000 个
2018-05-24 06:13:10	11.054680, 11.042960, 10.921950, 10.813850
2018-05-24 06:13:10	本次不操作 eos_usdt
当前持仓为: 【现金】 2746.903771, 【eos_usdt】 0.000000 个
2018-05-24 06:14:11	11.059380, 11.054680, 10.915625, 10.813550
2018-05-24 06:14:11	本次不操作 eos_usdt
当前持仓为: 【现金】 2746.903771, 【eos_usdt】 0.000000 个
2018-05-24 06:15:13	11.070120, 11.059380, 10.924875, 10.821775
2018-05-24 06:15:13	本次不操作 eos_usdt
当前持仓为: 【现金】 2746.903771, 【eos_usdt】 0.000000 个
2018-05-24 06:16:14	11.094720, 11.082380, 10.933150, 10.839725
2018-05-24 06:16:14	本次不操作 eos_usdt
当前持仓为: 【现金】 2746.903771, 【eos_usdt】 0.000000 个
2018-05-24 06:17:16	11.092200, 11.094720, 10.944100, 10.846600
2018-05-24 06:17:16	本次不操作 eos_usdt
当前持仓为: 【现金】 2746.903771, 【eos_usdt】 0.000000 个
2018-05-24 06:18:17	11.092600, 11.092200, 10.939600, 10.842750
2018-05-24 06:18:17	本次不操作 eos_usdt
当前持仓为: 【现金】 2746.903771, 【eos_usdt】 0.000000 个
2018-05-24 06:19:18	11.103980, 11.092840, 10.943825, 10.842875
2018-05-24 06:19:18	本次不操作 eos_usdt
当前持仓为: 【现金】 2746.903771, 【eos_usdt】 0.000000 个
2018-05-24 06:20:23	11.106020, 11.103980, 10.927475, 10.838850
2018-05-24 06:20:23	本次不操作 eos_usdt
当前持仓为: 【现金】 2746.903771, 【eos_usdt】 0.000000 个
2018-05-24 06:21:24	11.108040, 11.106020, 10.919975, 10.836650
2018-05-24 06:21:24	本次不操作 eos_usdt
当前持仓为: 【现金】 2746.903771, 【eos_usdt】 0.000000 个
2018-05-24 06:22:25	11.106480, 11.108040, 10.914350, 10.841575
2018-05-24 06:22:25	本次不操作 eos_usdt
当前持仓为: 【现金】 2746.903771, 【eos_usdt】 0.000000 个
2018-05-24 06:23:26	11.102460, 11.106480, 10.911650, 10.831375
2018-05-24 06:23:26	本次不操作 eos_usdt
当前持仓为: 【现金】 2746.903771, 【eos_usdt】 0.000000 个
2018-05-24 06:24:28	11.091240, 11.102460, 10.904875, 10.829475
2018-05-24 06:24:28	本次不操作 eos_usdt
当前持仓为: 【现金】 2746.903771, 【eos_usdt】 0.000000 个
2018-05-24 06:25:33	11.080180, 11.093360, 10.909575, 10.842075
2018-05-24 06:25:33	本次不操作 eos_usdt
当前持仓为: 【现金】 2746.903771, 【eos_usdt】 0.000000 个
2018-05-24 06:26:34	11.073760, 11.080180, 10.902125, 10.832800
2018-05-24 06:26:34	本次不操作 eos_usdt
当前持仓为: 【现金】 2746.903771, 【eos_usdt】 0.000000 个
2018-05-24 06:27:35	11.059180, 11.073760, 10.882050, 10.839725
2018-05-24 06:27:35	本次不操作 eos_usdt
当前持仓为: 【现金】 2746.903771, 【eos_usdt】 0.000000 个
2018-05-24 06:28:36	11.046600, 11.059180, 10.873275, 10.823400
2018-05-24 06:28:36	本次不操作 eos_usdt
当前持仓为: 【现金】 2746.903771, 【eos_usdt】 0.000000 个
2018-05-24 06:29:38	11.034880, 11.046600, 10.889800, 10.841700
2018-05-24 06:29:38	本次不操作 eos_usdt
当前持仓为: 【现金】 2746.903771, 【eos_usdt】 0.000000 个
2018-05-24 06:30:39	11.018080, 11.030080, 10.887350, 10.845525
2018-05-24 06:30:39	本次不操作 eos_usdt
当前持仓为: 【现金】 2746.903771, 【eos_usdt】 0.000000 个
2018-05-24 06:31:41	11.011300, 11.018080, 10.893625, 10.849875
2018-05-24 06:31:41	本次不操作 eos_usdt
当前持仓为: 【现金】 2746.903771, 【eos_usdt】 0.000000 个
2018-05-24 06:32:42	11.004900, 11.011300, 10.883825, 10.848525
2018-05-24 06:32:42	本次不操作 eos_usdt
当前持仓为: 【现金】 2746.903771, 【eos_usdt】 0.000000 个
2018-05-24 06:33:43	10.983820, 11.004900, 10.860800, 10.840100
2018-05-24 06:33:43	本次不操作 eos_usdt
当前持仓为: 【现金】 2746.903771, 【eos_usdt】 0.000000 个
2018-05-24 06:34:45	10.984880, 10.995280, 10.865075, 10.841475
2018-05-24 06:34:45	本次不操作 eos_usdt
当前持仓为: 【现金】 2746.903771, 【eos_usdt】 0.000000 个
2018-05-24 06:35:47	10.972200, 10.984880, 10.860550, 10.836475
2018-05-24 06:35:47	本次不操作 eos_usdt
当前持仓为: 【现金】 2746.903771, 【eos_usdt】 0.000000 个
2018-05-24 06:36:51	10.960200, 10.972200, 10.872675, 10.836425
2018-05-24 06:36:51	本次不操作 eos_usdt
当前持仓为: 【现金】 2746.903771, 【eos_usdt】 0.000000 个
2018-05-24 06:37:55	10.955220, 10.960200, 10.867675, 10.831400
2018-05-24 06:37:55	本次不操作 eos_usdt
当前持仓为: 【现金】 2746.903771, 【eos_usdt】 0.000000 个
2018-05-24 06:38:57	10.949980, 10.955220, 10.864125, 10.831575
2018-05-24 06:38:57	本次不操作 eos_usdt
当前持仓为: 【现金】 2746.903771, 【eos_usdt】 0.000000 个
2018-05-24 06:39:58	10.950460, 10.949980, 10.859500, 10.818125
2018-05-24 06:39:58	本次不操作 eos_usdt
当前持仓为: 【现金】 2746.903771, 【eos_usdt】 0.000000 个
2018-05-24 06:40:59	10.953240, 10.947560, 10.862150, 10.825925
2018-05-24 06:40:59	本次不操作 eos_usdt
当前持仓为: 【现金】 2746.903771, 【eos_usdt】 0.000000 个
2018-05-24 06:42:01	10.951660, 10.956240, 10.866200, 10.835400
2018-05-24 06:42:01	本次不操作 eos_usdt
当前持仓为: 【现金】 2746.903771, 【eos_usdt】 0.000000 个
2018-05-24 06:43:03	10.947180, 10.951660, 10.881400, 10.852350
2018-05-24 06:43:03	本次不操作 eos_usdt
当前持仓为: 【现金】 2746.903771, 【eos_usdt】 0.000000 个
2018-05-24 06:44:04	10.950080, 10.947180, 10.894075, 10.866575
2018-05-24 06:44:04	本次不操作 eos_usdt
当前持仓为: 【现金】 2746.903771, 【eos_usdt】 0.000000 个
2018-05-24 06:45:05	10.968920, 10.956080, 10.910525, 10.874100
2018-05-24 06:45:05	本次不操作 eos_usdt
当前持仓为: 【现金】 2746.903771, 【eos_usdt】 0.000000 个
2018-05-24 06:46:07	10.973100, 10.968920, 10.911700, 10.875025
2018-05-24 06:46:07	本次不操作 eos_usdt
当前持仓为: 【现金】 2746.903771, 【eos_usdt】 0.000000 个
2018-05-24 06:47:08	10.978560, 10.973100, 10.903350, 10.867600
2018-05-24 06:47:08	本次不操作 eos_usdt
当前持仓为: 【现金】 2746.903771, 【eos_usdt】 0.000000 个
2018-05-24 06:48:13	10.988200, 10.980740, 10.902300, 10.870850
2018-05-24 06:48:13	本次不操作 eos_usdt
当前持仓为: 【现金】 2746.903771, 【eos_usdt】 0.000000 个
2018-05-24 06:49:17	10.988280, 10.988180, 10.924800, 10.892175
2018-05-24 06:49:17	本次不操作 eos_usdt
当前持仓为: 【现金】 2746.903771, 【eos_usdt】 0.000000 个
2018-05-24 06:50:22	10.978360, 10.988280, 10.917175, 10.886125
2018-05-24 06:50:22	本次不操作 eos_usdt
当前持仓为: 【现金】 2746.903771, 【eos_usdt】 0.000000 个
2018-05-24 06:51:26	10.966180, 10.978360, 10.930225, 10.899425
2018-05-24 06:51:26	本次不操作 eos_usdt
当前持仓为: 【现金】 2746.903771, 【eos_usdt】 0.000000 个
2018-05-24 06:52:27	10.950100, 10.966180, 10.913175, 10.892425
2018-05-24 06:52:27	本次不操作 eos_usdt
当前持仓为: 【现金】 2746.903771, 【eos_usdt】 0.000000 个
2018-05-24 06:53:29	10.929280, 10.948000, 10.915775, 10.894850
2018-05-24 06:53:29	本次不操作 eos_usdt
当前持仓为: 【现金】 2746.903771, 【eos_usdt】 0.000000 个
2018-05-24 06:54:31	10.902760, 10.926000, 10.916025, 10.896250
2018-05-24 06:54:31	取消卖出【eos_usdt】动作，因为最近已经卖出过
当前持仓为: 【现金】 2746.903771, 【eos_usdt】 0.000000 个
2018-05-24 06:55:32	10.883960, 10.902760, 10.902300, 10.870850
2018-05-24 06:55:32	取消卖出【eos_usdt】动作，因为最近已经卖出过
当前持仓为: 【现金】 2746.903771, 【eos_usdt】 0.000000 个
2018-05-24 06:56:33	10.865140, 10.883960, 10.914675, 10.897550
2018-05-24 06:56:33	本次不操作 eos_usdt
当前持仓为: 【现金】 2746.903771, 【eos_usdt】 0.000000 个
2018-05-24 06:57:34	10.845140, 10.865140, 10.910250, 10.899025
2018-05-24 06:57:34	本次不操作 eos_usdt
当前持仓为: 【现金】 2746.903771, 【eos_usdt】 0.000000 个
2018-05-24 06:58:36	10.831140, 10.845140, 10.921250, 10.908750
2018-05-24 06:58:36	本次不操作 eos_usdt
当前持仓为: 【现金】 2746.903771, 【eos_usdt】 0.000000 个
2018-05-24 06:59:37	10.812940, 10.831140, 10.920125, 10.939225
2018-05-24 06:59:37	本次不操作 eos_usdt
当前持仓为: 【现金】 2746.903771, 【eos_usdt】 0.000000 个
2018-05-24 07:00:39	10.794180, 10.812940, 10.927400, 10.939350
2018-05-24 07:00:39	本次不操作 eos_usdt
当前持仓为: 【现金】 2746.903771, 【eos_usdt】 0.000000 个
2018-05-24 07:01:40	10.775440, 10.794180, 10.921100, 10.927050
2018-05-24 07:01:40	本次不操作 eos_usdt
当前持仓为: 【现金】 2746.903771, 【eos_usdt】 0.000000 个
2018-05-24 07:02:41	10.771440, 10.775440, 10.920000, 10.921825
2018-05-24 07:02:41	本次不操作 eos_usdt
当前持仓为: 【现金】 2746.903771, 【eos_usdt】 0.000000 个
2018-05-24 07:03:42	10.785800, 10.771440, 10.939850, 10.924400
2018-05-24 07:03:42	本次不操作 eos_usdt
当前持仓为: 【现金】 2746.903771, 【eos_usdt】 0.000000 个
2018-05-24 07:04:44	10.805580, 10.785800, 10.939925, 10.921825
2018-05-24 07:04:44	本次不操作 eos_usdt
当前持仓为: 【现金】 2746.903771, 【eos_usdt】 0.000000 个
2018-05-24 07:05:45	10.826320, 10.810960, 10.917750, 10.904675
2018-05-24 07:05:45	本次不操作 eos_usdt
当前持仓为: 【现金】 2746.903771, 【eos_usdt】 0.000000 个
2018-05-24 07:06:46	10.844420, 10.826320, 10.929425, 10.911525
2018-05-24 07:06:46	本次不操作 eos_usdt
当前持仓为: 【现金】 2746.903771, 【eos_usdt】 0.000000 个
2018-05-24 07:07:48	10.840480, 10.836480, 10.909200, 10.908725
2018-05-24 07:07:48	本次不操作 eos_usdt
当前持仓为: 【现金】 2746.903771, 【eos_usdt】 0.000000 个
2018-05-24 07:08:50	10.825660, 10.840480, 10.898875, 10.898975
2018-05-24 07:08:50	本次不操作 eos_usdt
当前持仓为: 【现金】 2746.903771, 【eos_usdt】 0.000000 个
2018-05-24 07:09:54	10.804620, 10.825660, 10.908725, 10.917850
2018-05-24 07:09:54	本次不操作 eos_usdt
当前持仓为: 【现金】 2746.903771, 【eos_usdt】 0.000000 个
2018-05-24 07:10:56	10.786640, 10.804620, 10.899800, 10.918125
2018-05-24 07:10:56	本次不操作 eos_usdt
当前持仓为: 【现金】 2746.903771, 【eos_usdt】 0.000000 个
2018-05-24 07:11:57	10.770880, 10.786640, 10.895475, 10.907650
2018-05-24 07:11:57	本次不操作 eos_usdt
当前持仓为: 【现金】 2746.903771, 【eos_usdt】 0.000000 个
2018-05-24 07:12:58	10.761140, 10.770880, 10.900600, 10.912775
2018-05-24 07:12:58	本次不操作 eos_usdt
当前持仓为: 【现金】 2746.903771, 【eos_usdt】 0.000000 个
2018-05-24 07:14:02	10.761560, 10.754840, 10.917825, 10.915625
2018-05-24 07:14:02	本次不操作 eos_usdt
当前持仓为: 【现金】 2746.903771, 【eos_usdt】 0.000000 个
2018-05-24 07:15:04	10.775120, 10.761560, 10.922700, 10.924875
2018-05-24 07:15:04	本次不操作 eos_usdt
当前持仓为: 【现金】 2746.903771, 【eos_usdt】 0.000000 个
2018-05-24 07:16:05	10.780600, 10.775120, 10.917575, 10.933125
2018-05-24 07:16:05	本次不操作 eos_usdt
当前持仓为: 【现金】 2746.903771, 【eos_usdt】 0.000000 个
2018-05-24 07:17:06	10.783900, 10.780600, 10.935175, 10.950650
2018-05-24 07:17:06	本次不操作 eos_usdt
当前持仓为: 【现金】 2746.903771, 【eos_usdt】 0.000000 个
2018-05-24 07:18:07	10.776600, 10.781880, 10.919975, 10.942150
2018-05-24 07:18:07	本次不操作 eos_usdt
当前持仓为: 【现金】 2746.903771, 【eos_usdt】 0.000000 个
2018-05-24 07:19:09	10.761140, 10.776860, 10.916900, 10.943750
2018-05-24 07:19:09	本次不操作 eos_usdt
当前持仓为: 【现金】 2746.903771, 【eos_usdt】 0.000000 个
2018-05-24 07:20:10	10.728160, 10.761140, 10.891125, 10.934550
2018-05-24 07:20:10	本次不操作 eos_usdt
当前持仓为: 【现金】 2746.903771, 【eos_usdt】 0.000000 个
2018-05-24 07:21:11	10.704140, 10.728160, 10.879550, 10.925150
2018-05-24 07:21:11	本次不操作 eos_usdt
当前持仓为: 【现金】 2746.903771, 【eos_usdt】 0.000000 个
2018-05-24 07:22:13	10.680860, 10.704140, 10.871850, 10.914350
2018-05-24 07:22:13	本次不操作 eos_usdt
当前持仓为: 【现金】 2746.903771, 【eos_usdt】 0.000000 个
2018-05-24 07:23:14	10.658320, 10.680860, 10.868000, 10.911650
2018-05-24 07:23:14	本次不操作 eos_usdt
当前持仓为: 【现金】 2746.903771, 【eos_usdt】 0.000000 个
2018-05-24 07:24:16	10.637700, 10.651960, 10.861225, 10.904875
2018-05-24 07:24:16	本次不操作 eos_usdt
当前持仓为: 【现金】 2746.903771, 【eos_usdt】 0.000000 个
2018-05-24 07:25:17	10.625700, 10.637700, 10.854925, 10.909200
2018-05-24 07:25:17	本次不操作 eos_usdt
当前持仓为: 【现金】 2746.903771, 【eos_usdt】 0.000000 个
2018-05-24 07:26:19	10.615700, 10.625700, 10.854700, 10.902200
2018-05-24 07:26:19	本次不操作 eos_usdt
当前持仓为: 【现金】 2746.903771, 【eos_usdt】 0.000000 个
2018-05-24 07:27:21	10.591960, 10.615700, 10.822300, 10.887025
2018-05-24 07:27:21	本次不操作 eos_usdt
当前持仓为: 【现金】 2746.903771, 【eos_usdt】 0.000000 个
2018-05-24 07:28:22	10.581600, 10.597740, 10.818475, 10.876125
2018-05-24 07:28:22	本次不操作 eos_usdt
当前持仓为: 【现金】 2746.903771, 【eos_usdt】 0.000000 个
2018-05-24 07:29:26	10.569720, 10.581600, 10.838500, 10.889800
2018-05-24 07:29:26	本次不操作 eos_usdt
当前持仓为: 【现金】 2746.903771, 【eos_usdt】 0.000000 个
2018-05-24 07:30:27	10.565580, 10.569720, 10.833400, 10.883575
2018-05-24 07:30:27	本次不操作 eos_usdt
当前持仓为: 【现金】 2746.903771, 【eos_usdt】 0.000000 个
2018-05-24 07:31:29	10.569580, 10.565580, 10.853625, 10.893625
2018-05-24 07:31:29	本次不操作 eos_usdt
当前持仓为: 【现金】 2746.903771, 【eos_usdt】 0.000000 个
2018-05-24 07:32:30	10.603940, 10.573960, 10.866300, 10.883825
2018-05-24 07:32:30	本次不操作 eos_usdt
当前持仓为: 【现金】 2746.903771, 【eos_usdt】 0.000000 个
2018-05-24 07:33:32	10.635740, 10.603940, 10.851325, 10.860800
2018-05-24 07:33:32	本次不操作 eos_usdt
当前持仓为: 【现金】 2746.903771, 【eos_usdt】 0.000000 个
2018-05-24 07:34:33	10.667740, 10.635740, 10.857425, 10.866050
2018-05-24 07:34:33	本次不操作 eos_usdt
当前持仓为: 【现金】 2746.903771, 【eos_usdt】 0.000000 个
2018-05-24 07:35:34	10.689800, 10.667740, 10.847775, 10.865550
2018-05-24 07:35:34	本次不操作 eos_usdt
当前持仓为: 【现金】 2746.903771, 【eos_usdt】 0.000000 个
2018-05-24 07:36:35	10.706340, 10.689800, 10.856800, 10.876100
2018-05-24 07:36:35	本次不操作 eos_usdt
当前持仓为: 【现金】 2746.903771, 【eos_usdt】 0.000000 个
2018-05-24 07:37:37	10.711800, 10.709780, 10.852675, 10.866925
2018-05-24 07:37:37	本次不操作 eos_usdt
当前持仓为: 【现金】 2746.903771, 【eos_usdt】 0.000000 个
2018-05-24 07:38:39	10.712000, 10.711800, 10.851550, 10.864150
2018-05-24 07:38:39	本次不操作 eos_usdt
当前持仓为: 【现金】 2746.903771, 【eos_usdt】 0.000000 个
2018-05-24 07:39:40	10.696940, 10.712000, 10.819400, 10.850725
2018-05-24 07:39:40	本次不操作 eos_usdt
当前持仓为: 【现金】 2746.903771, 【eos_usdt】 0.000000 个
2018-05-24 07:40:41	10.689080, 10.696940, 10.831550, 10.861275
2018-05-24 07:40:41	本次不操作 eos_usdt
当前持仓为: 【现金】 2746.903771, 【eos_usdt】 0.000000 个
2018-05-24 07:41:42	10.685640, 10.689080, 10.838175, 10.859975
2018-05-24 07:41:42	本次不操作 eos_usdt
当前持仓为: 【现金】 2746.903771, 【eos_usdt】 0.000000 个
2018-05-24 07:42:43	10.686060, 10.685640, 10.839325, 10.871000
2018-05-24 07:42:43	本次不操作 eos_usdt
当前持仓为: 【现金】 2746.903771, 【eos_usdt】 0.000000 个
2018-05-24 07:43:45	10.698900, 10.698580, 10.843450, 10.890325
2018-05-24 07:43:45	本次不操作 eos_usdt
当前持仓为: 【现金】 2746.903771, 【eos_usdt】 0.000000 个
2018-05-24 07:44:46	10.713360, 10.700960, 10.861025, 10.910525
2018-05-24 07:44:46	本次不操作 eos_usdt
当前持仓为: 【现金】 2746.903771, 【eos_usdt】 0.000000 个
2018-05-24 07:45:47	10.730280, 10.722080, 10.858325, 10.911400
2018-05-24 07:45:47	本次不操作 eos_usdt
当前持仓为: 【现金】 2746.903771, 【eos_usdt】 0.000000 个
2018-05-24 07:46:48	10.738380, 10.730760, 10.853725, 10.903250
2018-05-24 07:46:48	本次不操作 eos_usdt
当前持仓为: 【现金】 2746.903771, 【eos_usdt】 0.000000 个
2018-05-24 07:47:50	10.742580, 10.739980, 10.859400, 10.900925
2018-05-24 07:47:50	本次不操作 eos_usdt
当前持仓为: 【现金】 2746.903771, 【eos_usdt】 0.000000 个
2018-05-24 07:48:51	10.742340, 10.742580, 10.875075, 10.914900
2018-05-24 07:48:51	本次不操作 eos_usdt
当前持仓为: 【现金】 2746.903771, 【eos_usdt】 0.000000 个
2018-05-24 07:49:53	10.731280, 10.742360, 10.867750, 10.924675
2018-05-24 07:49:53	本次不操作 eos_usdt
当前持仓为: 【现金】 2746.903771, 【eos_usdt】 0.000000 个
2018-05-24 07:50:54	10.730960, 10.731280, 10.861400, 10.908775
2018-05-24 07:50:54	本次不操作 eos_usdt
当前持仓为: 【现金】 2746.903771, 【eos_usdt】 0.000000 个
2018-05-24 07:51:55	10.732960, 10.730960, 10.870550, 10.923500
2018-05-24 07:51:55	本次不操作 eos_usdt
当前持仓为: 【现金】 2746.903771, 【eos_usdt】 0.000000 个
2018-05-24 07:52:56	10.744360, 10.732960, 10.869925, 10.912875
2018-05-24 07:52:56	本次不操作 eos_usdt
当前持仓为: 【现金】 2746.903771, 【eos_usdt】 0.000000 个
2018-05-24 07:53:57	10.754580, 10.744360, 10.862425, 10.911650
2018-05-24 07:53:57	本次不操作 eos_usdt
当前持仓为: 【现金】 2746.903771, 【eos_usdt】 0.000000 个
2018-05-24 07:55:02	10.768940, 10.762800, 10.858450, 10.903775
2018-05-24 07:55:02	本次不操作 eos_usdt
当前持仓为: 【现金】 2746.903771, 【eos_usdt】 0.000000 个
2018-05-24 07:56:03	10.771060, 10.768940, 10.854850, 10.900750
2018-05-24 07:56:03	本次不操作 eos_usdt
当前持仓为: 【现金】 2746.903771, 【eos_usdt】 0.000000 个
2018-05-24 07:57:05	10.761440, 10.771060, 10.866450, 10.912450
2018-05-24 07:57:05	本次不操作 eos_usdt
当前持仓为: 【现金】 2746.903771, 【eos_usdt】 0.000000 个
